17905 kabasel+  20   0 3720864  23788  15276 S   0.0  0.6   0:00.12 java
17905 kabasel+  20   0 3720864  23788  15276 S   0.0  0.6   0:00.12 java
17905 kabasel+  20   0 3721120  51800  16172 S 125.5  1.3   0:00.76 java
17905 kabasel+  20   0 3721120 106540  16208 S 117.6  2.7   0:01.36 java
17905 kabasel+  20   0 3721120 170584  16268 S 105.9  4.3   0:01.90 java
17905 kabasel+  20   0 3721120 246100  16268 S 117.6  6.2   0:02.50 java
17905 kabasel+  20   0 3721120 246204  16268 S 110.0  6.2   0:03.05 java
17905 kabasel+  20   0 3721120 376428  16268 S 351.0  9.5   0:04.84 java
17905 kabasel+  20   0 3721120 391276  16268 S 382.4  9.8   0:06.79 java
17905 kabasel+  20   0 3721120 396424  16268 S 386.3 10.0   0:08.76 java
17905 kabasel+  20   0 3721120 406472  16280 S 376.5 10.2   0:10.68 java
17905 kabasel+  20   0 3721120 406924  16280 S 337.3 10.2   0:12.40 java
17905 kabasel+  20   0 3721120 406924  16280 S 376.5 10.2   0:14.32 java
17905 kabasel+  20   0 3721120 414576  16280 S 356.0 10.4   0:16.10 java
17905 kabasel+  20   0 3721120 414340  16280 S 351.0 10.4   0:17.89 java
17905 kabasel+  20   0 3721120 414792  16280 S 384.3 10.4   0:19.85 java
17905 kabasel+  20   0 3721120 421356  16280 S 384.3 10.6   0:21.81 java
17905 kabasel+  20   0 3721120 429332  16280 S 376.5 10.8   0:23.73 java
17905 kabasel+  20   0 3721120 431796  16280 S 311.8 10.8   0:25.32 java
17905 kabasel+  20   0 3721120 431996  16280 S 380.4 10.9   0:27.26 java
17905 kabasel+  20   0 3721120 438656  16280 S 388.2 11.0   0:29.24 java
17905 kabasel+  20   0 3721120 447272  16280 S 384.3 11.2   0:31.20 java
17905 kabasel+  20   0 3721120 450504  16280 S 326.0 11.3   0:32.83 java
17905 kabasel+  20   0 3721120 450708  16280 S 351.0 11.3   0:34.62 java
17905 kabasel+  20   0 3721120 450708  16280 S 378.4 11.3   0:36.55 java
17905 kabasel+  20   0 3721120 450308  16280 S 378.4 11.3   0:38.48 java
17905 kabasel+  20   0 3721120 450308  16280 S 317.6 11.3   0:40.10 java
17905 kabasel+  20   0 3721120 450568  16280 S 331.4 11.3   0:41.79 java
17905 kabasel+  20   0 3721120 455672  16280 S 382.4 11.4   0:43.74 java
17905 kabasel+  20   0 3721120 468952  16280 S 378.4 11.8   0:45.67 java
17905 kabasel+  20   0 3721120 477436  16280 S 372.5 12.0   0:47.57 java
17905 kabasel+  20   0 3721120 477604  16280 S 286.0 12.0   0:49.00 java
17905 kabasel+  20   0 3721120 477664  16280 S 390.2 12.0   0:50.99 java
17905 kabasel+  20   0 3721120 477664  16280 S 386.3 12.0   0:52.96 java
17905 kabasel+  20   0 3721120 477664  16280 S 388.5 12.0   0:54.98 java
17905 kabasel+  20   0 3721120 477664  16280 S 374.5 12.0   0:56.89 java
17905 kabasel+  20   0 3721120 477664  16280 S 362.7 12.0   0:58.74 java
17905 kabasel+  20   0 3721120 477792  16280 S 332.0 12.0   1:00.40 java
17905 kabasel+  20   0 3721120 477792  16280 S 225.5 12.0   1:01.55 java
17905 kabasel+  20   0 3721120 488872  16280 S 113.7 12.3   1:02.13 java
17905 kabasel+  20   0 3721120 499764  16280 S 305.9 12.6   1:03.69 java
17905 kabasel+  20   0 3721120 514532  16280 S 384.3 12.9   1:05.65 java
17905 kabasel+  20   0 3721120 515500  16280 S 300.0 12.9   1:07.15 java
17905 kabasel+  20   0 3721120 517592  16280 S 382.4 13.0   1:09.10 java
17905 kabasel+  20   0 3721120 517392  16280 S 368.6 13.0   1:10.98 java
17905 kabasel+  20   0 3721120 516880  16280 S 369.2 13.0   1:12.90 java
17905 kabasel+  20   0 3721120 515852  16280 S 396.1 13.0   1:14.92 java
17905 kabasel+  20   0 3721120 519484  16280 S 382.4 13.0   1:16.87 java
17905 kabasel+  20   0 3721120 525188  16280 S 386.0 13.2   1:18.80 java
17905 kabasel+  20   0 3721120 527948  16280 S 352.9 13.3   1:20.60 java
17905 kabasel+  20   0 3721120 529944  16280 S 347.1 13.3   1:22.37 java
17905 kabasel+  20   0 3721120 532472  16280 S 375.0 13.4   1:24.32 java
17905 kabasel+  20   0 3721120 541000  16280 S 398.0 13.6   1:26.31 java
17905 kabasel+  20   0 3721120 550724  16280 S 380.4 13.8   1:28.25 java
17905 kabasel+  20   0 3721120 556616  16280 S 376.5 14.0   1:30.17 java
17905 kabasel+  20   0 3721120 557128  16280 S 245.1 14.0   1:31.42 java
17905 kabasel+  20   0 3721120 557128  16280 S 382.4 14.0   1:33.37 java
17905 kabasel+  20   0 3721120 557028  16280 S 378.4 14.0   1:35.30 java
17905 kabasel+  20   0 3721120 556996  16280 S 394.1 14.0   1:37.31 java
17905 kabasel+  20   0 3721120 556996  16280 S 388.2 14.0   1:39.29 java
17905 kabasel+  20   0 3721120 556996  16280 S 331.4 14.0   1:40.98 java
17905 kabasel+  20   0 3721120 556996  16280 S 266.7 14.0   1:42.34 java
17905 kabasel+  20   0 3721120 556996  16280 S 328.8 14.0   1:44.05 java
17905 kabasel+  20   0 3721120 556996  16280 S 370.6 14.0   1:45.94 java
17905 kabasel+  20   0 3721120 557152  16280 S 338.5 14.0   1:47.70 java
17905 kabasel+  20   0 3721120 557220  16280 S 304.0 14.0   1:49.22 java
17905 kabasel+  20   0 3721120 557220  16280 S 380.4 14.0   1:51.16 java
17905 kabasel+  20   0 3721120 557348  16280 S 378.8 14.0   1:53.13 java
17905 kabasel+  20   0 3721120 557348  16280 S 386.3 14.0   1:55.10 java
17905 kabasel+  20   0 3721120 557348  16280 S 390.2 14.0   1:57.09 java
17905 kabasel+  20   0 3721120 559020  16280 S 376.5 14.0   1:59.01 java
17905 kabasel+  20   0 3721120 559020  16280 S 394.1 14.0   2:01.02 java
17905 kabasel+  20   0 3721120 559020  16280 S 378.4 14.0   2:02.95 java
17905 kabasel+  20   0 3721120 564504  16280 S 392.2 14.2   2:04.95 java
17905 kabasel+  20   0 3721120 566556  16280 S 398.0 14.2   2:06.94 java
17905 kabasel+  20   0 3721120 573836  16280 S 380.8 14.4   2:08.92 java
17905 kabasel+  20   0 3721120 579392  16280 S 370.6 14.6   2:10.81 java
17905 kabasel+  20   0 3721120 581744  16280 S 381.1 14.6   2:12.83 java
17905 kabasel+  20   0 3721120 586924  16280 S 380.4 14.7   2:14.77 java
17905 kabasel+  20   0 3721120 577572  16280 S 333.3 14.5   2:16.47 java
17905 kabasel+  20   0 3721120 577572  16280 S 378.4 14.5   2:18.40 java
17905 kabasel+  20   0 3721120 577572  16280 S 390.0 14.5   2:20.35 java
17905 kabasel+  20   0 3721120 577576  16280 S 386.3 14.5   2:22.32 java
17905 kabasel+  20   0 3721120 577576  16280 S 388.2 14.5   2:24.30 java
17905 kabasel+  20   0 3721120 577672  16280 S 388.2 14.5   2:26.28 java
17905 kabasel+  20   0 3721120 577672  16280 S 384.3 14.5   2:28.24 java
17905 kabasel+  20   0 3721120 577672  16280 S 382.7 14.5   2:30.23 java
17905 kabasel+  20   0 3721120 576692  16280 S 388.2 14.5   2:32.21 java
17905 kabasel+  20   0 3721120 576708  16280 S 384.6 14.5   2:34.21 java
17905 kabasel+  20   0 3721120 576708  16280 S 394.0 14.5   2:36.18 java
17905 kabasel+  20   0 3721120 576708  16280 S 384.3 14.5   2:38.14 java
17905 kabasel+  20   0 3721120 576708  16280 S 382.4 14.5   2:40.09 java
17905 kabasel+  20   0 3721120 576708  16280 S 370.6 14.5   2:41.98 java
17905 kabasel+  20   0 3721120 576708  16280 S 388.2 14.5   2:43.96 java
17905 kabasel+  20   0 3721120 576764  16280 S 347.1 14.5   2:45.73 java
17905 kabasel+  20   0 3721120 577452  16280 S 398.0 14.5   2:47.72 java
17905 kabasel+  20   0 3721120 577716  16280 S 319.2 14.5   2:49.38 java
17905 kabasel+  20   0 3721120 577716  16280 S 211.8 14.5   2:50.46 java
17905 kabasel+  20   0 3721120 577716  16280 S 327.5 14.5   2:52.13 java
17905 kabasel+  20   0 3721120 577716  16280 S 358.8 14.5   2:53.96 java
17905 kabasel+  20   0 3721120 576748  16280 S 372.5 14.5   2:55.86 java
17905 kabasel+  20   0 3721120 576748  16280 S 388.2 14.5   2:57.84 java
17905 kabasel+  20   0 3721120 576748  16280 S 384.3 14.5   2:59.80 java
17905 kabasel+  20   0 3721120 576748  16280 S 392.0 14.5   3:01.76 java
17905 kabasel+  20   0 3721120 576748  16280 S 381.1 14.5   3:03.78 java
17905 kabasel+  20   0 3721120 576748  16280 S 388.2 14.5   3:05.76 java
17905 kabasel+  20   0 3721120 576748  16280 S 388.2 14.5   3:07.74 java
17905 kabasel+  20   0 3721120 576836  16280 S 376.9 14.5   3:09.70 java
17905 kabasel+  20   0 3721120 581512  16280 S 384.3 14.6   3:11.66 java
17905 kabasel+  20   0 3721120 584384  16280 S 364.7 14.7   3:13.52 java
17905 kabasel+  20   0 3721120 589592  16280 S 354.9 14.8   3:15.33 java
17905 kabasel+  20   0 3721120 592404  16280 S 290.2 14.9   3:16.81 java
17905 kabasel+  20   0 3721120 599308  16280 S 356.0 15.1   3:18.59 java
17905 kabasel+  20   0 3721120 601564  16280 S 372.5 15.1   3:20.49 java
17905 kabasel+  20   0 3721120 601712  16280 S 319.6 15.1   3:22.12 java
17905 kabasel+  20   0 3721120 601712  16280 S 382.4 15.1   3:24.07 java
17905 kabasel+  20   0 3721120 601712  16280 S 388.5 15.1   3:26.09 java
17905 kabasel+  20   0 3721120 601712  16280 S 386.5 15.1   3:28.10 java
17905 kabasel+  20   0 3721120 601712  16280 S 388.2 15.1   3:30.08 java
17905 kabasel+  20   0 3721120 601712  16280 S 368.6 15.1   3:31.96 java
17905 kabasel+  20   0 3721120 602376  16280 S 356.9 15.1   3:33.78 java
17905 kabasel+  20   0 3721120 602376  16280 S 376.0 15.1   3:35.66 java
17905 kabasel+  20   0 3721120 602376  16280 S 386.5 15.1   3:37.67 java
17905 kabasel+  20   0 3721120 601392  16280 S 384.6 15.1   3:39.67 java
17905 kabasel+  20   0 3721120 601392  16280 S 380.4 15.1   3:41.61 java
17905 kabasel+  20   0 3721120 602604  16280 S 384.3 15.1   3:43.57 java
17905 kabasel+  20   0 3721120 608276  16280 S 390.2 15.3   3:45.56 java
17905 kabasel+  20   0 3721120 611916  16280 S 354.9 15.4   3:47.37 java
17905 kabasel+  20   0 3721120 620412  16280 S 372.5 15.6   3:49.27 java
17905 kabasel+  20   0 3721120 627680  16280 S 386.0 15.8   3:51.20 java
17905 kabasel+  20   0 3721120 634144  16280 S 364.7 15.9   3:53.06 java
17905 kabasel+  20   0 3721120 637712  16280 S 379.2 16.0   3:55.07 java
17905 kabasel+  20   0 3721120 626840  16280 S 390.0 15.7   3:57.02 java
17905 kabasel+  20   0 3721120 626840  16280 S 384.3 15.7   3:58.98 java
17905 kabasel+  20   0 3721120 626840  16280 S 386.3 15.7   4:00.95 java
17905 kabasel+  20   0 3721120 626840  16280 S 386.3 15.7   4:02.92 java
17905 kabasel+  20   0 3721120 627476  16280 S 386.3 15.8   4:04.89 java
17905 kabasel+  20   0 3721120 627476  16280 S 388.2 15.8   4:06.87 java
17905 kabasel+  20   0 3721120 626452  16280 S 380.4 15.7   4:08.81 java
17905 kabasel+  20   0 3721120 626452  16280 S 382.4 15.7   4:10.76 java
17905 kabasel+  20   0 3721120 626452  16280 S 327.5 15.7   4:12.43 java
17905 kabasel+  20   0 3721120 626452  16280 S 349.0 15.7   4:14.21 java
17905 kabasel+  20   0 3721120 626716  16280 S 388.2 15.7   4:16.19 java
17905 kabasel+  20   0 3721120 626436  16280 S 380.4 15.7   4:18.13 java
17905 kabasel+  20   0 3721120 626436  16280 S 390.2 15.7   4:20.12 java
17905 kabasel+  20   0 3721120 626436  16280 S 388.2 15.7   4:22.10 java
17905 kabasel+  20   0 3721120 626436  16280 S 386.3 15.7   4:24.07 java
17905 kabasel+  20   0 3721120 626436  16280 S 386.3 15.7   4:26.04 java
17905 kabasel+  20   0 3721120 626436  16280 S 374.5 15.7   4:27.95 java
17905 kabasel+  20   0 3721120 626436  16280 S 382.4 15.7   4:29.90 java
17905 kabasel+  20   0 3721120 626504  16280 S 394.0 15.7   4:31.87 java
17905 kabasel+  20   0 3721120 626572  16280 S 368.6 15.7   4:33.75 java
17905 kabasel+  20   0 3721120 626572  16280 S 321.6 15.7   4:35.39 java
17905 kabasel+  20   0 3721120 626572  16280 S 364.7 15.7   4:37.25 java
17905 kabasel+  20   0 3721120 626572  16280 S 376.5 15.7   4:39.17 java
17905 kabasel+  20   0 3721120 626572  16280 S 384.3 15.7   4:41.13 java
17905 kabasel+  20   0 3721120 626572  16280 S 382.4 15.7   4:43.08 java
17905 kabasel+  20   0 3721120 626572  16280 S 370.6 15.7   4:44.97 java
17905 kabasel+  20   0 3721120 626572  16280 S 392.2 15.7   4:46.97 java
17905 kabasel+  20   0 3721120 626572  16280 S 380.4 15.7   4:48.91 java
17905 kabasel+  20   0 3721120 626572  16280 S 394.0 15.7   4:50.88 java
17905 kabasel+  20   0 3721120 626572  16280 S 382.4 15.7   4:52.83 java
17905 kabasel+  20   0 3721120 626572  16280 S 376.5 15.7   4:54.75 java
17905 kabasel+  20   0 3721120 626572  16280 S 392.2 15.7   4:56.75 java
17905 kabasel+  20   0 3721120 626572  16280 S 378.4 15.7   4:58.68 java
17905 kabasel+  20   0 3721120 626572  16280 S 382.4 15.7   5:00.63 java
17905 kabasel+  20   0 3721120 626572  16280 S 386.3 15.7   5:02.60 java
17905 kabasel+  20   0 3721120 633000  16280 S 380.0 15.9   5:04.50 java
17905 kabasel+  20   0 3721120 638704  16280 S 386.3 16.0   5:06.47 java
17905 kabasel+  20   0 3721120 644900  16280 S 390.2 16.2   5:08.46 java
17905 kabasel+  20   0 3721120 650800  16280 S 388.2 16.3   5:10.44 java
17905 kabasel+  20   0 3721120 655224  16280 S 382.4 16.5   5:12.39 java
17905 kabasel+  20   0 3721120 661048  16280 S 380.4 16.6   5:14.33 java
17905 kabasel+  20   0 3721120 661048  16280 S 388.2 16.6   5:16.31 java
17905 kabasel+  20   0 3721120 661096  16280 S 392.0 16.6   5:18.27 java
17905 kabasel+  20   0 3721120 661096  16280 S 388.2 16.6   5:20.25 java
17905 kabasel+  20   0 3721120 661096  16280 S 382.4 16.6   5:22.20 java
17905 kabasel+  20   0 3721120 661096  16280 S 384.3 16.6   5:24.16 java
17905 kabasel+  20   0 3721120 661096  16280 S 345.1 16.6   5:25.92 java
17905 kabasel+  20   0 3721120 661096  16280 S 352.9 16.6   5:27.72 java
17905 kabasel+  20   0 3721120 661096  16280 S 374.5 16.6   5:29.63 java
17905 kabasel+  20   0 3721120 661096  16280 S 384.0 16.6   5:31.55 java
17905 kabasel+  20   0 3721120 661096  16280 S 390.2 16.6   5:33.54 java
17905 kabasel+  20   0 3721120 661096  16280 S 378.4 16.6   5:35.47 java
17905 kabasel+  20   0 3721120 661096  16280 S 362.7 16.6   5:37.32 java
17905 kabasel+  20   0 3721120 661096  16280 S 388.2 16.6   5:39.30 java
17905 kabasel+  20   0 3721120 661096  16280 S 384.3 16.6   5:41.26 java
17905 kabasel+  20   0 3721120 661096  16280 S 380.4 16.6   5:43.20 java
17905 kabasel+  20   0 3721120 661096  16280 S 400.0 16.6   5:45.21 java
17905 kabasel+  20   0 3721120 661096  16280 S 388.2 16.6   5:47.19 java
17905 kabasel+  20   0 3721120 661096  16280 S 388.2 16.6   5:49.17 java
17905 kabasel+  20   0 3721120 664860  16280 S 392.2 16.7   5:51.17 java
17905 kabasel+  20   0 3721120 671272  16280 S 380.4 16.9   5:53.11 java
17905 kabasel+  20   0 3721120 678632  16280 S 386.3 17.0   5:55.08 java
17905 kabasel+  20   0 3721120 684048  16280 S 378.4 17.2   5:57.01 java
17905 kabasel+  20   0 3721120 688464  16280 S 370.6 17.3   5:58.90 java
17905 kabasel+  20   0 3721120 676064  16280 S 390.0 17.0   6:00.85 java
17905 kabasel+  20   0 3721120 676064  16280 S 386.3 17.0   6:02.82 java
17905 kabasel+  20   0 3721120 676064  16280 S 386.3 17.0   6:04.79 java
17905 kabasel+  20   0 3721120 676596  16280 S 388.2 17.0   6:06.77 java
17905 kabasel+  20   0 3721120 676596  16280 S 390.2 17.0   6:08.76 java
17905 kabasel+  20   0 3721120 676092  16280 S 388.2 17.0   6:10.74 java
17905 kabasel+  20   0 3721120 676168  16280 S 390.0 17.0   6:12.69 java
17905 kabasel+  20   0 3721120 676168  16280 S 382.4 17.0   6:14.64 java
17905 kabasel+  20   0 3721120 676168  16280 S 384.3 17.0   6:16.60 java
17905 kabasel+  20   0 3721120 676168  16280 S 386.5 17.0   6:18.61 java
17905 kabasel+  20   0 3721120 676168  16280 S 388.2 17.0   6:20.59 java
17905 kabasel+  20   0 3721120 676168  16280 S 390.2 17.0   6:22.58 java
17905 kabasel+  20   0 3721120 676168  16280 S 386.3 17.0   6:24.55 java
17905 kabasel+  20   0 3721120 676168  16280 S 392.0 17.0   6:26.51 java
17905 kabasel+  20   0 3721120 676168  16280 S 378.4 17.0   6:28.44 java
17905 kabasel+  20   0 3721120 676168  16280 S 375.5 17.0   6:30.43 java
17905 kabasel+  20   0 3721120 676168  16280 S 382.4 17.0   6:32.38 java
17905 kabasel+  20   0 3721120 676168  16280 S 382.4 17.0   6:34.33 java
17905 kabasel+  20   0 3721120 676168  16280 S 400.0 17.0   6:36.33 java
17905 kabasel+  20   0 3721120 676168  16280 S 384.3 17.0   6:38.29 java
17905 kabasel+  20   0 3721120 676168  16280 S 386.3 17.0   6:40.26 java
17905 kabasel+  20   0 3721120 676168  16280 S 390.2 17.0   6:42.25 java
17905 kabasel+  20   0 3721120 676168  16280 S 364.7 17.0   6:44.11 java
17905 kabasel+  20   0 3721120 676244  16280 S 386.3 17.0   6:46.08 java
17905 kabasel+  20   0 3721120 676244  16280 S 392.0 17.0   6:48.04 java
17905 kabasel+  20   0 3721120 676244  16280 S 388.2 17.0   6:50.02 java
17905 kabasel+  20   0 3721120 676320  16280 S 380.4 17.0   6:51.96 java
17905 kabasel+  20   0 3721120 676320  16280 S 386.3 17.0   6:53.93 java
17905 kabasel+  20   0 3721120 676320  16280 S 384.3 17.0   6:55.89 java
17905 kabasel+  20   0 3721120 676320  16280 S 386.3 17.0   6:57.86 java
17905 kabasel+  20   0 3721120 676320  16280 S 382.4 17.0   6:59.81 java
17905 kabasel+  20   0 3721120 676320  16280 S 376.5 17.0   7:01.73 java
17905 kabasel+  20   0 3721120 676320  16280 S 398.0 17.0   7:03.72 java
17905 kabasel+  20   0 3721120 676320  16280 S 392.2 17.0   7:05.72 java
17905 kabasel+  20   0 3721120 676320  16280 S 388.2 17.0   7:07.70 java
17905 kabasel+  20   0 3721120 676320  16280 S 376.5 17.0   7:09.62 java
17905 kabasel+  20   0 3721120 676320  16280 S 384.3 17.0   7:11.58 java
17905 kabasel+  20   0 3721120 676324  16280 S 382.4 17.0   7:13.53 java
17905 kabasel+  20   0 3721120 676324  16280 S 384.3 17.0   7:15.49 java
17905 kabasel+  20   0 3721120 676324  16280 S 372.0 17.0   7:17.35 java
17905 kabasel+  20   0 3721120 676324  16280 S 376.5 17.0   7:19.27 java
17905 kabasel+  20   0 3721120 682976  16280 S 380.8 17.2   7:21.25 java
17905 kabasel+  20   0 3721120 690408  16280 S 386.3 17.3   7:23.22 java
17905 kabasel+  20   0 3721120 697164  16280 S 384.0 17.5   7:25.14 java
17905 kabasel+  20   0 3721120 702284  16280 S 388.2 17.6   7:27.12 java
17905 kabasel+  20   0 3721120 707944  16280 S 390.2 17.8   7:29.11 java
17905 kabasel+  20   0 3721120 714760  16280 S 376.5 18.0   7:31.03 java
17905 kabasel+  20   0 3721120 714936  16280 S 384.3 18.0   7:32.99 java
17905 kabasel+  20   0 3721120 714936  16280 S 378.4 18.0   7:34.92 java
17905 kabasel+  20   0 3721120 714936  16280 S 390.2 18.0   7:36.91 java
17905 kabasel+  20   0 3721120 715008  16280 S 392.0 18.0   7:38.87 java
17905 kabasel+  20   0 3721120 715008  16280 S 258.8 18.0   7:40.19 java
17905 kabasel+  20   0 3721120 715008  16280 S 274.5 18.0   7:41.59 java
17905 kabasel+  20   0 3721120 715008  16280 S 325.5 18.0   7:43.25 java
17905 kabasel+  20   0 3721120 715008  16280 S 321.6 18.0   7:44.89 java
17905 kabasel+  20   0 3721120 715008  16280 S 388.2 18.0   7:46.87 java
17905 kabasel+  20   0 3721120 715008  16280 S 398.0 18.0   7:48.86 java
17905 kabasel+  20   0 3721120 715008  16280 S 390.2 18.0   7:50.85 java
17905 kabasel+  20   0 3721120 715008  16280 S 374.5 18.0   7:52.76 java
17905 kabasel+  20   0 3721120 715008  16280 S 390.2 18.0   7:54.75 java
17905 kabasel+  20   0 3721120 715008  16280 S 384.3 18.0   7:56.71 java
17905 kabasel+  20   0 3721120 715008  16280 S 386.3 18.0   7:58.68 java
17905 kabasel+  20   0 3721120 715008  16280 S 386.0 18.0   8:00.61 java
17905 kabasel+  20   0 3721120 715008  16280 S 386.3 18.0   8:02.58 java
17905 kabasel+  20   0 3721120 715008  16280 S 364.7 18.0   8:04.44 java
17905 kabasel+  20   0 3721120 715008  16280 S 305.9 18.0   8:06.00 java
17905 kabasel+  20   0 3721120 715008  16280 S 270.6 18.0   8:07.38 java
17905 kabasel+  20   0 3721120 715008  16280 S 358.8 18.0   8:09.21 java
17905 kabasel+  20   0 3721120 715008  16280 S 382.4 18.0   8:11.16 java
17905 kabasel+  20   0 3721120 718332  16280 S 384.3 18.0   8:13.12 java
17905 kabasel+  20   0 3721120 725792  16280 S 390.2 18.2   8:15.11 java
17905 kabasel+  20   0 3721120 732208  16280 S 386.3 18.4   8:17.08 java
17905 kabasel+  20   0 3721120 737328  16280 S 382.4 18.5   8:19.03 java
17905 kabasel+  20   0 3721120 743236  16280 S 378.4 18.7   8:20.96 java
17905 kabasel+  20   0 3721120 751420  16280 S 382.4 18.9   8:22.91 java
17905 kabasel+  20   0 3721120 751596  16280 S 366.7 18.9   8:24.78 java
17905 kabasel+  20   0 3721120 751596  16280 S 384.3 18.9   8:26.74 java
17905 kabasel+  20   0 3721120 751596  16280 S 392.5 18.9   8:28.82 java
17905 kabasel+  20   0 3721120 751596  16280 S 380.4 18.9   8:30.76 java
17905 kabasel+  20   0 3721120 752096  16280 S 370.6 18.9   8:32.65 java
17905 kabasel+  20   0 3721120 751084  16280 S 386.5 18.9   8:34.66 java
17905 kabasel+  20   0 3721120 751084  16280 S 382.4 18.9   8:36.61 java
17905 kabasel+  20   0 3721120 751084  16280 S 380.4 18.9   8:38.55 java
17905 kabasel+  20   0 3721120 751084  16280 S 382.4 18.9   8:40.50 java
17905 kabasel+  20   0 3721120 751084  16280 S 380.4 18.9   8:42.44 java
17905 kabasel+  20   0 3721120 751084  16280 S 384.3 18.9   8:44.40 java
17905 kabasel+  20   0 3721120 751084  16280 S 360.8 18.9   8:46.24 java
17905 kabasel+  20   0 3721120 751084  16280 S 382.4 18.9   8:48.19 java
17905 kabasel+  20   0 3721120 751084  16280 S 378.4 18.9   8:50.12 java
17905 kabasel+  20   0 3721120 751084  16280 S 388.2 18.9   8:52.10 java
17905 kabasel+  20   0 3721120 751084  16280 S 390.2 18.9   8:54.09 java
17905 kabasel+  20   0 3721120 751084  16280 S 396.1 18.9   8:56.11 java
17905 kabasel+  20   0 3721120 751084  16280 S 374.5 18.9   8:58.02 java
17905 kabasel+  20   0 3721120 751084  16280 S 374.5 18.9   8:59.93 java
17905 kabasel+  20   0 3721120 751084  16280 S 386.3 18.9   9:01.90 java
17905 kabasel+  20   0 3721120 751084  16280 S 376.5 18.9   9:03.82 java
17905 kabasel+  20   0 3721120 751084  16280 S 378.4 18.9   9:05.75 java
17905 kabasel+  20   0 3721120 751084  16280 S 352.0 18.9   9:07.51 java
17905 kabasel+  20   0 3721120 751084  16280 S 329.4 18.9   9:09.19 java
17905 kabasel+  20   0 3721120 751612  16280 S 356.9 18.9   9:11.01 java
17905 kabasel+  20   0 3721120 751612  16280 S 370.6 18.9   9:12.90 java
17905 kabasel+  20   0 3721120 751612  16280 S 378.4 18.9   9:14.83 java
17905 kabasel+  20   0 3721120 752096  16280 S 376.0 18.9   9:16.71 java
17905 kabasel+  20   0 3721120 752176  16280 S 380.4 18.9   9:18.65 java
17905 kabasel+  20   0 3721120 751232  16280 S 384.3 18.9   9:20.61 java
17905 kabasel+  20   0 3721120 751232  16280 S 384.3 18.9   9:22.57 java
17905 kabasel+  20   0 3721120 751232  16280 S 390.2 18.9   9:24.56 java
17905 kabasel+  20   0 3721120 751232  16280 S 388.2 18.9   9:26.54 java
17905 kabasel+  20   0 3721120 751232  16280 S 392.0 18.9   9:28.50 java
17905 kabasel+  20   0 3721120 751232  16280 S 386.3 18.9   9:30.47 java
17905 kabasel+  20   0 3721120 751232  16280 S 384.3 18.9   9:32.43 java
17905 kabasel+  20   0 3721120 751232  16280 S 382.4 18.9   9:34.38 java
17905 kabasel+  20   0 3721120 751232  16280 S 376.5 18.9   9:36.30 java
17905 kabasel+  20   0 3721120 752288  16280 S 378.4 18.9   9:38.23 java
17905 kabasel+  20   0 3721120 750764  16280 S 392.0 18.9   9:40.19 java
17905 kabasel+  20   0 3721120 750764  16280 S 382.4 18.9   9:42.14 java
17905 kabasel+  20   0 3721120 750764  16280 S 388.2 18.9   9:44.12 java
17905 kabasel+  20   0 3721120 750764  16280 S 378.4 18.9   9:46.05 java
17905 kabasel+  20   0 3721120 750764  16280 S 374.5 18.9   9:47.96 java
17905 kabasel+  20   0 3721120 750764  16280 S 380.4 18.9   9:49.90 java
17905 kabasel+  20   0 3721120 750764  16280 S 386.3 18.9   9:51.87 java
17905 kabasel+  20   0 3721120 751820  16280 S 373.6 18.9   9:53.85 java
17905 kabasel+  20   0 3721120 751148  16280 S 390.0 18.9   9:55.80 java
17905 kabasel+  20   0 3721120 751148  16280 S 366.7 18.9   9:57.67 java
17905 kabasel+  20   0 3721120 751676  16280 S 380.4 18.9   9:59.61 java
17905 kabasel+  20   0 3721120 757848  16280 S 386.3 19.0  10:01.58 java
17905 kabasel+  20   0 3721120 762732  16280 S 362.7 19.2  10:03.43 java
17905 kabasel+  20   0 3721120 768948  16280 S 390.2 19.3  10:05.42 java
17905 kabasel+  20   0 3721120 776976  16280 S 372.5 19.5  10:07.32 java
17905 kabasel+  20   0 3721120 783136  16280 S 382.4 19.7  10:09.27 java
17905 kabasel+  20   0 3721120 790868  16280 S 376.0 19.9  10:11.15 java
17905 kabasel+  20   0 3721120 791124  16280 S 386.3 19.9  10:13.12 java
17905 kabasel+  20   0 3721120 791004  16280 S 382.4 19.9  10:15.07 java
17905 kabasel+  20   0 3721120 791004  16280 S 384.3 19.9  10:17.03 java
17905 kabasel+  20   0 3721120 791004  16280 S 384.3 19.9  10:18.99 java
17905 kabasel+  20   0 3721120 791004  16280 S 392.2 19.9  10:20.99 java
17905 kabasel+  20   0 3721120 791004  16280 S 380.4 19.9  10:22.93 java
17905 kabasel+  20   0 3721120 791004  16280 S 388.2 19.9  10:24.91 java
17905 kabasel+  20   0 3721120 791004  16280 S 388.2 19.9  10:26.89 java
17905 kabasel+  20   0 3721120 791004  16280 S 386.3 19.9  10:28.86 java
17905 kabasel+  20   0 3721120 791004  16280 S 374.5 19.9  10:30.77 java
17905 kabasel+  20   0 3721120 791004  16280 S 392.0 19.9  10:32.73 java
17905 kabasel+  20   0 3721120 791004  16280 S 386.3 19.9  10:34.70 java
17905 kabasel+  20   0 3721120 791004  16280 S 386.3 19.9  10:36.67 java
17905 kabasel+  20   0 3721120 791004  16280 S 390.2 19.9  10:38.66 java
17905 kabasel+  20   0 3721120 791004  16280 S 380.4 19.9  10:40.60 java
17905 kabasel+  20   0 3721120 791004  16280 S 380.4 19.9  10:42.54 java
17905 kabasel+  20   0 3721120 791004  16280 S 341.2 19.9  10:44.28 java
17905 kabasel+  20   0 3721120 791004  16280 S 354.9 19.9  10:46.09 java
17905 kabasel+  20   0 3721120 791004  16280 S 386.5 19.9  10:48.10 java
17905 kabasel+  20   0 3721120 791004  16280 S 388.2 19.9  10:50.08 java
17905 kabasel+  20   0 3721120 791740  16280 S 390.2 19.9  10:52.07 java
17905 kabasel+  20   0 3721120 790884  16280 S 386.3 19.9  10:54.04 java
17905 kabasel+  20   0 3721120 790884  16280 S 384.3 19.9  10:56.00 java
17905 kabasel+  20   0 3721120 790884  16280 S 396.0 19.9  10:57.98 java
17905 kabasel+  20   0 3721120 790884  16280 S 384.3 19.9  10:59.94 java
17905 kabasel+  20   0 3721120 790884  16280 S 386.3 19.9  11:01.91 java
17905 kabasel+  20   0 3721120 790884  16280 S 378.4 19.9  11:03.84 java
17905 kabasel+  20   0 3721120 790884  16280 S 325.5 19.9  11:05.50 java
17905 kabasel+  20   0 3721120 790884  16280 S 333.3 19.9  11:07.20 java
17905 kabasel+  20   0 3721120 790884  16280 S 351.0 19.9  11:08.99 java
17905 kabasel+  20   0 3721120 790884  16280 S 378.4 19.9  11:10.92 java
17905 kabasel+  20   0 3721120 790884  16280 S 388.2 19.9  11:12.90 java
17905 kabasel+  20   0 3721120 791044  16280 S 376.0 19.9  11:14.78 java
17905 kabasel+  20   0 3721120 791044  16280 S 390.2 19.9  11:16.77 java
17905 kabasel+  20   0 3721120 791044  16280 S 382.4 19.9  11:18.72 java
17905 kabasel+  20   0 3721120 791044  16280 S 384.3 19.9  11:20.68 java
17905 kabasel+  20   0 3721120 791044  16280 S 390.2 19.9  11:22.67 java
17905 kabasel+  20   0 3721120 791044  16280 S 390.2 19.9  11:24.66 java
17905 kabasel+  20   0 3721120 791044  16280 S 380.4 19.9  11:26.60 java
17905 kabasel+  20   0 3721120 791044  16280 S 303.9 19.9  11:28.15 java
17905 kabasel+  20   0 3721120 791044  16280 S 258.0 19.9  11:29.44 java
17905 kabasel+  20   0 3721120 791044  16280 S 300.0 19.9  11:30.97 java
17905 kabasel+  20   0 3721120 791048  16280 S 358.8 19.9  11:32.80 java
17905 kabasel+  20   0 3721120 791048  16280 S 384.9 19.9  11:34.84 java
17905 kabasel+  20   0 3721120 791048  16280 S 382.4 19.9  11:36.79 java
17905 kabasel+  20   0 3721120 791048  16280 S 384.3 19.9  11:38.75 java
17905 kabasel+  20   0 3721120 791048  16280 S 382.4 19.9  11:40.70 java
17905 kabasel+  20   0 3721120 791048  16280 S 394.0 19.9  11:42.67 java
17905 kabasel+  20   0 3721120 791048  16280 S 374.5 19.9  11:44.58 java
17905 kabasel+  20   0 3721120 791048  16280 S 392.2 19.9  11:46.58 java
17905 kabasel+  20   0 3721120 791048  16280 S 380.4 19.9  11:48.52 java
17905 kabasel+  20   0 3721120 791048  16280 S 319.2 19.9  11:50.18 java
17905 kabasel+  20   0 3721120 791048  16280 S 335.3 19.9  11:51.89 java
17905 kabasel+  20   0 3721120 791048  16280 S 394.0 19.9  11:53.86 java
17905 kabasel+  20   0 3721120 791048  16280 S 386.3 19.9  11:55.83 java
17905 kabasel+  20   0 3721120 791048  16280 S 386.3 19.9  11:57.80 java
17905 kabasel+  20   0 3721120 791796  16280 S 378.4 19.9  11:59.73 java
17905 kabasel+  20   0 3721120 798724  16280 S 384.3 20.1  12:01.69 java
17905 kabasel+  20   0 3721120 803108  16280 S 386.3 20.2  12:03.66 java
17905 kabasel+  20   0 3721120 811868  16280 S 366.0 20.4  12:05.49 java
17905 kabasel+  20   0 3721120 818284  16280 S 380.8 20.6  12:07.47 java
17905 kabasel+  20   0 3721120 826224  16280 S 386.3 20.8  12:09.44 java
17905 kabasel+  20   0 3721120 833556  16280 S 386.0 20.9  12:11.37 java
17905 kabasel+  20   0 3721120 833728  16280 S 370.6 20.9  12:13.26 java
17905 kabasel+  20   0 3721120 833728  16280 S 390.2 20.9  12:15.25 java
17905 kabasel+  20   0 3721120 833744  16280 S 388.2 20.9  12:17.23 java
17905 kabasel+  20   0 3721120 833744  16280 S 384.3 20.9  12:19.19 java
17905 kabasel+  20   0 3721120 833744  16280 S 388.5 20.9  12:21.21 java
17905 kabasel+  20   0 3721120 833744  16280 S 372.5 20.9  12:23.11 java
17905 kabasel+  20   0 3721120 833744  16280 S 372.5 20.9  12:25.01 java
17905 kabasel+  20   0 3721120 833744  16280 S 376.5 20.9  12:26.93 java
17905 kabasel+  20   0 3721120 833744  16280 S 380.4 20.9  12:28.87 java
17905 kabasel+  20   0 3721120 833744  16280 S 388.2 20.9  12:30.85 java
17905 kabasel+  20   0 3721120 833744  16280 S 388.2 20.9  12:32.83 java
17905 kabasel+  20   0 3721120 833744  16280 S 384.3 20.9  12:34.79 java
17905 kabasel+  20   0 3721120 833744  16280 S 392.0 20.9  12:36.75 java
17905 kabasel+  20   0 3721120 833744  16280 S 392.2 20.9  12:38.75 java
17905 kabasel+  20   0 3721120 833744  16280 S 386.3 20.9  12:40.72 java
17905 kabasel+  20   0 3721120 833744  16280 S 388.2 20.9  12:42.70 java
17905 kabasel+  20   0 3721120 833744  16280 S 388.2 20.9  12:44.68 java
17905 kabasel+  20   0 3721120 833744  16280 S 386.3 20.9  12:46.65 java
17905 kabasel+  20   0 3721120 833744  16280 S 384.3 20.9  12:48.61 java
17905 kabasel+  20   0 3721120 833744  16280 S 382.4 20.9  12:50.56 java
17905 kabasel+  20   0 3721120 833744  16280 S 384.3 20.9  12:52.52 java
17905 kabasel+  20   0 3721120 833744  16280 S 376.5 20.9  12:54.44 java
17905 kabasel+  20   0 3721120 833744  16280 S 386.3 20.9  12:56.41 java
17905 kabasel+  20   0 3721120 833744  16280 S 380.4 20.9  12:58.35 java
17905 kabasel+  20   0 3721120 833744  16280 S 390.2 20.9  13:00.34 java
17905 kabasel+  20   0 3721120 833744  16280 S 382.4 20.9  13:02.29 java
17905 kabasel+  20   0 3721120 833744  16280 S 388.2 20.9  13:04.27 java
17905 kabasel+  20   0 3721120 833744  16280 S 390.2 20.9  13:06.26 java
17905 kabasel+  20   0 3721120 833924  16280 S 386.3 20.9  13:08.23 java
17905 kabasel+  20   0 3721120 833924  16280 S 388.2 20.9  13:10.21 java
17905 kabasel+  20   0 3721120 838148  16280 S 376.5 21.1  13:12.13 java
17905 kabasel+  20   0 3721120 842372  16280 S 390.2 21.2  13:14.12 java
17905 kabasel+  20   0 3721120 842468  16280 S 386.3 21.2  13:16.09 java
17905 kabasel+  20   0 3721120 842556  16280 S 386.3 21.2  13:18.06 java
17905 kabasel+  20   0 3721120 842556  16280 S 382.4 21.2  13:20.01 java
17905 kabasel+  20   0 3721120 842556  16280 S 390.0 21.2  13:21.96 java
17905 kabasel+  20   0 3721120 842556  16280 S 386.3 21.2  13:23.93 java
17905 kabasel+  20   0 3721120 842556  16280 S 386.3 21.2  13:25.90 java
17905 kabasel+  20   0 3721120 842556  16280 S 368.6 21.2  13:27.78 java
17905 kabasel+  20   0 3721120 842556  16280 S 376.5 21.2  13:29.70 java
17905 kabasel+  20   0 3721120 842556  16280 S 390.2 21.2  13:31.69 java
17905 kabasel+  20   0 3721120 842556  16280 S 378.4 21.2  13:33.62 java
17905 kabasel+  20   0 3721120 842556  16280 S 378.4 21.2  13:35.55 java
17905 kabasel+  20   0 3721120 842556  16280 S 390.0 21.2  13:37.50 java
17905 kabasel+  20   0 3721120 842556  16280 S 386.3 21.2  13:39.47 java
17905 kabasel+  20   0 3721120 842556  16280 S 382.4 21.2  13:41.42 java
17905 kabasel+  20   0 3721120 842556  16280 S 374.5 21.2  13:43.33 java
17905 kabasel+  20   0 3721120 842556  16280 S 386.3 21.2  13:45.30 java
17905 kabasel+  20   0 3721120 842556  16280 S 388.2 21.2  13:47.28 java
17905 kabasel+  20   0 3721120 842556  16280 S 352.9 21.2  13:49.08 java
17905 kabasel+  20   0 3721120 842556  16280 S 296.1 21.2  13:50.59 java
17905 kabasel+  20   0 3721120 842556  16280 S 370.6 21.2  13:52.48 java
17905 kabasel+  20   0 3721120 843444  16280 S 374.5 21.2  13:54.39 java
17905 kabasel+  20   0 3721120 842432  16280 S 380.4 21.2  13:56.33 java
17905 kabasel+  20   0 3721120 842432  16280 S 394.0 21.2  13:58.30 java
17905 kabasel+  20   0 3721120 842432  16280 S 382.4 21.2  14:00.25 java
17905 kabasel+  20   0 3721120 842432  16280 S 382.4 21.2  14:02.20 java
17905 kabasel+  20   0 3721120 842432  16280 S 388.2 21.2  14:04.18 java
17905 kabasel+  20   0 3721120 842432  16280 S 349.0 21.2  14:05.96 java
17905 kabasel+  20   0 3721120 842432  16280 S 390.2 21.2  14:07.95 java
17905 kabasel+  20   0 3721120 847668  16280 S 375.0 21.3  14:09.90 java
17905 kabasel+  20   0 3721120 855548  16280 S 388.2 21.5  14:11.88 java
17905 kabasel+  20   0 3721120 861232  16280 S 388.2 21.6  14:13.86 java
17905 kabasel+  20   0 3721120 867692  16280 S 390.2 21.8  14:15.85 java
17905 kabasel+  20   0 3721120 877996  16280 S 384.3 22.1  14:17.81 java
17905 kabasel+  20   0 3721120 888156  16280 S 394.0 22.3  14:19.78 java
17905 kabasel+  20   0 3721120 889692  16280 S 392.2 22.3  14:21.78 java
17905 kabasel+  20   0 3721120 889952  16280 S 166.7 22.4  14:22.63 java
17905 kabasel+  20   0 3721120 888948  16280 S 384.3 22.3  14:24.59 java
17905 kabasel+  20   0 3721120 888948  16280 S 333.3 22.3  14:26.29 java
17905 kabasel+  20   0 3721120 888948  16280 S 384.3 22.3  14:28.25 java
17905 kabasel+  20   0 3721120 888948  16280 S 386.3 22.3  14:30.22 java
17905 kabasel+  20   0 3721120 888948  16280 S 374.5 22.3  14:32.13 java
17905 kabasel+  20   0 3721120 888948  16280 S 384.3 22.3  14:34.09 java
17905 kabasel+  20   0 3721120 888948  16280 S 398.0 22.3  14:36.08 java
17905 kabasel+  20   0 3721120 888948  16280 S 371.2 22.3  14:38.01 java
17905 kabasel+  20   0 3721120 888948  16280 S 392.0 22.3  14:39.97 java
17905 kabasel+  20   0 3721120 888948  16280 S 392.2 22.3  14:41.97 java
17905 kabasel+  20   0 3721120 888948  16280 S 382.4 22.3  14:43.92 java
17905 kabasel+  20   0 3721120 888948  16280 S 390.2 22.3  14:45.91 java
17905 kabasel+  20   0 3721120 888948  16280 S 378.4 22.3  14:47.84 java
17905 kabasel+  20   0 3721120 888948  16280 S 382.4 22.3  14:49.79 java
17905 kabasel+  20   0 3721120 888948  16280 S 384.3 22.3  14:51.75 java
17905 kabasel+  20   0 3721120 888948  16280 S 388.2 22.3  14:53.73 java
17905 kabasel+  20   0 3721120 888948  16280 S 392.2 22.3  14:55.73 java
17905 kabasel+  20   0 3721120 888948  16280 S 386.0 22.3  14:57.66 java
17905 kabasel+  20   0 3721120 888948  16280 S 388.2 22.3  14:59.64 java
17905 kabasel+  20   0 3721120 888948  16280 S 382.4 22.3  15:01.59 java
17905 kabasel+  20   0 3721120 888948  16280 S 282.4 22.3  15:03.03 java
17905 kabasel+  20   0 3721120 888948  16280 S 343.1 22.3  15:04.78 java
17905 kabasel+  20   0 3721120 888948  16280 S 357.7 22.3  15:06.64 java
17905 kabasel+  20   0 3721120 888948  16280 S 394.0 22.3  15:08.61 java
17905 kabasel+  20   0 3721120 888948  16280 S 380.4 22.3  15:10.55 java
17905 kabasel+  20   0 3721120 888948  16280 S 390.2 22.3  15:12.54 java
17905 kabasel+  20   0 3721120 888948  16280 S 382.7 22.3  15:14.53 java
17905 kabasel+  20   0 3721120 888948  16280 S 380.4 22.3  15:16.47 java
17905 kabasel+  20   0 3721120 888948  16280 S 388.2 22.3  15:18.45 java
17905 kabasel+  20   0 3721120 888948  16280 S 386.0 22.3  15:20.38 java
17905 kabasel+  20   0 3721120 888948  16280 S 392.2 22.3  15:22.38 java
17905 kabasel+  20   0 3721120 888948  16280 S 378.4 22.3  15:24.31 java
17905 kabasel+  20   0 3721120 888948  16280 S 386.3 22.3  15:26.28 java
17905 kabasel+  20   0 3721120 888948  16280 S 386.3 22.3  15:28.25 java
17905 kabasel+  20   0 3721120 888948  16280 S 392.2 22.3  15:30.25 java
17905 kabasel+  20   0 3721120 888948  16280 S 388.2 22.3  15:32.23 java
17905 kabasel+  20   0 3721120 893420  16280 S 392.2 22.4  15:34.23 java
17905 kabasel+  20   0 3721120 900436  16280 S 384.3 22.6  15:36.19 java
17905 kabasel+  20   0 3721120 886752  16280 S 394.0 22.3  15:38.16 java
17905 kabasel+  20   0 3721120 886636  16280 S 392.2 22.3  15:40.16 java
17905 kabasel+  20   0 3721120 886636  16280 S 382.4 22.3  15:42.11 java
17905 kabasel+  20   0 3721120 886636  16280 S 384.3 22.3  15:44.07 java
17905 kabasel+  20   0 3721120 886636  16280 S 378.4 22.3  15:46.00 java
17905 kabasel+  20   0 3721120 886636  16280 S 386.3 22.3  15:47.97 java
17905 kabasel+  20   0 3721120 886636  16280 S 392.2 22.3  15:49.97 java
17905 kabasel+  20   0 3721120 886636  16280 S 390.2 22.3  15:51.96 java
17905 kabasel+  20   0 3721120 886636  16280 S 388.2 22.3  15:53.94 java
17905 kabasel+  20   0 3721120 886636  16280 S 390.2 22.3  15:55.93 java
17905 kabasel+  20   0 3721120 886636  16280 S 382.4 22.3  15:57.88 java
17905 kabasel+  20   0 3721120 886636  16280 S 388.0 22.3  15:59.82 java
17905 kabasel+  20   0 3721120 886636  16280 S 386.3 22.3  16:01.79 java
17905 kabasel+  20   0 3721120 886628  16280 S 388.2 22.3  16:03.77 java
17905 kabasel+  20   0 3721120 886628  16280 S 378.4 22.3  16:05.70 java
17905 kabasel+  20   0 3721120 886628  16280 S 384.3 22.3  16:07.66 java
17905 kabasel+  20   0 3721120 886628  16280 S 388.2 22.3  16:09.64 java
17905 kabasel+  20   0 3721120 886628  16280 S 382.4 22.3  16:11.59 java
17905 kabasel+  20   0 3721120 886628  16280 S 390.2 22.3  16:13.58 java
17905 kabasel+  20   0 3721120 886628  16280 S 386.3 22.3  16:15.55 java
17905 kabasel+  20   0 3721120 886628  16280 S 384.3 22.3  16:17.51 java
17905 kabasel+  20   0 3721120 886628  16280 S 396.0 22.3  16:19.49 java
17905 kabasel+  20   0 3721120 886628  16280 S 388.2 22.3  16:21.47 java
17905 kabasel+  20   0 3721120 886628  16280 S 376.5 22.3  16:23.39 java
17905 kabasel+  20   0 3721120 887208  16280 S 386.3 22.3  16:25.36 java
17905 kabasel+  20   0 3721120 887208  16280 S 368.6 22.3  16:27.24 java
17905 kabasel+  20   0 3721120 887208  16280 S 386.3 22.3  16:29.21 java
17905 kabasel+  20   0 3721120 886564  16280 S 388.2 22.3  16:31.19 java
17905 kabasel+  20   0 3721120 886564  16280 S 386.3 22.3  16:33.16 java
17905 kabasel+  20   0 3721120 886564  16280 S 384.3 22.3  16:35.12 java
17905 kabasel+  20   0 3721120 886564  16280 S 384.0 22.3  16:37.04 java
17905 kabasel+  20   0 3721120 886564  16280 S 390.2 22.3  16:39.03 java
17905 kabasel+  20   0 3721120 886564  16280 S 315.7 22.3  16:40.64 java
17905 kabasel+  20   0 3721120 886564  16280 S 378.4 22.3  16:42.57 java
17905 kabasel+  20   0 3721120 886564  16280 S 388.2 22.3  16:44.55 java
17905 kabasel+  20   0 3721120 886564  16280 S 384.3 22.3  16:46.51 java
17905 kabasel+  20   0 3721120 886564  16280 S 392.2 22.3  16:48.51 java
17905 kabasel+  20   0 3721120 886564  16280 S 380.4 22.3  16:50.45 java
17905 kabasel+  20   0 3721120 886564  16280 S 386.3 22.3  16:52.42 java
17905 kabasel+  20   0 3721120 886564  16280 S 390.4 22.3  16:54.45 java
17905 kabasel+  20   0 3721120 886564  16280 S 382.4 22.3  16:56.40 java
17905 kabasel+  20   0 3721120 886600  16280 S 384.3 22.3  16:58.36 java
17905 kabasel+  20   0 3721120 886600  16280 S 396.0 22.3  17:00.34 java
17905 kabasel+  20   0 3721120 886600  16280 S 382.4 22.3  17:02.29 java
17905 kabasel+  20   0 3721120 886600  16280 S 384.3 22.3  17:04.25 java
17905 kabasel+  20   0 3721120 886600  16280 S 386.3 22.3  17:06.22 java
17905 kabasel+  20   0 3721120 886636  16280 S 388.2 22.3  17:08.20 java
17905 kabasel+  20   0 3721120 886636  16280 S 386.3 22.3  17:10.17 java
17905 kabasel+  20   0 3721120 886636  16280 S 376.5 22.3  17:12.09 java
17905 kabasel+  20   0 3721120 886636  16280 S 388.2 22.3  17:14.07 java
17905 kabasel+  20   0 3721120 886636  16280 S 370.6 22.3  17:15.96 java
17905 kabasel+  20   0 3721120 886636  16280 S 384.3 22.3  17:17.92 java
17905 kabasel+  20   0 3721120 886636  16280 S 382.4 22.3  17:19.87 java
17905 kabasel+  20   0 3721120 886636  16280 S 380.4 22.3  17:21.81 java
17905 kabasel+  20   0 3721120 886636  16280 S 390.2 22.3  17:23.80 java
17905 kabasel+  20   0 3721120 886636  16280 S 388.2 22.3  17:25.78 java
17905 kabasel+  20   0 3721120 886636  16280 S 384.3 22.3  17:27.74 java
17905 kabasel+  20   0 3721120 886636  16280 S 388.2 22.3  17:29.72 java
17905 kabasel+  20   0 3721120 886636  16280 S 386.3 22.3  17:31.69 java
17905 kabasel+  20   0 3721120 886636  16280 S 382.4 22.3  17:33.64 java
17905 kabasel+  20   0 3721120 886636  16280 S 386.3 22.3  17:35.61 java
17905 kabasel+  20   0 3721120 886636  16280 S 390.0 22.3  17:37.56 java
17905 kabasel+  20   0 3721120 886636  16280 S 384.3 22.3  17:39.52 java
17905 kabasel+  20   0 3721120 886636  16280 S 384.3 22.3  17:41.48 java
17905 kabasel+  20   0 3721120 886636  16280 S 376.5 22.3  17:43.40 java
17905 kabasel+  20   0 3721120 886636  16280 S 388.2 22.3  17:45.38 java
17905 kabasel+  20   0 3721120 886636  16280 S 374.5 22.3  17:47.29 java
17905 kabasel+  20   0 3721120 886636  16280 S 380.4 22.3  17:49.23 java
17905 kabasel+  20   0 3721120 886636  16280 S 370.6 22.3  17:51.12 java
17905 kabasel+  20   0 3721120 886636  16280 S 388.2 22.3  17:53.10 java
17905 kabasel+  20   0 3721120 887164  16280 S 390.2 22.3  17:55.09 java
17905 kabasel+  20   0 3721120 886732  16280 S 388.2 22.3  17:57.07 java
17905 kabasel+  20   0 3721120 886732  16280 S 388.0 22.3  17:59.01 java
17905 kabasel+  20   0 3721120 886732  16280 S 381.1 22.3  18:01.03 java
17905 kabasel+  20   0 3721120 886732  16280 S 386.3 22.3  18:03.00 java
17905 kabasel+  20   0 3721120 886732  16280 S 382.4 22.3  18:04.95 java
17905 kabasel+  20   0 3721120 886732  16280 S 376.5 22.3  18:06.87 java
17905 kabasel+  20   0 3721120 886732  16280 S 378.4 22.3  18:08.80 java
17905 kabasel+  20   0 3721120 886732  16280 S 392.2 22.3  18:10.80 java
17905 kabasel+  20   0 3721120 886732  16280 S 386.3 22.3  18:12.77 java
17905 kabasel+  20   0 3721120 886732  16280 S 384.3 22.3  18:14.73 java
17905 kabasel+  20   0 3721120 888480  16280 S 382.4 22.3  18:16.68 java
17905 kabasel+  20   0 3721120 893396  16280 S 386.3 22.4  18:18.65 java
17905 kabasel+  20   0 3721120 899860  16280 S 390.2 22.6  18:20.64 java
17905 kabasel+  20   0 3721120 901404  16280 S 392.2 22.6  18:22.64 java
17905 kabasel+  20   0 3721120 901412  16280 S 388.0 22.6  18:24.58 java
17905 kabasel+  20   0 3721120 901420  16280 S 382.4 22.6  18:26.53 java
17905 kabasel+  20   0 3721120 901420  16280 S 384.3 22.6  18:28.49 java
17905 kabasel+  20   0 3721120 901420  16280 S 382.4 22.6  18:30.44 java
17905 kabasel+  20   0 3721120 901420  16280 S 388.2 22.6  18:32.42 java
17905 kabasel+  20   0 3721120 901420  16280 S 388.2 22.6  18:34.40 java
17905 kabasel+  20   0 3721120 901420  16280 S 386.3 22.6  18:36.37 java
17905 kabasel+  20   0 3721120 901420  16280 S 386.3 22.6  18:38.34 java
17905 kabasel+  20   0 3721120 902424  16280 S 384.3 22.7  18:40.30 java
17905 kabasel+  20   0 3721120 902332  16280 S 386.3 22.7  18:42.27 java
17905 kabasel+  20   0 3721120 902332  16280 S 388.2 22.7  18:44.25 java
17905 kabasel+  20   0 3721120 902332  16280 S 384.3 22.7  18:46.21 java
17905 kabasel+  20   0 3721120 901820  16280 S 388.2 22.7  18:48.19 java
17905 kabasel+  20   0 3721120 901820  16280 S 386.3 22.7  18:50.16 java
17905 kabasel+  20   0 3721120 901820  16280 S 390.2 22.7  18:52.15 java
17905 kabasel+  20   0 3721120 901820  16280 S 390.2 22.7  18:54.14 java
17905 kabasel+  20   0 3721120 901820  16280 S 388.2 22.7  18:56.12 java
17905 kabasel+  20   0 3721120 901820  16280 S 388.2 22.7  18:58.10 java
17905 kabasel+  20   0 3721120 901820  16280 S 370.0 22.7  18:59.95 java
17905 kabasel+  20   0 3721120 901820  16280 S 380.8 22.7  19:01.93 java
17905 kabasel+  20   0 3721120 901820  16280 S 392.2 22.7  19:03.93 java
17905 kabasel+  20   0 3721120 901820  16280 S 388.2 22.7  19:05.91 java
17905 kabasel+  20   0 3721120 901820  16280 S 384.3 22.7  19:07.87 java
17905 kabasel+  20   0 3721120 902612  16280 S 380.4 22.7  19:09.81 java
17905 kabasel+  20   0 3721120 902436  16280 S 392.2 22.7  19:11.81 java
17905 kabasel+  20   0 3721120 902436  16280 S 390.2 22.7  19:13.80 java
17905 kabasel+  20   0 3721120 901924  16280 S 368.6 22.7  19:15.68 java
17905 kabasel+  20   0 3721120 901924  16280 S 392.0 22.7  19:17.64 java
17905 kabasel+  20   0 3721120 901924  16280 S 380.4 22.7  19:19.58 java
17905 kabasel+  20   0 3721120 901924  16280 S 392.2 22.7  19:21.58 java
17905 kabasel+  20   0 3721120 901924  16280 S 382.4 22.7  19:23.53 java
17905 kabasel+  20   0 3721120 901924  16280 S 388.2 22.7  19:25.51 java
17905 kabasel+  20   0 3721120 901924  16280 S 362.7 22.7  19:27.36 java
17905 kabasel+  20   0 3721120 901924  16280 S 386.3 22.7  19:29.33 java
17905 kabasel+  20   0 3721120 902188  16280 S 392.2 22.7  19:31.33 java
17905 kabasel+  20   0 3721120 901600  16280 S 382.4 22.6  19:33.28 java
17905 kabasel+  20   0 3721120 901600  16280 S 394.0 22.6  19:35.25 java
17905 kabasel+  20   0 3721120 901600  16280 S 388.2 22.6  19:37.23 java
17905 kabasel+  20   0 3721120 901600  16280 S 386.3 22.6  19:39.20 java
17905 kabasel+  20   0 3721120 901600  16280 S 386.3 22.6  19:41.17 java
17905 kabasel+  20   0 3721120 901600  16280 S 384.3 22.6  19:43.13 java
17905 kabasel+  20   0 3721120 901600  16280 S 372.5 22.6  19:45.03 java
17905 kabasel+  20   0 3721120 901600  16280 S 362.7 22.6  19:46.88 java
17905 kabasel+  20   0 3721120 901600  16280 S 376.5 22.6  19:48.80 java
17905 kabasel+  20   0 3721120 906024  16280 S 372.5 22.8  19:50.70 java
17905 kabasel+  20   0 3721120 838008  16280 S 384.3 21.0  19:52.66 java
17905 kabasel+  20   0 3721120 838008  16280 S 384.3 21.0  19:54.62 java
17905 kabasel+  20   0 3721120 838008  16280 S 386.3 21.0  19:56.59 java
17905 kabasel+  20   0 3721120 838008  16280 S 384.3 21.0  19:58.55 java
17905 kabasel+  20   0 3721120 838008  16280 S 390.2 21.0  20:00.54 java
17905 kabasel+  20   0 3721120 838008  16280 S 392.2 21.0  20:02.54 java
17905 kabasel+  20   0 3721120 838008  16280 S 390.2 21.0  20:04.53 java
17905 kabasel+  20   0 3721120 838008  16280 S 388.2 21.0  20:06.51 java
17905 kabasel+  20   0 3721120 838008  16280 S 378.4 21.0  20:08.44 java
17905 kabasel+  20   0 3721120 838008  16280 S 394.0 21.0  20:10.41 java
17905 kabasel+  20   0 3721120 838008  16280 S 388.2 21.0  20:12.39 java
17905 kabasel+  20   0 3721120 838008  16280 S 382.4 21.0  20:14.34 java
17905 kabasel+  20   0 3721120 838008  16280 S 392.2 21.0  20:16.34 java
17905 kabasel+  20   0 3721120 838008  16280 S 380.4 21.0  20:18.28 java
17905 kabasel+  20   0 3721120 838008  16280 S 386.3 21.0  20:20.25 java
17905 kabasel+  20   0 3721120 838008  16280 S 386.3 21.0  20:22.22 java
17905 kabasel+  20   0 3721120 838008  16280 S 358.8 21.0  20:24.05 java
17905 kabasel+  20   0 3721120 838008  16280 S 396.1 21.0  20:26.07 java
17905 kabasel+  20   0 3721120 838008  16280 S 390.4 21.0  20:28.10 java
17905 kabasel+  20   0 3721120 838008  16280 S 382.0 21.0  20:30.01 java
17905 kabasel+  20   0 3721120 838008  16280 S 390.2 21.0  20:32.00 java
17905 kabasel+  20   0 3721120 838008  16280 S 378.4 21.0  20:33.93 java
17905 kabasel+  20   0 3721120 838008  16280 S 394.1 21.0  20:35.94 java
17905 kabasel+  20   0 3721120 838008  16280 S 388.2 21.0  20:37.92 java
17905 kabasel+  20   0 3721120 838008  16280 S 386.3 21.0  20:39.89 java
17905 kabasel+  20   0 3721120 838008  16280 S 382.4 21.0  20:41.84 java
17905 kabasel+  20   0 3721120 838008  16280 S 386.3 21.0  20:43.81 java
17905 kabasel+  20   0 3721120 838008  16280 S 390.0 21.0  20:45.76 java
17905 kabasel+  20   0 3721120 838008  16280 S 390.2 21.0  20:47.75 java
17905 kabasel+  20   0 3721120 838008  16280 S 390.2 21.0  20:49.74 java
17905 kabasel+  20   0 3721120 838008  16280 S 384.3 21.0  20:51.70 java
17905 kabasel+  20   0 3721120 838008  16280 S 390.2 21.0  20:53.69 java
17905 kabasel+  20   0 3721120 838008  16280 S 388.2 21.0  20:55.67 java
17905 kabasel+  20   0 3721120 838008  16280 S 384.3 21.0  20:57.63 java
17905 kabasel+  20   0 3721120 838008  16280 S 390.2 21.0  20:59.62 java
17905 kabasel+  20   0 3721120 838008  16280 S 374.5 21.0  21:01.53 java
17905 kabasel+  20   0 3721120 838008  16280 S 376.5 21.0  21:03.45 java
17905 kabasel+  20   0 3721120 838008  16280 S 382.4 21.0  21:05.40 java
17905 kabasel+  20   0 3721120 838008  16280 S 398.0 21.0  21:07.39 java
17905 kabasel+  20   0 3721120 838008  16280 S 386.3 21.0  21:09.36 java
17905 kabasel+  20   0 3721120 838008  16280 S 386.3 21.0  21:11.33 java
17905 kabasel+  20   0 3721120 838008  16280 S 382.4 21.0  21:13.28 java
17905 kabasel+  20   0 3721120 838008  16280 S 382.4 21.0  21:15.23 java
17905 kabasel+  20   0 3721120 838008  16280 S 384.3 21.0  21:17.19 java
17905 kabasel+  20   0 3721120 838008  16280 S 388.2 21.0  21:19.17 java
17905 kabasel+  20   0 3721120 838008  16280 S 392.2 21.0  21:21.17 java
17905 kabasel+  20   0 3721120 838008  16280 S 390.0 21.0  21:23.12 java
17905 kabasel+  20   0 3721120 806656  16280 S 372.5 20.3  21:25.02 java
17905 kabasel+  20   0 3721120 807604  16280 S 388.2 20.3  21:27.00 java
17905 kabasel+  20   0 3721120 806784  16280 S 382.4 20.3  21:28.95 java
17905 kabasel+  20   0 3721120 806784  16280 S 384.3 20.3  21:30.91 java
17905 kabasel+  20   0 3721120 806784  16280 S 382.4 20.3  21:32.86 java
17905 kabasel+  20   0 3721120 806784  16280 S 388.2 20.3  21:34.84 java
17905 kabasel+  20   0 3721120 806784  16280 S 384.3 20.3  21:36.80 java
17905 kabasel+  20   0 3721120 806784  16280 S 386.3 20.3  21:38.77 java
17905 kabasel+  20   0 3721120 806720  16280 S 370.6 20.3  21:40.66 java
17905 kabasel+  20   0 3721120 806720  16280 S 392.0 20.3  21:42.62 java
17905 kabasel+  20   0 3721120 806720  16280 S 374.5 20.3  21:44.53 java
17905 kabasel+  20   0 3721120 806720  16280 S 382.4 20.3  21:46.48 java
17905 kabasel+  20   0 3721120 806720  16280 S 382.4 20.3  21:48.43 java
17905 kabasel+  20   0 3721120 806680  16280 S 378.4 20.3  21:50.36 java
17905 kabasel+  20   0 3721120 806680  16280 S 392.2 20.3  21:52.36 java
17905 kabasel+  20   0 3721120 806680  16280 S 378.4 20.3  21:54.29 java
17905 kabasel+  20   0 3721120 806944  16280 S 378.4 20.3  21:56.22 java
17905 kabasel+  20   0 3721120 806944  16280 S 386.3 20.3  21:58.19 java
17905 kabasel+  20   0 3721120 806944  16280 S 384.3 20.3  22:00.15 java
17905 kabasel+  20   0 3721120 806944  16280 S 382.4 20.3  22:02.10 java
17905 kabasel+  20   0 3721120 806944  16280 S 390.4 20.3  22:04.13 java
17905 kabasel+  20   0 3721120 806532  16280 S 398.0 20.3  22:06.12 java
17905 kabasel+  20   0 3721120 806532  16280 S 380.4 20.3  22:08.06 java
17905 kabasel+  20   0 3721120 806532  16280 S 382.4 20.3  22:10.01 java
17905 kabasel+  20   0 3721120 806532  16280 S 358.8 20.3  22:11.84 java
17905 kabasel+  20   0 3721120 806532  16280 S 386.3 20.3  22:13.81 java
17905 kabasel+  20   0 3721120 806532  16280 S 378.4 20.3  22:15.74 java
17905 kabasel+  20   0 3721120 806532  16280 S 368.6 20.3  22:17.62 java
17905 kabasel+  20   0 3721120 806532  16280 S 382.4 20.3  22:19.57 java
17905 kabasel+  20   0 3721120 806532  16280 S 390.2 20.3  22:21.56 java
17905 kabasel+  20   0 3721120 806532  16280 S 400.0 20.3  22:23.57 java
17905 kabasel+  20   0 3721120 806532  16280 S 388.2 20.3  22:25.55 java
17905 kabasel+  20   0 3721120 806532  16280 S 370.6 20.3  22:27.44 java
17905 kabasel+  20   0 3721120 806532  16280 S 386.3 20.3  22:29.41 java
17905 kabasel+  20   0 3721120 806532  16280 S 380.4 20.3  22:31.35 java
17905 kabasel+  20   0 3721120 806532  16280 S 392.2 20.3  22:33.35 java
17905 kabasel+  20   0 3721120 806532  16280 S 376.5 20.3  22:35.27 java
17905 kabasel+  20   0 3721120 806532  16280 S 382.4 20.3  22:37.22 java
17905 kabasel+  20   0 3721120 806532  16280 S 388.2 20.3  22:39.20 java
17905 kabasel+  20   0 3721120 806532  16280 S 390.2 20.3  22:41.19 java
17905 kabasel+  20   0 3721120 806532  16280 S 386.3 20.3  22:43.16 java
17905 kabasel+  20   0 3721120 806532  16280 S 390.2 20.3  22:45.15 java
17905 kabasel+  20   0 3721120 806532  16280 S 380.4 20.3  22:47.09 java
17905 kabasel+  20   0 3721120 806532  16280 S 384.6 20.3  22:49.09 java
17905 kabasel+  20   0 3721120 806532  16280 S 374.5 20.3  22:51.00 java
17905 kabasel+  20   0 3721120 806532  16280 S 386.3 20.3  22:52.97 java
17905 kabasel+  20   0 3721120 806532  16280 S 378.4 20.3  22:54.90 java
17905 kabasel+  20   0 3721120 806532  16280 S 384.3 20.3  22:56.86 java
17905 kabasel+  20   0 3721120 806532  16280 S 384.0 20.3  22:58.78 java
17905 kabasel+  20   0 3721120 788540  16280 S 384.3 19.8  23:00.74 java
17905 kabasel+  20   0 3721120 788436  16280 S 386.3 19.8  23:02.71 java
17905 kabasel+  20   0 3721120 788436  16280 S 362.7 19.8  23:04.56 java
17905 kabasel+  20   0 3721120 788436  16280 S  88.2 19.8  23:05.01 java
17905 kabasel+  20   0 3721120 788436  16280 S   0.0 19.8  23:05.01 java
17905 kabasel+  20   0 3721120 788436  16280 S   0.0 19.8  23:05.01 java
17905 kabasel+  20   0 3721120 788436  16280 S   0.0 19.8  23:05.01 java
17905 kabasel+  20   0 3721120 788436  16280 S   0.0 19.8  23:05.01 java
17905 kabasel+  20   0 3721120 788436  16280 S   0.0 19.8  23:05.01 java
17905 kabasel+  20   0 3721120 788436  16280 S   0.0 19.8  23:05.01 java
17905 kabasel+  20   0 3721120 788436  16280 S   0.0 19.8  23:05.01 java
17905 kabasel+  20   0 3721120 788436  16280 S   0.0 19.8  23:05.01 java
17905 kabasel+  20   0 3721120 788436  16280 S   0.0 19.8  23:05.01 java
17905 kabasel+  20   0 3721120 788436  16280 S   0.0 19.8  23:05.01 java
17905 kabasel+  20   0 3721120 788436  16280 S   0.0 19.8  23:05.01 java
17905 kabasel+  20   0 3721120 788436  16280 S   0.0 19.8  23:05.01 java
17905 kabasel+  20   0 3721120 788436  16280 S   0.0 19.8  23:05.01 java
17905 kabasel+  20   0 3721120 788436  16280 S   0.0 19.8  23:05.01 java
17905 kabasel+  20   0 3721120 788436  16280 S   0.0 19.8  23:05.01 java
17905 kabasel+  20   0 3721120 788436  16280 S   0.0 19.8  23:05.01 java
17905 kabasel+  20   0 3721120 788436  16280 S   0.0 19.8  23:05.01 java
17905 kabasel+  20   0 3721120 788436  16280 S   0.0 19.8  23:05.01 java
17905 kabasel+  20   0 3721120 788436  16280 S   0.0 19.8  23:05.01 java
17905 kabasel+  20   0 3721120 788436  16280 S   0.0 19.8  23:05.01 java
17905 kabasel+  20   0 3721120 788436  16280 S   0.0 19.8  23:05.01 java
