 4141 kabasel+  20   0 3720864  23672  15176 S   0.0  0.6   0:00.12 java
 4141 kabasel+  20   0 3720864  23672  15176 S   0.0  0.6   0:00.12 java
 4141 kabasel+  20   0 3720864  23672  15176 S   0.0  0.6   0:00.12 java
 4141 kabasel+  20   0 3720864  23672  15176 S   0.0  0.6   0:00.12 java
 4141 kabasel+  20   0 3721120  58676  16164 S 204.0  1.5   0:01.14 java
 4141 kabasel+  20   0 3721120 174428  16164 S 211.8  4.4   0:02.22 java
 4141 kabasel+  20   0 3721120 336072  16164 S 200.0  8.4   0:03.24 java
 4141 kabasel+  20   0 3721120 378868  16164 S 218.0  9.5   0:04.33 java
 4141 kabasel+  20   0 3721120 382784  16164 S 156.9  9.6   0:05.13 java
 4141 kabasel+  20   0 3721120 392252  16164 S 296.2  9.9   0:06.67 java
 4141 kabasel+  20   0 3721120 399252  16164 S 376.5 10.0   0:08.59 java
 4141 kabasel+  20   0 3721120 407764  16164 S 352.9 10.2   0:10.39 java
 4141 kabasel+  20   0 3721120 408216  16164 S 372.0 10.3   0:12.25 java
 4141 kabasel+  20   0 3721120 411180  16184 S 390.2 10.3   0:14.24 java
 4141 kabasel+  20   0 3721120 413048  16184 S 362.7 10.4   0:16.09 java
 4141 kabasel+  20   0 3721120 414116  16184 S 390.2 10.4   0:18.08 java
 4141 kabasel+  20   0 3721120 414908  16184 S 394.0 10.4   0:20.05 java
 4141 kabasel+  20   0 3721120 423160  16184 S 380.4 10.6   0:21.99 java
 4141 kabasel+  20   0 3721120 429980  16184 S 378.4 10.8   0:23.92 java
 4141 kabasel+  20   0 3721120 440212  16184 S 305.9 11.1   0:25.48 java
 4141 kabasel+  20   0 3721120 439232  16184 S 319.6 11.0   0:27.11 java
 4141 kabasel+  20   0 3721120 439232  16184 S 356.0 11.0   0:28.89 java
 4141 kabasel+  20   0 3721120 439232  16184 S 372.5 11.0   0:30.79 java
 4141 kabasel+  20   0 3721120 439232  16184 S 390.2 11.0   0:32.78 java
 4141 kabasel+  20   0 3721120 443508  16184 S 390.2 11.1   0:34.77 java
 4141 kabasel+  20   0 3721120 454440  16184 S 380.0 11.4   0:36.67 java
 4141 kabasel+  20   0 3721120 461360  16184 S 358.8 11.6   0:38.50 java
 4141 kabasel+  20   0 3721120 461612  16184 S 329.4 11.6   0:40.18 java
 4141 kabasel+  20   0 3721120 461612  16184 S 360.8 11.6   0:42.02 java
 4141 kabasel+  20   0 3721120 461612  16184 S 390.2 11.6   0:44.01 java
 4141 kabasel+  20   0 3721120 461612  16184 S 388.0 11.6   0:45.95 java
 4141 kabasel+  20   0 3721120 463440  16184 S 384.3 11.6   0:47.91 java
 4141 kabasel+  20   0 3721120 470592  16184 S 384.3 11.8   0:49.87 java
 4141 kabasel+  20   0 3721120 476132  16184 S 380.4 12.0   0:51.81 java
 4141 kabasel+  20   0 3721120 480680  16184 S 358.8 12.1   0:53.64 java
 4141 kabasel+  20   0 3721120 493752  16184 S 352.0 12.4   0:55.40 java
 4141 kabasel+  20   0 3721120 493800  16184 S 384.3 12.4   0:57.36 java
 4141 kabasel+  20   0 3721120 493800  16184 S 382.4 12.4   0:59.31 java
 4141 kabasel+  20   0 3721120 493800  16184 S 386.3 12.4   1:01.28 java
 4141 kabasel+  20   0 3721120 494540  16184 S 388.2 12.4   1:03.26 java
 4141 kabasel+  20   0 3721120 494540  16184 S 390.2 12.4   1:05.25 java
 4141 kabasel+  20   0 3721120 494540  16184 S 400.0 12.4   1:07.25 java
 4141 kabasel+  20   0 3721120 497012  16184 S 378.4 12.5   1:09.18 java
 4141 kabasel+  20   0 3721120 502156  16184 S 372.5 12.6   1:11.08 java
 4141 kabasel+  20   0 3721120 506232  16184 S 302.0 12.7   1:12.62 java
 4141 kabasel+  20   0 3721120 507772  16184 S 252.0 12.8   1:13.88 java
 4141 kabasel+  20   0 3721120 507772  16184 S 239.2 12.8   1:15.10 java
 4141 kabasel+  20   0 3721120 534684  16184 S 319.6 13.4   1:16.73 java
 4141 kabasel+  20   0 3721120 535824  16184 S 300.0 13.5   1:18.26 java
 4141 kabasel+  20   0 3721120 533696  16184 S 378.8 13.4   1:20.23 java
 4141 kabasel+  20   0 3721120 533696  16184 S 380.4 13.4   1:22.17 java
 4141 kabasel+  20   0 3721120 533696  16184 S 390.0 13.4   1:24.12 java
 4141 kabasel+  20   0 3721120 533696  16184 S 386.3 13.4   1:26.09 java
 4141 kabasel+  20   0 3721120 533700  16184 S 378.8 13.4   1:28.06 java
 4141 kabasel+  20   0 3721120 537820  16184 S 384.3 13.5   1:30.02 java
 4141 kabasel+  20   0 3721120 546612  16184 S 382.4 13.7   1:31.97 java
 4141 kabasel+  20   0 3721120 554136  16184 S 384.0 13.9   1:33.89 java
 4141 kabasel+  20   0 3721120 560636  16184 S 374.5 14.1   1:35.80 java
 4141 kabasel+  20   0 3721120 564996  16184 S 384.3 14.2   1:37.76 java
 4141 kabasel+  20   0 3721120 570396  16184 S 390.2 14.3   1:39.75 java
 4141 kabasel+  20   0 3721120 575616  16184 S 303.9 14.5   1:41.30 java
 4141 kabasel+  20   0 3721120 555168  16184 S 358.0 13.9   1:43.09 java
 4141 kabasel+  20   0 3721120 553216  16184 S 380.8 13.9   1:45.07 java
 4141 kabasel+  20   0 3721120 553216  16184 S 394.0 13.9   1:47.04 java
 4141 kabasel+  20   0 3721120 553216  16184 S 384.3 13.9   1:49.00 java
 4141 kabasel+  20   0 3721120 553216  16184 S 372.5 13.9   1:50.90 java
 4141 kabasel+  20   0 3721120 553216  16184 S 388.2 13.9   1:52.88 java
 4141 kabasel+  20   0 3721120 553688  16184 S 398.0 13.9   1:54.87 java
 4141 kabasel+  20   0 3721120 553688  16184 S 352.9 13.9   1:56.67 java
 4141 kabasel+  20   0 3721120 554012  16184 S 317.6 13.9   1:58.29 java
 4141 kabasel+  20   0 3721120 554012  16184 S 382.4 13.9   2:00.24 java
 4141 kabasel+  20   0 3721120 556064  16184 S 394.0 14.0   2:02.21 java
 4141 kabasel+  20   0 3721120 556472  16184 S 382.4 14.0   2:04.16 java
 4141 kabasel+  20   0 3721120 556736  16184 S 390.2 14.0   2:06.15 java
 4141 kabasel+  20   0 3721120 556736  16184 S 388.2 14.0   2:08.13 java
 4141 kabasel+  20   0 3721120 555776  16184 S 382.4 14.0   2:10.08 java
 4141 kabasel+  20   0 3721120 555776  16184 S 388.2 14.0   2:12.06 java
 4141 kabasel+  20   0 3721120 555776  16184 S 388.2 14.0   2:14.04 java
 4141 kabasel+  20   0 3721120 556832  16184 S 386.0 14.0   2:15.97 java
 4141 kabasel+  20   0 3721120 556832  16184 S 390.2 14.0   2:17.96 java
 4141 kabasel+  20   0 3721120 557096  16184 S 380.4 14.0   2:19.90 java
 4141 kabasel+  20   0 3721120 558904  16184 S 378.4 14.0   2:21.83 java
 4141 kabasel+  20   0 3721120 561508  16184 S 382.4 14.1   2:23.78 java
 4141 kabasel+  20   0 3721120 568960  16184 S 388.0 14.3   2:25.72 java
 4141 kabasel+  20   0 3721120 572324  16184 S 386.3 14.4   2:27.69 java
 4141 kabasel+  20   0 3721120 579472  16184 S 384.3 14.6   2:29.65 java
 4141 kabasel+  20   0 3721120 587684  16184 S 374.5 14.8   2:31.56 java
 4141 kabasel+  20   0 3721120 578736  16184 S 264.0 14.5   2:32.88 java
 4141 kabasel+  20   0 3721120 578736  16184 S 384.3 14.5   2:34.84 java
 4141 kabasel+  20   0 3721120 578820  16184 S 321.6 14.5   2:36.48 java
 4141 kabasel+  20   0 3721120 578820  16184 S 364.7 14.5   2:38.34 java
 4141 kabasel+  20   0 3721120 578820  16184 S 382.4 14.5   2:40.29 java
 4141 kabasel+  20   0 3721120 578820  16184 S 388.2 14.5   2:42.27 java
 4141 kabasel+  20   0 3721120 578820  16184 S 380.8 14.5   2:44.25 java
 4141 kabasel+  20   0 3721120 578820  16184 S 392.0 14.5   2:46.21 java
 4141 kabasel+  20   0 3721120 578820  16184 S 384.3 14.5   2:48.17 java
 4141 kabasel+  20   0 3721120 578820  16184 S 388.2 14.5   2:50.15 java
 4141 kabasel+  20   0 3721120 578820  16184 S 382.4 14.5   2:52.10 java
 4141 kabasel+  20   0 3721120 578820  16184 S 390.0 14.5   2:54.05 java
 4141 kabasel+  20   0 3721120 579284  16184 S 384.3 14.6   2:56.01 java
 4141 kabasel+  20   0 3721120 579508  16184 S 382.4 14.6   2:57.96 java
 4141 kabasel+  20   0 3721120 579508  16184 S 378.4 14.6   2:59.89 java
 4141 kabasel+  20   0 3721120 579508  16184 S 390.0 14.6   3:01.84 java
 4141 kabasel+  20   0 3721120 579572  16184 S 382.4 14.6   3:03.79 java
 4141 kabasel+  20   0 3721120 579572  16184 S 392.2 14.6   3:05.79 java
 4141 kabasel+  20   0 3721120 579572  16184 S 392.2 14.6   3:07.79 java
 4141 kabasel+  20   0 3721120 579636  16184 S 380.4 14.6   3:09.73 java
 4141 kabasel+  20   0 3721120 579636  16184 S 376.5 14.6   3:11.65 java
 4141 kabasel+  20   0 3721120 579668  16184 S 378.4 14.6   3:13.58 java
 4141 kabasel+  20   0 3721120 580424  16184 S 382.4 14.6   3:15.53 java
 4141 kabasel+  20   0 3721120 580424  16184 S 390.0 14.6   3:17.48 java
 4141 kabasel+  20   0 3721120 580424  16184 S 386.3 14.6   3:19.45 java
 4141 kabasel+  20   0 3721120 580388  16184 S 388.2 14.6   3:21.43 java
 4141 kabasel+  20   0 3721120 580388  16184 S 382.4 14.6   3:23.38 java
 4141 kabasel+  20   0 3721120 580388  16184 S 370.6 14.6   3:25.27 java
 4141 kabasel+  20   0 3721120 580396  16184 S 386.0 14.6   3:27.20 java
 4141 kabasel+  20   0 3721120 584780  16184 S 372.5 14.7   3:29.10 java
 4141 kabasel+  20   0 3721120 589192  16184 S 376.5 14.8   3:31.02 java
 4141 kabasel+  20   0 3721120 597484  16184 S 374.5 15.0   3:32.93 java
 4141 kabasel+  20   0 3721120 603156  16184 S 392.2 15.2   3:34.93 java
 4141 kabasel+  20   0 3721120 610340  16184 S 384.3 15.3   3:36.89 java
 4141 kabasel+  20   0 3721120 611080  16184 S 306.0 15.3   3:38.42 java
 4141 kabasel+  20   0 3721120 611168  16184 S 372.5 15.4   3:40.32 java
 4141 kabasel+  20   0 3721120 611168  16184 S 376.5 15.4   3:42.24 java
 4141 kabasel+  20   0 3721120 611168  16184 S 384.3 15.4   3:44.20 java
 4141 kabasel+  20   0 3721120 611168  16184 S 364.0 15.4   3:46.02 java
 4141 kabasel+  20   0 3721120 611432  16184 S 333.3 15.4   3:47.72 java
 4141 kabasel+  20   0 3721120 612012  16184 S 366.7 15.4   3:49.59 java
 4141 kabasel+  20   0 3721120 612012  16184 S 384.3 15.4   3:51.55 java
 4141 kabasel+  20   0 3721120 612012  16184 S 386.3 15.4   3:53.52 java
 4141 kabasel+  20   0 3721120 612012  16184 S 390.2 15.4   3:55.51 java
 4141 kabasel+  20   0 3721120 612012  16184 S 390.0 15.4   3:57.46 java
 4141 kabasel+  20   0 3721120 612012  16184 S 382.4 15.4   3:59.41 java
 4141 kabasel+  20   0 3721120 612012  16184 S 384.3 15.4   4:01.37 java
 4141 kabasel+  20   0 3721120 612012  16184 S 388.2 15.4   4:03.35 java
 4141 kabasel+  20   0 3721120 612012  16184 S 384.3 15.4   4:05.31 java
 4141 kabasel+  20   0 3721120 612012  16184 S 388.2 15.4   4:07.29 java
 4141 kabasel+  20   0 3721120 611084  16184 S 376.5 15.3   4:09.21 java
 4141 kabasel+  20   0 3721120 611084  16184 S 376.5 15.3   4:11.13 java
 4141 kabasel+  20   0 3721120 611084  16184 S 390.0 15.3   4:13.08 java
 4141 kabasel+  20   0 3721120 614872  16184 S 388.2 15.4   4:15.06 java
 4141 kabasel+  20   0 3721120 612636  16184 S 390.2 15.4   4:17.05 java
 4141 kabasel+  20   0 3721120 612636  16184 S 382.7 15.4   4:19.04 java
 4141 kabasel+  20   0 3721120 612636  16184 S 372.5 15.4   4:20.94 java
 4141 kabasel+  20   0 3721120 612636  16184 S 368.0 15.4   4:22.78 java
 4141 kabasel+  20   0 3721120 612636  16184 S 301.9 15.4   4:24.35 java
 4141 kabasel+  20   0 3721120 612636  16184 S 262.7 15.4   4:25.69 java
 4141 kabasel+  20   0 3721120 612636  16184 S 325.5 15.4   4:27.35 java
 4141 kabasel+  20   0 3721120 612636  16184 S 380.0 15.4   4:29.25 java
 4141 kabasel+  20   0 3721120 612636  16184 S 380.8 15.4   4:31.23 java
 4141 kabasel+  20   0 3721120 612636  16184 S 351.0 15.4   4:33.02 java
 4141 kabasel+  20   0 3721120 612636  16184 S 380.4 15.4   4:34.96 java
 4141 kabasel+  20   0 3721120 612636  16184 S 388.2 15.4   4:36.94 java
 4141 kabasel+  20   0 3721120 612636  16184 S 384.0 15.4   4:38.86 java
 4141 kabasel+  20   0 3721120 612636  16184 S 388.2 15.4   4:40.84 java
 4141 kabasel+  20   0 3721120 612636  16184 S 388.2 15.4   4:42.82 java
 4141 kabasel+  20   0 3721120 612636  16184 S 386.3 15.4   4:44.79 java
 4141 kabasel+  20   0 3721120 612636  16184 S 382.4 15.4   4:46.74 java
 4141 kabasel+  20   0 3721120 612636  16184 S 392.0 15.4   4:48.70 java
 4141 kabasel+  20   0 3721120 612636  16184 S 376.5 15.4   4:50.62 java
 4141 kabasel+  20   0 3721120 612636  16184 S 384.3 15.4   4:52.58 java
 4141 kabasel+  20   0 3721120 612636  16184 S 376.5 15.4   4:54.50 java
 4141 kabasel+  20   0 3721120 612636  16184 S 392.0 15.4   4:56.46 java
 4141 kabasel+  20   0 3721120 612636  16184 S 372.5 15.4   4:58.36 java
 4141 kabasel+  20   0 3721120 612740  16184 S 390.2 15.4   5:00.35 java
 4141 kabasel+  20   0 3721120 612740  16184 S 376.5 15.4   5:02.27 java
 4141 kabasel+  20   0 3721120 612740  16184 S 390.0 15.4   5:04.22 java
 4141 kabasel+  20   0 3721120 612740  16184 S 386.3 15.4   5:06.19 java
 4141 kabasel+  20   0 3721120 612740  16184 S 384.3 15.4   5:08.15 java
 4141 kabasel+  20   0 3721120 612740  16184 S 386.3 15.4   5:10.12 java
 4141 kabasel+  20   0 3721120 612740  16184 S 388.2 15.4   5:12.10 java
 4141 kabasel+  20   0 3721120 612740  16184 S 392.0 15.4   5:14.06 java
 4141 kabasel+  20   0 3721120 612740  16184 S 386.3 15.4   5:16.03 java
 4141 kabasel+  20   0 3721120 612740  16184 S 364.7 15.4   5:17.89 java
 4141 kabasel+  20   0 3721120 612740  16184 S 384.3 15.4   5:19.85 java
 4141 kabasel+  20   0 3721120 612740  16184 S 400.0 15.4   5:21.86 java
 4141 kabasel+  20   0 3721120 612740  16184 S 372.5 15.4   5:23.76 java
 4141 kabasel+  20   0 3721120 612740  16184 S 384.3 15.4   5:25.72 java
 4141 kabasel+  20   0 3721120 612740  16184 S 382.4 15.4   5:27.67 java
 4141 kabasel+  20   0 3721120 612740  16184 S 388.2 15.4   5:29.65 java
 4141 kabasel+  20   0 3721120 612740  16184 S 382.4 15.4   5:31.60 java
 4141 kabasel+  20   0 3721120 612740  16184 S 392.0 15.4   5:33.56 java
 4141 kabasel+  20   0 3721120 614452  16184 S 386.3 15.4   5:35.53 java
 4141 kabasel+  20   0 3721120 623228  16184 S 380.8 15.7   5:37.51 java
 4141 kabasel+  20   0 3721120 631152  16184 S 384.3 15.9   5:39.47 java
 4141 kabasel+  20   0 3721120 635192  16184 S 380.0 16.0   5:41.37 java
 4141 kabasel+  20   0 3721120 635280  16184 S 386.3 16.0   5:43.34 java
 4141 kabasel+  20   0 3721120 635628  16184 S 384.3 16.0   5:45.30 java
 4141 kabasel+  20   0 3721120 635628  16184 S 380.4 16.0   5:47.24 java
 4141 kabasel+  20   0 3721120 635628  16184 S 400.0 16.0   5:49.24 java
 4141 kabasel+  20   0 3721120 635508  16184 S 360.8 16.0   5:51.08 java
 4141 kabasel+  20   0 3721120 635508  16184 S 368.6 16.0   5:52.96 java
 4141 kabasel+  20   0 3721120 635508  16184 S 349.0 16.0   5:54.74 java
 4141 kabasel+  20   0 3721120 635508  16184 S 368.0 16.0   5:56.58 java
 4141 kabasel+  20   0 3721120 635508  16184 S 384.3 16.0   5:58.54 java
 4141 kabasel+  20   0 3721120 635740  16184 S 386.3 16.0   6:00.51 java
 4141 kabasel+  20   0 3721120 635408  16184 S 388.2 16.0   6:02.49 java
 4141 kabasel+  20   0 3721120 635408  16184 S 378.4 16.0   6:04.42 java
 4141 kabasel+  20   0 3721120 636200  16184 S 388.2 16.0   6:06.40 java
 4141 kabasel+  20   0 3721120 635176  16184 S 390.2 16.0   6:08.39 java
 4141 kabasel+  20   0 3721120 635176  16184 S 390.2 16.0   6:10.38 java
 4141 kabasel+  20   0 3721120 635440  16184 S 370.6 16.0   6:12.27 java
 4141 kabasel+  20   0 3721120 635440  16184 S 396.0 16.0   6:14.25 java
 4141 kabasel+  20   0 3721120 635440  16184 S 380.4 16.0   6:16.19 java
 4141 kabasel+  20   0 3721120 638776  16184 S 386.3 16.0   6:18.16 java
 4141 kabasel+  20   0 3721120 643232  16184 S 384.3 16.2   6:20.12 java
 4141 kabasel+  20   0 3721120 650008  16184 S 380.4 16.3   6:22.06 java
 4141 kabasel+  20   0 3721120 655944  16184 S 392.2 16.5   6:24.06 java
 4141 kabasel+  20   0 3721120 660116  16184 S 398.0 16.6   6:26.05 java
 4141 kabasel+  20   0 3721120 668996  16184 S 378.4 16.8   6:27.98 java
 4141 kabasel+  20   0 3721120 650280  16184 S 372.5 16.3   6:29.88 java
 4141 kabasel+  20   0 3721120 650280  16184 S 386.3 16.3   6:31.85 java
 4141 kabasel+  20   0 3721120 650060  16184 S 382.0 16.3   6:33.76 java
 4141 kabasel+  20   0 3721120 650060  16184 S 380.4 16.3   6:35.70 java
 4141 kabasel+  20   0 3721120 650060  16184 S 368.6 16.3   6:37.58 java
 4141 kabasel+  20   0 3721120 650060  16184 S 378.4 16.3   6:39.51 java
 4141 kabasel+  20   0 3721120 650060  16184 S 384.3 16.3   6:41.47 java
 4141 kabasel+  20   0 3721120 650056  16184 S 378.4 16.3   6:43.40 java
 4141 kabasel+  20   0 3721120 650060  16184 S 322.0 16.3   6:45.01 java
 4141 kabasel+  20   0 3721120 650060  16184 S 300.0 16.3   6:46.54 java
 4141 kabasel+  20   0 3721120 650060  16184 S 374.5 16.3   6:48.45 java
 4141 kabasel+  20   0 3721120 650060  16184 S 388.2 16.3   6:50.43 java
 4141 kabasel+  20   0 3721120 650060  16184 S 374.5 16.3   6:52.34 java
 4141 kabasel+  20   0 3721120 650060  16184 S 386.0 16.3   6:54.27 java
 4141 kabasel+  20   0 3721120 650060  16184 S 388.2 16.3   6:56.25 java
 4141 kabasel+  20   0 3721120 649884  16184 S 392.2 16.3   6:58.25 java
 4141 kabasel+  20   0 3721120 649884  16184 S 388.2 16.3   7:00.23 java
 4141 kabasel+  20   0 3721120 649884  16184 S 392.0 16.3   7:02.19 java
 4141 kabasel+  20   0 3721120 649884  16184 S 384.3 16.3   7:04.15 java
 4141 kabasel+  20   0 3721120 649852  16184 S 384.3 16.3   7:06.11 java
 4141 kabasel+  20   0 3721120 649852  16184 S 388.2 16.3   7:08.09 java
 4141 kabasel+  20   0 3721120 649852  16184 S 384.3 16.3   7:10.05 java
 4141 kabasel+  20   0 3721120 649852  16184 S 370.6 16.3   7:11.94 java
 4141 kabasel+  20   0 3721120 649852  16184 S 343.1 16.3   7:13.69 java
 4141 kabasel+  20   0 3721120 649852  16184 S 272.0 16.3   7:15.05 java
 4141 kabasel+  20   0 3721120 649852  16184 S 315.7 16.3   7:16.66 java
 4141 kabasel+  20   0 3721120 649852  16184 S 307.8 16.3   7:18.23 java
 4141 kabasel+  20   0 3721120 649852  16184 S 358.8 16.3   7:20.06 java
 4141 kabasel+  20   0 3721120 649932  16184 S 390.0 16.3   7:22.01 java
 4141 kabasel+  20   0 3721120 649932  16184 S 386.5 16.3   7:24.02 java
 4141 kabasel+  20   0 3721120 649932  16184 S 384.3 16.3   7:25.98 java
 4141 kabasel+  20   0 3721120 650012  16184 S 390.2 16.3   7:27.97 java
 4141 kabasel+  20   0 3721120 650012  16184 S 390.2 16.3   7:29.96 java
 4141 kabasel+  20   0 3721120 650012  16184 S 366.7 16.3   7:31.83 java
 4141 kabasel+  20   0 3721120 650012  16184 S 380.4 16.3   7:33.77 java
 4141 kabasel+  20   0 3721120 650012  16184 S 384.3 16.3   7:35.73 java
 4141 kabasel+  20   0 3721120 650012  16184 S 384.0 16.3   7:37.65 java
 4141 kabasel+  20   0 3721120 650012  16184 S 382.7 16.3   7:39.64 java
 4141 kabasel+  20   0 3721120 650012  16184 S 384.3 16.3   7:41.60 java
 4141 kabasel+  20   0 3721120 650012  16184 S 398.0 16.3   7:43.59 java
 4141 kabasel+  20   0 3721120 650008  16184 S 364.7 16.3   7:45.45 java
 4141 kabasel+  20   0 3721120 650008  16184 S 388.2 16.3   7:47.43 java
 4141 kabasel+  20   0 3721120 650008  16184 S 386.3 16.3   7:49.40 java
 4141 kabasel+  20   0 3721120 650008  16184 S 346.0 16.3   7:51.13 java
 4141 kabasel+  20   0 3721120 650052  16184 S 368.6 16.3   7:53.01 java
 4141 kabasel+  20   0 3721120 650052  16184 S 378.4 16.3   7:54.94 java
 4141 kabasel+  20   0 3721120 650052  16184 S 376.5 16.3   7:56.86 java
 4141 kabasel+  20   0 3721120 650052  16184 S 392.0 16.3   7:58.82 java
 4141 kabasel+  20   0 3721120 650052  16184 S 372.5 16.3   8:00.72 java
 4141 kabasel+  20   0 3721120 655820  16184 S 368.6 16.5   8:02.60 java
 4141 kabasel+  20   0 3721120 660872  16184 S 390.2 16.6   8:04.59 java
 4141 kabasel+  20   0 3721120 665804  16184 S 384.0 16.7   8:06.51 java
 4141 kabasel+  20   0 3721120 672956  16184 S 392.2 16.9   8:08.51 java
 4141 kabasel+  20   0 3721120 678136  16184 S 376.5 17.0   8:10.43 java
 4141 kabasel+  20   0 3721120 686084  16184 S 374.5 17.2   8:12.34 java
 4141 kabasel+  20   0 3721120 680560  16184 S 372.5 17.1   8:14.24 java
 4141 kabasel+  20   0 3721120 680560  16184 S 388.0 17.1   8:16.18 java
 4141 kabasel+  20   0 3721120 680560  16184 S 378.4 17.1   8:18.11 java
 4141 kabasel+  20   0 3721120 680560  16184 S 390.2 17.1   8:20.10 java
 4141 kabasel+  20   0 3721120 680560  16184 S 390.2 17.1   8:22.09 java
 4141 kabasel+  20   0 3721120 680560  16184 S 392.0 17.1   8:24.05 java
 4141 kabasel+  20   0 3721120 680560  16184 S 376.9 17.1   8:26.01 java
 4141 kabasel+  20   0 3721120 680560  16184 S 386.3 17.1   8:27.98 java
 4141 kabasel+  20   0 3721120 680560  16184 S 380.4 17.1   8:29.92 java
 4141 kabasel+  20   0 3721120 680560  16184 S 394.0 17.1   8:31.89 java
 4141 kabasel+  20   0 3721120 680560  16184 S 384.3 17.1   8:33.85 java
 4141 kabasel+  20   0 3721120 680560  16184 S 382.4 17.1   8:35.80 java
 4141 kabasel+  20   0 3721120 680560  16184 S 392.2 17.1   8:37.80 java
 4141 kabasel+  20   0 3721120 680560  16184 S 388.0 17.1   8:39.74 java
 4141 kabasel+  20   0 3721120 680560  16184 S 360.8 17.1   8:41.58 java
 4141 kabasel+  20   0 3721120 680560  16184 S 352.9 17.1   8:43.38 java
 4141 kabasel+  20   0 3721120 680560  16184 S 372.5 17.1   8:45.28 java
 4141 kabasel+  20   0 3721120 680808  16184 S 390.2 17.1   8:47.27 java
 4141 kabasel+  20   0 3721120 680808  16184 S 388.2 17.1   8:49.25 java
 4141 kabasel+  20   0 3721120 680176  16184 S 384.0 17.1   8:51.17 java
 4141 kabasel+  20   0 3721120 680176  16184 S 384.3 17.1   8:53.13 java
 4141 kabasel+  20   0 3721120 680176  16184 S 380.4 17.1   8:55.07 java
 4141 kabasel+  20   0 3721120 680176  16184 S 378.4 17.1   8:57.00 java
 4141 kabasel+  20   0 3721120 680176  16184 S 390.2 17.1   8:58.99 java
 4141 kabasel+  20   0 3721120 680176  16184 S 382.4 17.1   9:00.94 java
 4141 kabasel+  20   0 3721120 680176  16184 S 384.3 17.1   9:02.90 java
 4141 kabasel+  20   0 3721120 680176  16184 S 398.0 17.1   9:04.89 java
 4141 kabasel+  20   0 3721120 680176  16184 S 372.5 17.1   9:06.79 java
 4141 kabasel+  20   0 3721120 680176  16184 S 390.2 17.1   9:08.78 java
 4141 kabasel+  20   0 3721120 680240  16184 S 390.0 17.1   9:10.73 java
 4141 kabasel+  20   0 3721120 680304  16184 S 380.4 17.1   9:12.67 java
 4141 kabasel+  20   0 3721120 681084  16184 S 382.4 17.1   9:14.62 java
 4141 kabasel+  20   0 3721120 680452  16184 S 378.4 17.1   9:16.55 java
 4141 kabasel+  20   0 3721120 680452  16184 S 382.4 17.1   9:18.50 java
 4141 kabasel+  20   0 3721120 680452  16184 S 384.3 17.1   9:20.46 java
 4141 kabasel+  20   0 3721120 680452  16184 S 390.0 17.1   9:22.41 java
 4141 kabasel+  20   0 3721120 680452  16184 S 388.2 17.1   9:24.39 java
 4141 kabasel+  20   0 3721120 680452  16184 S 388.2 17.1   9:26.37 java
 4141 kabasel+  20   0 3721120 680452  16184 S 386.3 17.1   9:28.34 java
 4141 kabasel+  20   0 3721120 680452  16184 S 378.4 17.1   9:30.27 java
 4141 kabasel+  20   0 3721120 680452  16184 S 398.0 17.1   9:32.26 java
 4141 kabasel+  20   0 3721120 680452  16184 S 373.1 17.1   9:34.20 java
 4141 kabasel+  20   0 3721120 680452  16184 S 390.2 17.1   9:36.19 java
 4141 kabasel+  20   0 3721120 680452  16184 S 386.0 17.1   9:38.12 java
 4141 kabasel+  20   0 3721120 680452  16184 S 388.2 17.1   9:40.10 java
 4141 kabasel+  20   0 3721120 680452  16184 S 386.3 17.1   9:42.07 java
 4141 kabasel+  20   0 3721120 680452  16184 S 354.9 17.1   9:43.88 java
 4141 kabasel+  20   0 3721120 680452  16184 S 378.4 17.1   9:45.81 java
 4141 kabasel+  20   0 3721120 680452  16184 S 380.4 17.1   9:47.75 java
 4141 kabasel+  20   0 3721120 680452  16184 S 392.2 17.1   9:49.75 java
 4141 kabasel+  20   0 3721120 680452  16184 S 378.4 17.1   9:51.68 java
 4141 kabasel+  20   0 3721120 680452  16184 S 394.0 17.1   9:53.65 java
 4141 kabasel+  20   0 3721120 683760  16184 S 335.3 17.2   9:55.36 java
 4141 kabasel+  20   0 3721120 686832  16184 S 327.5 17.3   9:57.03 java
 4141 kabasel+  20   0 3721120 693236  16184 S 372.5 17.4   9:58.93 java
 4141 kabasel+  20   0 3721120 700644  16184 S 384.3 17.6  10:00.89 java
 4141 kabasel+  20   0 3721120 705668  16184 S 388.2 17.7  10:02.87 java
 4141 kabasel+  20   0 3721120 712784  16184 S 378.0 17.9  10:04.76 java
 4141 kabasel+  20   0 3721120 712952  16184 S 394.1 17.9  10:06.77 java
 4141 kabasel+  20   0 3721120 712952  16184 S 373.1 17.9  10:08.71 java
 4141 kabasel+  20   0 3721120 712952  16184 S 378.4 17.9  10:10.64 java
 4141 kabasel+  20   0 3721120 712952  16184 S 386.0 17.9  10:12.57 java
 4141 kabasel+  20   0 3721120 712960  16184 S 390.2 17.9  10:14.56 java
 4141 kabasel+  20   0 3721120 712960  16184 S 372.5 17.9  10:16.46 java
 4141 kabasel+  20   0 3721120 712796  16184 S 343.1 17.9  10:18.21 java
 4141 kabasel+  20   0 3721120 712796  16184 S 358.0 17.9  10:20.00 java
 4141 kabasel+  20   0 3721120 712796  16184 S 333.3 17.9  10:21.70 java
 4141 kabasel+  20   0 3721120 712796  16184 S 343.1 17.9  10:23.45 java
 4141 kabasel+  20   0 3721120 712796  16184 S 364.0 17.9  10:25.27 java
 4141 kabasel+  20   0 3721120 713272  16184 S 388.2 17.9  10:27.25 java
 4141 kabasel+  20   0 3721120 713272  16184 S 386.3 17.9  10:29.22 java
 4141 kabasel+  20   0 3721120 712656  16184 S 374.5 17.9  10:31.13 java
 4141 kabasel+  20   0 3721120 712656  16184 S 376.0 17.9  10:33.01 java
 4141 kabasel+  20   0 3721120 712656  16184 S 382.4 17.9  10:34.96 java
 4141 kabasel+  20   0 3721120 712656  16184 S 376.5 17.9  10:36.88 java
 4141 kabasel+  20   0 3721120 712656  16184 S 382.4 17.9  10:38.83 java
 4141 kabasel+  20   0 3721120 712656  16184 S 376.5 17.9  10:40.75 java
 4141 kabasel+  20   0 3721120 712656  16184 S 388.0 17.9  10:42.69 java
 4141 kabasel+  20   0 3721120 712656  16184 S 386.3 17.9  10:44.66 java
 4141 kabasel+  20   0 3721120 712656  16184 S 368.6 17.9  10:46.54 java
 4141 kabasel+  20   0 3721120 712656  16184 S 380.4 17.9  10:48.48 java
 4141 kabasel+  20   0 3721120 712656  16184 S 382.0 17.9  10:50.39 java
 4141 kabasel+  20   0 3721120 712656  16184 S 382.4 17.9  10:52.34 java
 4141 kabasel+  20   0 3721120 712656  16184 S 384.3 17.9  10:54.30 java
 4141 kabasel+  20   0 3721120 712640  16184 S 380.4 17.9  10:56.24 java
 4141 kabasel+  20   0 3721120 712784  16184 S 384.3 17.9  10:58.20 java
 4141 kabasel+  20   0 3721120 712784  16184 S 376.0 17.9  11:00.08 java
 4141 kabasel+  20   0 3721120 712784  16184 S 321.6 17.9  11:01.72 java
 4141 kabasel+  20   0 3721120 712784  16184 S 319.6 17.9  11:03.35 java
 4141 kabasel+  20   0 3721120 712784  16184 S 360.8 17.9  11:05.19 java
 4141 kabasel+  20   0 3721120 712784  16184 S 358.0 17.9  11:06.98 java
 4141 kabasel+  20   0 3721120 713536  16184 S 382.4 17.9  11:08.93 java
 4141 kabasel+  20   0 3721120 713540  16184 S 368.6 17.9  11:10.81 java
 4141 kabasel+  20   0 3721120 713540  16184 S 384.3 17.9  11:12.77 java
 4141 kabasel+  20   0 3721120 713540  16184 S 390.0 17.9  11:14.72 java
 4141 kabasel+  20   0 3721120 713544  16184 S 388.2 17.9  11:16.70 java
 4141 kabasel+  20   0 3721120 713544  16184 S 384.3 17.9  11:18.66 java
 4141 kabasel+  20   0 3721120 713544  16184 S 378.4 17.9  11:20.59 java
 4141 kabasel+  20   0 3721120 713544  16184 S 378.4 17.9  11:22.52 java
 4141 kabasel+  20   0 3721120 713544  16184 S 390.0 17.9  11:24.47 java
 4141 kabasel+  20   0 3721120 713544  16184 S 382.4 17.9  11:26.42 java
 4141 kabasel+  20   0 3721120 713544  16184 S 386.3 17.9  11:28.39 java
 4141 kabasel+  20   0 3721120 714028  16184 S 382.4 17.9  11:30.34 java
 4141 kabasel+  20   0 3721120 714028  16184 S 380.4 17.9  11:32.28 java
 4141 kabasel+  20   0 3721120 714028  16184 S 392.0 17.9  11:34.24 java
 4141 kabasel+  20   0 3721120 714028  16184 S 382.4 17.9  11:36.19 java
 4141 kabasel+  20   0 3721120 714028  16184 S 394.1 17.9  11:38.20 java
 4141 kabasel+  20   0 3721120 713896  16184 S 378.8 17.9  11:40.17 java
 4141 kabasel+  20   0 3721120 714140  16184 S 386.3 17.9  11:42.14 java
 4141 kabasel+  20   0 3721120 714140  16184 S 394.0 17.9  11:44.11 java
 4141 kabasel+  20   0 3721120 714140  16184 S 392.2 17.9  11:46.11 java
 4141 kabasel+  20   0 3721120 713896  16184 S 384.3 17.9  11:48.07 java
 4141 kabasel+  20   0 3721120 713896  16184 S 384.3 17.9  11:50.03 java
 4141 kabasel+  20   0 3721120 713896  16184 S 386.3 17.9  11:52.00 java
 4141 kabasel+  20   0 3721120 713896  16184 S 396.0 17.9  11:53.98 java
 4141 kabasel+  20   0 3721120 713896  16184 S 382.4 17.9  11:55.93 java
 4141 kabasel+  20   0 3721120 713896  16184 S 384.3 17.9  11:57.89 java
 4141 kabasel+  20   0 3721120 713896  16184 S 382.4 17.9  11:59.84 java
 4141 kabasel+  20   0 3721120 713896  16184 S 382.4 17.9  12:01.79 java
 4141 kabasel+  20   0 3721120 713896  16184 S 396.0 17.9  12:03.77 java
 4141 kabasel+  20   0 3721120 713896  16184 S 382.4 17.9  12:05.72 java
 4141 kabasel+  20   0 3721120 715208  16184 S 386.3 18.0  12:07.69 java
 4141 kabasel+  20   0 3721120 715296  16184 S 370.6 18.0  12:09.58 java
 4141 kabasel+  20   0 3721120 715384  16184 S 337.3 18.0  12:11.30 java
 4141 kabasel+  20   0 3721120 715860  16184 S 388.0 18.0  12:13.24 java
 4141 kabasel+  20   0 3721120 715860  16184 S 382.4 18.0  12:15.19 java
 4141 kabasel+  20   0 3721120 715860  16184 S 382.4 18.0  12:17.14 java
 4141 kabasel+  20   0 3721120 715860  16184 S 392.2 18.0  12:19.14 java
 4141 kabasel+  20   0 3721120 715860  16184 S 382.7 18.0  12:21.13 java
 4141 kabasel+  20   0 3721120 715860  16184 S 388.2 18.0  12:23.11 java
 4141 kabasel+  20   0 3721120 715380  16184 S 384.6 18.0  12:25.11 java
 4141 kabasel+  20   0 3721120 715380  16184 S 388.0 18.0  12:27.05 java
 4141 kabasel+  20   0 3721120 715380  16184 S 364.7 18.0  12:28.91 java
 4141 kabasel+  20   0 3721120 715380  16184 S 370.6 18.0  12:30.80 java
 4141 kabasel+  20   0 3721120 715380  16184 S 372.5 18.0  12:32.70 java
 4141 kabasel+  20   0 3721120 715380  16184 S 386.0 18.0  12:34.63 java
 4141 kabasel+  20   0 3721120 715380  16184 S 386.3 18.0  12:36.60 java
 4141 kabasel+  20   0 3721120 715380  16184 S 392.2 18.0  12:38.60 java
 4141 kabasel+  20   0 3721120 715380  16184 S 384.3 18.0  12:40.56 java
 4141 kabasel+  20   0 3721120 715380  16184 S 386.3 18.0  12:42.53 java
 4141 kabasel+  20   0 3721120 715380  16184 S 378.0 18.0  12:44.42 java
 4141 kabasel+  20   0 3721120 715380  16184 S 376.5 18.0  12:46.34 java
 4141 kabasel+  20   0 3721120 715380  16184 S 370.6 18.0  12:48.23 java
 4141 kabasel+  20   0 3721120 715380  16184 S 382.4 18.0  12:50.18 java
 4141 kabasel+  20   0 3721120 715380  16184 S 380.0 18.0  12:52.08 java
 4141 kabasel+  20   0 3721120 715380  16184 S 370.6 18.0  12:53.97 java
 4141 kabasel+  20   0 3721120 715380  16184 S 384.3 18.0  12:55.93 java
 4141 kabasel+  20   0 3721120 719208  16184 S 386.3 18.1  12:57.90 java
 4141 kabasel+  20   0 3721120 724032  16184 S 388.2 18.2  12:59.88 java
 4141 kabasel+  20   0 3721120 730620  16184 S 386.0 18.4  13:01.81 java
 4141 kabasel+  20   0 3721120 735444  16184 S 388.2 18.5  13:03.79 java
 4141 kabasel+  20   0 3721120 743068  16184 S 372.5 18.7  13:05.69 java
 4141 kabasel+  20   0 3721120 746952  16184 S 374.5 18.8  13:07.60 java
 4141 kabasel+  20   0 3721120 756128  16184 S 372.5 19.0  13:09.50 java
 4141 kabasel+  20   0 3721120 762528  16184 S 390.0 19.2  13:11.45 java
 4141 kabasel+  20   0 3721120 761412  16184 S 382.4 19.1  13:13.40 java
 4141 kabasel+  20   0 3721120 761412  16184 S 388.2 19.1  13:15.38 java
 4141 kabasel+  20   0 3721120 761052  16184 S 380.4 19.1  13:17.32 java
 4141 kabasel+  20   0 3721120 761052  16184 S 390.0 19.1  13:19.27 java
 4141 kabasel+  20   0 3721120 761052  16184 S 384.3 19.1  13:21.23 java
 4141 kabasel+  20   0 3721120 761052  16184 S 390.2 19.1  13:23.22 java
 4141 kabasel+  20   0 3721120 761052  16184 S 390.2 19.1  13:25.21 java
 4141 kabasel+  20   0 3721120 761052  16184 S 378.4 19.1  13:27.14 java
 4141 kabasel+  20   0 3721120 761052  16184 S 392.2 19.1  13:29.14 java
 4141 kabasel+  20   0 3721120 761052  16184 S 388.2 19.1  13:31.12 java
 4141 kabasel+  20   0 3721120 761052  16184 S 388.5 19.1  13:33.14 java
 4141 kabasel+  20   0 3721120 761052  16184 S 396.0 19.1  13:35.12 java
 4141 kabasel+  20   0 3721120 761052  16184 S 388.2 19.1  13:37.10 java
 4141 kabasel+  20   0 3721120 761908  16184 S 380.4 19.1  13:39.04 java
 4141 kabasel+  20   0 3721120 760892  16184 S 378.4 19.1  13:40.97 java
 4141 kabasel+  20   0 3721120 760892  16184 S 380.4 19.1  13:42.91 java
 4141 kabasel+  20   0 3721120 760892  16184 S 400.0 19.1  13:44.91 java
 4141 kabasel+  20   0 3721120 760892  16184 S 368.6 19.1  13:46.79 java
 4141 kabasel+  20   0 3721120 760892  16184 S 386.3 19.1  13:48.76 java
 4141 kabasel+  20   0 3721120 760892  16184 S 382.4 19.1  13:50.71 java
 4141 kabasel+  20   0 3721120 760892  16184 S 386.0 19.1  13:52.64 java
 4141 kabasel+  20   0 3721120 760892  16184 S 382.7 19.1  13:54.63 java
 4141 kabasel+  20   0 3721120 760892  16184 S 400.0 19.1  13:56.65 java
 4141 kabasel+  20   0 3721120 760892  16184 S 368.6 19.1  13:58.53 java
 4141 kabasel+  20   0 3721120 760892  16184 S 239.2 19.1  13:59.75 java
 4141 kabasel+  20   0 3721120 760892  16184 S 341.2 19.1  14:01.49 java
 4141 kabasel+  20   0 3721120 760892  16184 S 382.4 19.1  14:03.44 java
 4141 kabasel+  20   0 3721120 760892  16184 S 392.0 19.1  14:05.40 java
 4141 kabasel+  20   0 3721120 760892  16184 S 382.4 19.1  14:07.35 java
 4141 kabasel+  20   0 3721120 760892  16184 S 386.3 19.1  14:09.32 java
 4141 kabasel+  20   0 3721120 760892  16184 S 384.3 19.1  14:11.28 java
 4141 kabasel+  20   0 3721120 760892  16184 S 378.0 19.1  14:13.17 java
 4141 kabasel+  20   0 3721120 760892  16184 S 392.2 19.1  14:15.17 java
 4141 kabasel+  20   0 3721120 760892  16184 S 386.3 19.1  14:17.14 java
 4141 kabasel+  20   0 3721120 760892  16184 S 386.3 19.1  14:19.11 java
 4141 kabasel+  20   0 3721120 761076  16184 S 388.2 19.1  14:21.09 java
 4141 kabasel+  20   0 3721120 761076  16184 S 396.0 19.1  14:23.07 java
 4141 kabasel+  20   0 3721120 761076  16184 S 376.9 19.1  14:25.03 java
 4141 kabasel+  20   0 3721120 761076  16184 S 372.0 19.1  14:26.89 java
 4141 kabasel+  20   0 3721120 761076  16184 S 376.5 19.1  14:28.81 java
 4141 kabasel+  20   0 3721120 761076  16184 S 384.3 19.1  14:30.77 java
 4141 kabasel+  20   0 3721120 761076  16184 S 376.5 19.1  14:32.69 java
 4141 kabasel+  20   0 3721120 761076  16184 S 390.0 19.1  14:34.64 java
 4141 kabasel+  20   0 3721120 761076  16184 S 388.2 19.1  14:36.62 java
 4141 kabasel+  20   0 3721120 761076  16184 S 388.2 19.1  14:38.60 java
 4141 kabasel+  20   0 3721120 761076  16184 S 398.0 19.1  14:40.63 java
 4141 kabasel+  20   0 3721120 761076  16184 S 386.3 19.1  14:42.60 java
 4141 kabasel+  20   0 3721120 761076  16184 S 382.4 19.1  14:44.55 java
 4141 kabasel+  20   0 3721120 761076  16184 S 384.6 19.1  14:46.55 java
 4141 kabasel+  20   0 3721120 761076  16184 S 396.0 19.1  14:48.53 java
 4141 kabasel+  20   0 3721120 761076  16184 S 380.4 19.1  14:50.47 java
 4141 kabasel+  20   0 3721120 761076  16184 S 362.7 19.1  14:52.32 java
 4141 kabasel+  20   0 3721120 761076  16184 S 388.2 19.1  14:54.30 java
 4141 kabasel+  20   0 3721120 761076  16184 S 390.2 19.1  14:56.29 java
 4141 kabasel+  20   0 3721120 761076  16184 S 382.0 19.1  14:58.20 java
 4141 kabasel+  20   0 3721120 761076  16184 S 378.4 19.1  15:00.13 java
 4141 kabasel+  20   0 3721120 761076  16184 S 386.3 19.1  15:02.10 java
 4141 kabasel+  20   0 3721120 761076  16184 S 392.2 19.1  15:04.10 java
 4141 kabasel+  20   0 3721120 761496  16184 S 380.4 19.1  15:06.04 java
 4141 kabasel+  20   0 3721120 761244  16184 S 396.0 19.1  15:08.02 java
 4141 kabasel+  20   0 3721120 761244  16184 S 382.7 19.1  15:10.01 java
 4141 kabasel+  20   0 3721120 761244  16184 S 388.2 19.1  15:11.99 java
 4141 kabasel+  20   0 3721120 761244  16184 S 396.0 19.1  15:13.97 java
 4141 kabasel+  20   0 3721120 763316  16184 S 352.9 19.2  15:15.77 java
 4141 kabasel+  20   0 3721120 768464  16184 S 375.0 19.3  15:17.72 java
 4141 kabasel+  20   0 3721120 773792  16184 S 380.4 19.4  15:19.66 java
 4141 kabasel+  20   0 3721120 778652  16184 S 394.1 19.6  15:21.67 java
 4141 kabasel+  20   0 3721120 789444  16184 S 386.5 19.8  15:23.68 java
 4141 kabasel+  20   0 3721120 796580  16184 S 376.5 20.0  15:25.60 java
 4141 kabasel+  20   0 3721120 804244  16184 S 384.0 20.2  15:27.52 java
 4141 kabasel+  20   0 3721120 804376  16184 S 307.8 20.2  15:29.09 java
 4141 kabasel+  20   0 3721120 804668  16184 S 384.3 20.2  15:31.05 java
 4141 kabasel+  20   0 3721120 804668  16184 S 384.3 20.2  15:33.01 java
 4141 kabasel+  20   0 3721120 804668  16184 S 388.0 20.2  15:34.95 java
 4141 kabasel+  20   0 3721120 804668  16184 S 378.4 20.2  15:36.88 java
 4141 kabasel+  20   0 3721120 804668  16184 S 382.4 20.2  15:38.83 java
 4141 kabasel+  20   0 3721120 804668  16184 S 384.3 20.2  15:40.79 java
 4141 kabasel+  20   0 3721120 804668  16184 S 396.0 20.2  15:42.77 java
 4141 kabasel+  20   0 3721120 804668  16184 S 380.4 20.2  15:44.71 java
 4141 kabasel+  20   0 3721120 804668  16184 S 382.4 20.2  15:46.66 java
 4141 kabasel+  20   0 3721120 804668  16184 S 390.2 20.2  15:48.65 java
 4141 kabasel+  20   0 3721120 804668  16184 S 376.5 20.2  15:50.57 java
 4141 kabasel+  20   0 3721120 804668  16184 S 378.4 20.2  15:52.50 java
 4141 kabasel+  20   0 3721120 804668  16184 S 394.0 20.2  15:54.47 java
 4141 kabasel+  20   0 3721120 804668  16184 S 252.9 20.2  15:55.76 java
 4141 kabasel+  20   0 3721120 804880  16184 S 337.3 20.2  15:57.48 java
 4141 kabasel+  20   0 3721120 804880  16184 S 380.4 20.2  15:59.42 java
 4141 kabasel+  20   0 3721120 804880  16184 S 394.0 20.2  16:01.39 java
 4141 kabasel+  20   0 3721120 804880  16184 S 382.4 20.2  16:03.34 java
 4141 kabasel+  20   0 3721120 805360  16184 S 382.4 20.2  16:05.29 java
 4141 kabasel+  20   0 3721120 804848  16184 S 378.4 20.2  16:07.22 java
 4141 kabasel+  20   0 3721120 804848  16184 S 392.0 20.2  16:09.18 java
 4141 kabasel+  20   0 3721120 804336  16184 S 388.2 20.2  16:11.16 java
 4141 kabasel+  20   0 3721120 804336  16184 S 384.3 20.2  16:13.12 java
 4141 kabasel+  20   0 3721120 805376  16184 S 386.3 20.2  16:15.09 java
 4141 kabasel+  20   0 3721120 804972  16184 S 372.5 20.2  16:16.99 java
 4141 kabasel+  20   0 3721120 804460  16184 S 366.0 20.2  16:18.82 java
 4141 kabasel+  20   0 3721120 805252  16184 S 380.4 20.2  16:20.76 java
 4141 kabasel+  20   0 3721120 804532  16184 S 378.4 20.2  16:22.69 java
 4141 kabasel+  20   0 3721120 804532  16184 S 378.4 20.2  16:24.62 java
 4141 kabasel+  20   0 3721120 804532  16184 S 378.4 20.2  16:26.55 java
 4141 kabasel+  20   0 3721120 804532  16184 S 398.0 20.2  16:28.54 java
 4141 kabasel+  20   0 3721120 804532  16184 S 388.2 20.2  16:30.52 java
 4141 kabasel+  20   0 3721120 804532  16184 S 382.4 20.2  16:32.47 java
 4141 kabasel+  20   0 3721120 804532  16184 S 392.2 20.2  16:34.47 java
 4141 kabasel+  20   0 3721120 804532  16184 S 384.3 20.2  16:36.43 java
 4141 kabasel+  20   0 3721120 804532  16184 S 370.6 20.2  16:38.32 java
 4141 kabasel+  20   0 3721120 804532  16184 S 388.2 20.2  16:40.30 java
 4141 kabasel+  20   0 3721120 804556  16184 S 388.0 20.2  16:42.24 java
 4141 kabasel+  20   0 3721120 804556  16184 S 376.5 20.2  16:44.16 java
 4141 kabasel+  20   0 3721120 804556  16184 S 369.2 20.2  16:46.08 java
 4141 kabasel+  20   0 3721120 804244  16184 S 362.0 20.2  16:47.89 java
 4141 kabasel+  20   0 3721120 804244  16184 S 380.4 20.2  16:49.83 java
 4141 kabasel+  20   0 3721120 804244  16184 S 390.2 20.2  16:51.82 java
 4141 kabasel+  20   0 3721120 805036  16184 S 382.4 20.2  16:53.77 java
 4141 kabasel+  20   0 3721120 805036  16184 S 386.3 20.2  16:55.74 java
 4141 kabasel+  20   0 3721120 805036  16184 S 386.0 20.2  16:57.67 java
 4141 kabasel+  20   0 3721120 804124  16184 S 376.5 20.2  16:59.59 java
 4141 kabasel+  20   0 3721120 804124  16184 S 368.6 20.2  17:01.47 java
 4141 kabasel+  20   0 3721120 804124  16184 S 374.5 20.2  17:03.38 java
 4141 kabasel+  20   0 3721120 804124  16184 S 394.0 20.2  17:05.35 java
 4141 kabasel+  20   0 3721120 804124  16184 S 386.3 20.2  17:07.32 java
 4141 kabasel+  20   0 3721120 804124  16184 S 386.3 20.2  17:09.29 java
 4141 kabasel+  20   0 3721120 804124  16184 S 380.4 20.2  17:11.23 java
 4141 kabasel+  20   0 3721120 804124  16184 S 386.5 20.2  17:13.24 java
 4141 kabasel+  20   0 3721120 804124  16184 S 388.2 20.2  17:15.22 java
 4141 kabasel+  20   0 3721120 804124  16184 S 386.0 20.2  17:17.15 java
 4141 kabasel+  20   0 3721120 804124  16184 S 360.8 20.2  17:18.99 java
 4141 kabasel+  20   0 3721120 804124  16184 S 386.3 20.2  17:20.96 java
 4141 kabasel+  20   0 3721120 804124  16184 S 382.4 20.2  17:22.91 java
 4141 kabasel+  20   0 3721120 804124  16184 S 376.5 20.2  17:24.83 java
 4141 kabasel+  20   0 3721120 804124  16184 S 380.4 20.2  17:26.77 java
 4141 kabasel+  20   0 3721120 805440  16184 S 382.4 20.2  17:28.72 java
 4141 kabasel+  20   0 3721120 805440  16184 S 386.5 20.2  17:30.73 java
 4141 kabasel+  20   0 3721120 805440  16184 S 382.4 20.2  17:32.68 java
 4141 kabasel+  20   0 3721120 804928  16184 S 376.5 20.2  17:34.60 java
 4141 kabasel+  20   0 3721120 803904  16184 S 374.5 20.2  17:36.51 java
 4141 kabasel+  20   0 3721120 803904  16184 S 388.2 20.2  17:38.49 java
 4141 kabasel+  20   0 3721120 803904  16184 S 390.2 20.2  17:40.48 java
 4141 kabasel+  20   0 3721120 803904  16184 S 384.3 20.2  17:42.44 java
 4141 kabasel+  20   0 3721120 803904  16184 S 368.0 20.2  17:44.28 java
 4141 kabasel+  20   0 3721120 804168  16184 S 366.7 20.2  17:46.15 java
 4141 kabasel+  20   0 3721120 804168  16184 S 386.3 20.2  17:48.12 java
 4141 kabasel+  20   0 3721120 804168  16184 S 382.4 20.2  17:50.07 java
 4141 kabasel+  20   0 3721120 804168  16184 S 394.0 20.2  17:52.04 java
 4141 kabasel+  20   0 3721120 808564  16184 S 390.2 20.3  17:54.03 java
 4141 kabasel+  20   0 3721120 810552  16184 S 382.4 20.4  17:55.98 java
 4141 kabasel+  20   0 3721120 810640  16184 S 388.2 20.4  17:57.96 java
 4141 kabasel+  20   0 3721120 810640  16184 S 388.2 20.4  17:59.94 java
 4141 kabasel+  20   0 3721120 810704  16184 S 392.0 20.4  18:01.90 java
 4141 kabasel+  20   0 3721120 810704  16184 S 384.3 20.4  18:03.86 java
 4141 kabasel+  20   0 3721120 810704  16184 S 380.4 20.4  18:05.80 java
 4141 kabasel+  20   0 3721120 810704  16184 S 384.3 20.4  18:07.76 java
 4141 kabasel+  20   0 3721120 810704  16184 S 398.0 20.4  18:09.79 java
 4141 kabasel+  20   0 3721120 810704  16184 S 380.4 20.4  18:11.73 java
 4141 kabasel+  20   0 3721120 810704  16184 S 386.3 20.4  18:13.70 java
 4141 kabasel+  20   0 3721120 810704  16184 S 378.4 20.4  18:15.63 java
 4141 kabasel+  20   0 3721120 810704  16184 S 386.3 20.4  18:17.60 java
 4141 kabasel+  20   0 3721120 810704  16184 S 380.4 20.4  18:19.54 java
 4141 kabasel+  20   0 3721120 810704  16184 S 382.4 20.4  18:21.49 java
 4141 kabasel+  20   0 3721120 810704  16184 S 388.5 20.4  18:23.51 java
 4141 kabasel+  20   0 3721120 810704  16184 S 384.3 20.4  18:25.47 java
 4141 kabasel+  20   0 3721120 810704  16184 S 396.0 20.4  18:27.45 java
 4141 kabasel+  20   0 3721120 810704  16184 S 380.4 20.4  18:29.39 java
 4141 kabasel+  20   0 3721120 810704  16184 S 388.2 20.4  18:31.37 java
 4141 kabasel+  20   0 3721120 810704  16184 S 384.3 20.4  18:33.33 java
 4141 kabasel+  20   0 3721120 810704  16184 S 382.0 20.4  18:35.24 java
 4141 kabasel+  20   0 3721120 810704  16184 S 388.2 20.4  18:37.22 java
 4141 kabasel+  20   0 3721120 810704  16184 S 378.4 20.4  18:39.15 java
 4141 kabasel+  20   0 3721120 810704  16184 S 386.3 20.4  18:41.12 java
 4141 kabasel+  20   0 3721120 810704  16184 S 386.3 20.4  18:43.09 java
 4141 kabasel+  20   0 3721120 810704  16184 S 392.0 20.4  18:45.05 java
 4141 kabasel+  20   0 3721120 810704  16184 S 388.2 20.4  18:47.03 java
 4141 kabasel+  20   0 3721120 810704  16184 S 390.2 20.4  18:49.02 java
 4141 kabasel+  20   0 3721120 810704  16184 S 380.8 20.4  18:51.00 java
 4141 kabasel+  20   0 3721120 811892  16184 S 392.0 20.4  18:52.96 java
 4141 kabasel+  20   0 3721120 810884  16184 S 388.2 20.4  18:54.94 java
 4141 kabasel+  20   0 3721120 810884  16184 S 380.4 20.4  18:56.88 java
 4141 kabasel+  20   0 3721120 810884  16184 S 382.4 20.4  18:58.83 java
 4141 kabasel+  20   0 3721120 810884  16184 S 378.0 20.4  19:00.72 java
 4141 kabasel+  20   0 3721120 810884  16184 S 390.2 20.4  19:02.71 java
 4141 kabasel+  20   0 3721120 810884  16184 S 384.3 20.4  19:04.67 java
 4141 kabasel+  20   0 3721120 810884  16184 S 394.1 20.4  19:06.68 java
 4141 kabasel+  20   0 3721120 818340  16184 S 384.3 20.6  19:08.64 java
 4141 kabasel+  20   0 3721120 823596  16184 S 372.0 20.7  19:10.50 java
 4141 kabasel+  20   0 3721120 830000  16184 S 369.2 20.8  19:12.42 java
 4141 kabasel+  20   0 3721120 834640  16184 S 384.3 21.0  19:14.38 java
 4141 kabasel+  20   0 3721120 841548  16184 S 398.0 21.1  19:16.37 java
 4141 kabasel+  20   0 3721120 847660  16184 S 392.2 21.3  19:18.37 java
 4141 kabasel+  20   0 3721120 851200  16184 S 392.2 21.4  19:20.37 java
 4141 kabasel+  20   0 3721120 826584  16184 S 380.4 20.8  19:22.31 java
 4141 kabasel+  20   0 3721120 826584  16184 S 388.2 20.8  19:24.29 java
 4141 kabasel+  20   0 3721120 826584  16184 S 342.0 20.8  19:26.00 java
 4141 kabasel+  20   0 3721120 826584  16184 S 388.2 20.8  19:27.98 java
 4141 kabasel+  20   0 3721120 826584  16184 S 382.4 20.8  19:29.93 java
 4141 kabasel+  20   0 3721120 826584  16184 S 384.3 20.8  19:31.89 java
 4141 kabasel+  20   0 3721120 826584  16184 S 392.0 20.8  19:33.85 java
 4141 kabasel+  20   0 3721120 827120  16184 S 384.3 20.8  19:35.81 java
 4141 kabasel+  20   0 3721120 826704  16184 S 380.4 20.8  19:37.75 java
 4141 kabasel+  20   0 3721120 826704  16184 S 382.4 20.8  19:39.70 java
 4141 kabasel+  20   0 3721120 826192  16184 S 372.0 20.8  19:41.56 java
 4141 kabasel+  20   0 3721120 826192  16184 S 388.2 20.8  19:43.54 java
 4141 kabasel+  20   0 3721120 827416  16184 S 382.4 20.8  19:45.49 java
 4141 kabasel+  20   0 3721120 827416  16184 S 382.4 20.8  19:47.44 java
 4141 kabasel+  20   0 3721120 827416  16184 S 382.4 20.8  19:49.39 java
 4141 kabasel+  20   0 3721120 826920  16184 S 400.0 20.8  19:51.39 java
 4141 kabasel+  20   0 3721120 826408  16184 S 384.3 20.8  19:53.35 java
 4141 kabasel+  20   0 3721120 826408  16184 S 388.2 20.8  19:55.33 java
 4141 kabasel+  20   0 3721120 826408  16184 S 384.3 20.8  19:57.29 java
 4141 kabasel+  20   0 3721120 826672  16184 S 386.3 20.8  19:59.26 java
 4141 kabasel+  20   0 3721120 826672  16184 S 392.0 20.8  20:01.22 java
 4141 kabasel+  20   0 3721120 826672  16184 S 380.4 20.8  20:03.16 java
 4141 kabasel+  20   0 3721120 826672  16184 S 372.5 20.8  20:05.06 java
 4141 kabasel+  20   0 3721120 826672  16184 S 374.5 20.8  20:06.97 java
 4141 kabasel+  20   0 3721120 826672  16184 S 386.3 20.8  20:08.94 java
 4141 kabasel+  20   0 3721120 826672  16184 S 394.0 20.8  20:10.91 java
 4141 kabasel+  20   0 3721120 826320  16184 S 382.4 20.8  20:12.86 java
 4141 kabasel+  20   0 3721120 826320  16184 S 388.2 20.8  20:14.84 java
 4141 kabasel+  20   0 3721120 826320  16184 S 378.4 20.8  20:16.77 java
 4141 kabasel+  20   0 3721120 826320  16184 S 388.2 20.8  20:18.75 java
 4141 kabasel+  20   0 3721120 826320  16184 S 380.4 20.8  20:20.69 java
 4141 kabasel+  20   0 3721120 826320  16184 S 384.0 20.8  20:22.61 java
 4141 kabasel+  20   0 3721120 826320  16184 S 386.3 20.8  20:24.58 java
 4141 kabasel+  20   0 3721120 826320  16184 S 386.3 20.8  20:26.55 java
 4141 kabasel+  20   0 3721120 826320  16184 S 380.4 20.8  20:28.49 java
 4141 kabasel+  20   0 3721120 826320  16184 S 384.3 20.8  20:30.45 java
 4141 kabasel+  20   0 3721120 826320  16184 S 390.0 20.8  20:32.40 java
 4141 kabasel+  20   0 3721120 826320  16184 S 382.4 20.8  20:34.35 java
 4141 kabasel+  20   0 3721120 826320  16184 S 366.7 20.8  20:36.22 java
 4141 kabasel+  20   0 3721120 826320  16184 S 388.2 20.8  20:38.20 java
 4141 kabasel+  20   0 3721120 826320  16184 S 388.0 20.8  20:40.14 java
 4141 kabasel+  20   0 3721120 826320  16184 S 382.4 20.8  20:42.09 java
 4141 kabasel+  20   0 3721120 826320  16184 S 394.1 20.8  20:44.10 java
 4141 kabasel+  20   0 3721120 826320  16184 S 390.2 20.8  20:46.09 java
 4141 kabasel+  20   0 3721120 826320  16184 S 374.5 20.8  20:48.00 java
 4141 kabasel+  20   0 3721120 792164  16184 S 386.0 19.9  20:49.93 java
 4141 kabasel+  20   0 3721120 791792  16184 S 386.3 19.9  20:51.90 java
 4141 kabasel+  20   0 3721120 791792  16184 S 388.2 19.9  20:53.88 java
 4141 kabasel+  20   0 3721120 791792  16184 S 378.4 19.9  20:55.81 java
 4141 kabasel+  20   0 3721120 791792  16184 S 376.5 19.9  20:57.73 java
 4141 kabasel+  20   0 3721120 791792  16184 S 388.0 19.9  20:59.67 java
 4141 kabasel+  20   0 3721120 791792  16184 S 390.2 19.9  21:01.66 java
 4141 kabasel+  20   0 3721120 792056  16184 S 386.3 19.9  21:03.63 java
 4141 kabasel+  20   0 3721120 792056  16184 S 392.2 19.9  21:05.63 java
 4141 kabasel+  20   0 3721120 792056  16184 S 390.0 19.9  21:07.58 java
 4141 kabasel+  20   0 3721120 791296  16184 S 384.3 19.9  21:09.54 java
 4141 kabasel+  20   0 3721120 791296  16184 S 378.4 19.9  21:11.47 java
 4141 kabasel+  20   0 3721120 791296  16184 S 382.4 19.9  21:13.42 java
 4141 kabasel+  20   0 3721120 791296  16184 S 386.3 19.9  21:15.39 java
 4141 kabasel+  20   0 3721120 791296  16184 S 378.0 19.9  21:17.28 java
 4141 kabasel+  20   0 3721120 791296  16184 S 378.8 19.9  21:19.25 java
 4141 kabasel+  20   0 3721120 791296  16184 S 376.5 19.9  21:21.17 java
 4141 kabasel+  20   0 3721120 791296  16184 S 378.0 19.9  21:23.06 java
 4141 kabasel+  20   0 3721120 791296  16184 S 384.3 19.9  21:25.02 java
 4141 kabasel+  20   0 3721120 791824  16184 S 390.2 19.9  21:27.01 java
 4141 kabasel+  20   0 3721120 791880  16184 S 386.3 19.9  21:28.98 java
 4141 kabasel+  20   0 3721120 791880  16184 S 386.3 19.9  21:30.95 java
 4141 kabasel+  20   0 3721120 791880  16184 S 356.0 19.9  21:32.73 java
 4141 kabasel+  20   0 3721120 791880  16184 S 380.4 19.9  21:34.67 java
 4141 kabasel+  20   0 3721120 791880  16184 S 382.4 19.9  21:36.62 java
 4141 kabasel+  20   0 3721120 791604  16184 S 384.3 19.9  21:38.58 java
 4141 kabasel+  20   0 3721120 791604  16184 S 376.5 19.9  21:40.50 java
 4141 kabasel+  20   0 3721120 791604  16184 S 380.0 19.9  21:42.40 java
 4141 kabasel+  20   0 3721120 791604  16184 S 390.2 19.9  21:44.39 java
 4141 kabasel+  20   0 3721120 791604  16184 S 386.3 19.9  21:46.36 java
 4141 kabasel+  20   0 3721120 791604  16184 S 294.1 19.9  21:47.86 java
 4141 kabasel+  20   0 3721120 791604  16184 S 205.9 19.9  21:48.91 java
 4141 kabasel+  20   0 3721120 791604  16184 S 208.0 19.9  21:49.95 java
 4141 kabasel+  20   0 3721120 791604  16184 S 129.4 19.9  21:50.61 java
 4141 kabasel+  20   0 3721120 791604  16184 S   0.0 19.9  21:50.61 java
 4141 kabasel+  20   0 3721120 791604  16184 S   0.0 19.9  21:50.61 java
 4141 kabasel+  20   0 3721120 791604  16184 S   0.0 19.9  21:50.61 java
 4141 kabasel+  20   0 3721120 791604  16184 S   0.0 19.9  21:50.61 java
 4141 kabasel+  20   0 3721120 791604  16184 S   0.0 19.9  21:50.61 java
