19657 kabasel+  20   0 3721120  43108  16200 S 287.5  1.1   0:00.77 java
19657 kabasel+  20   0 3721120 183184  16252 S 343.1  4.6   0:02.52 java
19657 kabasel+  20   0 3721120 353520  16252 S 390.2  8.9   0:04.51 java
19657 kabasel+  20   0 3721120 391112  16252 S 378.4  9.8   0:06.44 java
19657 kabasel+  20   0 3721120 401964  16252 S 384.3 10.1   0:08.40 java
19657 kabasel+  20   0 3721120 410740  16308 S 311.8 10.3   0:09.99 java
19657 kabasel+  20   0 3721120 410740  16308 S 388.5 10.3   0:12.01 java
19657 kabasel+  20   0 3721120 409160  16308 S 384.3 10.3   0:13.97 java
19657 kabasel+  20   0 3721120 414304  16308 S 384.6 10.4   0:15.97 java
19657 kabasel+  20   0 3721120 418668  16308 S 384.3 10.5   0:17.93 java
19657 kabasel+  20   0 3721120 425060  16308 S 347.1 10.7   0:19.70 java
19657 kabasel+  20   0 3721120 425260  16308 S 386.3 10.7   0:21.67 java
19657 kabasel+  20   0 3721120 425260  16308 S 384.6 10.7   0:23.67 java
19657 kabasel+  20   0 3721120 425740  16308 S 390.2 10.7   0:25.66 java
19657 kabasel+  20   0 3721120 432684  16308 S 368.6 10.9   0:27.54 java
19657 kabasel+  20   0 3721120 434528  16308 S 325.0 10.9   0:29.23 java
19657 kabasel+  20   0 3721120 435012  16308 S 388.2 10.9   0:31.21 java
19657 kabasel+  20   0 3721120 443948  16308 S 373.1 11.2   0:33.15 java
19657 kabasel+  20   0 3721120 449888  16308 S 349.0 11.3   0:34.93 java
19657 kabasel+  20   0 3721120 450072  16308 S 382.7 11.3   0:36.92 java
19657 kabasel+  20   0 3721120 450468  16308 S 392.2 11.3   0:38.92 java
19657 kabasel+  20   0 3721120 450988  16308 S 378.8 11.3   0:40.89 java
19657 kabasel+  20   0 3721120 455636  16308 S 382.7 11.4   0:42.88 java
19657 kabasel+  20   0 3721120 465976  16308 S 371.2 11.7   0:44.81 java
19657 kabasel+  20   0 3721120 472564  16308 S 394.2 11.9   0:46.86 java
19657 kabasel+  20   0 3721120 476892  16308 S 368.6 12.0   0:48.74 java
19657 kabasel+  20   0 3721120 485316  16308 S 373.1 12.2   0:50.68 java
19657 kabasel+  20   0 3721120 485520  16308 S 309.8 12.2   0:52.26 java
19657 kabasel+  20   0 3721120 485520  16308 S 382.4 12.2   0:54.21 java
19657 kabasel+  20   0 3721120 485520  16308 S 388.2 12.2   0:56.19 java
19657 kabasel+  20   0 3721120 485572  16308 S 390.4 12.2   0:58.22 java
19657 kabasel+  20   0 3721120 494732  16308 S 388.2 12.4   1:00.20 java
19657 kabasel+  20   0 3721120 500168  16308 S 386.5 12.6   1:02.21 java
19657 kabasel+  20   0 3721120 504696  16308 S 390.2 12.7   1:04.20 java
19657 kabasel+  20   0 3721120 533396  16308 S 388.2 13.4   1:06.18 java
19657 kabasel+  20   0 3721120 534916  16308 S 354.9 13.4   1:07.99 java
19657 kabasel+  20   0 3721120 534916  16308 S 386.3 13.4   1:09.96 java
19657 kabasel+  20   0 3721120 534500  16308 S 350.0 13.4   1:11.78 java
19657 kabasel+  20   0 3721120 534500  16308 S 326.9 13.4   1:13.48 java
19657 kabasel+  20   0 3721120 534500  16308 S 388.2 13.4   1:15.46 java
19657 kabasel+  20   0 3721120 534500  16308 S 396.1 13.4   1:17.48 java
19657 kabasel+  20   0 3721120 534500  16308 S 378.8 13.4   1:19.45 java
19657 kabasel+  20   0 3721120 541396  16308 S 390.2 13.6   1:21.44 java
19657 kabasel+  20   0 3721120 544956  16308 S 386.3 13.7   1:23.41 java
19657 kabasel+  20   0 3721120 551476  16308 S 378.8 13.9   1:25.38 java
19657 kabasel+  20   0 3721120 556360  16308 S 386.3 14.0   1:27.35 java
19657 kabasel+  20   0 3721120 564480  16368 S 384.3 14.2   1:29.31 java
19657 kabasel+  20   0 3721120 571512  16368 S 369.2 14.4   1:31.23 java
19657 kabasel+  20   0 3721120 578640  16368 S 388.2 14.5   1:33.21 java
19657 kabasel+  20   0 3721120 584104  16368 S 370.6 14.7   1:35.10 java
19657 kabasel+  20   0 3721120 563496  16368 S 280.4 14.2   1:36.53 java
19657 kabasel+  20   0 3721120 563496  16368 S 372.5 14.2   1:38.43 java
19657 kabasel+  20   0 3721120 563284  16368 S 371.2 14.1   1:40.36 java
19657 kabasel+  20   0 3721120 563284  16368 S 386.3 14.1   1:42.33 java
19657 kabasel+  20   0 3721120 563284  16368 S 382.4 14.1   1:44.28 java
19657 kabasel+  20   0 3721120 563284  16368 S 376.9 14.1   1:46.24 java
19657 kabasel+  20   0 3721120 563284  16368 S 380.4 14.1   1:48.18 java
19657 kabasel+  20   0 3721120 562796  16368 S 378.8 14.1   1:50.15 java
19657 kabasel+  20   0 3721120 562992  16368 S 372.5 14.1   1:52.05 java
19657 kabasel+  20   0 3721120 563056  16368 S 254.9 14.1   1:53.35 java
19657 kabasel+  20   0 3721120 563120  16368 S 335.3 14.1   1:55.06 java
19657 kabasel+  20   0 3721120 561564  16368 S 354.9 14.1   1:56.87 java
19657 kabasel+  20   0 3721120 561564  16368 S 372.5 14.1   1:58.77 java
19657 kabasel+  20   0 3721120 562364  16368 S 384.3 14.1   2:00.73 java
19657 kabasel+  20   0 3721120 562364  16368 S 380.8 14.1   2:02.71 java
19657 kabasel+  20   0 3721120 562364  16368 S 378.4 14.1   2:04.64 java
19657 kabasel+  20   0 3721120 562364  16368 S 392.2 14.1   2:06.64 java
19657 kabasel+  20   0 3721120 562580  16368 S 386.3 14.1   2:08.61 java
19657 kabasel+  20   0 3721120 562580  16368 S 382.4 14.1   2:10.56 java
19657 kabasel+  20   0 3721120 562432  16368 S 370.6 14.1   2:12.45 java
19657 kabasel+  20   0 3721120 562432  16368 S 382.4 14.1   2:14.40 java
19657 kabasel+  20   0 3721120 564488  16368 S 380.4 14.2   2:16.34 java
19657 kabasel+  20   0 3721120 574224  16368 S 380.4 14.4   2:18.28 java
19657 kabasel+  20   0 3721120 578576  16368 S 384.6 14.5   2:20.28 java
19657 kabasel+  20   0 3721120 586480  16368 S 384.3 14.7   2:22.24 java
19657 kabasel+  20   0 3721120 592944  16368 S 372.5 14.9   2:24.14 java
19657 kabasel+  20   0 3721120 588336  16368 S 227.5 14.8   2:25.30 java
19657 kabasel+  20   0 3721120 588336  16368 S 375.5 14.8   2:27.29 java
19657 kabasel+  20   0 3721120 588336  16368 S 388.0 14.8   2:29.23 java
19657 kabasel+  20   0 3721120 588336  16368 S 373.1 14.8   2:31.17 java
19657 kabasel+  20   0 3721120 588336  16368 S 378.4 14.8   2:33.10 java
19657 kabasel+  20   0 3721120 588336  16368 S 386.0 14.8   2:35.03 java
19657 kabasel+  20   0 3721120 588336  16368 S 376.9 14.8   2:36.99 java
19657 kabasel+  20   0 3721120 588336  16368 S 375.0 14.8   2:38.94 java
19657 kabasel+  20   0 3721120 588328  16368 S 384.3 14.8   2:40.90 java
19657 kabasel+  20   0 3721120 588328  16368 S 375.0 14.8   2:42.85 java
19657 kabasel+  20   0 3721120 588120  16368 S 392.2 14.8   2:44.85 java
19657 kabasel+  20   0 3721120 588120  16368 S 386.3 14.8   2:46.82 java
19657 kabasel+  20   0 3721120 588120  16368 S 374.5 14.8   2:48.73 java
19657 kabasel+  20   0 3721120 588120  16368 S 392.2 14.8   2:50.73 java
19657 kabasel+  20   0 3721120 588120  16368 S 337.3 14.8   2:52.45 java
19657 kabasel+  20   0 3721120 587952  16368 S 331.4 14.8   2:54.14 java
19657 kabasel+  20   0 3721120 587952  16368 S 360.8 14.8   2:55.98 java
19657 kabasel+  20   0 3721120 587984  16368 S 325.5 14.8   2:57.64 java
19657 kabasel+  20   0 3721120 588016  16368 S 376.5 14.8   2:59.56 java
19657 kabasel+  20   0 3721120 588016  16368 S 384.3 14.8   3:01.52 java
19657 kabasel+  20   0 3721120 588452  16368 S 384.3 14.8   3:03.48 java
19657 kabasel+  20   0 3721120 588452  16368 S 396.1 14.8   3:05.50 java
19657 kabasel+  20   0 3721120 588452  16368 S 364.2 14.8   3:07.43 java
19657 kabasel+  20   0 3721120 588452  16368 S 386.3 14.8   3:09.40 java
19657 kabasel+  20   0 3721120 588452  16368 S 382.4 14.8   3:11.35 java
19657 kabasel+  20   0 3721120 588132  16368 S 382.4 14.8   3:13.30 java
19657 kabasel+  20   0 3721120 588132  16368 S 386.3 14.8   3:15.27 java
19657 kabasel+  20   0 3721120 588132  16368 S 388.2 14.8   3:17.25 java
19657 kabasel+  20   0 3721120 588132  16368 S 388.2 14.8   3:19.23 java
19657 kabasel+  20   0 3721120 588132  16368 S 378.4 14.8   3:21.16 java
19657 kabasel+  20   0 3721120 588132  16368 S 371.2 14.8   3:23.09 java
19657 kabasel+  20   0 3721120 588132  16368 S 370.6 14.8   3:24.98 java
19657 kabasel+  20   0 3721120 592432  16368 S 386.3 14.9   3:26.95 java
19657 kabasel+  20   0 3721120 599356  16368 S 380.4 15.1   3:28.89 java
19657 kabasel+  20   0 3721120 601584  16368 S 388.2 15.1   3:30.87 java
19657 kabasel+  20   0 3721120 601668  16368 S 388.2 15.1   3:32.85 java
19657 kabasel+  20   0 3721120 601668  16368 S 390.2 15.1   3:34.84 java
19657 kabasel+  20   0 3721120 601668  16368 S 380.4 15.1   3:36.78 java
19657 kabasel+  20   0 3721120 601668  16368 S 382.4 15.1   3:38.73 java
19657 kabasel+  20   0 3721120 601736  16368 S 392.2 15.1   3:40.73 java
19657 kabasel+  20   0 3721120 601736  16368 S 386.3 15.1   3:42.70 java
19657 kabasel+  20   0 3721120 601736  16368 S 388.2 15.1   3:44.68 java
19657 kabasel+  20   0 3721120 601736  16368 S 392.2 15.1   3:46.68 java
19657 kabasel+  20   0 3721120 601736  16368 S 384.3 15.1   3:48.64 java
19657 kabasel+  20   0 3721120 601736  16368 S 392.2 15.1   3:50.64 java
19657 kabasel+  20   0 3721120 601776  16368 S 380.4 15.1   3:52.58 java
19657 kabasel+  20   0 3721120 602404  16368 S 376.9 15.1   3:54.54 java
19657 kabasel+  20   0 3721120 601732  16368 S 392.2 15.1   3:56.54 java
19657 kabasel+  20   0 3721120 601996  16368 S 386.3 15.1   3:58.51 java
19657 kabasel+  20   0 3721120 608924  16368 S 386.3 15.3   4:00.48 java
19657 kabasel+  20   0 3721120 615588  16368 S 388.2 15.5   4:02.46 java
19657 kabasel+  20   0 3721120 618712  16368 S 382.4 15.5   4:04.41 java
19657 kabasel+  20   0 3721120 623988  16368 S 384.3 15.7   4:06.37 java
19657 kabasel+  20   0 3721120 632184  16368 S 384.3 15.9   4:08.33 java
19657 kabasel+  20   0 3721120 638192  16368 S 388.2 16.0   4:10.31 java
19657 kabasel+  20   0 3721120 621844  16368 S 388.2 15.6   4:12.29 java
19657 kabasel+  20   0 3721120 622712  16368 S 376.5 15.6   4:14.21 java
19657 kabasel+  20   0 3721120 622200  16368 S 384.3 15.6   4:16.17 java
19657 kabasel+  20   0 3721120 621688  16368 S 386.3 15.6   4:18.14 java
19657 kabasel+  20   0 3721120 621688  16368 S 376.5 15.6   4:20.06 java
19657 kabasel+  20   0 3721120 621688  16368 S 390.2 15.6   4:22.05 java
19657 kabasel+  20   0 3721120 621688  16368 S 384.3 15.6   4:24.01 java
19657 kabasel+  20   0 3721120 621688  16368 S 298.0 15.6   4:25.53 java
19657 kabasel+  20   0 3721120 621688  16368 S 354.9 15.6   4:27.34 java
19657 kabasel+  20   0 3721120 621700  16368 S 374.5 15.6   4:29.25 java
19657 kabasel+  20   0 3721120 621700  16368 S 360.8 15.6   4:31.09 java
19657 kabasel+  20   0 3721120 622492  16368 S 384.3 15.6   4:33.05 java
19657 kabasel+  20   0 3721120 621980  16368 S 386.3 15.6   4:35.02 java
19657 kabasel+  20   0 3721120 621468  16368 S 382.4 15.6   4:36.97 java
19657 kabasel+  20   0 3721120 621468  16368 S 374.5 15.6   4:38.88 java
19657 kabasel+  20   0 3721120 621468  16368 S 354.9 15.6   4:40.69 java
19657 kabasel+  20   0 3721120 621468  16368 S 372.5 15.6   4:42.59 java
19657 kabasel+  20   0 3721120 621468  16368 S 368.6 15.6   4:44.47 java
19657 kabasel+  20   0 3721120 621468  16368 S 305.9 15.6   4:46.03 java
19657 kabasel+  20   0 3721120 621372  16368 S 317.6 15.6   4:47.65 java
19657 kabasel+  20   0 3721120 621372  16368 S 323.5 15.6   4:49.30 java
19657 kabasel+  20   0 3721120 622428  16368 S 382.4 15.6   4:51.25 java
19657 kabasel+  20   0 3721120 621924  16368 S 384.3 15.6   4:53.21 java
19657 kabasel+  20   0 3721120 622188  16368 S 386.3 15.6   4:55.18 java
19657 kabasel+  20   0 3721120 621820  16368 S 384.3 15.6   4:57.14 java
19657 kabasel+  20   0 3721120 621820  16368 S 382.4 15.6   4:59.09 java
19657 kabasel+  20   0 3721120 621820  16368 S 382.4 15.6   5:01.04 java
19657 kabasel+  20   0 3721120 621820  16368 S 384.3 15.6   5:03.00 java
19657 kabasel+  20   0 3721120 621820  16368 S 388.2 15.6   5:04.98 java
19657 kabasel+  20   0 3721120 621820  16368 S 384.3 15.6   5:06.94 java
19657 kabasel+  20   0 3721120 621820  16368 S 390.2 15.6   5:08.93 java
19657 kabasel+  20   0 3721120 621820  16368 S 388.2 15.6   5:10.91 java
19657 kabasel+  20   0 3721120 621820  16368 S 390.2 15.6   5:12.90 java
19657 kabasel+  20   0 3721120 621820  16368 S 382.4 15.6   5:14.85 java
19657 kabasel+  20   0 3721120 621820  16368 S 382.4 15.6   5:16.80 java
19657 kabasel+  20   0 3721120 621820  16368 S 390.2 15.6   5:18.79 java
19657 kabasel+  20   0 3721120 621820  16368 S 371.2 15.6   5:20.72 java
19657 kabasel+  20   0 3721120 621820  16368 S 380.4 15.6   5:22.66 java
19657 kabasel+  20   0 3721120 621820  16368 S 376.5 15.6   5:24.58 java
19657 kabasel+  20   0 3721120 621820  16368 S 378.4 15.6   5:26.51 java
19657 kabasel+  20   0 3721120 621820  16368 S 392.2 15.6   5:28.51 java
19657 kabasel+  20   0 3721120 626984  16368 S 386.5 15.7   5:30.52 java
19657 kabasel+  20   0 3721120 633440  16368 S 388.2 15.9   5:32.50 java
19657 kabasel+  20   0 3721120 640608  16368 S 341.2 16.1   5:34.24 java
19657 kabasel+  20   0 3721120 642944  16368 S 341.2 16.1   5:35.98 java
19657 kabasel+  20   0 3721120 648380  16368 S 362.7 16.3   5:37.83 java
19657 kabasel+  20   0 3721120 654636  16368 S 368.6 16.4   5:39.71 java
19657 kabasel+  20   0 3721120 655024  16368 S 388.2 16.5   5:41.69 java
19657 kabasel+  20   0 3721120 655024  16368 S 388.5 16.5   5:43.71 java
19657 kabasel+  20   0 3721120 655104  16368 S 386.3 16.5   5:45.68 java
19657 kabasel+  20   0 3721120 655104  16368 S 392.3 16.5   5:47.72 java
19657 kabasel+  20   0 3721120 655104  16368 S 382.7 16.5   5:49.71 java
19657 kabasel+  20   0 3721120 655104  16368 S 380.8 16.5   5:51.69 java
19657 kabasel+  20   0 3721120 655328  16368 S 380.8 16.5   5:53.67 java
19657 kabasel+  20   0 3721120 654896  16368 S 386.5 16.4   5:55.68 java
19657 kabasel+  20   0 3721120 654896  16368 S 382.7 16.4   5:57.67 java
19657 kabasel+  20   0 3721120 655860  16368 S 378.8 16.5   5:59.64 java
19657 kabasel+  20   0 3721120 655860  16368 S 384.6 16.5   6:01.64 java
19657 kabasel+  20   0 3721120 654916  16368 S 378.8 16.5   6:03.61 java
19657 kabasel+  20   0 3721120 654916  16368 S 388.5 16.5   6:05.63 java
19657 kabasel+  20   0 3721120 654916  16368 S 388.2 16.5   6:07.61 java
19657 kabasel+  20   0 3721120 654916  16368 S 377.4 16.5   6:09.61 java
19657 kabasel+  20   0 3721120 654916  16368 S 386.5 16.5   6:11.62 java
19657 kabasel+  20   0 3721120 655704  16368 S 368.6 16.5   6:13.50 java
19657 kabasel+  20   0 3721120 660100  16368 S 392.2 16.6   6:15.50 java
19657 kabasel+  20   0 3721120 666564  16368 S 382.4 16.7   6:17.45 java
19657 kabasel+  20   0 3721120 673252  16368 S 382.4 16.9   6:19.40 java
19657 kabasel+  20   0 3721120 679600  16368 S 378.8 17.1   6:21.37 java
19657 kabasel+  20   0 3721120 685776  16368 S 378.8 17.2   6:23.34 java
19657 kabasel+  20   0 3721120 693260  16368 S 390.2 17.4   6:25.33 java
19657 kabasel+  20   0 3721120 698344  16368 S 392.2 17.5   6:27.33 java
19657 kabasel+  20   0 3721120 691940  16368 S 390.0 17.4   6:29.28 java
19657 kabasel+  20   0 3721120 691940  16368 S 382.4 17.4   6:31.23 java
19657 kabasel+  20   0 3721120 691940  16368 S 375.0 17.4   6:33.18 java
19657 kabasel+  20   0 3721120 691940  16368 S 380.4 17.4   6:35.12 java
19657 kabasel+  20   0 3721120 691940  16368 S 386.3 17.4   6:37.09 java
19657 kabasel+  20   0 3721120 691872  16368 S 384.3 17.4   6:39.05 java
19657 kabasel+  20   0 3721120 691872  16368 S 384.6 17.4   6:41.05 java
19657 kabasel+  20   0 3721120 691872  16368 S 388.2 17.4   6:43.03 java
19657 kabasel+  20   0 3721120 691872  16368 S 386.3 17.4   6:45.00 java
19657 kabasel+  20   0 3721120 691872  16368 S 388.2 17.4   6:46.98 java
19657 kabasel+  20   0 3721120 691872  16368 S 378.8 17.4   6:48.95 java
19657 kabasel+  20   0 3721120 691872  16368 S 390.2 17.4   6:50.94 java
19657 kabasel+  20   0 3721120 691872  16368 S 384.3 17.4   6:52.90 java
19657 kabasel+  20   0 3721120 691872  16368 S 388.2 17.4   6:54.88 java
19657 kabasel+  20   0 3721120 691872  16368 S 376.9 17.4   6:56.84 java
19657 kabasel+  20   0 3721120 691872  16368 S 386.5 17.4   6:58.85 java
19657 kabasel+  20   0 3721120 692016  16368 S 384.6 17.4   7:00.85 java
19657 kabasel+  20   0 3721120 692016  16368 S 388.2 17.4   7:02.83 java
19657 kabasel+  20   0 3721120 692016  16368 S 380.4 17.4   7:04.77 java
19657 kabasel+  20   0 3721120 692016  16368 S 386.5 17.4   7:06.78 java
19657 kabasel+  20   0 3721120 692016  16368 S 388.5 17.4   7:08.80 java
19657 kabasel+  20   0 3721120 692016  16368 S 367.3 17.4   7:10.71 java
19657 kabasel+  20   0 3721120 692016  16368 S 323.5 17.4   7:12.36 java
19657 kabasel+  20   0 3721120 692016  16368 S 392.3 17.4   7:14.40 java
19657 kabasel+  20   0 3721120 692024  16368 S 386.3 17.4   7:16.37 java
19657 kabasel+  20   0 3721120 692024  16368 S 378.4 17.4   7:18.30 java
19657 kabasel+  20   0 3721120 691940  16368 S 378.4 17.4   7:20.23 java
19657 kabasel+  20   0 3721120 692068  16368 S 390.2 17.4   7:22.22 java
19657 kabasel+  20   0 3721120 692068  16368 S 384.6 17.4   7:24.22 java
19657 kabasel+  20   0 3721120 692068  16368 S 370.6 17.4   7:26.11 java
19657 kabasel+  20   0 3721120 692068  16368 S 396.1 17.4   7:28.13 java
19657 kabasel+  20   0 3721120 692068  16368 S 396.1 17.4   7:30.15 java
19657 kabasel+  20   0 3721120 692068  16368 S 384.9 17.4   7:32.19 java
19657 kabasel+  20   0 3721120 692068  16368 S 388.2 17.4   7:34.17 java
19657 kabasel+  20   0 3721120 692068  16368 S 378.4 17.4   7:36.10 java
19657 kabasel+  20   0 3721120 692068  16368 S 372.5 17.4   7:38.00 java
19657 kabasel+  20   0 3721120 692068  16368 S 380.8 17.4   7:39.98 java
19657 kabasel+  20   0 3721120 692068  16368 S 376.5 17.4   7:41.90 java
19657 kabasel+  20   0 3721120 692068  16368 S 390.4 17.4   7:43.93 java
19657 kabasel+  20   0 3721120 692068  16368 S 388.5 17.4   7:45.95 java
19657 kabasel+  20   0 3721120 692068  16368 S 392.3 17.4   7:47.99 java
19657 kabasel+  20   0 3721120 693072  16368 S 386.3 17.4   7:49.96 java
19657 kabasel+  20   0 3721120 692560  16368 S 392.2 17.4   7:51.96 java
19657 kabasel+  20   0 3721120 692048  16368 S 382.7 17.4   7:53.95 java
19657 kabasel+  20   0 3721120 692048  16368 S 376.5 17.4   7:55.87 java
19657 kabasel+  20   0 3721120 692048  16368 S 376.5 17.4   7:57.79 java
19657 kabasel+  20   0 3721120 692048  16368 S 384.3 17.4   7:59.75 java
19657 kabasel+  20   0 3721120 692048  16368 S 382.4 17.4   8:01.70 java
19657 kabasel+  20   0 3721120 692048  16368 S 380.8 17.4   8:03.68 java
19657 kabasel+  20   0 3721120 694056  16368 S 384.3 17.4   8:05.64 java
19657 kabasel+  20   0 3721120 699000  16368 S 380.8 17.6   8:07.62 java
19657 kabasel+  20   0 3721120 705724  16368 S 384.3 17.7   8:09.58 java
19657 kabasel+  20   0 3721120 711976  16368 S 382.4 17.9   8:11.53 java
19657 kabasel+  20   0 3721120 718188  16368 S 363.5 18.0   8:13.42 java
19657 kabasel+  20   0 3721120 721448  16368 S 372.5 18.1   8:15.32 java
19657 kabasel+  20   0 3721120 721552  16368 S 370.6 18.1   8:17.21 java
19657 kabasel+  20   0 3721120 721612  16368 S 367.3 18.1   8:19.12 java
19657 kabasel+  20   0 3721120 721612  16368 S 376.9 18.1   8:21.08 java
19657 kabasel+  20   0 3721120 721612  16368 S 394.1 18.1   8:23.09 java
19657 kabasel+  20   0 3721120 721476  16368 S 384.3 18.1   8:25.05 java
19657 kabasel+  20   0 3721120 721476  16368 S 378.4 18.1   8:26.98 java
19657 kabasel+  20   0 3721120 721476  16368 S 373.1 18.1   8:28.92 java
19657 kabasel+  20   0 3721120 721476  16368 S 380.8 18.1   8:30.90 java
19657 kabasel+  20   0 3721120 721476  16368 S 384.9 18.1   8:32.94 java
19657 kabasel+  20   0 3721120 721480  16368 S 390.2 18.1   8:34.93 java
19657 kabasel+  20   0 3721120 721480  16368 S 388.5 18.1   8:36.95 java
19657 kabasel+  20   0 3721120 721480  16368 S 378.8 18.1   8:38.92 java
19657 kabasel+  20   0 3721120 721480  16368 S 382.7 18.1   8:40.91 java
19657 kabasel+  20   0 3721120 721480  16368 S 388.2 18.1   8:42.89 java
19657 kabasel+  20   0 3721120 721480  16368 S 376.5 18.1   8:44.81 java
19657 kabasel+  20   0 3721120 721480  16368 S 378.8 18.1   8:46.78 java
19657 kabasel+  20   0 3721120 721480  16368 S 396.1 18.1   8:48.80 java
19657 kabasel+  20   0 3721120 721480  16368 S 386.3 18.1   8:50.77 java
19657 kabasel+  20   0 3721120 721476  16368 S 383.0 18.1   8:52.80 java
19657 kabasel+  20   0 3721120 721476  16368 S 380.4 18.1   8:54.74 java
19657 kabasel+  20   0 3721120 721476  16368 S 390.2 18.1   8:56.73 java
19657 kabasel+  20   0 3721120 721476  16368 S 363.5 18.1   8:58.62 java
19657 kabasel+  20   0 3721120 721476  16368 S 392.2 18.1   9:00.62 java
19657 kabasel+  20   0 3721120 725316  16368 S 388.2 18.2   9:02.60 java
19657 kabasel+  20   0 3721120 735280  16368 S 388.2 18.5   9:04.58 java
19657 kabasel+  20   0 3721120 738356  16368 S 384.6 18.5   9:06.58 java
19657 kabasel+  20   0 3721120 745316  16368 S 384.3 18.7   9:08.54 java
19657 kabasel+  20   0 3721120 750532  16368 S 368.6 18.9   9:10.42 java
19657 kabasel+  20   0 3721120 753876  16368 S 372.5 18.9   9:12.32 java
19657 kabasel+  20   0 3721120 746388  16368 S 374.5 18.7   9:14.23 java
19657 kabasel+  20   0 3721120 746388  16368 S 388.5 18.7   9:16.25 java
19657 kabasel+  20   0 3721120 746388  16368 S 382.7 18.7   9:18.24 java
19657 kabasel+  20   0 3721120 746388  16368 S 319.2 18.7   9:19.90 java
19657 kabasel+  20   0 3721120 746388  16368 S 372.5 18.7   9:21.80 java
19657 kabasel+  20   0 3721120 746388  16368 S 371.2 18.7   9:23.73 java
19657 kabasel+  20   0 3721120 746388  16368 S 386.5 18.7   9:25.74 java
19657 kabasel+  20   0 3721120 746388  16368 S 388.5 18.7   9:27.76 java
19657 kabasel+  20   0 3721120 746388  16368 S 386.3 18.7   9:29.73 java
19657 kabasel+  20   0 3721120 747048  16368 S 376.9 18.8   9:31.69 java
19657 kabasel+  20   0 3721120 746024  16368 S 388.5 18.7   9:33.71 java
19657 kabasel+  20   0 3721120 746024  16368 S 392.3 18.7   9:35.75 java
19657 kabasel+  20   0 3721120 746024  16368 S 373.1 18.7   9:37.69 java
19657 kabasel+  20   0 3721120 746024  16368 S 357.7 18.7   9:39.55 java
19657 kabasel+  20   0 3721120 746024  16368 S 378.8 18.7   9:41.52 java
19657 kabasel+  20   0 3721120 746024  16368 S 382.7 18.7   9:43.51 java
19657 kabasel+  20   0 3721120 746024  16368 S 386.5 18.7   9:45.52 java
19657 kabasel+  20   0 3721120 746024  16368 S 390.2 18.7   9:47.51 java
19657 kabasel+  20   0 3721120 746024  16368 S 386.3 18.7   9:49.48 java
19657 kabasel+  20   0 3721120 746024  16368 S 376.9 18.7   9:51.44 java
19657 kabasel+  20   0 3721120 746024  16368 S 386.3 18.7   9:53.41 java
19657 kabasel+  20   0 3721120 746024  16368 S 390.2 18.7   9:55.40 java
19657 kabasel+  20   0 3721120 746024  16368 S 386.5 18.7   9:57.41 java
19657 kabasel+  20   0 3721120 746024  16368 S 380.8 18.7   9:59.39 java
19657 kabasel+  20   0 3721120 746552  16368 S 390.2 18.8  10:01.38 java
19657 kabasel+  20   0 3721120 746276  16368 S 380.4 18.7  10:03.32 java
19657 kabasel+  20   0 3721120 746276  16368 S 388.2 18.7  10:05.30 java
19657 kabasel+  20   0 3721120 746276  16368 S 392.2 18.7  10:07.30 java
19657 kabasel+  20   0 3721120 746276  16368 S 378.8 18.7  10:09.27 java
19657 kabasel+  20   0 3721120 746276  16368 S 388.2 18.7  10:11.25 java
19657 kabasel+  20   0 3721120 746276  16368 S 388.5 18.7  10:13.27 java
19657 kabasel+  20   0 3721120 746276  16368 S 388.2 18.7  10:15.25 java
19657 kabasel+  20   0 3721120 746276  16368 S 382.7 18.7  10:17.24 java
19657 kabasel+  20   0 3721120 746276  16368 S 368.6 18.7  10:19.12 java
19657 kabasel+  20   0 3721120 746276  16368 S 388.7 18.7  10:21.18 java
19657 kabasel+  20   0 3721120 746276  16368 S 390.2 18.7  10:23.17 java
19657 kabasel+  20   0 3721120 746276  16368 S 378.8 18.7  10:25.14 java
19657 kabasel+  20   0 3721120 746276  16368 S 388.5 18.7  10:27.16 java
19657 kabasel+  20   0 3721120 746276  16368 S 386.5 18.7  10:29.17 java
19657 kabasel+  20   0 3721120 746276  16368 S 382.7 18.7  10:31.16 java
19657 kabasel+  20   0 3721120 746276  16368 S 380.8 18.7  10:33.14 java
19657 kabasel+  20   0 3721120 746276  16368 S 384.6 18.7  10:35.14 java
19657 kabasel+  20   0 3721120 746276  16368 S 378.8 18.7  10:37.11 java
19657 kabasel+  20   0 3721120 746276  16368 S 380.8 18.7  10:39.09 java
19657 kabasel+  20   0 3721120 746276  16368 S 359.6 18.7  10:40.96 java
19657 kabasel+  20   0 3721120 746276  16368 S 386.5 18.7  10:42.97 java
19657 kabasel+  20   0 3721120 746276  16368 S 371.2 18.7  10:44.90 java
19657 kabasel+  20   0 3721120 746276  16368 S 377.4 18.7  10:46.90 java
19657 kabasel+  20   0 3721120 746276  16368 S 384.3 18.7  10:48.86 java
19657 kabasel+  20   0 3721120 746276  16368 S 390.2 18.7  10:50.85 java
19657 kabasel+  20   0 3721120 746276  16368 S 386.5 18.7  10:52.86 java
19657 kabasel+  20   0 3721120 746276  16368 S 378.8 18.7  10:54.83 java
19657 kabasel+  20   0 3721120 746276  16368 S 378.4 18.7  10:56.76 java
19657 kabasel+  20   0 3721120 746276  16368 S 336.5 18.7  10:58.51 java
19657 kabasel+  20   0 3721120 746276  16368 S 288.5 18.7  11:00.01 java
19657 kabasel+  20   0 3721120 746276  16368 S 359.6 18.7  11:01.88 java
19657 kabasel+  20   0 3721120 746276  16368 S 382.7 18.7  11:03.87 java
19657 kabasel+  20   0 3721120 746276  16368 S 388.5 18.7  11:05.89 java
19657 kabasel+  20   0 3721120 746244  16368 S 388.5 18.7  11:07.91 java
19657 kabasel+  20   0 3721120 746244  16368 S 390.4 18.7  11:09.94 java
19657 kabasel+  20   0 3721120 746244  16368 S 382.7 18.7  11:11.93 java
19657 kabasel+  20   0 3721120 746244  16368 S 380.8 18.7  11:13.91 java
19657 kabasel+  20   0 3721120 746380  16368 S 384.3 18.7  11:15.87 java
19657 kabasel+  20   0 3721120 746380  16368 S 388.5 18.7  11:17.89 java
19657 kabasel+  20   0 3721120 746380  16368 S 392.2 18.7  11:19.89 java
19657 kabasel+  20   0 3721120 746380  16368 S 380.8 18.7  11:21.87 java
19657 kabasel+  20   0 3721120 746060  16368 S 390.2 18.7  11:23.86 java
19657 kabasel+  20   0 3721120 746060  16368 S 384.3 18.7  11:25.82 java
19657 kabasel+  20   0 3721120 745908  16368 S 388.2 18.7  11:27.80 java
19657 kabasel+  20   0 3721120 745908  16368 S 376.9 18.7  11:29.76 java
19657 kabasel+  20   0 3721120 745908  16368 S 375.0 18.7  11:31.71 java
19657 kabasel+  20   0 3721120 745908  16368 S 388.2 18.7  11:33.69 java
19657 kabasel+  20   0 3721120 745908  16368 S 384.6 18.7  11:35.69 java
19657 kabasel+  20   0 3721120 745908  16368 S 384.3 18.7  11:37.65 java
19657 kabasel+  20   0 3721120 745908  16368 S 386.5 18.7  11:39.66 java
19657 kabasel+  20   0 3721120 745908  16368 S 388.5 18.7  11:41.68 java
19657 kabasel+  20   0 3721120 745908  16368 S 382.7 18.7  11:43.67 java
19657 kabasel+  20   0 3721120 745908  16368 S 380.8 18.7  11:45.65 java
19657 kabasel+  20   0 3721120 745908  16368 S 386.3 18.7  11:47.62 java
19657 kabasel+  20   0 3721120 745908  16368 S 382.7 18.7  11:49.61 java
19657 kabasel+  20   0 3721120 746952  16368 S 384.6 18.8  11:51.61 java
19657 kabasel+  20   0 3721120 745928  16368 S 378.8 18.7  11:53.58 java
19657 kabasel+  20   0 3721120 745928  16368 S 380.4 18.7  11:55.52 java
19657 kabasel+  20   0 3721120 745904  16368 S 378.8 18.7  11:57.49 java
19657 kabasel+  20   0 3721120 745904  16368 S 364.7 18.7  11:59.35 java
19657 kabasel+  20   0 3721120 745904  16368 S 382.4 18.7  12:01.30 java
19657 kabasel+  20   0 3721120 745904  16368 S 384.6 18.7  12:03.30 java
19657 kabasel+  20   0 3721120 745904  16368 S 382.4 18.7  12:05.25 java
19657 kabasel+  20   0 3721120 749812  16368 S 392.3 18.8  12:07.29 java
19657 kabasel+  20   0 3721120 757576  16368 S 373.1 19.0  12:09.23 java
19657 kabasel+  20   0 3721120 765500  16368 S 386.3 19.2  12:11.20 java
19657 kabasel+  20   0 3721120 770948  16368 S 392.3 19.4  12:13.24 java
19657 kabasel+  20   0 3721120 779212  16368 S 384.6 19.6  12:15.24 java
19657 kabasel+  20   0 3721120 779424  16368 S 378.8 19.6  12:17.21 java
19657 kabasel+  20   0 3721120 779652  16368 S 388.2 19.6  12:19.19 java
19657 kabasel+  20   0 3721120 779652  16368 S 380.8 19.6  12:21.17 java
19657 kabasel+  20   0 3721120 780404  16368 S 390.4 19.6  12:23.20 java
19657 kabasel+  20   0 3721120 780404  16368 S 388.5 19.6  12:25.22 java
19657 kabasel+  20   0 3721120 779476  16368 S 388.5 19.6  12:27.24 java
19657 kabasel+  20   0 3721120 779476  16368 S 374.5 19.6  12:29.15 java
19657 kabasel+  20   0 3721120 779476  16368 S 357.7 19.6  12:31.01 java
19657 kabasel+  20   0 3721120 779476  16368 S 362.7 19.6  12:32.86 java
19657 kabasel+  20   0 3721120 779476  16368 S 386.3 19.6  12:34.83 java
19657 kabasel+  20   0 3721120 779476  16368 S 390.2 19.6  12:36.82 java
19657 kabasel+  20   0 3721120 779476  16368 S 371.2 19.6  12:38.75 java
19657 kabasel+  20   0 3721120 779476  16368 S 382.4 19.6  12:40.70 java
19657 kabasel+  20   0 3721120 779476  16368 S 378.8 19.6  12:42.67 java
19657 kabasel+  20   0 3721120 779476  16368 S 396.1 19.6  12:44.69 java
19657 kabasel+  20   0 3721120 779476  16368 S 376.9 19.6  12:46.65 java
19657 kabasel+  20   0 3721120 779476  16368 S 392.2 19.6  12:48.65 java
19657 kabasel+  20   0 3721120 779476  16368 S 380.4 19.6  12:50.59 java
19657 kabasel+  20   0 3721120 779476  16368 S 388.5 19.6  12:52.61 java
19657 kabasel+  20   0 3721120 779476  16368 S 380.8 19.6  12:54.59 java
19657 kabasel+  20   0 3721120 779476  16368 S 394.1 19.6  12:56.60 java
19657 kabasel+  20   0 3721120 779476  16368 S 386.3 19.6  12:58.57 java
19657 kabasel+  20   0 3721120 779476  16368 S 384.3 19.6  13:00.53 java
19657 kabasel+  20   0 3721120 780244  16368 S 348.1 19.6  13:02.34 java
19657 kabasel+  20   0 3721120 780244  16368 S 384.3 19.6  13:04.30 java
19657 kabasel+  20   0 3721120 779220  16368 S 372.5 19.6  13:06.20 java
19657 kabasel+  20   0 3721120 779220  16368 S 346.2 19.6  13:08.00 java
19657 kabasel+  20   0 3721120 779220  16368 S 380.4 19.6  13:09.94 java
19657 kabasel+  20   0 3721120 779220  16368 S 382.4 19.6  13:11.89 java
19657 kabasel+  20   0 3721120 779220  16368 S 365.4 19.6  13:13.79 java
19657 kabasel+  20   0 3721120 779484  16368 S 396.1 19.6  13:15.81 java
19657 kabasel+  20   0 3721120 779484  16368 S 382.7 19.6  13:17.80 java
19657 kabasel+  20   0 3721120 779484  16368 S 386.3 19.6  13:19.77 java
19657 kabasel+  20   0 3721120 779484  16368 S 380.8 19.6  13:21.75 java
19657 kabasel+  20   0 3721120 779484  16368 S 386.3 19.6  13:23.72 java
19657 kabasel+  20   0 3721120 779560  16368 S 390.2 19.6  13:25.71 java
19657 kabasel+  20   0 3721120 779636  16368 S 388.2 19.6  13:27.69 java
19657 kabasel+  20   0 3721120 779636  16368 S 382.7 19.6  13:29.68 java
19657 kabasel+  20   0 3721120 779636  16368 S 390.4 19.6  13:31.71 java
19657 kabasel+  20   0 3721120 779636  16368 S 378.8 19.6  13:33.68 java
19657 kabasel+  20   0 3721120 779636  16368 S 390.2 19.6  13:35.67 java
19657 kabasel+  20   0 3721120 779636  16368 S 380.8 19.6  13:37.65 java
19657 kabasel+  20   0 3721120 779568  16368 S 394.1 19.6  13:39.66 java
19657 kabasel+  20   0 3721120 779568  16368 S 392.2 19.6  13:41.66 java
19657 kabasel+  20   0 3721120 779568  16368 S 380.8 19.6  13:43.64 java
19657 kabasel+  20   0 3721120 779568  16368 S 392.2 19.6  13:45.64 java
19657 kabasel+  20   0 3721120 779568  16368 S 390.2 19.6  13:47.63 java
19657 kabasel+  20   0 3721120 779568  16368 S 378.8 19.6  13:49.60 java
19657 kabasel+  20   0 3721120 779568  16368 S 382.4 19.6  13:51.55 java
19657 kabasel+  20   0 3721120 779568  16368 S 359.6 19.6  13:53.42 java
19657 kabasel+  20   0 3721120 779568  16368 S 280.4 19.6  13:54.85 java
19657 kabasel+  20   0 3721120 779568  16368 S 347.1 19.6  13:56.62 java
19657 kabasel+  20   0 3721120 779568  16368 S 371.2 19.6  13:58.55 java
19657 kabasel+  20   0 3721120 779568  16368 S 384.3 19.6  14:00.51 java
19657 kabasel+  20   0 3721120 779568  16368 S 378.4 19.6  14:02.44 java
19657 kabasel+  20   0 3721120 779568  16368 S 384.6 19.6  14:04.44 java
19657 kabasel+  20   0 3721120 779568  16368 S 390.2 19.6  14:06.43 java
19657 kabasel+  20   0 3721120 779568  16368 S 390.2 19.6  14:08.42 java
19657 kabasel+  20   0 3721120 779568  16368 S 373.1 19.6  14:10.36 java
19657 kabasel+  20   0 3721120 779568  16368 S 386.8 19.6  14:12.41 java
19657 kabasel+  20   0 3721120 779568  16368 S 392.2 19.6  14:14.41 java
19657 kabasel+  20   0 3721120 779568  16368 S 392.2 19.6  14:16.41 java
19657 kabasel+  20   0 3721120 779568  16368 S 380.8 19.6  14:18.39 java
19657 kabasel+  20   0 3721120 779568  16368 S 380.4 19.6  14:20.33 java
19657 kabasel+  20   0 3721120 780352  16368 S 384.3 19.6  14:22.29 java
19657 kabasel+  20   0 3721120 787804  16368 S 388.5 19.8  14:24.31 java
19657 kabasel+  20   0 3721120 793920  16368 S 378.8 19.9  14:26.28 java
19657 kabasel+  20   0 3721120 798020  16368 S 388.2 20.0  14:28.26 java
19657 kabasel+  20   0 3721120 805512  16368 S 364.2 20.2  14:30.19 java
19657 kabasel+  20   0 3721120 811396  16368 S 380.8 20.4  14:32.17 java
19657 kabasel+  20   0 3721120 821036  16368 S 364.7 20.6  14:34.03 java
19657 kabasel+  20   0 3721120 822344  16368 S 386.3 20.7  14:36.00 java
19657 kabasel+  20   0 3721120 822344  16368 S 382.4 20.7  14:37.95 java
19657 kabasel+  20   0 3721120 822344  16368 S 384.6 20.7  14:39.95 java
19657 kabasel+  20   0 3721120 822344  16368 S 376.9 20.7  14:41.91 java
19657 kabasel+  20   0 3721120 822288  16368 S 369.2 20.7  14:43.83 java
19657 kabasel+  20   0 3721120 822288  16368 S 380.4 20.7  14:45.77 java
19657 kabasel+  20   0 3721120 822288  16368 S 384.6 20.7  14:47.77 java
19657 kabasel+  20   0 3721120 822288  16368 S 382.7 20.7  14:49.76 java
19657 kabasel+  20   0 3721120 822288  16368 S 351.0 20.7  14:51.55 java
19657 kabasel+  20   0 3721120 822288  16368 S 327.5 20.7  14:53.22 java
19657 kabasel+  20   0 3721120 821932  16368 S 352.9 20.6  14:55.02 java
19657 kabasel+  20   0 3721120 821932  16368 S 370.6 20.6  14:56.91 java
19657 kabasel+  20   0 3721120 821932  16368 S 361.5 20.6  14:58.79 java
19657 kabasel+  20   0 3721120 821932  16368 S 362.7 20.6  15:00.64 java
19657 kabasel+  20   0 3721120 821932  16368 S 390.2 20.6  15:02.63 java
19657 kabasel+  20   0 3721120 821932  16368 S 384.6 20.6  15:04.63 java
19657 kabasel+  20   0 3721120 821932  16368 S 384.3 20.6  15:06.59 java
19657 kabasel+  20   0 3721120 821932  16368 S 388.2 20.6  15:08.57 java
19657 kabasel+  20   0 3721120 821932  16368 S 376.9 20.6  15:10.53 java
19657 kabasel+  20   0 3721120 822620  16368 S 390.2 20.7  15:12.52 java
19657 kabasel+  20   0 3721120 822620  16368 S 378.8 20.7  15:14.49 java
19657 kabasel+  20   0 3721120 822620  16368 S 390.2 20.7  15:16.48 java
19657 kabasel+  20   0 3721120 822092  16368 S 386.3 20.6  15:18.45 java
19657 kabasel+  20   0 3721120 822092  16368 S 378.8 20.6  15:20.42 java
19657 kabasel+  20   0 3721120 822092  16368 S 380.8 20.6  15:22.40 java
19657 kabasel+  20   0 3721120 822092  16368 S 386.3 20.6  15:24.37 java
19657 kabasel+  20   0 3721120 822092  16368 S 396.1 20.6  15:26.39 java
19657 kabasel+  20   0 3721120 822092  16368 S 382.7 20.6  15:28.38 java
19657 kabasel+  20   0 3721120 822092  16368 S 384.3 20.6  15:30.34 java
19657 kabasel+  20   0 3721120 822092  16368 S 388.2 20.6  15:32.32 java
19657 kabasel+  20   0 3721120 822092  16368 S 392.2 20.6  15:34.32 java
19657 kabasel+  20   0 3721120 822092  16368 S 365.4 20.6  15:36.22 java
19657 kabasel+  20   0 3721120 822092  16368 S 382.4 20.6  15:38.17 java
19657 kabasel+  20   0 3721120 822092  16368 S 384.3 20.6  15:40.13 java
19657 kabasel+  20   0 3721120 822092  16368 S 380.8 20.6  15:42.11 java
19657 kabasel+  20   0 3721120 822092  16368 S 376.5 20.6  15:44.03 java
19657 kabasel+  20   0 3721120 822092  16368 S 392.2 20.6  15:46.03 java
19657 kabasel+  20   0 3721120 822608  16368 S 374.5 20.7  15:47.94 java
19657 kabasel+  20   0 3721120 822616  16368 S 327.5 20.7  15:49.61 java
19657 kabasel+  20   0 3721120 822616  16368 S 386.3 20.7  15:51.58 java
19657 kabasel+  20   0 3721120 822616  16368 S 381.1 20.7  15:53.60 java
19657 kabasel+  20   0 3721120 822616  16368 S 388.5 20.7  15:55.62 java
19657 kabasel+  20   0 3721120 822616  16368 S 380.8 20.7  15:57.60 java
19657 kabasel+  20   0 3721120 822864  16368 S 380.4 20.7  15:59.54 java
19657 kabasel+  20   0 3721120 822864  16368 S 392.3 20.7  16:01.58 java
19657 kabasel+  20   0 3721120 822864  16368 S 386.5 20.7  16:03.59 java
19657 kabasel+  20   0 3721120 822864  16368 S 386.3 20.7  16:05.56 java
19657 kabasel+  20   0 3721120 822864  16368 S 386.5 20.7  16:07.57 java
19657 kabasel+  20   0 3721120 822352  16368 S 382.7 20.7  16:09.56 java
19657 kabasel+  20   0 3721120 822352  16368 S 390.4 20.7  16:11.59 java
19657 kabasel+  20   0 3721120 822352  16368 S 376.5 20.7  16:13.51 java
19657 kabasel+  20   0 3721120 822352  16368 S 388.2 20.7  16:15.49 java
19657 kabasel+  20   0 3721120 822352  16368 S 382.7 20.7  16:17.48 java
19657 kabasel+  20   0 3721120 822352  16368 S 392.2 20.7  16:19.48 java
19657 kabasel+  20   0 3721120 822352  16368 S 321.2 20.7  16:21.15 java
19657 kabasel+  20   0 3721120 822616  16368 S 386.3 20.7  16:23.12 java
19657 kabasel+  20   0 3721120 822616  16368 S 377.4 20.7  16:25.12 java
19657 kabasel+  20   0 3721120 822616  16368 S 392.2 20.7  16:27.12 java
19657 kabasel+  20   0 3721120 822616  16368 S 384.3 20.7  16:29.08 java
19657 kabasel+  20   0 3721120 822616  16368 S 388.7 20.7  16:31.14 java
19657 kabasel+  20   0 3721120 822616  16368 S 392.2 20.7  16:33.14 java
19657 kabasel+  20   0 3721120 822896  16368 S 376.9 20.7  16:35.10 java
19657 kabasel+  20   0 3721120 822896  16368 S 380.8 20.7  16:37.08 java
19657 kabasel+  20   0 3721120 822896  16368 S 388.2 20.7  16:39.06 java
19657 kabasel+  20   0 3721120 822384  16368 S 392.2 20.7  16:41.06 java
19657 kabasel+  20   0 3721120 822384  16368 S 363.5 20.7  16:42.95 java
19657 kabasel+  20   0 3721120 822384  16368 S 398.0 20.7  16:44.94 java
19657 kabasel+  20   0 3721120 822384  16368 S 330.8 20.7  16:46.66 java
19657 kabasel+  20   0 3721120 822384  16368 S 388.2 20.7  16:48.64 java
19657 kabasel+  20   0 3721120 822384  16368 S 375.0 20.7  16:50.59 java
19657 kabasel+  20   0 3721120 822384  16368 S 378.4 20.7  16:52.52 java
19657 kabasel+  20   0 3721120 822384  16368 S 349.0 20.7  16:54.30 java
19657 kabasel+  20   0 3721120 822384  16368 S 376.5 20.7  16:56.22 java
19657 kabasel+  20   0 3721120 822384  16368 S 373.6 20.7  16:58.20 java
19657 kabasel+  20   0 3721120 822384  16368 S 386.3 20.7  17:00.17 java
19657 kabasel+  20   0 3721120 822384  16368 S 380.8 20.7  17:02.15 java
19657 kabasel+  20   0 3721120 822384  16368 S 367.3 20.7  17:04.06 java
19657 kabasel+  20   0 3721120 823176  16368 S 380.8 20.7  17:06.04 java
19657 kabasel+  20   0 3721120 822980  16368 S 390.2 20.7  17:08.03 java
19657 kabasel+  20   0 3721120 822980  16368 S 386.5 20.7  17:10.04 java
19657 kabasel+  20   0 3721120 822980  16368 S 372.5 20.7  17:11.94 java
19657 kabasel+  20   0 3721120 822980  16368 S 382.7 20.7  17:13.93 java
19657 kabasel+  20   0 3721120 822980  16368 S 390.2 20.7  17:15.92 java
19657 kabasel+  20   0 3721120 822980  16368 S 376.5 20.7  17:17.84 java
19657 kabasel+  20   0 3721120 822980  16368 S 376.9 20.7  17:19.80 java
19657 kabasel+  20   0 3721120 822980  16368 S 392.2 20.7  17:21.80 java
19657 kabasel+  20   0 3721120 822980  16368 S 390.2 20.7  17:23.79 java
19657 kabasel+  20   0 3721120 822980  16368 S 388.2 20.7  17:25.77 java
19657 kabasel+  20   0 3721120 822980  16368 S 382.7 20.7  17:27.76 java
19657 kabasel+  20   0 3721120 822980  16368 S 390.2 20.7  17:29.75 java
19657 kabasel+  20   0 3721120 822980  16368 S 376.5 20.7  17:31.67 java
19657 kabasel+  20   0 3721120 822980  16368 S 384.3 20.7  17:33.63 java
19657 kabasel+  20   0 3721120 822980  16368 S 386.5 20.7  17:35.64 java
19657 kabasel+  20   0 3721120 822980  16368 S 375.0 20.7  17:37.59 java
19657 kabasel+  20   0 3721120 822980  16368 S 376.5 20.7  17:39.51 java
19657 kabasel+  20   0 3721120 822980  16368 S 384.6 20.7  17:41.51 java
19657 kabasel+  20   0 3721120 822980  16368 S 373.1 20.7  17:43.45 java
19657 kabasel+  20   0 3721120 822980  16368 S 392.3 20.7  17:45.49 java
19657 kabasel+  20   0 3721120 822980  16368 S 388.5 20.7  17:47.51 java
19657 kabasel+  20   0 3721120 822980  16368 S 380.8 20.7  17:49.49 java
19657 kabasel+  20   0 3721120 822980  16368 S 371.7 20.7  17:51.46 java
19657 kabasel+  20   0 3721120 822980  16368 S 378.4 20.7  17:53.39 java
19657 kabasel+  20   0 3721120 822980  16368 S 388.5 20.7  17:55.41 java
19657 kabasel+  20   0 3721120 822980  16368 S 386.5 20.7  17:57.42 java
19657 kabasel+  20   0 3721120 822868  16368 S 380.4 20.7  17:59.36 java
19657 kabasel+  20   0 3721120 822868  16368 S 390.4 20.7  18:01.39 java
19657 kabasel+  20   0 3721120 822868  16368 S 380.4 20.7  18:03.33 java
19657 kabasel+  20   0 3721120 822868  16368 S 388.5 20.7  18:05.35 java
19657 kabasel+  20   0 3721120 822868  16368 S 380.8 20.7  18:07.33 java
19657 kabasel+  20   0 3721120 822868  16368 S 388.5 20.7  18:09.35 java
19657 kabasel+  20   0 3721120 822868  16368 S 392.3 20.7  18:11.39 java
19657 kabasel+  20   0 3721120 822868  16368 S 388.5 20.7  18:13.41 java
19657 kabasel+  20   0 3721120 822868  16368 S 327.5 20.7  18:15.08 java
19657 kabasel+  20   0 3721120 823044  16368 S 386.5 20.7  18:17.09 java
19657 kabasel+  20   0 3721120 823044  16368 S 388.5 20.7  18:19.11 java
19657 kabasel+  20   0 3721120 823044  16368 S 378.8 20.7  18:21.08 java
19657 kabasel+  20   0 3721120 823044  16368 S 390.2 20.7  18:23.07 java
19657 kabasel+  20   0 3721120 823044  16368 S 390.2 20.7  18:25.06 java
19657 kabasel+  20   0 3721120 823136  16368 S 390.2 20.7  18:27.05 java
19657 kabasel+  20   0 3721120 823136  16368 S 388.2 20.7  18:29.03 java
19657 kabasel+  20   0 3721120 823228  16368 S 382.7 20.7  18:31.02 java
19657 kabasel+  20   0 3721120 823228  16368 S 390.2 20.7  18:33.01 java
19657 kabasel+  20   0 3721120 823228  16368 S 392.2 20.7  18:35.01 java
19657 kabasel+  20   0 3721120 823228  16368 S 386.3 20.7  18:36.98 java
19657 kabasel+  20   0 3721120 823228  16368 S 382.7 20.7  18:38.97 java
19657 kabasel+  20   0 3721120 823228  16368 S 384.6 20.7  18:40.97 java
19657 kabasel+  20   0 3721120 823228  16368 S 386.3 20.7  18:42.94 java
19657 kabasel+  20   0 3721120 823840  16368 S 386.3 20.7  18:44.91 java
19657 kabasel+  20   0 3721120 823176  16368 S 377.4 20.7  18:46.91 java
19657 kabasel+  20   0 3721120 824232  16368 S 384.0 20.7  18:48.83 java
19657 kabasel+  20   0 3721120 823208  16368 S 378.8 20.7  18:50.80 java
19657 kabasel+  20   0 3721120 823208  16368 S 378.8 20.7  18:52.77 java
19657 kabasel+  20   0 3721120 823208  16368 S 386.5 20.7  18:54.78 java
19657 kabasel+  20   0 3721120 823208  16368 S 388.2 20.7  18:56.76 java
19657 kabasel+  20   0 3721120 823208  16368 S 392.3 20.7  18:58.80 java
19657 kabasel+  20   0 3721120 823208  16368 S 386.5 20.7  19:00.81 java
19657 kabasel+  20   0 3721120 823208  16368 S 375.0 20.7  19:02.76 java
19657 kabasel+  20   0 3721120 823208  16368 S 392.3 20.7  19:04.80 java
19657 kabasel+  20   0 3721120 823208  16368 S 392.3 20.7  19:06.84 java
19657 kabasel+  20   0 3721120 823208  16368 S 380.8 20.7  19:08.82 java
19657 kabasel+  20   0 3721120 823208  16368 S 392.2 20.7  19:10.82 java
19657 kabasel+  20   0 3721120 823208  16368 S 380.8 20.7  19:12.80 java
19657 kabasel+  20   0 3721120 823208  16368 S 388.2 20.7  19:14.78 java
19657 kabasel+  20   0 3721120 823208  16368 S 388.2 20.7  19:16.76 java
19657 kabasel+  20   0 3721120 823208  16368 S 384.3 20.7  19:18.72 java
19657 kabasel+  20   0 3721120 823208  16368 S 382.7 20.7  19:20.71 java
19657 kabasel+  20   0 3721120 823208  16368 S 392.2 20.7  19:22.71 java
19657 kabasel+  20   0 3721120 823208  16368 S 392.2 20.7  19:24.71 java
19657 kabasel+  20   0 3721120 823208  16368 S 376.9 20.7  19:26.67 java
19657 kabasel+  20   0 3721120 823208  16368 S 398.0 20.7  19:28.70 java
19657 kabasel+  20   0 3721120 823208  16368 S 366.7 20.7  19:30.57 java
19657 kabasel+  20   0 3721120 823208  16368 S 394.1 20.7  19:32.58 java
19657 kabasel+  20   0 3721120 823208  16368 S 378.8 20.7  19:34.55 java
19657 kabasel+  20   0 3721120 823472  16368 S 390.2 20.7  19:36.54 java
19657 kabasel+  20   0 3721120 823736  16368 S 378.8 20.7  19:38.51 java
19657 kabasel+  20   0 3721120 824540  16368 S 388.2 20.7  19:40.49 java
19657 kabasel+  20   0 3721120 829360  16368 S 382.4 20.8  19:42.44 java
19657 kabasel+  20   0 3721120 835100  16368 S 373.1 21.0  19:44.38 java
19657 kabasel+  20   0 3721120 840536  16368 S 386.3 21.1  19:46.35 java
19657 kabasel+  20   0 3721120 847024  16368 S 380.8 21.3  19:48.33 java
19657 kabasel+  20   0 3721120 852176  16368 S 390.2 21.4  19:50.32 java
19657 kabasel+  20   0 3721120 859908  16368 S 382.7 21.6  19:52.31 java
19657 kabasel+  20   0 3721120 865284  16368 S 392.2 21.7  19:54.31 java
19657 kabasel+  20   0 3721120 837704  16368 S 370.6 21.0  19:56.20 java
19657 kabasel+  20   0 3721120 837704  16368 S 392.2 21.0  19:58.20 java
19657 kabasel+  20   0 3721120 837704  16368 S 376.9 21.0  20:00.16 java
19657 kabasel+  20   0 3721120 837704  16368 S 392.2 21.0  20:02.16 java
19657 kabasel+  20   0 3721120 837704  16368 S 380.8 21.0  20:04.14 java
19657 kabasel+  20   0 3721120 837704  16368 S 392.2 21.0  20:06.14 java
19657 kabasel+  20   0 3721120 837704  16368 S 378.8 21.0  20:08.11 java
19657 kabasel+  20   0 3721120 837704  16368 S 388.2 21.0  20:10.09 java
19657 kabasel+  20   0 3721120 837704  16368 S 384.3 21.0  20:12.05 java
19657 kabasel+  20   0 3721120 838008  16368 S 370.6 21.0  20:13.94 java
19657 kabasel+  20   0 3721120 837652  16368 S 376.9 21.0  20:15.90 java
19657 kabasel+  20   0 3721120 837652  16368 S 384.3 21.0  20:17.86 java
19657 kabasel+  20   0 3721120 837652  16368 S 392.2 21.0  20:19.86 java
19657 kabasel+  20   0 3721120 837652  16368 S 386.5 21.0  20:21.87 java
19657 kabasel+  20   0 3721120 837652  16368 S 392.2 21.0  20:23.87 java
19657 kabasel+  20   0 3721120 837652  16368 S 390.2 21.0  20:25.86 java
19657 kabasel+  20   0 3721120 837652  16368 S 378.8 21.0  20:27.83 java
19657 kabasel+  20   0 3721120 837652  16368 S 372.5 21.0  20:29.73 java
19657 kabasel+  20   0 3721120 837652  16368 S 386.3 21.0  20:31.70 java
19657 kabasel+  20   0 3721120 837652  16368 S 390.2 21.0  20:33.69 java
19657 kabasel+  20   0 3721120 837652  16368 S 382.7 21.0  20:35.68 java
19657 kabasel+  20   0 3721120 837652  16368 S 366.7 21.0  20:37.55 java
19657 kabasel+  20   0 3721120 838600  16368 S 382.7 21.1  20:39.54 java
19657 kabasel+  20   0 3721120 838600  16368 S 386.5 21.1  20:41.55 java
19657 kabasel+  20   0 3721120 837576  16368 S 388.2 21.0  20:43.53 java
19657 kabasel+  20   0 3721120 837576  16368 S 390.2 21.0  20:45.52 java
19657 kabasel+  20   0 3721120 837576  16368 S 378.8 21.0  20:47.49 java
19657 kabasel+  20   0 3721120 837576  16368 S 390.4 21.0  20:49.52 java
19657 kabasel+  20   0 3721120 837576  16368 S 382.7 21.0  20:51.51 java
19657 kabasel+  20   0 3721120 837576  16368 S 390.4 21.0  20:53.54 java
19657 kabasel+  20   0 3721120 837576  16368 S 380.8 21.0  20:55.52 java
19657 kabasel+  20   0 3721120 837576  16368 S 384.6 21.0  20:57.52 java
19657 kabasel+  20   0 3721120 837576  16368 S 380.8 21.0  20:59.50 java
19657 kabasel+  20   0 3721120 837576  16368 S 390.2 21.0  21:01.49 java
19657 kabasel+  20   0 3721120 837576  16368 S 380.8 21.0  21:03.47 java
19657 kabasel+  20   0 3721120 838632  16368 S 378.8 21.1  21:05.44 java
19657 kabasel+  20   0 3721120 838632  16368 S 390.2 21.1  21:07.43 java
19657 kabasel+  20   0 3721120 838632  16368 S 380.8 21.1  21:09.41 java
19657 kabasel+  20   0 3721120 838632  16368 S 384.6 21.1  21:11.41 java
19657 kabasel+  20   0 3721120 837608  16368 S 384.3 21.0  21:13.37 java
19657 kabasel+  20   0 3721120 837608  16368 S 392.3 21.0  21:15.41 java
19657 kabasel+  20   0 3721120 837608  16368 S 390.2 21.0  21:17.40 java
19657 kabasel+  20   0 3721120 837608  16368 S 384.6 21.0  21:19.40 java
19657 kabasel+  20   0 3721120 837608  16368 S 382.7 21.0  21:21.39 java
19657 kabasel+  20   0 3721120 837608  16368 S 382.7 21.0  21:23.38 java
19657 kabasel+  20   0 3721120 837608  16368 S 384.9 21.0  21:25.42 java
19657 kabasel+  20   0 3721120 802656  16368 S 372.5 20.2  21:27.32 java
19657 kabasel+  20   0 3721120 802656  16368 S 374.5 20.2  21:29.23 java
19657 kabasel+  20   0 3721120 802656  16368 S 380.8 20.2  21:31.21 java
19657 kabasel+  20   0 3721120 802656  16368 S 388.2 20.2  21:33.19 java
19657 kabasel+  20   0 3721120 802656  16368 S 394.1 20.2  21:35.20 java
19657 kabasel+  20   0 3721120 802656  16368 S 380.8 20.2  21:37.18 java
19657 kabasel+  20   0 3721120 802652  16368 S 392.2 20.2  21:39.18 java
19657 kabasel+  20   0 3721120 802652  16368 S 386.3 20.2  21:41.15 java
19657 kabasel+  20   0 3721120 803696  16368 S 392.2 20.2  21:43.15 java
19657 kabasel+  20   0 3721120 802672  16368 S 380.4 20.2  21:45.09 java
19657 kabasel+  20   0 3721120 802672  16368 S 386.5 20.2  21:47.10 java
19657 kabasel+  20   0 3721120 802672  16368 S 384.3 20.2  21:49.06 java
19657 kabasel+  20   0 3721120 802672  16368 S 388.2 20.2  21:51.04 java
19657 kabasel+  20   0 3721120 802672  16368 S 375.0 20.2  21:52.99 java
19657 kabasel+  20   0 3721120 802672  16368 S 390.2 20.2  21:54.98 java
19657 kabasel+  20   0 3721120 802672  16368 S 394.1 20.2  21:56.99 java
19657 kabasel+  20   0 3721120 802672  16368 S 390.4 20.2  21:59.02 java
19657 kabasel+  20   0 3721120 802672  16368 S 388.2 20.2  22:01.00 java
19657 kabasel+  20   0 3721120 802672  16368 S 378.8 20.2  22:02.97 java
19657 kabasel+  20   0 3721120 802672  16368 S 388.2 20.2  22:04.95 java
19657 kabasel+  20   0 3721120 802672  16368 S 380.4 20.2  22:06.89 java
19657 kabasel+  20   0 3721120 802672  16368 S 388.2 20.2  22:08.87 java
19657 kabasel+  20   0 3721120 802672  16368 S 375.0 20.2  22:10.82 java
19657 kabasel+  20   0 3721120 802672  16368 S 386.3 20.2  22:12.79 java
19657 kabasel+  20   0 3721120 802672  16368 S 386.3 20.2  22:14.76 java
19657 kabasel+  20   0 3721120 802672  16368 S 388.2 20.2  22:16.74 java
19657 kabasel+  20   0 3721120 802672  16368 S 361.5 20.2  22:18.62 java
19657 kabasel+  20   0 3721120 802672  16368 S 388.2 20.2  22:20.60 java
19657 kabasel+  20   0 3721120 802628  16368 S 384.6 20.2  22:22.60 java
19657 kabasel+  20   0 3721120 802628  16368 S 390.2 20.2  22:24.59 java
19657 kabasel+  20   0 3721120 802628  16368 S 388.2 20.2  22:26.57 java
19657 kabasel+  20   0 3721120 802628  16368 S 367.3 20.2  22:28.48 java
19657 kabasel+  20   0 3721120 802628  16368 S 382.7 20.2  22:30.47 java
19657 kabasel+  20   0 3721120 802628  16368 S 388.5 20.2  22:32.49 java
19657 kabasel+  20   0 3721120 802892  16368 S 390.4 20.2  22:34.52 java
19657 kabasel+  20   0 3721120 802672  16368 S 388.5 20.2  22:36.54 java
19657 kabasel+  20   0 3721120 802672  16368 S 382.7 20.2  22:38.53 java
19657 kabasel+  20   0 3721120 803464  16368 S 386.3 20.2  22:40.50 java
19657 kabasel+  20   0 3721120 803464  16368 S 378.8 20.2  22:42.47 java
19657 kabasel+  20   0 3721120 803464  16368 S 392.3 20.2  22:44.51 java
19657 kabasel+  20   0 3721120 803464  16368 S 344.2 20.2  22:46.30 java
19657 kabasel+  20   0 3721120 803464  16368 S 384.3 20.2  22:48.26 java
19657 kabasel+  20   0 3721120 803464  16368 S 384.3 20.2  22:50.22 java
19657 kabasel+  20   0 3721120 803464  16368 S 377.4 20.2  22:52.22 java
19657 kabasel+  20   0 3721120 802764  16368 S 386.3 20.2  22:54.19 java
19657 kabasel+  20   0 3721120 802764  16368 S 309.6 20.2  22:55.80 java
19657 kabasel+  20   0 3721120 802764  16368 S 209.8 20.2  22:56.87 java
19657 kabasel+  20   0 3721120 802764  16368 S 205.9 20.2  22:57.92 java
19657 kabasel+  20   0 3721120 802764  16368 S 207.8 20.2  22:58.98 java
19657 kabasel+  20   0 3721120 802764  16368 S 107.8 20.2  22:59.53 java
19657 kabasel+  20   0 3721120 802764  16368 S 123.5 20.2  23:00.16 java
19657 kabasel+  20   0 3721120 787860  16368 S 245.1 19.8  23:01.41 java
19657 kabasel+  20   0 3721120 787860  16368 S   0.0 19.8  23:01.41 java
19657 kabasel+  20   0 3721120 787860  16368 S   0.0 19.8  23:01.41 java
19657 kabasel+  20   0 3721120 787860  16368 S   0.0 19.8  23:01.41 java
19657 kabasel+  20   0 3721120 787860  16368 S   0.0 19.8  23:01.41 java
19657 kabasel+  20   0 3721120 787860  16368 S   0.0 19.8  23:01.41 java
19657 kabasel+  20   0 3721120 787860  16368 S   0.0 19.8  23:01.41 java
19657 kabasel+  20   0 3721120 787860  16368 S   0.0 19.8  23:01.41 java
19657 kabasel+  20   0 3721120 787860  16368 S   0.0 19.8  23:01.41 java
19657 kabasel+  20   0 3721120 787860  16368 S   0.0 19.8  23:01.41 java
19657 kabasel+  20   0 3721120 787860  16368 S   0.0 19.8  23:01.41 java
19657 kabasel+  20   0 3721120 787860  16368 S   0.0 19.8  23:01.41 java
19657 kabasel+  20   0 3721120 787860  16368 S   0.0 19.8  23:01.41 java
19657 kabasel+  20   0 3721120 787860  16368 S   0.0 19.8  23:01.41 java
19657 kabasel+  20   0 3721120 787860  16368 S   0.0 19.8  23:01.41 java
19657 kabasel+  20   0 3721120 787860  16368 S   0.0 19.8  23:01.41 java
19657 kabasel+  20   0 3721120 787860  16368 S   0.0 19.8  23:01.41 java
19657 kabasel+  20   0 3721120 787860  16368 S   0.0 19.8  23:01.41 java
19657 kabasel+  20   0 3721120 787860  16368 S   0.0 19.8  23:01.41 java
19657 kabasel+  20   0 3721120 787860  16368 S   0.0 19.8  23:01.41 java
19657 kabasel+  20   0 3721120 787860  16368 S   0.0 19.8  23:01.41 java
19657 kabasel+  20   0 3721120 787860  16368 S   0.0 19.8  23:01.41 java
19657 kabasel+  20   0 3721120 787860  16368 S   0.0 19.8  23:01.41 java
19657 kabasel+  20   0 3721120 787860  16368 S   0.0 19.8  23:01.41 java
19657 kabasel+  20   0 3721120 787860  16368 S   0.0 19.8  23:01.41 java
19657 kabasel+  20   0 3721120 787860  16368 S   0.0 19.8  23:01.41 java
19657 kabasel+  20   0 3721120 787860  16368 S   0.0 19.8  23:01.41 java
19657 kabasel+  20   0 3721120 787860  16368 S   0.0 19.8  23:01.41 java
19657 kabasel+  20   0 3721120 787860  16368 S   0.0 19.8  23:01.41 java
19657 kabasel+  20   0 3721120 787860  16368 S   0.0 19.8  23:01.41 java
19657 kabasel+  20   0 3721120 787860  16368 S   0.0 19.8  23:01.41 java
19657 kabasel+  20   0 3721120 787860  16368 S   0.0 19.8  23:01.41 java
19657 kabasel+  20   0 3721120 787860  16368 S   0.0 19.8  23:01.41 java
19657 kabasel+  20   0 3721120 787860  16368 S   0.0 19.8  23:01.41 java
19657 kabasel+  20   0 3721120 787860  16368 S   0.0 19.8  23:01.41 java
19657 kabasel+  20   0 3721120 787860  16368 S   0.0 19.8  23:01.41 java
19657 kabasel+  20   0 3721120 787860  16368 S   0.0 19.8  23:01.41 java
19657 kabasel+  20   0 3721120 787860  16368 S   0.0 19.8  23:01.41 java
19657 kabasel+  20   0 3721120 787860  16368 S   0.0 19.8  23:01.41 java
19657 kabasel+  20   0 3721120 787860  16368 S   0.0 19.8  23:01.41 java
19657 kabasel+  20   0 3721120 787860  16368 S   0.0 19.8  23:01.41 java
19657 kabasel+  20   0 3721120 787860  16368 S   0.0 19.8  23:01.41 java
19657 kabasel+  20   0 3721120 787860  16368 S   0.0 19.8  23:01.41 java
19657 kabasel+  20   0 3721120 787860  16368 S   0.0 19.8  23:01.41 java
19657 kabasel+  20   0 3721120 787860  16368 S   0.0 19.8  23:01.41 java
19657 kabasel+  20   0 3721120 787860  16368 S   0.0 19.8  23:01.41 java
19657 kabasel+  20   0 3721120 787860  16368 S   0.0 19.8  23:01.41 java
19657 kabasel+  20   0 3721120 787860  16368 S   0.0 19.8  23:01.41 java
19657 kabasel+  20   0 3721120 787860  16368 S   0.0 19.8  23:01.41 java
19657 kabasel+  20   0 3721120 787860  16368 S   0.0 19.8  23:01.41 java
19657 kabasel+  20   0 3721120 787860  16368 S   0.0 19.8  23:01.41 java
19657 kabasel+  20   0 3721120 787860  16368 S   0.0 19.8  23:01.41 java
19657 kabasel+  20   0 3721120 787860  16368 S   0.0 19.8  23:01.41 java
19657 kabasel+  20   0 3721120 787860  16368 S   0.0 19.8  23:01.41 java
