 4231 kabasel+  20   0 3721120  58336  16240 S 256,2  1,5   0:01,05 java
 4231 kabasel+  20   0 3721120 186612  16240 S 354,0  4,7   0:02,82 java
 4231 kabasel+  20   0 3721120 346256  16240 S 384,3  8,7   0:04,78 java
 4231 kabasel+  20   0 3721120 392536  16240 S 380,4  9,9   0:06,72 java
 4231 kabasel+  20   0 3721120 405584  16256 S 352,0 10,2   0:08,48 java
 4231 kabasel+  20   0 3721120 406384  16256 S 384,3 10,2   0:10,44 java
 4231 kabasel+  20   0 3721120 408172  16256 S 390,2 10,3   0:12,43 java
 4231 kabasel+  20   0 3721120 412296  16256 S 374,5 10,4   0:14,34 java
 4231 kabasel+  20   0 3721120 419568  16256 S 298,0 10,5   0:15,86 java
 4231 kabasel+  20   0 3721120 420124  16256 S 348,0 10,6   0:17,60 java
 4231 kabasel+  20   0 3721120 421660  16256 S 317,6 10,6   0:19,22 java
 4231 kabasel+  20   0 3721120 421400  16256 S 362,7 10,6   0:21,07 java
 4231 kabasel+  20   0 3721120 423448  16256 S 342,0 10,6   0:22,78 java
 4231 kabasel+  20   0 3721120 432748  16256 S 384,3 10,9   0:24,74 java
 4231 kabasel+  20   0 3721120 445996  16256 S 327,5 11,2   0:26,41 java
 4231 kabasel+  20   0 3721120 445996  16256 S 382,4 11,2   0:28,36 java
 4231 kabasel+  20   0 3721120 446172  16256 S 382,4 11,2   0:30,31 java
 4231 kabasel+  20   0 3721120 447216  16256 S 382,7 11,2   0:32,30 java
 4231 kabasel+  20   0 3721120 451068  16256 S 362,7 11,3   0:34,15 java
 4231 kabasel+  20   0 3721120 465696  16256 S 376,5 11,7   0:36,07 java
 4231 kabasel+  20   0 3721120 466388  16256 S 332,0 11,7   0:37,73 java
 4231 kabasel+  20   0 3721120 466904  16256 S 358,8 11,7   0:39,56 java
 4231 kabasel+  20   0 3721120 466904  16256 S 374,5 11,7   0:41,47 java
 4231 kabasel+  20   0 3721120 466904  16256 S 384,3 11,7   0:43,43 java
 4231 kabasel+  20   0 3721120 467668  16256 S 396,0 11,7   0:45,41 java
 4231 kabasel+  20   0 3721120 497580  16256 S 384,3 12,5   0:47,37 java
 4231 kabasel+  20   0 3721120 498868  16256 S 303,9 12,5   0:48,92 java
 4231 kabasel+  20   0 3721120 500360  16256 S 376,9 12,6   0:50,88 java
 4231 kabasel+  20   0 3721120 500444  16256 S 394,0 12,6   0:52,85 java
 4231 kabasel+  20   0 3721120 500444  16256 S 378,4 12,6   0:54,78 java
 4231 kabasel+  20   0 3721120 500880  16256 S 305,9 12,6   0:56,34 java
 4231 kabasel+  20   0 3721120 505652  16256 S 243,1 12,7   0:57,58 java
 4231 kabasel+  20   0 3721120 508008  16256 S 220,0 12,8   0:58,68 java
 4231 kabasel+  20   0 3721120 509588  16256 S 115,7 12,8   0:59,27 java
 4231 kabasel+  20   0 3721120 519272  16256 S 178,4 13,0   1:00,18 java
 4231 kabasel+  20   0 3721120 525432  16256 S 227,5 13,2   1:01,34 java
 4231 kabasel+  20   0 3721120 525432  16256 S 292,0 13,2   1:02,80 java
 4231 kabasel+  20   0 3721120 525432  16256 S 233,3 13,2   1:03,99 java
 4231 kabasel+  20   0 3721120 525948  16256 S 233,3 13,2   1:05,18 java
 4231 kabasel+  20   0 3721120 530140  16256 S 335,3 13,3   1:06,89 java
 4231 kabasel+  20   0 3721120 534580  16256 S 388,5 13,4   1:08,91 java
 4231 kabasel+  20   0 3721120 541860  16256 S 378,4 13,6   1:10,84 java
 4231 kabasel+  20   0 3721120 542292  16256 S 243,1 13,6   1:12,08 java
 4231 kabasel+  20   0 3721120 542292  16256 S 372,0 13,6   1:13,94 java
 4231 kabasel+  20   0 3721120 542292  16256 S 341,2 13,6   1:15,68 java
 4231 kabasel+  20   0 3721120 542292  16256 S 382,4 13,6   1:17,63 java
 4231 kabasel+  20   0 3721120 541780  16256 S 368,6 13,6   1:19,51 java
 4231 kabasel+  20   0 3721120 541780  16256 S 386,0 13,6   1:21,44 java
 4231 kabasel+  20   0 3721120 541780  16256 S 376,5 13,6   1:23,36 java
 4231 kabasel+  20   0 3721120 541780  16256 S 378,4 13,6   1:25,29 java
 4231 kabasel+  20   0 3721120 541780  16256 S 364,7 13,6   1:27,15 java
 4231 kabasel+  20   0 3721120 544488  16256 S 362,0 13,7   1:28,96 java
 4231 kabasel+  20   0 3721120 552588  16256 S 380,4 13,9   1:30,90 java
 4231 kabasel+  20   0 3721120 555488  16256 S 327,5 14,0   1:32,57 java
 4231 kabasel+  20   0 3721120 555524  16256 S 296,1 14,0   1:34,08 java
 4231 kabasel+  20   0 3721120 556428  16256 S 392,0 14,0   1:36,04 java
 4231 kabasel+  20   0 3721120 556640  16256 S 362,7 14,0   1:37,89 java
 4231 kabasel+  20   0 3721120 556044  16256 S 282,4 14,0   1:39,33 java
 4231 kabasel+  20   0 3721120 556044  16256 S 319,6 14,0   1:40,96 java
 4231 kabasel+  20   0 3721120 556044  16256 S 344,0 14,0   1:42,68 java
 4231 kabasel+  20   0 3721120 556044  16256 S 243,1 14,0   1:43,92 java
 4231 kabasel+  20   0 3721120 556044  16256 S 192,2 14,0   1:44,90 java
 4231 kabasel+  20   0 3721120 562220  16256 S 341,2 14,1   1:46,64 java
 4231 kabasel+  20   0 3721120 567944  16256 S 386,0 14,3   1:48,57 java
 4231 kabasel+  20   0 3721120 577096  16256 S 366,7 14,5   1:50,44 java
 4231 kabasel+  20   0 3721120 577036  16256 S 339,2 14,5   1:52,17 java
 4231 kabasel+  20   0 3721120 577036  16256 S 388,2 14,5   1:54,15 java
 4231 kabasel+  20   0 3721120 577036  16256 S 392,0 14,5   1:56,11 java
 4231 kabasel+  20   0 3721120 577036  16256 S 386,3 14,5   1:58,08 java
 4231 kabasel+  20   0 3721120 577036  16256 S 376,5 14,5   2:00,00 java
 4231 kabasel+  20   0 3721120 577036  16256 S 380,4 14,5   2:01,94 java
 4231 kabasel+  20   0 3721120 577044  16256 S 384,0 14,5   2:03,86 java
 4231 kabasel+  20   0 3721120 577044  16256 S 382,4 14,5   2:05,81 java
 4231 kabasel+  20   0 3721120 577044  16256 S 388,2 14,5   2:07,79 java
 4231 kabasel+  20   0 3721120 576236  16256 S 388,2 14,5   2:09,77 java
 4231 kabasel+  20   0 3721120 576432  16256 S 386,0 14,5   2:11,70 java
 4231 kabasel+  20   0 3721120 575928  16256 S 380,4 14,5   2:13,64 java
 4231 kabasel+  20   0 3721120 575956  16256 S 384,3 14,5   2:15,60 java
 4231 kabasel+  20   0 3721120 579780  16256 S 378,4 14,6   2:17,53 java
 4231 kabasel+  20   0 3721120 583936  16256 S 356,9 14,7   2:19,35 java
 4231 kabasel+  20   0 3721120 584056  16256 S 360,0 14,7   2:21,15 java
 4231 kabasel+  20   0 3721120 584056  16256 S 371,2 14,7   2:23,08 java
 4231 kabasel+  20   0 3721120 584056  16256 S 384,3 14,7   2:25,04 java
 4231 kabasel+  20   0 3721120 583992  16256 S 376,5 14,7   2:26,96 java
 4231 kabasel+  20   0 3721120 583992  16256 S 396,0 14,7   2:28,94 java
 4231 kabasel+  20   0 3721120 583992  16256 S 384,3 14,7   2:30,90 java
 4231 kabasel+  20   0 3721120 583992  16256 S 392,2 14,7   2:32,90 java
 4231 kabasel+  20   0 3721120 583992  16256 S 386,3 14,7   2:34,87 java
 4231 kabasel+  20   0 3721120 583992  16256 S 394,0 14,7   2:36,84 java
 4231 kabasel+  20   0 3721120 583992  16256 S 388,2 14,7   2:38,82 java
 4231 kabasel+  20   0 3721120 583992  16256 S 378,4 14,7   2:40,75 java
 4231 kabasel+  20   0 3721120 585180  16256 S 382,4 14,7   2:42,70 java
 4231 kabasel+  20   0 3721120 591360  16256 S 386,0 14,9   2:44,63 java
 4231 kabasel+  20   0 3721120 597796  16256 S 347,1 15,0   2:46,40 java
 4231 kabasel+  20   0 3721120 601652  16256 S 352,9 15,1   2:48,20 java
 4231 kabasel+  20   0 3721120 608084  16256 S 372,5 15,3   2:50,10 java
 4231 kabasel+  20   0 3721120 615556  16256 S 396,0 15,5   2:52,08 java
 4231 kabasel+  20   0 3721120 615824  16256 S 329,4 15,5   2:53,76 java
 4231 kabasel+  20   0 3721120 615872  16256 S 384,3 15,5   2:55,72 java
 4231 kabasel+  20   0 3721120 615872  16256 S 384,3 15,5   2:57,68 java
 4231 kabasel+  20   0 3721120 615872  16256 S 372,5 15,5   2:59,58 java
 4231 kabasel+  20   0 3721120 615872  16256 S 302,0 15,5   3:01,09 java
 4231 kabasel+  20   0 3721120 615872  16256 S 339,2 15,5   3:02,82 java
 4231 kabasel+  20   0 3721120 615872  16256 S 361,5 15,5   3:04,70 java
 4231 kabasel+  20   0 3721120 616456  16256 S 356,9 15,5   3:06,52 java
 4231 kabasel+  20   0 3721120 616456  16256 S 359,6 15,5   3:08,39 java
 4231 kabasel+  20   0 3721120 615700  16256 S 360,0 15,5   3:10,19 java
 4231 kabasel+  20   0 3721120 615700  16256 S 362,7 15,5   3:12,04 java
 4231 kabasel+  20   0 3721120 615700  16256 S 392,2 15,5   3:14,04 java
 4231 kabasel+  20   0 3721120 615700  16256 S 384,3 15,5   3:16,00 java
 4231 kabasel+  20   0 3721120 615700  16256 S 392,2 15,5   3:18,00 java
 4231 kabasel+  20   0 3721120 619932  16256 S 366,0 15,6   3:19,83 java
 4231 kabasel+  20   0 3721120 622760  16256 S 378,4 15,6   3:21,76 java
 4231 kabasel+  20   0 3721120 627404  16256 S 292,2 15,8   3:23,25 java
 4231 kabasel+  20   0 3721120 631840  16256 S 286,3 15,9   3:24,71 java
 4231 kabasel+  20   0 3721120 637988  16256 S 349,0 16,0   3:26,49 java
 4231 kabasel+  20   0 3721120 641424  16256 S 326,0 16,1   3:28,12 java
 4231 kabasel+  20   0 3721120 641556  16256 S 354,9 16,1   3:29,93 java
 4231 kabasel+  20   0 3721120 641556  16256 S 366,7 16,1   3:31,80 java
 4231 kabasel+  20   0 3721120 641556  16256 S 396,0 16,1   3:33,78 java
 4231 kabasel+  20   0 3721120 641556  16256 S 380,4 16,1   3:35,72 java
 4231 kabasel+  20   0 3721120 641620  16256 S 386,3 16,1   3:37,69 java
 4231 kabasel+  20   0 3721120 641620  16256 S 388,2 16,1   3:39,67 java
 4231 kabasel+  20   0 3721120 641620  16256 S 386,3 16,1   3:41,64 java
 4231 kabasel+  20   0 3721120 642236  16256 S 390,0 16,1   3:43,59 java
 4231 kabasel+  20   0 3721120 642256  16256 S 380,4 16,1   3:45,53 java
 4231 kabasel+  20   0 3721120 642256  16256 S 388,2 16,1   3:47,51 java
 4231 kabasel+  20   0 3721120 642256  16256 S 384,3 16,1   3:49,47 java
 4231 kabasel+  20   0 3721120 642256  16256 S 382,4 16,1   3:51,42 java
 4231 kabasel+  20   0 3721120 641388  16256 S 388,2 16,1   3:53,40 java
 4231 kabasel+  20   0 3721120 647528  16256 S 398,0 16,3   3:55,39 java
 4231 kabasel+  20   0 3721120 651428  16256 S 388,2 16,4   3:57,37 java
 4231 kabasel+  20   0 3721120 657912  16256 S 382,4 16,5   3:59,32 java
 4231 kabasel+  20   0 3721120 665396  16256 S 378,4 16,7   4:01,25 java
 4231 kabasel+  20   0 3721120 668528  16256 S 394,0 16,8   4:03,22 java
 4231 kabasel+  20   0 3721120 675616  16256 S 382,4 17,0   4:05,17 java
 4231 kabasel+  20   0 3721120 661968  16256 S 339,2 16,6   4:06,90 java
 4231 kabasel+  20   0 3721120 662500  16256 S 388,2 16,6   4:08,88 java
 4231 kabasel+  20   0 3721120 662500  16256 S 384,3 16,6   4:10,84 java
 4231 kabasel+  20   0 3721120 662500  16256 S 330,0 16,6   4:12,49 java
 4231 kabasel+  20   0 3721120 662500  16256 S 372,5 16,6   4:14,39 java
 4231 kabasel+  20   0 3721120 662500  16256 S 378,8 16,6   4:16,36 java
 4231 kabasel+  20   0 3721120 661948  16256 S 392,0 16,6   4:18,32 java
 4231 kabasel+  20   0 3721120 661948  16256 S 384,3 16,6   4:20,28 java
 4231 kabasel+  20   0 3721120 661948  16256 S 392,2 16,6   4:22,28 java
 4231 kabasel+  20   0 3721120 661948  16256 S 386,3 16,6   4:24,25 java
 4231 kabasel+  20   0 3721120 661952  16256 S 398,0 16,6   4:26,24 java
 4231 kabasel+  20   0 3721120 661952  16256 S 374,5 16,6   4:28,15 java
 4231 kabasel+  20   0 3721120 661952  16256 S 380,4 16,6   4:30,09 java
 4231 kabasel+  20   0 3721120 661952  16256 S 374,5 16,6   4:32,00 java
 4231 kabasel+  20   0 3721120 661952  16256 S 288,0 16,6   4:33,44 java
 4231 kabasel+  20   0 3721120 661952  16256 S 313,7 16,6   4:35,04 java
 4231 kabasel+  20   0 3721120 661952  16256 S 337,3 16,6   4:36,76 java
 4231 kabasel+  20   0 3721120 661952  16256 S 368,6 16,6   4:38,64 java
 4231 kabasel+  20   0 3721120 661952  16256 S 376,0 16,6   4:40,52 java
 4231 kabasel+  20   0 3721120 661952  16256 S 386,3 16,6   4:42,49 java
 4231 kabasel+  20   0 3721120 661952  16256 S 386,3 16,6   4:44,46 java
 4231 kabasel+  20   0 3721120 661952  16256 S 372,5 16,6   4:46,36 java
 4231 kabasel+  20   0 3721120 662120  16256 S 400,0 16,6   4:48,36 java
 4231 kabasel+  20   0 3721120 662120  16256 S 386,3 16,6   4:50,33 java
 4231 kabasel+  20   0 3721120 662120  16256 S 374,5 16,6   4:52,24 java
 4231 kabasel+  20   0 3721120 662120  16256 S 378,4 16,6   4:54,17 java
 4231 kabasel+  20   0 3721120 662120  16256 S 364,7 16,6   4:56,03 java
 4231 kabasel+  20   0 3721120 662120  16256 S 386,0 16,6   4:57,96 java
 4231 kabasel+  20   0 3721120 662120  16256 S 335,3 16,6   4:59,67 java
 4231 kabasel+  20   0 3721120 662120  16256 S 317,6 16,6   5:01,29 java
 4231 kabasel+  20   0 3721120 662120  16256 S 333,3 16,6   5:02,99 java
 4231 kabasel+  20   0 3721120 662120  16256 S 354,0 16,6   5:04,76 java
 4231 kabasel+  20   0 3721120 662120  16256 S 202,0 16,6   5:05,79 java
 4231 kabasel+  20   0 3721120 662120  16256 S 176,5 16,6   5:06,69 java
 4231 kabasel+  20   0 3721120 662120  16256 S 266,0 16,6   5:08,02 java
 4231 kabasel+  20   0 3721120 662120  16256 S 378,8 16,6   5:09,99 java
 4231 kabasel+  20   0 3721120 663368  16256 S 384,3 16,7   5:11,95 java
 4231 kabasel+  20   0 3721120 663368  16256 S 398,0 16,7   5:13,94 java
 4231 kabasel+  20   0 3721120 663368  16256 S 392,2 16,7   5:15,94 java
 4231 kabasel+  20   0 3721120 662344  16256 S 386,3 16,6   5:17,91 java
 4231 kabasel+  20   0 3721120 667812  16256 S 388,2 16,8   5:19,89 java
 4231 kabasel+  20   0 3721120 672576  16256 S 400,0 16,9   5:21,89 java
 4231 kabasel+  20   0 3721120 681184  16256 S 378,4 17,1   5:23,82 java
 4231 kabasel+  20   0 3721120 685788  16256 S 384,3 17,2   5:25,78 java
 4231 kabasel+  20   0 3721120 690360  16256 S 362,7 17,3   5:27,63 java
 4231 kabasel+  20   0 3721120 691668  16256 S 318,0 17,4   5:29,22 java
 4231 kabasel+  20   0 3721120 695392  16256 S 309,8 17,5   5:30,80 java
 4231 kabasel+  20   0 3721120 698228  16256 S 231,4 17,5   5:31,98 java
 4231 kabasel+  20   0 3721120 703892  16256 S 345,1 17,7   5:33,74 java
 4231 kabasel+  20   0 3721120 704136  16256 S 370,0 17,7   5:35,59 java
 4231 kabasel+  20   0 3721120 704216  16256 S 382,4 17,7   5:37,54 java
 4231 kabasel+  20   0 3721120 704216  16256 S 386,3 17,7   5:39,51 java
 4231 kabasel+  20   0 3721120 704216  16256 S 374,5 17,7   5:41,42 java
 4231 kabasel+  20   0 3721120 704216  16256 S 366,7 17,7   5:43,29 java
 4231 kabasel+  20   0 3721120 704216  16256 S 386,0 17,7   5:45,22 java
 4231 kabasel+  20   0 3721120 704216  16256 S 390,2 17,7   5:47,21 java
 4231 kabasel+  20   0 3721120 704216  16256 S 376,5 17,7   5:49,13 java
 4231 kabasel+  20   0 3721120 704216  16256 S 343,1 17,7   5:50,88 java
 4231 kabasel+  20   0 3721120 704216  16256 S 298,0 17,7   5:52,37 java
 4231 kabasel+  20   0 3721120 704216  16256 S 276,5 17,7   5:53,78 java
 4231 kabasel+  20   0 3721120 704216  16256 S 371,2 17,7   5:55,71 java
 4231 kabasel+  20   0 3721120 704216  16256 S 380,4 17,7   5:57,65 java
 4231 kabasel+  20   0 3721120 704216  16256 S 376,5 17,7   5:59,57 java
 4231 kabasel+  20   0 3721120 704216  16256 S 386,3 17,7   6:01,54 java
 4231 kabasel+  20   0 3721120 704216  16256 S 392,2 17,7   6:03,54 java
 4231 kabasel+  20   0 3721120 704216  16256 S 378,4 17,7   6:05,47 java
 4231 kabasel+  20   0 3721120 704880  16256 S 388,0 17,7   6:07,41 java
 4231 kabasel+  20   0 3721120 711060  16256 S 382,4 17,9   6:09,36 java
 4231 kabasel+  20   0 3721120 719384  16256 S 388,2 18,1   6:11,34 java
 4231 kabasel+  20   0 3721120 724872  16256 S 380,4 18,2   6:13,28 java
 4231 kabasel+  20   0 3721120 730900  16256 S 382,0 18,4   6:15,19 java
 4231 kabasel+  20   0 3721120 738892  16256 S 388,2 18,6   6:17,17 java
 4231 kabasel+  20   0 3721120 744512  16256 S 390,2 18,7   6:19,16 java
 4231 kabasel+  20   0 3721120 744704  16256 S 386,3 18,7   6:21,13 java
 4231 kabasel+  20   0 3721120 744704  16256 S 398,0 18,7   6:23,12 java
 4231 kabasel+  20   0 3721120 744704  16256 S 388,2 18,7   6:25,10 java
 4231 kabasel+  20   0 3721120 744704  16256 S 380,4 18,7   6:27,04 java
 4231 kabasel+  20   0 3721120 744704  16256 S 388,2 18,7   6:29,02 java
 4231 kabasel+  20   0 3721120 744704  16256 S 392,0 18,7   6:30,98 java
 4231 kabasel+  20   0 3721120 744708  16256 S 375,0 18,7   6:32,93 java
 4231 kabasel+  20   0 3721120 744708  16256 S 386,3 18,7   6:34,90 java
 4231 kabasel+  20   0 3721120 744708  16256 S 366,7 18,7   6:36,77 java
 4231 kabasel+  20   0 3721120 744712  16256 S 278,4 18,7   6:38,19 java
 4231 kabasel+  20   0 3721120 744712  16256 S 308,0 18,7   6:39,73 java
 4231 kabasel+  20   0 3721120 744712  16256 S 319,6 18,7   6:41,36 java
 4231 kabasel+  20   0 3721120 744712  16256 S 327,5 18,7   6:43,03 java
 4231 kabasel+  20   0 3721120 744712  16256 S 335,3 18,7   6:44,74 java
 4231 kabasel+  20   0 3721120 744712  16256 S 354,0 18,7   6:46,51 java
 4231 kabasel+  20   0 3721120 744712  16256 S 372,5 18,7   6:48,41 java
 4231 kabasel+  20   0 3721120 744712  16256 S 370,6 18,7   6:50,30 java
 4231 kabasel+  20   0 3721120 744712  16256 S 351,0 18,7   6:52,09 java
 4231 kabasel+  20   0 3721120 744712  16256 S 386,3 18,7   6:54,06 java
 4231 kabasel+  20   0 3721120 744712  16256 S 390,2 18,7   6:56,05 java
 4231 kabasel+  20   0 3721120 744712  16256 S 390,0 18,7   6:58,00 java
 4231 kabasel+  20   0 3721120 744712  16256 S 384,3 18,7   6:59,96 java
 4231 kabasel+  20   0 3721120 744712  16256 S 384,3 18,7   7:01,92 java
 4231 kabasel+  20   0 3721120 744712  16256 S 382,4 18,7   7:03,87 java
 4231 kabasel+  20   0 3721120 744712  16256 S 394,0 18,7   7:05,84 java
 4231 kabasel+  20   0 3721120 745724  16256 S 386,5 18,7   7:07,85 java
 4231 kabasel+  20   0 3721120 751944  16256 S 396,0 18,9   7:09,83 java
 4231 kabasel+  20   0 3721120 752024  16256 S 388,2 18,9   7:11,81 java
 4231 kabasel+  20   0 3721120 752100  16256 S 392,2 18,9   7:13,81 java
 4231 kabasel+  20   0 3721120 752100  16256 S 388,2 18,9   7:15,79 java
 4231 kabasel+  20   0 3721120 752100  16256 S 384,0 18,9   7:17,71 java
 4231 kabasel+  20   0 3721120 752100  16256 S 345,1 18,9   7:19,47 java
 4231 kabasel+  20   0 3721120 752100  16256 S 358,8 18,9   7:21,30 java
 4231 kabasel+  20   0 3721120 752100  16256 S 382,4 18,9   7:23,25 java
 4231 kabasel+  20   0 3721120 752100  16256 S 386,3 18,9   7:25,22 java
 4231 kabasel+  20   0 3721120 752100  16256 S 386,3 18,9   7:27,19 java
 4231 kabasel+  20   0 3721120 752100  16256 S 388,2 18,9   7:29,17 java
 4231 kabasel+  20   0 3721120 752100  16256 S 382,0 18,9   7:31,08 java
 4231 kabasel+  20   0 3721120 752100  16256 S 376,5 18,9   7:33,00 java
 4231 kabasel+  20   0 3721120 752100  16256 S 388,2 18,9   7:34,98 java
 4231 kabasel+  20   0 3721120 752100  16256 S 384,3 18,9   7:36,94 java
 4231 kabasel+  20   0 3721120 752100  16256 S 380,4 18,9   7:38,88 java
 4231 kabasel+  20   0 3721120 752100  16256 S 350,0 18,9   7:40,63 java
 4231 kabasel+  20   0 3721120 752100  16256 S 364,7 18,9   7:42,49 java
 4231 kabasel+  20   0 3721120 752100  16256 S 384,3 18,9   7:44,45 java
 4231 kabasel+  20   0 3721120 752100  16256 S 390,2 18,9   7:46,44 java
 4231 kabasel+  20   0 3721120 751836  16256 S 360,8 18,9   7:48,28 java
 4231 kabasel+  20   0 3721120 751836  16256 S 382,0 18,9   7:50,19 java
 4231 kabasel+  20   0 3721120 754036  16256 S 386,3 18,9   7:52,16 java
 4231 kabasel+  20   0 3721120 758436  16256 S 390,2 19,1   7:54,15 java
 4231 kabasel+  20   0 3721120 769456  16256 S 384,3 19,3   7:56,11 java
 4231 kabasel+  20   0 3721120 775364  16256 S 390,0 19,5   7:58,06 java
 4231 kabasel+  20   0 3721120 781192  16256 S 388,2 19,6   8:00,04 java
 4231 kabasel+  20   0 3721120 788120  16256 S 366,7 19,8   8:01,91 java
 4231 kabasel+  20   0 3721120 792884  16256 S 382,4 19,9   8:03,86 java
 4231 kabasel+  20   0 3721120 784944  16256 S 396,0 19,7   8:05,84 java
 4231 kabasel+  20   0 3721120 784944  16256 S 384,3 19,7   8:07,80 java
 4231 kabasel+  20   0 3721120 784944  16256 S 376,5 19,7   8:09,72 java
 4231 kabasel+  20   0 3721120 784944  16256 S 384,3 19,7   8:11,68 java
 4231 kabasel+  20   0 3721120 784944  16256 S 382,0 19,7   8:13,59 java
 4231 kabasel+  20   0 3721120 784944  16256 S 345,1 19,7   8:15,35 java
 4231 kabasel+  20   0 3721120 784944  16256 S 382,7 19,7   8:17,34 java
 4231 kabasel+  20   0 3721120 784944  16256 S 384,3 19,7   8:19,30 java
 4231 kabasel+  20   0 3721120 784944  16256 S 392,0 19,7   8:21,26 java
 4231 kabasel+  20   0 3721120 784944  16256 S 388,2 19,7   8:23,24 java
 4231 kabasel+  20   0 3721120 784944  16256 S 351,0 19,7   8:25,03 java
 4231 kabasel+  20   0 3721120 784944  16256 S 347,1 19,7   8:26,80 java
 4231 kabasel+  20   0 3721120 784944  16256 S 394,0 19,7   8:28,77 java
 4231 kabasel+  20   0 3721120 784944  16256 S 382,4 19,7   8:30,72 java
 4231 kabasel+  20   0 3721120 784944  16256 S 386,3 19,7   8:32,69 java
 4231 kabasel+  20   0 3721120 784944  16256 S 384,3 19,7   8:34,65 java
 4231 kabasel+  20   0 3721120 784944  16256 S 388,0 19,7   8:36,59 java
 4231 kabasel+  20   0 3721120 784944  16256 S 378,4 19,7   8:38,52 java
 4231 kabasel+  20   0 3721120 784944  16256 S 380,4 19,7   8:40,46 java
 4231 kabasel+  20   0 3721120 784944  16256 S 382,4 19,7   8:42,41 java
 4231 kabasel+  20   0 3721120 785504  16256 S 386,3 19,7   8:44,38 java
 4231 kabasel+  20   0 3721120 784480  16256 S 382,4 19,7   8:46,33 java
 4231 kabasel+  20   0 3721120 784480  16256 S 396,0 19,7   8:48,31 java
 4231 kabasel+  20   0 3721120 784480  16256 S 374,5 19,7   8:50,22 java
 4231 kabasel+  20   0 3721120 784480  16256 S 386,5 19,7   8:52,23 java
 4231 kabasel+  20   0 3721120 784480  16256 S 384,3 19,7   8:54,19 java
 4231 kabasel+  20   0 3721120 784744  16256 S 390,2 19,7   8:56,18 java
 4231 kabasel+  20   0 3721120 784744  16256 S 388,5 19,7   8:58,20 java
 4231 kabasel+  20   0 3721120 784744  16256 S 384,3 19,7   9:00,16 java
 4231 kabasel+  20   0 3721120 784744  16256 S 378,4 19,7   9:02,09 java
 4231 kabasel+  20   0 3721120 784744  16256 S 396,0 19,7   9:04,07 java
 4231 kabasel+  20   0 3721120 785340  16256 S 378,4 19,7   9:06,00 java
 4231 kabasel+  20   0 3721120 784900  16256 S 390,2 19,7   9:07,99 java
 4231 kabasel+  20   0 3721120 784900  16256 S 388,2 19,7   9:09,97 java
 4231 kabasel+  20   0 3721120 784900  16256 S 386,3 19,7   9:11,94 java
 4231 kabasel+  20   0 3721120 784900  16256 S 384,3 19,7   9:13,90 java
 4231 kabasel+  20   0 3721120 784900  16256 S 388,0 19,7   9:15,84 java
 4231 kabasel+  20   0 3721120 784900  16256 S 392,2 19,7   9:17,84 java
 4231 kabasel+  20   0 3721120 784900  16256 S 384,3 19,7   9:19,80 java
 4231 kabasel+  20   0 3721120 784900  16256 S 345,1 19,7   9:21,56 java
 4231 kabasel+  20   0 3721120 784900  16256 S 350,0 19,7   9:23,31 java
 4231 kabasel+  20   0 3721120 784900  16256 S 354,9 19,7   9:25,12 java
 4231 kabasel+  20   0 3721120 784900  16256 S 370,6 19,7   9:27,01 java
 4231 kabasel+  20   0 3721120 785428  16256 S 382,4 19,7   9:28,96 java
 4231 kabasel+  20   0 3721120 785428  16256 S 388,2 19,7   9:30,94 java
 4231 kabasel+  20   0 3721120 785300  16256 S 386,0 19,7   9:32,87 java
 4231 kabasel+  20   0 3721120 785300  16256 S 376,5 19,7   9:34,79 java
 4231 kabasel+  20   0 3721120 785300  16256 S 386,3 19,7   9:36,76 java
 4231 kabasel+  20   0 3721120 785300  16256 S 382,4 19,7   9:38,71 java
 4231 kabasel+  20   0 3721120 785300  16256 S 384,3 19,7   9:40,67 java
 4231 kabasel+  20   0 3721120 785300  16256 S 398,0 19,7   9:42,66 java
 4231 kabasel+  20   0 3721120 785300  16256 S 382,4 19,7   9:44,61 java
 4231 kabasel+  20   0 3721120 785300  16256 S 380,4 19,7   9:46,55 java
 4231 kabasel+  20   0 3721120 785300  16256 S 386,3 19,7   9:48,52 java
 4231 kabasel+  20   0 3721120 785300  16256 S 388,2 19,7   9:50,50 java
 4231 kabasel+  20   0 3721120 792792  16256 S 390,0 19,9   9:52,45 java
 4231 kabasel+  20   0 3721120 798828  16256 S 384,3 20,1   9:54,41 java
 4231 kabasel+  20   0 3721120 804476  16256 S 388,2 20,2   9:56,39 java
 4231 kabasel+  20   0 3721120 808372  16256 S 284,3 20,3   9:57,84 java
 4231 kabasel+  20   0 3721120 814784  16256 S 388,2 20,5   9:59,82 java
 4231 kabasel+  20   0 3721120 820208  16256 S 378,0 20,6  10:01,71 java
 4231 kabasel+  20   0 3721120 824068  16256 S 388,2 20,7  10:03,69 java
 4231 kabasel+  20   0 3721120 824260  16256 S 388,2 20,7  10:05,67 java
 4231 kabasel+  20   0 3721120 824260  16256 S 380,4 20,7  10:07,61 java
 4231 kabasel+  20   0 3721120 824260  16256 S 386,3 20,7  10:09,58 java
 4231 kabasel+  20   0 3721120 824260  16256 S 382,0 20,7  10:11,49 java
 4231 kabasel+  20   0 3721120 824260  16256 S 384,3 20,7  10:13,45 java
 4231 kabasel+  20   0 3721120 824260  16256 S 372,5 20,7  10:15,35 java
 4231 kabasel+  20   0 3721120 824260  16256 S 388,2 20,7  10:17,33 java
 4231 kabasel+  20   0 3721120 824260  16256 S 372,5 20,7  10:19,23 java
 4231 kabasel+  20   0 3721120 824472  16256 S 396,0 20,7  10:21,21 java
 4231 kabasel+  20   0 3721120 824472  16256 S 368,6 20,7  10:23,09 java
 4231 kabasel+  20   0 3721120 824184  16256 S 380,4 20,7  10:25,03 java
 4231 kabasel+  20   0 3721120 824184  16256 S 378,4 20,7  10:26,96 java
 4231 kabasel+  20   0 3721120 824184  16256 S 386,0 20,7  10:28,89 java
 4231 kabasel+  20   0 3721120 824184  16256 S 386,3 20,7  10:30,86 java
 4231 kabasel+  20   0 3721120 824184  16256 S 388,2 20,7  10:32,84 java
 4231 kabasel+  20   0 3721120 824184  16256 S 386,3 20,7  10:34,81 java
 4231 kabasel+  20   0 3721120 824184  16256 S 378,4 20,7  10:36,74 java
 4231 kabasel+  20   0 3721120 824184  16256 S 374,5 20,7  10:38,65 java
 4231 kabasel+  20   0 3721120 824184  16256 S 394,0 20,7  10:40,62 java
 4231 kabasel+  20   0 3721120 824184  16256 S 380,8 20,7  10:42,60 java
 4231 kabasel+  20   0 3721120 824184  16256 S 390,2 20,7  10:44,59 java
 4231 kabasel+  20   0 3721120 824184  16256 S 386,0 20,7  10:46,52 java
 4231 kabasel+  20   0 3721120 824184  16256 S 388,2 20,7  10:48,50 java
 4231 kabasel+  20   0 3721120 824184  16256 S 390,2 20,7  10:50,49 java
 4231 kabasel+  20   0 3721120 824184  16256 S 384,3 20,7  10:52,45 java
 4231 kabasel+  20   0 3721120 824184  16256 S 382,4 20,7  10:54,40 java
 4231 kabasel+  20   0 3721120 824184  16256 S 388,0 20,7  10:56,34 java
 4231 kabasel+  20   0 3721120 824184  16256 S 349,0 20,7  10:58,12 java
 4231 kabasel+  20   0 3721120 825644  16256 S 349,0 20,7  10:59,90 java
 4231 kabasel+  20   0 3721120 828696  16256 S 335,3 20,8  11:01,61 java
 4231 kabasel+  20   0 3721120 828808  16256 S 394,0 20,8  11:03,58 java
 4231 kabasel+  20   0 3721120 828808  16256 S 352,9 20,8  11:05,38 java
 4231 kabasel+  20   0 3721120 828808  16256 S 380,4 20,8  11:07,32 java
 4231 kabasel+  20   0 3721120 828916  16256 S 374,5 20,8  11:09,23 java
 4231 kabasel+  20   0 3721120 828916  16256 S 378,4 20,8  11:11,16 java
 4231 kabasel+  20   0 3721120 828916  16256 S 392,0 20,8  11:13,12 java
 4231 kabasel+  20   0 3721120 828916  16256 S 380,4 20,8  11:15,06 java
 4231 kabasel+  20   0 3721120 828916  16256 S 384,3 20,8  11:17,02 java
 4231 kabasel+  20   0 3721120 828916  16256 S 382,4 20,8  11:18,97 java
 4231 kabasel+  20   0 3721120 828916  16256 S 380,0 20,8  11:20,87 java
 4231 kabasel+  20   0 3721120 828916  16256 S 380,4 20,8  11:22,81 java
 4231 kabasel+  20   0 3721120 828916  16256 S 376,5 20,8  11:24,73 java
 4231 kabasel+  20   0 3721120 828916  16256 S 374,5 20,8  11:26,64 java
 4231 kabasel+  20   0 3721120 828916  16256 S 384,3 20,8  11:28,60 java
 4231 kabasel+  20   0 3721120 829416  16256 S 380,4 20,8  11:30,54 java
 4231 kabasel+  20   0 3721120 829416  16256 S 378,4 20,8  11:32,47 java
 4231 kabasel+  20   0 3721120 828700  16256 S 398,0 20,8  11:34,46 java
 4231 kabasel+  20   0 3721120 828700  16256 S 386,3 20,8  11:36,43 java
 4231 kabasel+  20   0 3721120 828700  16256 S 374,5 20,8  11:38,34 java
 4231 kabasel+  20   0 3721120 828700  16256 S 380,4 20,8  11:40,28 java
 4231 kabasel+  20   0 3721120 828700  16256 S 382,4 20,8  11:42,23 java
 4231 kabasel+  20   0 3721120 828700  16256 S 388,0 20,8  11:44,17 java
 4231 kabasel+  20   0 3721120 828700  16256 S 378,4 20,8  11:46,10 java
 4231 kabasel+  20   0 3721120 828700  16256 S 370,6 20,8  11:47,99 java
 4231 kabasel+  20   0 3721120 834692  16256 S 382,4 21,0  11:49,94 java
 4231 kabasel+  20   0 3721120 838572  16256 S 396,0 21,1  11:51,92 java
 4231 kabasel+  20   0 3721120 845220  16256 S 384,3 21,2  11:53,88 java
 4231 kabasel+  20   0 3721120 850968  16256 S 374,5 21,4  11:55,79 java
 4231 kabasel+  20   0 3721120 858748  16256 S 376,5 21,6  11:57,71 java
 4231 kabasel+  20   0 3721120 866968  16256 S 380,4 21,8  11:59,65 java
 4231 kabasel+  20   0 3721120 874784  16256 S 378,4 22,0  12:01,58 java
 4231 kabasel+  20   0 3721120 880984  16256 S 390,0 22,1  12:03,53 java
 4231 kabasel+  20   0 3721120 886940  16256 S 382,4 22,3  12:05,48 java
 4231 kabasel+  20   0 3721120 887504  16256 S 388,2 22,3  12:07,46 java
 4231 kabasel+  20   0 3721120 887528  16256 S 386,3 22,3  12:09,43 java
 4231 kabasel+  20   0 3721120 887528  16256 S 388,5 22,3  12:11,45 java
 4231 kabasel+  20   0 3721120 887528  16256 S 378,4 22,3  12:13,38 java
 4231 kabasel+  20   0 3721120 887528  16256 S 398,0 22,3  12:15,37 java
 4231 kabasel+  20   0 3721120 887528  16256 S 382,7 22,3  12:17,36 java
 4231 kabasel+  20   0 3721120 887528  16256 S 384,3 22,3  12:19,32 java
 4231 kabasel+  20   0 3721120 887528  16256 S 386,3 22,3  12:21,29 java
 4231 kabasel+  20   0 3721120 887528  16256 S 386,3 22,3  12:23,26 java
 4231 kabasel+  20   0 3721120 887528  16256 S 386,3 22,3  12:25,23 java
 4231 kabasel+  20   0 3721120 887528  16256 S 384,3 22,3  12:27,19 java
 4231 kabasel+  20   0 3721120 887528  16256 S 394,1 22,3  12:29,20 java
 4231 kabasel+  20   0 3721120 887528  16256 S 382,4 22,3  12:31,15 java
 4231 kabasel+  20   0 3721120 887528  16256 S 390,2 22,3  12:33,14 java
 4231 kabasel+  20   0 3721120 887528  16256 S 384,0 22,3  12:35,06 java
 4231 kabasel+  20   0 3721120 887528  16256 S 376,5 22,3  12:36,98 java
 4231 kabasel+  20   0 3721120 887528  16256 S 384,3 22,3  12:38,94 java
 4231 kabasel+  20   0 3721120 888132  16256 S 378,4 22,3  12:40,87 java
 4231 kabasel+  20   0 3721120 888132  16256 S 400,0 22,3  12:42,87 java
 4231 kabasel+  20   0 3721120 888132  16256 S 366,7 22,3  12:44,74 java
 4231 kabasel+  20   0 3721120 887432  16256 S 347,1 22,3  12:46,51 java
 4231 kabasel+  20   0 3721120 887432  16256 S 329,4 22,3  12:48,19 java
 4231 kabasel+  20   0 3721120 887432  16256 S 302,0 22,3  12:49,73 java
 4231 kabasel+  20   0 3721120 887432  16256 S 264,0 22,3  12:51,05 java
 4231 kabasel+  20   0 3721120 887432  16256 S 362,7 22,3  12:52,90 java
 4231 kabasel+  20   0 3721120 887432  16256 S 362,7 22,3  12:54,75 java
 4231 kabasel+  20   0 3721120 887432  16256 S 388,2 22,3  12:56,73 java
 4231 kabasel+  20   0 3721120 887432  16256 S 376,5 22,3  12:58,65 java
 4231 kabasel+  20   0 3721120 888684  16256 S 392,0 22,3  13:00,61 java
 4231 kabasel+  20   0 3721120 887660  16256 S 373,1 22,3  13:02,55 java
 4231 kabasel+  20   0 3721120 887660  16256 S 388,5 22,3  13:04,57 java
 4231 kabasel+  20   0 3721120 887660  16256 S 396,1 22,3  13:06,59 java
 4231 kabasel+  20   0 3721120 887660  16256 S 386,3 22,3  13:08,56 java
 4231 kabasel+  20   0 3721120 892332  16256 S 396,1 22,4  13:10,58 java
 4231 kabasel+  20   0 3721120 895740  16256 S 365,4 22,5  13:12,48 java
 4231 kabasel+  20   0 3721120 900484  16256 S 390,2 22,6  13:14,47 java
 4231 kabasel+  20   0 3721120 900612  16256 S 386,3 22,6  13:16,44 java
 4231 kabasel+  20   0 3721120 900736  16256 S 390,2 22,6  13:18,43 java
 4231 kabasel+  20   0 3721120 900736  16256 S 390,0 22,6  13:20,38 java
 4231 kabasel+  20   0 3721120 900736  16256 S 384,3 22,6  13:22,34 java
 4231 kabasel+  20   0 3721120 900736  16256 S 388,2 22,6  13:24,32 java
 4231 kabasel+  20   0 3721120 900736  16256 S 382,4 22,6  13:26,27 java
 4231 kabasel+  20   0 3721120 900736  16256 S 390,0 22,6  13:28,22 java
 4231 kabasel+  20   0 3721120 900736  16256 S 384,3 22,6  13:30,18 java
 4231 kabasel+  20   0 3721120 900736  16256 S 384,3 22,6  13:32,14 java
 4231 kabasel+  20   0 3721120 900736  16256 S 390,2 22,6  13:34,13 java
 4231 kabasel+  20   0 3721120 900736  16256 S 376,5 22,6  13:36,05 java
 4231 kabasel+  20   0 3721120 900736  16256 S 388,2 22,6  13:38,03 java
 4231 kabasel+  20   0 3721120 900916  16256 S 396,0 22,6  13:40,01 java
 4231 kabasel+  20   0 3721120 900916  16256 S 390,2 22,6  13:42,00 java
 4231 kabasel+  20   0 3721120 900916  16256 S 378,4 22,6  13:43,93 java
 4231 kabasel+  20   0 3721120 900480  16256 S 390,2 22,6  13:45,92 java
 4231 kabasel+  20   0 3721120 900480  16256 S 378,4 22,6  13:47,85 java
 4231 kabasel+  20   0 3721120 900480  16256 S 394,0 22,6  13:49,82 java
 4231 kabasel+  20   0 3721120 900480  16256 S 382,4 22,6  13:51,77 java
 4231 kabasel+  20   0 3721120 901416  16256 S 392,3 22,6  13:53,81 java
 4231 kabasel+  20   0 3721120 900904  16256 S 374,5 22,6  13:55,72 java
 4231 kabasel+  20   0 3721120 900392  16256 S 390,2 22,6  13:57,71 java
 4231 kabasel+  20   0 3721120 900392  16256 S 374,5 22,6  13:59,62 java
 4231 kabasel+  20   0 3721120 900392  16256 S 364,7 22,6  14:01,48 java
 4231 kabasel+  20   0 3721120 900392  16256 S 376,0 22,6  14:03,36 java
 4231 kabasel+  20   0 3721120 900392  16256 S 378,4 22,6  14:05,29 java
 4231 kabasel+  20   0 3721120 900392  16256 S 378,4 22,6  14:07,22 java
 4231 kabasel+  20   0 3721120 900392  16256 S 390,2 22,6  14:09,21 java
 4231 kabasel+  20   0 3721120 902484  16256 S 384,3 22,7  14:11,17 java
 4231 kabasel+  20   0 3721120 906416  16256 S 396,0 22,8  14:13,15 java
 4231 kabasel+  20   0 3721120 913688  16256 S 374,5 23,0  14:15,06 java
 4231 kabasel+  20   0 3721120 916812  16256 S 384,3 23,0  14:17,02 java
 4231 kabasel+  20   0 3721120 924888  16256 S 382,4 23,2  14:18,97 java
 4231 kabasel+  20   0 3721120 930392  16256 S 392,0 23,4  14:20,93 java
 4231 kabasel+  20   0 3721120 937188  16256 S 380,4 23,5  14:22,87 java
 4231 kabasel+  20   0 3721120 943156  16256 S 384,6 23,7  14:24,87 java
 4231 kabasel+  20   0 3721120 948608  16256 S 382,4 23,8  14:26,82 java
 4231 kabasel+  20   0 3721120 954300  16256 S 394,0 24,0  14:28,79 java
 4231 kabasel+  20   0 3721120 960004  16256 S 390,2 24,1  14:30,78 java
 4231 kabasel+  20   0 3721120 966420  16256 S 392,2 24,3  14:32,78 java
 4231 kabasel+  20   0 3721120 940292  16256 S 384,3 23,6  14:34,74 java
 4231 kabasel+  20   0 3721120 940292  16256 S 390,2 23,6  14:36,73 java
 4231 kabasel+  20   0 3721120 940292  16256 S 382,4 23,6  14:38,68 java
 4231 kabasel+  20   0 3721120 940292  16256 S 386,0 23,6  14:40,61 java
 4231 kabasel+  20   0 3721120 940292  16256 S 386,3 23,6  14:42,58 java
 4231 kabasel+  20   0 3721120 940292  16256 S 376,5 23,6  14:44,50 java
 4231 kabasel+  20   0 3721120 940292  16256 S 386,3 23,6  14:46,47 java
 4231 kabasel+  20   0 3721120 940292  16256 S 384,3 23,6  14:48,43 java
 4231 kabasel+  20   0 3721120 940488  16256 S 392,0 23,6  14:50,39 java
 4231 kabasel+  20   0 3721120 939940  16256 S 358,8 23,6  14:52,22 java
 4231 kabasel+  20   0 3721120 939940  16256 S 378,4 23,6  14:54,15 java
 4231 kabasel+  20   0 3721120 939940  16256 S 370,6 23,6  14:56,04 java
 4231 kabasel+  20   0 3721120 939940  16256 S 384,3 23,6  14:58,00 java
 4231 kabasel+  20   0 3721120 939940  16256 S 394,0 23,6  14:59,97 java
 4231 kabasel+  20   0 3721120 939940  16256 S 378,8 23,6  15:01,94 java
 4231 kabasel+  20   0 3721120 939940  16256 S 384,3 23,6  15:03,90 java
 4231 kabasel+  20   0 3721120 939940  16256 S 386,3 23,6  15:05,87 java
 4231 kabasel+  20   0 3721120 939940  16256 S 400,0 23,6  15:07,88 java
 4231 kabasel+  20   0 3721120 939940  16256 S 375,0 23,6  15:09,83 java
 4231 kabasel+  20   0 3721120 939940  16256 S 386,3 23,6  15:11,80 java
 4231 kabasel+  20   0 3721120 939940  16256 S 382,4 23,6  15:13,75 java
 4231 kabasel+  20   0 3721120 939940  16256 S 388,2 23,6  15:15,73 java
 4231 kabasel+  20   0 3721120 939940  16256 S 384,3 23,6  15:17,69 java
 4231 kabasel+  20   0 3721120 939940  16256 S 390,0 23,6  15:19,64 java
 4231 kabasel+  20   0 3721120 939940  16256 S 368,6 23,6  15:21,52 java
 4231 kabasel+  20   0 3721120 939940  16256 S 392,2 23,6  15:23,52 java
 4231 kabasel+  20   0 3721120 939940  16256 S 378,4 23,6  15:25,45 java
 4231 kabasel+  20   0 3721120 939940  16256 S 384,3 23,6  15:27,41 java
 4231 kabasel+  20   0 3721120 939940  16256 S 388,0 23,6  15:29,35 java
 4231 kabasel+  20   0 3721120 939940  16256 S 380,4 23,6  15:31,29 java
 4231 kabasel+  20   0 3721120 939940  16256 S 388,2 23,6  15:33,27 java
 4231 kabasel+  20   0 3721120 939940  16256 S 386,3 23,6  15:35,24 java
 4231 kabasel+  20   0 3721120 939940  16256 S 386,3 23,6  15:37,21 java
 4231 kabasel+  20   0 3721120 940840  16256 S 378,4 23,6  15:39,14 java
 4231 kabasel+  20   0 3721120 939816  16256 S 400,0 23,6  15:41,15 java
 4231 kabasel+  20   0 3721120 939816  16256 S 378,4 23,6  15:43,08 java
 4231 kabasel+  20   0 3721120 939816  16256 S 386,3 23,6  15:45,05 java
 4231 kabasel+  20   0 3721120 939816  16256 S 382,7 23,6  15:47,04 java
 4231 kabasel+  20   0 3721120 939816  16256 S 382,4 23,6  15:48,99 java
 4231 kabasel+  20   0 3721120 939816  16256 S 390,2 23,6  15:50,98 java
 4231 kabasel+  20   0 3721120 940056  16256 S 394,0 23,6  15:52,95 java
 4231 kabasel+  20   0 3721120 940056  16256 S 382,4 23,6  15:54,90 java
 4231 kabasel+  20   0 3721120 940056  16256 S 372,5 23,6  15:56,80 java
 4231 kabasel+  20   0 3721120 913348  16256 S 311,8 22,9  15:58,39 java
 4231 kabasel+  20   0 3721120 913348  16256 S 392,0 22,9  16:00,35 java
 4231 kabasel+  20   0 3721120 913348  16256 S 374,5 22,9  16:02,26 java
 4231 kabasel+  20   0 3721120 913348  16256 S 392,2 22,9  16:04,26 java
 4231 kabasel+  20   0 3721120 913348  16256 S 390,2 22,9  16:06,25 java
 4231 kabasel+  20   0 3721120 913348  16256 S 380,4 22,9  16:08,19 java
 4231 kabasel+  20   0 3721120 913348  16256 S 386,3 22,9  16:10,16 java
 4231 kabasel+  20   0 3721120 913348  16256 S 394,0 22,9  16:12,13 java
 4231 kabasel+  20   0 3721120 913348  16256 S 388,2 22,9  16:14,11 java
 4231 kabasel+  20   0 3721120 913348  16256 S 364,7 22,9  16:15,97 java
 4231 kabasel+  20   0 3721120 913348  16256 S 376,5 22,9  16:17,89 java
 4231 kabasel+  20   0 3721120 913256  16256 S 388,2 22,9  16:19,87 java
 4231 kabasel+  20   0 3721120 913256  16256 S 386,3 22,9  16:21,84 java
 4231 kabasel+  20   0 3721120 913516  16256 S 394,0 22,9  16:23,81 java
 4231 kabasel+  20   0 3721120 913516  16256 S 382,4 22,9  16:25,76 java
 4231 kabasel+  20   0 3721120 913424  16256 S 386,3 22,9  16:27,73 java
 4231 kabasel+  20   0 3721120 913424  16256 S 382,4 22,9  16:29,68 java
 4231 kabasel+  20   0 3721120 913424  16256 S 392,2 22,9  16:31,68 java
 4231 kabasel+  20   0 3721120 913424  16256 S 392,0 22,9  16:33,64 java
 4231 kabasel+  20   0 3721120 913424  16256 S 382,4 22,9  16:35,59 java
 4231 kabasel+  20   0 3721120 913424  16256 S 382,4 22,9  16:37,54 java
 4231 kabasel+  20   0 3721120 913424  16256 S 386,3 22,9  16:39,51 java
 4231 kabasel+  20   0 3721120 913424  16256 S 396,0 22,9  16:41,49 java
 4231 kabasel+  20   0 3721120 913424  16256 S 380,4 22,9  16:43,43 java
 4231 kabasel+  20   0 3721120 913424  16256 S 382,4 22,9  16:45,38 java
 4231 kabasel+  20   0 3721120 913424  16256 S 380,4 22,9  16:47,32 java
 4231 kabasel+  20   0 3721120 913424  16256 S 390,2 22,9  16:49,31 java
 4231 kabasel+  20   0 3721120 913688  16256 S 392,2 23,0  16:51,31 java
 4231 kabasel+  20   0 3721120 914152  16256 S 384,3 23,0  16:53,27 java
 4231 kabasel+  20   0 3721120 914152  16256 S 390,2 23,0  16:55,26 java
 4231 kabasel+  20   0 3721120 913476  16256 S 394,0 22,9  16:57,23 java
 4231 kabasel+  20   0 3721120 913476  16256 S 380,4 22,9  16:59,17 java
 4231 kabasel+  20   0 3721120 913476  16256 S 374,5 22,9  17:01,08 java
 4231 kabasel+  20   0 3721120 913476  16256 S 384,3 22,9  17:03,04 java
 4231 kabasel+  20   0 3721120 913476  16256 S 380,4 22,9  17:04,98 java
 4231 kabasel+  20   0 3721120 913476  16256 S 390,0 22,9  17:06,93 java
 4231 kabasel+  20   0 3721120 913740  16256 S 386,3 23,0  17:08,90 java
 4231 kabasel+  20   0 3721120 913740  16256 S 374,5 23,0  17:10,81 java
 4231 kabasel+  20   0 3721120 913288  16256 S 388,2 22,9  17:12,79 java
 4231 kabasel+  20   0 3721120 913288  16256 S 376,5 22,9  17:14,71 java
 4231 kabasel+  20   0 3721120 913288  16256 S 394,0 22,9  17:16,68 java
 4231 kabasel+  20   0 3721120 913288  16256 S 386,3 22,9  17:18,65 java
 4231 kabasel+  20   0 3721120 913288  16256 S 388,2 22,9  17:20,63 java
 4231 kabasel+  20   0 3721120 913288  16256 S 386,3 22,9  17:22,60 java
 4231 kabasel+  20   0 3721120 913288  16256 S 400,0 22,9  17:24,60 java
 4231 kabasel+  20   0 3721120 913288  16256 S 386,3 22,9  17:26,57 java
 4231 kabasel+  20   0 3721120 880392  16256 S 386,3 22,1  17:28,54 java
 4231 kabasel+  20   0 3721120 880920  16256 S 380,4 22,1  17:30,48 java
 4231 kabasel+  20   0 3721120 880920  16256 S 388,2 22,1  17:32,46 java
 4231 kabasel+  20   0 3721120 880920  16256 S 392,0 22,1  17:34,42 java
 4231 kabasel+  20   0 3721120 880512  16256 S 388,2 22,1  17:36,40 java
 4231 kabasel+  20   0 3721120 880512  16256 S 386,3 22,1  17:38,37 java
 4231 kabasel+  20   0 3721120 880512  16256 S 386,3 22,1  17:40,34 java
 4231 kabasel+  20   0 3721120 880512  16256 S 380,4 22,1  17:42,28 java
 4231 kabasel+  20   0 3721120 881304  16256 S 390,0 22,1  17:44,23 java
 4231 kabasel+  20   0 3721120 881304  16256 S 384,3 22,1  17:46,19 java
 4231 kabasel+  20   0 3721120 880548  16256 S 388,2 22,1  17:48,17 java
 4231 kabasel+  20   0 3721120 880548  16256 S 386,3 22,1  17:50,14 java
 4231 kabasel+  20   0 3721120 880548  16256 S 390,2 22,1  17:52,13 java
 4231 kabasel+  20   0 3721120 880548  16256 S 392,2 22,1  17:54,13 java
 4231 kabasel+  20   0 3721120 880548  16256 S 386,3 22,1  17:56,10 java
 4231 kabasel+  20   0 3721120 880548  16256 S 386,0 22,1  17:58,03 java
 4231 kabasel+  20   0 3721120 880548  16256 S 390,2 22,1  18:00,02 java
 4231 kabasel+  20   0 3721120 880548  16256 S 390,2 22,1  18:02,01 java
 4231 kabasel+  20   0 3721120 880548  16256 S 386,3 22,1  18:03,98 java
 4231 kabasel+  20   0 3721120 880548  16256 S 382,4 22,1  18:05,93 java
 4231 kabasel+  20   0 3721120 880548  16256 S 390,0 22,1  18:07,88 java
 4231 kabasel+  20   0 3721120 880548  16256 S 390,2 22,1  18:09,87 java
 4231 kabasel+  20   0 3721120 880536  16256 S 386,3 22,1  18:11,84 java
 4231 kabasel+  20   0 3721120 880536  16256 S 386,3 22,1  18:13,81 java
 4231 kabasel+  20   0 3721120 880536  16256 S 364,7 22,1  18:15,67 java
 4231 kabasel+  20   0 3721120 880536  16256 S 394,0 22,1  18:17,64 java
 4231 kabasel+  20   0 3721120 880536  16256 S 390,2 22,1  18:19,63 java
 4231 kabasel+  20   0 3721120 880800  16256 S 384,3 22,1  18:21,59 java
 4231 kabasel+  20   0 3721120 880420  16256 S 388,2 22,1  18:23,57 java
 4231 kabasel+  20   0 3721120 880420  16256 S 390,0 22,1  18:25,52 java
 4231 kabasel+  20   0 3721120 880420  16256 S 394,1 22,1  18:27,53 java
 4231 kabasel+  20   0 3721120 880420  16256 S 382,4 22,1  18:29,48 java
 4231 kabasel+  20   0 3721120 880420  16256 S 380,4 22,1  18:31,42 java
 4231 kabasel+  20   0 3721120 880420  16256 S 384,3 22,1  18:33,38 java
 4231 kabasel+  20   0 3721120 880420  16256 S 390,2 22,1  18:35,37 java
 4231 kabasel+  20   0 3721120 880420  16256 S 396,0 22,1  18:37,35 java
 4231 kabasel+  20   0 3721120 880420  16256 S 380,4 22,1  18:39,29 java
 4231 kabasel+  20   0 3721120 880420  16256 S 386,3 22,1  18:41,26 java
 4231 kabasel+  20   0 3721120 880420  16256 S 382,4 22,1  18:43,21 java
 4231 kabasel+  20   0 3721120 880420  16256 S 380,4 22,1  18:45,15 java
 4231 kabasel+  20   0 3721120 880420  16256 S 398,0 22,1  18:47,14 java
 4231 kabasel+  20   0 3721120 880420  16256 S 378,4 22,1  18:49,07 java
 4231 kabasel+  20   0 3721120 880420  16256 S 386,3 22,1  18:51,04 java
 4231 kabasel+  20   0 3721120 880420  16256 S 378,4 22,1  18:52,97 java
 4231 kabasel+  20   0 3721120 880420  16256 S 386,3 22,1  18:54,94 java
 4231 kabasel+  20   0 3721120 880420  16256 S 386,0 22,1  18:56,87 java
 4231 kabasel+  20   0 3721120 880420  16256 S 378,8 22,1  18:58,84 java
 4231 kabasel+  20   0 3721120 848036  16256 S 386,3 21,3  19:00,81 java
 4231 kabasel+  20   0 3721120 848036  16256 S 396,0 21,3  19:02,79 java
 4231 kabasel+  20   0 3721120 847980  16256 S 382,4 21,3  19:04,74 java
 4231 kabasel+  20   0 3721120 848244  16256 S 374,5 21,3  19:06,65 java
 4231 kabasel+  20   0 3721120 847928  16256 S 382,4 21,3  19:08,60 java
 4231 kabasel+  20   0 3721120 848720  16256 S 390,0 21,3  19:10,55 java
 4231 kabasel+  20   0 3721120 848332  16256 S 380,4 21,3  19:12,49 java
 4231 kabasel+  20   0 3721120 848332  16256 S 388,2 21,3  19:14,47 java
 4231 kabasel+  20   0 3721120 848332  16256 S 384,3 21,3  19:16,43 java
 4231 kabasel+  20   0 3721120 848332  16256 S 392,2 21,3  19:18,43 java
 4231 kabasel+  20   0 3721120 848332  16256 S 398,0 21,3  19:20,42 java
 4231 kabasel+  20   0 3721120 848332  16256 S 388,2 21,3  19:22,40 java
 4231 kabasel+  20   0 3721120 848332  16256 S 380,4 21,3  19:24,34 java
 4231 kabasel+  20   0 3721120 848332  16256 S 378,4 21,3  19:26,27 java
 4231 kabasel+  20   0 3721120 848332  16256 S 378,4 21,3  19:28,20 java
 4231 kabasel+  20   0 3721120 848332  16256 S 396,0 21,3  19:30,18 java
 4231 kabasel+  20   0 3721120 848332  16256 S 388,2 21,3  19:32,16 java
 4231 kabasel+  20   0 3721120 848268  16256 S 378,4 21,3  19:34,09 java
 4231 kabasel+  20   0 3721120 848268  16256 S 382,4 21,3  19:36,04 java
 4231 kabasel+  20   0 3721120 848268  16256 S 388,2 21,3  19:38,02 java
 4231 kabasel+  20   0 3721120 848268  16256 S 400,0 21,3  19:40,02 java
 4231 kabasel+  20   0 3721120 848268  16256 S 388,2 21,3  19:42,00 java
 4231 kabasel+  20   0 3721120 848268  16256 S 386,3 21,3  19:43,97 java
 4231 kabasel+  20   0 3721120 848268  16256 S 368,6 21,3  19:45,85 java
 4231 kabasel+  20   0 3721120 848268  16256 S 372,5 21,3  19:47,75 java
 4231 kabasel+  20   0 3721120 848268  16256 S 386,3 21,3  19:49,72 java
 4231 kabasel+  20   0 3721120 848268  16256 S 392,0 21,3  19:51,68 java
 4231 kabasel+  20   0 3721120 848532  16256 S 392,2 21,3  19:53,68 java
 4231 kabasel+  20   0 3721120 848216  16256 S 386,3 21,3  19:55,65 java
 4231 kabasel+  20   0 3721120 848216  16256 S 392,2 21,3  19:57,65 java
 4231 kabasel+  20   0 3721120 849008  16256 S 380,4 21,3  19:59,59 java
 4231 kabasel+  20   0 3721120 849008  16256 S 394,0 21,3  20:01,56 java
 4231 kabasel+  20   0 3721120 848236  16256 S 380,4 21,3  20:03,50 java
 4231 kabasel+  20   0 3721120 848236  16256 S 382,4 21,3  20:05,45 java
 4231 kabasel+  20   0 3721120 848236  16256 S 390,2 21,3  20:07,44 java
 4231 kabasel+  20   0 3721120 848236  16256 S 382,4 21,3  20:09,39 java
 4231 kabasel+  20   0 3721120 848236  16256 S 394,0 21,3  20:11,36 java
 4231 kabasel+  20   0 3721120 848236  16256 S 386,3 21,3  20:13,33 java
 4231 kabasel+  20   0 3721120 848236  16256 S 380,4 21,3  20:15,27 java
 4231 kabasel+  20   0 3721120 848236  16256 S 394,1 21,3  20:17,28 java
 4231 kabasel+  20   0 3721120 848236  16256 S 375,0 21,3  20:19,23 java
 4231 kabasel+  20   0 3721120 848236  16256 S 384,3 21,3  20:21,19 java
 4231 kabasel+  20   0 3721120 848236  16256 S 335,3 21,3  20:22,90 java
 4231 kabasel+  20   0 3721120 848236  16256 S 380,4 21,3  20:24,84 java
 4231 kabasel+  20   0 3721120 848236  16256 S 394,0 21,3  20:26,81 java
 4231 kabasel+  20   0 3721120 848236  16256 S 386,3 21,3  20:28,78 java
 4231 kabasel+  20   0 3721120 848500  16256 S 378,4 21,3  20:30,71 java
 4231 kabasel+  20   0 3721120 849292  16256 S 388,2 21,3  20:32,69 java
 4231 kabasel+  20   0 3721120 848780  16256 S 384,3 21,3  20:34,65 java
 4231 kabasel+  20   0 3721120 819996  16256 S 394,0 20,6  20:36,62 java
 4231 kabasel+  20   0 3721120 819996  16256 S 384,3 20,6  20:38,58 java
 4231 kabasel+  20   0 3721120 819996  16256 S 380,4 20,6  20:40,52 java
 4231 kabasel+  20   0 3721120 819996  16256 S 370,6 20,6  20:42,41 java
 4231 kabasel+  20   0 3721120 820524  16256 S 374,5 20,6  20:44,32 java
 4231 kabasel+  20   0 3721120 819672  16256 S 388,2 20,6  20:46,30 java
 4231 kabasel+  20   0 3721120 819672  16256 S 388,0 20,6  20:48,24 java
 4231 kabasel+  20   0 3721120 819672  16256 S 382,4 20,6  20:50,19 java
 4231 kabasel+  20   0 3721120 819672  16256 S 392,2 20,6  20:52,19 java
 4231 kabasel+  20   0 3721120 819672  16256 S 386,3 20,6  20:54,16 java
 4231 kabasel+  20   0 3721120 820200  16256 S 386,3 20,6  20:56,13 java
 4231 kabasel+  20   0 3721120 819504  16256 S 392,0 20,6  20:58,09 java
 4231 kabasel+  20   0 3721120 819504  16256 S 354,9 20,6  20:59,90 java
 4231 kabasel+  20   0 3721120 819504  16256 S 384,3 20,6  21:01,86 java
 4231 kabasel+  20   0 3721120 819504  16256 S 386,3 20,6  21:03,83 java
 4231 kabasel+  20   0 3721120 819504  16256 S 390,2 20,6  21:05,82 java
 4231 kabasel+  20   0 3721120 819504  16256 S 388,5 20,6  21:07,84 java
 4231 kabasel+  20   0 3721120 819504  16256 S 390,0 20,6  21:09,79 java
 4231 kabasel+  20   0 3721120 819504  16256 S 384,3 20,6  21:11,75 java
 4231 kabasel+  20   0 3721120 819504  16256 S 368,6 20,6  21:13,63 java
 4231 kabasel+  20   0 3721120 819504  16256 S 384,3 20,6  21:15,59 java
 4231 kabasel+  20   0 3721120 819504  16256 S 380,4 20,6  21:17,53 java
 4231 kabasel+  20   0 3721120 819504  16256 S 392,0 20,6  21:19,49 java
 4231 kabasel+  20   0 3721120 819504  16256 S 347,1 20,6  21:21,26 java
 4231 kabasel+  20   0 3721120 819504  16256 S 386,3 20,6  21:23,23 java
 4231 kabasel+  20   0 3721120 819356  16256 S 382,4 20,6  21:25,18 java
 4231 kabasel+  20   0 3721120 819356  16256 S 386,3 20,6  21:27,15 java
 4231 kabasel+  20   0 3721120 819356  16256 S 386,0 20,6  21:29,08 java
 4231 kabasel+  20   0 3721120 819356  16256 S 388,2 20,6  21:31,06 java
 4231 kabasel+  20   0 3721120 819356  16256 S 384,3 20,6  21:33,02 java
 4231 kabasel+  20   0 3721120 819356  16256 S 380,4 20,6  21:34,96 java
 4231 kabasel+  20   0 3721120 819356  16256 S 384,3 20,6  21:36,92 java
 4231 kabasel+  20   0 3721120 819356  16256 S 396,0 20,6  21:38,90 java
 4231 kabasel+  20   0 3721120 819224  16256 S 386,3 20,6  21:40,87 java
 4231 kabasel+  20   0 3721120 819224  16256 S 384,6 20,6  21:42,87 java
 4231 kabasel+  20   0 3721120 819224  16256 S 392,2 20,6  21:44,87 java
 4231 kabasel+  20   0 3721120 819224  16256 S 378,4 20,6  21:46,80 java
 4231 kabasel+  20   0 3721120 819224  16256 S 390,0 20,6  21:48,75 java
 4231 kabasel+  20   0 3721120 819224  16256 S 305,9 20,6  21:50,31 java
 4231 kabasel+  20   0 3721120 819752  16256 S 382,4 20,6  21:52,26 java
 4231 kabasel+  20   0 3721120 819752  16256 S 384,3 20,6  21:54,22 java
 4231 kabasel+  20   0 3721120 819752  16256 S 398,0 20,6  21:56,21 java
 4231 kabasel+  20   0 3721120 819424  16256 S 384,3 20,6  21:58,17 java
 4231 kabasel+  20   0 3721120 819424  16256 S 386,3 20,6  22:00,14 java
 4231 kabasel+  20   0 3721120 819424  16256 S 384,3 20,6  22:02,10 java
 4231 kabasel+  20   0 3721120 819424  16256 S 378,4 20,6  22:04,03 java
 4231 kabasel+  20   0 3721120 819424  16256 S 374,0 20,6  22:05,90 java
 4231 kabasel+  20   0 3721120 819424  16256 S 296,1 20,6  22:07,41 java
 4231 kabasel+  20   0 3721120 819424  16256 S 225,5 20,6  22:08,56 java
 4231 kabasel+  20   0 3721120 819424  16256 S 119,6 20,6  22:09,17 java
