12529 kabasel+  20   0 3521428 107320  16192 S 106.2  2.7   0:01.50 java
12529 kabasel+  20   0 3521428 252988  16192 S 138.6  6.4   0:02.90 java
12529 kabasel+  20   0 3521428 368856  16192 S 137.6  9.3   0:04.29 java
12529 kabasel+  20   0 3521428 378716  16192 S 105.9  9.5   0:05.36 java
12529 kabasel+  20   0 3521428 382360  16192 S 109.9  9.6   0:06.47 java
12529 kabasel+  20   0 3521428 389040  16192 S 132.7  9.8   0:07.81 java
12529 kabasel+  20   0 3521428 394548  16192 S 105.0  9.9   0:08.87 java
12529 kabasel+  20   0 3521428 398336  16192 S 104.0 10.0   0:09.92 java
12529 kabasel+  20   0 3521428 398568  16192 S  86.1 10.0   0:10.79 java
12529 kabasel+  20   0 3521428 398568  16192 S  11.9 10.0   0:10.91 java
12529 kabasel+  20   0 3521428 408972  16244 S 125.7 10.3   0:12.18 java
12529 kabasel+  20   0 3521428 408988  16244 S 103.0 10.3   0:13.22 java
12529 kabasel+  20   0 3521428 408988  16244 S  45.5 10.3   0:13.68 java
12529 kabasel+  20   0 3521428 408988  16244 S   0.0 10.3   0:13.68 java
12529 kabasel+  20   0 3521428 408988  16244 S   5.9 10.3   0:13.74 java
12529 kabasel+  20   0 3521428 409140  16244 S 102.0 10.3   0:14.77 java
12529 kabasel+  20   0 3521428 409140  16244 S  78.2 10.3   0:15.56 java
12529 kabasel+  20   0 3521428 409140  16244 S  97.0 10.3   0:16.54 java
12529 kabasel+  20   0 3521428 410532  16244 S 119.6 10.3   0:17.76 java
12529 kabasel+  20   0 3521428 413516  16244 S 149.0 10.4   0:19.25 java
12529 kabasel+  20   0 3521428 413380  16244 S 158.4 10.4   0:20.85 java
12529 kabasel+  20   0 3521428 427404  16244 S 157.4 10.7   0:22.44 java
12529 kabasel+  20   0 3521428 431816  16244 S 133.3 10.8   0:23.80 java
12529 kabasel+  20   0 3521428 431876  16244 S 145.5 10.8   0:25.27 java
12529 kabasel+  20   0 3521428 434244  16244 S 151.5 10.9   0:26.80 java
12529 kabasel+  20   0 3521428 439216  16244 S 124.8 11.0   0:28.06 java
12529 kabasel+  20   0 3521428 442316  16244 S 105.9 11.1   0:29.13 java
12529 kabasel+  20   0 3521428 443884  16244 S 102.0 11.1   0:30.16 java
12529 kabasel+  20   0 3521428 444668  16244 S 123.8 11.2   0:31.41 java
12529 kabasel+  20   0 3521428 448336  16244 S 113.9 11.3   0:32.56 java
12529 kabasel+  20   0 3521428 448336  16244 S 104.0 11.3   0:33.61 java
12529 kabasel+  20   0 3521428 452016  16244 S 117.8 11.4   0:34.80 java
12529 kabasel+  20   0 3521428 454116  16244 S 102.0 11.4   0:35.83 java
12529 kabasel+  20   0 3521428 454900  16244 S 102.0 11.4   0:36.86 java
12529 kabasel+  20   0 3521428 469944  16244 S 123.8 11.8   0:38.11 java
12529 kabasel+  20   0 3521428 470724  16244 S 145.5 11.8   0:39.58 java
12529 kabasel+  20   0 3521428 469700  16244 S 104.0 11.8   0:40.63 java
12529 kabasel+  20   0 3521428 469700  16244 S 140.6 11.8   0:42.05 java
12529 kabasel+  20   0 3521428 469700  16244 S 128.7 11.8   0:43.35 java
12529 kabasel+  20   0 3521428 469700  16244 S 104.0 11.8   0:44.40 java
12529 kabasel+  20   0 3521428 469700  16244 S 103.0 11.8   0:45.44 java
12529 kabasel+  20   0 3521428 469700  16244 S 105.9 11.8   0:46.51 java
12529 kabasel+  20   0 3521428 469708  16244 S 120.8 11.8   0:47.73 java
12529 kabasel+  20   0 3521428 474032  16244 S 105.9 11.9   0:48.80 java
12529 kabasel+  20   0 3521428 477448  16244 S 104.0 12.0   0:49.85 java
12529 kabasel+  20   0 3521428 478744  16244 S 103.0 12.0   0:50.89 java
12529 kabasel+  20   0 3521428 479532  16244 S 104.0 12.0   0:51.94 java
12529 kabasel+  20   0 3521428 479532  16244 S 102.9 12.0   0:52.99 java
12529 kabasel+  20   0 3521428 480848  16244 S 112.9 12.1   0:54.13 java
12529 kabasel+  20   0 3521428 480848  16244 S 115.8 12.1   0:55.30 java
12529 kabasel+  20   0 3521428 486348  16244 S 105.0 12.2   0:56.36 java
12529 kabasel+  20   0 3521428 489772  16244 S 105.0 12.3   0:57.42 java
12529 kabasel+  20   0 3521428 492916  16244 S 128.7 12.4   0:58.72 java
12529 kabasel+  20   0 3521428 517644  16244 S 215.8 13.0   1:00.90 java
12529 kabasel+  20   0 3521428 517716  16244 S 116.8 13.0   1:02.08 java
12529 kabasel+  20   0 3521428 517716  16244 S 102.0 13.0   1:03.11 java
12529 kabasel+  20   0 3521428 517716  16244 S 105.9 13.0   1:04.18 java
12529 kabasel+  20   0 3521428 517716  16244 S 111.9 13.0   1:05.31 java
12529 kabasel+  20   0 3521428 517716  16244 S 104.0 13.0   1:06.36 java
12529 kabasel+  20   0 3521428 517716  16244 S 111.9 13.0   1:07.49 java
12529 kabasel+  20   0 3521428 519084  16304 S 183.2 13.0   1:09.34 java
12529 kabasel+  20   0 3521428 518092  16304 S 106.9 13.0   1:10.42 java
12529 kabasel+  20   0 3521428 519796  16304 S 117.8 13.1   1:11.61 java
12529 kabasel+  20   0 3521428 546256  16304 S 194.1 13.7   1:13.57 java
12529 kabasel+  20   0 3521428 546256  16304 S 103.0 13.7   1:14.61 java
12529 kabasel+  20   0 3521428 546256  16304 S 125.7 13.7   1:15.88 java
12529 kabasel+  20   0 3521428 546256  16304 S 106.9 13.7   1:16.96 java
12529 kabasel+  20   0 3521428 546256  16304 S 102.0 13.7   1:18.00 java
12529 kabasel+  20   0 3521428 546256  16304 S 104.0 13.7   1:19.05 java
12529 kabasel+  20   0 3521428 546256  16304 S 105.0 13.7   1:20.11 java
12529 kabasel+  20   0 3521428 546848  16304 S 117.8 13.7   1:21.30 java
12529 kabasel+  20   0 3521428 547564  16304 S 107.9 13.8   1:22.39 java
12529 kabasel+  20   0 3521428 547564  16304 S 138.6 13.8   1:23.79 java
12529 kabasel+  20   0 3521428 547564  16304 S 127.7 13.8   1:25.08 java
12529 kabasel+  20   0 3521428 547564  16304 S 123.8 13.8   1:26.33 java
12529 kabasel+  20   0 3521428 546540  16304 S 107.0 13.7   1:27.40 java
12529 kabasel+  20   0 3521428 546540  16304 S 161.8 13.7   1:29.05 java
12529 kabasel+  20   0 3521428 546232  16304 S 168.3 13.7   1:30.75 java
12529 kabasel+  20   0 3521428 545720  16304 S 104.0 13.7   1:31.80 java
12529 kabasel+  20   0 3521428 545720  16304 S 101.0 13.7   1:32.82 java
12529 kabasel+  20   0 3521428 545720  16304 S 114.9 13.7   1:33.98 java
12529 kabasel+  20   0 3521428 545720  16304 S 123.8 13.7   1:35.23 java
12529 kabasel+  20   0 3521428 545720  16304 S 105.0 13.7   1:36.29 java
12529 kabasel+  20   0 3521428 545720  16304 S 104.0 13.7   1:37.34 java
12529 kabasel+  20   0 3521428 545720  16304 S 110.9 13.7   1:38.46 java
12529 kabasel+  20   0 3521428 545720  16304 S 105.9 13.7   1:39.53 java
12529 kabasel+  20   0 3521428 545720  16304 S 103.0 13.7   1:40.57 java
12529 kabasel+  20   0 3521428 545720  16304 S 103.0 13.7   1:41.61 java
12529 kabasel+  20   0 3521428 546512  16304 S 112.9 13.7   1:42.75 java
12529 kabasel+  20   0 3521428 546512  16304 S 117.8 13.7   1:43.94 java
12529 kabasel+  20   0 3521428 546776  16304 S 135.6 13.7   1:45.31 java
12529 kabasel+  20   0 3521428 546764  16304 S 137.6 13.7   1:46.70 java
12529 kabasel+  20   0 3521428 545988  16304 S 119.8 13.7   1:47.91 java
12529 kabasel+  20   0 3521428 545988  16304 S 146.5 13.7   1:49.39 java
12529 kabasel+  20   0 3521428 547268  16304 S 129.7 13.7   1:50.70 java
12529 kabasel+  20   0 3521428 549056  16304 S 163.4 13.8   1:52.35 java
12529 kabasel+  20   0 3521428 549056  16304 S 118.8 13.8   1:53.55 java
12529 kabasel+  20   0 3521428 549056  16304 S 112.9 13.8   1:54.69 java
12529 kabasel+  20   0 3521428 549056  16304 S 114.9 13.8   1:55.85 java
12529 kabasel+  20   0 3521428 549056  16304 S 104.0 13.8   1:56.90 java
12529 kabasel+  20   0 3521428 549056  16304 S 104.0 13.8   1:57.95 java
12529 kabasel+  20   0 3521428 549056  16304 S 105.9 13.8   1:59.02 java
12529 kabasel+  20   0 3521428 550628  16304 S 163.4 13.8   2:00.67 java
12529 kabasel+  20   0 3521428 549092  16304 S 123.5 13.8   2:01.93 java
12529 kabasel+  20   0 3521428 549092  16304 S 103.0 13.8   2:02.97 java
12529 kabasel+  20   0 3521428 549092  16304 S 122.8 13.8   2:04.21 java
12529 kabasel+  20   0 3521428 549092  16304 S 106.9 13.8   2:05.29 java
12529 kabasel+  20   0 3521428 549092  16304 S 106.9 13.8   2:06.37 java
12529 kabasel+  20   0 3521428 549092  16304 S 102.0 13.8   2:07.40 java
12529 kabasel+  20   0 3521428 549092  16304 S 118.8 13.8   2:08.60 java
12529 kabasel+  20   0 3521428 549092  16304 S 130.4 13.8   2:09.93 java
12529 kabasel+  20   0 3521428 549092  16304 S 112.9 13.8   2:11.07 java
12529 kabasel+  20   0 3521428 549092  16304 S 145.5 13.8   2:12.54 java
12529 kabasel+  20   0 3521428 549092  16304 S 119.8 13.8   2:13.75 java
12529 kabasel+  20   0 3521428 549092  16304 S 105.9 13.8   2:14.83 java
12529 kabasel+  20   0 3521428 549092  16304 S 107.9 13.8   2:15.92 java
12529 kabasel+  20   0 3521428 549092  16304 S 120.8 13.8   2:17.14 java
12529 kabasel+  20   0 3521428 549092  16304 S 108.9 13.8   2:18.24 java
12529 kabasel+  20   0 3521428 549092  16304 S 127.7 13.8   2:19.53 java
12529 kabasel+  20   0 3521428 549092  16304 S 118.6 13.8   2:20.74 java
12529 kabasel+  20   0 3521428 550068  16304 S 127.7 13.8   2:22.03 java
12529 kabasel+  20   0 3521428 550880  16304 S 215.8 13.8   2:24.21 java
12529 kabasel+  20   0 3521428 550880  16304 S 103.0 13.8   2:25.25 java
12529 kabasel+  20   0 3521428 550540  16304 S 104.0 13.8   2:26.30 java
12529 kabasel+  20   0 3521428 550540  16304 S 103.0 13.8   2:27.34 java
12529 kabasel+  20   0 3521428 550540  16304 S 104.0 13.8   2:28.38 java
12529 kabasel+  20   0 3521428 550792  16304 S 104.9 13.8   2:29.45 java
12529 kabasel+  20   0 3521428 550792  16304 S 105.0 13.8   2:30.50 java
12529 kabasel+  20   0 3521428 550792  16304 S 116.8 13.8   2:31.68 java
12529 kabasel+  20   0 3521428 550792  16304 S 107.8 13.8   2:32.78 java
12529 kabasel+  20   0 3521428 550792  16304 S 106.0 13.8   2:33.84 java
12529 kabasel+  20   0 3521428 550792  16304 S 110.8 13.8   2:34.97 java
12529 kabasel+  20   0 3521428 550792  16304 S 134.7 13.8   2:36.33 java
12529 kabasel+  20   0 3521428 550792  16304 S 114.9 13.8   2:37.49 java
12529 kabasel+  20   0 3521428 550792  16304 S 105.0 13.8   2:38.55 java
12529 kabasel+  20   0 3521428 550156  16304 S 105.9 13.8   2:39.62 java
12529 kabasel+  20   0 3521428 550156  16304 S 103.0 13.8   2:40.66 java
12529 kabasel+  20   0 3521428 550156  16304 S 104.0 13.8   2:41.71 java
12529 kabasel+  20   0 3521428 550156  16304 S 104.0 13.8   2:42.76 java
12529 kabasel+  20   0 3521428 550156  16304 S 102.0 13.8   2:43.79 java
12529 kabasel+  20   0 3521428 550156  16304 S 100.0 13.8   2:44.80 java
12529 kabasel+  20   0 3521428 550156  16304 S   0.0 13.8   2:44.80 java
12529 kabasel+  20   0 3521428 550156  16304 S  63.4 13.8   2:45.44 java
12529 kabasel+  20   0 3521428 550156  16304 S  92.1 13.8   2:46.37 java
12529 kabasel+  20   0 3521428 550156  16304 S   0.0 13.8   2:46.37 java
12529 kabasel+  20   0 3521428 550156  16304 S   0.0 13.8   2:46.37 java
12529 kabasel+  20   0 3521428 550156  16304 S  75.2 13.8   2:47.13 java
12529 kabasel+  20   0 3521428 550156  16304 S 119.8 13.8   2:48.34 java
12529 kabasel+  20   0 3521428 550156  16304 S 103.0 13.8   2:49.38 java
12529 kabasel+  20   0 3521428 550156  16304 S 116.8 13.8   2:50.56 java
12529 kabasel+  20   0 3521428 551188  16304 S 110.9 13.8   2:51.68 java
12529 kabasel+  20   0 3521428 550396  16304 S 105.0 13.8   2:52.74 java
12529 kabasel+  20   0 3521428 550396  16304 S 104.0 13.8   2:53.79 java
12529 kabasel+  20   0 3521428 550396  16304 S  90.1 13.8   2:54.70 java
12529 kabasel+  20   0 3521428 550396  16304 S   0.0 13.8   2:54.70 java
12529 kabasel+  20   0 3521428 550396  16304 S   0.0 13.8   2:54.70 java
12529 kabasel+  20   0 3521428 550396  16304 S   0.0 13.8   2:54.70 java
12529 kabasel+  20   0 3521428 550396  16304 S   0.0 13.8   2:54.70 java
12529 kabasel+  20   0 3521428 550396  16304 S  85.1 13.8   2:55.56 java
12529 kabasel+  20   0 3521428 550396  16304 S 120.8 13.8   2:56.78 java
12529 kabasel+  20   0 3521428 550396  16304 S 103.0 13.8   2:57.82 java
12529 kabasel+  20   0 3521428 550396  16304 S 101.0 13.8   2:58.85 java
12529 kabasel+  20   0 3521428 550396  16304 S  41.6 13.8   2:59.27 java
12529 kabasel+  20   0 3521428 550396  16304 S  65.3 13.8   2:59.93 java
12529 kabasel+  20   0 3521428 552244  16304 S 128.7 13.9   3:01.23 java
12529 kabasel+  20   0 3521428 554780  16304 S 107.9 13.9   3:02.32 java
12529 kabasel+  20   0 3521428 555548  16304 S  73.3 14.0   3:03.06 java
12529 kabasel+  20   0 3521428 555548  16304 S  51.5 14.0   3:03.58 java
12529 kabasel+  20   0 3521428 560940  16304 S 171.3 14.1   3:05.31 java
12529 kabasel+  20   0 3521428 560956  16304 S 133.7 14.1   3:06.66 java
12529 kabasel+  20   0 3521428 560304  16304 S 109.9 14.1   3:07.77 java
12529 kabasel+  20   0 3521428 560304  16304 S 124.8 14.1   3:09.03 java
12529 kabasel+  20   0 3521428 560304  16304 S 143.6 14.1   3:10.48 java
12529 kabasel+  20   0 3521428 560304  16304 S 105.0 14.1   3:11.54 java
12529 kabasel+  20   0 3521428 560304  16304 S 103.0 14.1   3:12.58 java
12529 kabasel+  20   0 3521428 560304  16304 S 117.8 14.1   3:13.77 java
12529 kabasel+  20   0 3521428 560304  16304 S 105.0 14.1   3:14.83 java
12529 kabasel+  20   0 3521428 560304  16304 S 105.0 14.1   3:15.89 java
12529 kabasel+  20   0 3521428 560304  16304 S 109.8 14.1   3:17.01 java
12529 kabasel+  20   0 3521428 561304  16304 S 151.5 14.1   3:18.54 java
12529 kabasel+  20   0 3521428 561568  16304 S 149.5 14.1   3:20.05 java
12529 kabasel+  20   0 3521428 560544  16304 S 104.0 14.1   3:21.10 java
12529 kabasel+  20   0 3521428 560544  16304 S 117.8 14.1   3:22.29 java
12529 kabasel+  20   0 3521428 560544  16304 S 105.0 14.1   3:23.35 java
12529 kabasel+  20   0 3521428 560544  16304 S 104.0 14.1   3:24.39 java
12529 kabasel+  20   0 3521428 560544  16304 S 122.5 14.1   3:25.64 java
12529 kabasel+  20   0 3521428 560544  16304 S 104.0 14.1   3:26.69 java
12529 kabasel+  20   0 3521428 560336  16304 S 105.9 14.1   3:27.76 java
12529 kabasel+  20   0 3521428 560336  16304 S 102.0 14.1   3:28.79 java
12529 kabasel+  20   0 3521428 560336  16304 S 102.0 14.1   3:29.82 java
12529 kabasel+  20   0 3521428 560336  16304 S 102.0 14.1   3:30.85 java
12529 kabasel+  20   0 3521428 560336  16304 S 102.0 14.1   3:31.88 java
12529 kabasel+  20   0 3521428 560336  16304 S 134.7 14.1   3:33.24 java
12529 kabasel+  20   0 3521428 560336  16304 S 119.8 14.1   3:34.45 java
12529 kabasel+  20   0 3521428 560336  16304 S 103.0 14.1   3:35.49 java
12529 kabasel+  20   0 3521428 560336  16304 S 103.0 14.1   3:36.53 java
12529 kabasel+  20   0 3521428 560336  16304 S  50.5 14.1   3:37.04 java
12529 kabasel+  20   0 3521428 560336  16304 S   0.0 14.1   3:37.04 java
12529 kabasel+  20   0 3521428 560336  16304 S  12.9 14.1   3:37.17 java
12529 kabasel+  20   0 3521428 561368  16304 S 119.0 14.1   3:38.36 java
12529 kabasel+  20   0 3521428 565664  16304 S 224.8 14.2   3:40.63 java
12529 kabasel+  20   0 3521428 565760  16304 S 123.8 14.2   3:41.88 java
12529 kabasel+  20   0 3521428 565760  16304 S 108.9 14.2   3:42.98 java
12529 kabasel+  20   0 3521428 565760  16304 S 107.9 14.2   3:44.07 java
12529 kabasel+  20   0 3521428 565760  16304 S 105.9 14.2   3:45.14 java
12529 kabasel+  20   0 3521428 565760  16304 S 121.8 14.2   3:46.37 java
12529 kabasel+  20   0 3521428 565760  16304 S 104.0 14.2   3:47.42 java
12529 kabasel+  20   0 3521428 565760  16304 S 106.9 14.2   3:48.51 java
12529 kabasel+  20   0 3521428 565760  16304 S  30.7 14.2   3:48.82 java
12529 kabasel+  20   0 3521428 565760  16304 S   0.0 14.2   3:48.82 java
12529 kabasel+  20   0 3521428 565760  16304 S   0.0 14.2   3:48.82 java
12529 kabasel+  20   0 3521428 565760  16304 S  77.2 14.2   3:49.60 java
12529 kabasel+  20   0 3521428 565760  16304 S  56.4 14.2   3:50.17 java
12529 kabasel+  20   0 3521428 565760  16304 S   0.0 14.2   3:50.17 java
12529 kabasel+  20   0 3521428 565760  16304 S   0.0 14.2   3:50.17 java
12529 kabasel+  20   0 3521428 565760  16304 S   0.0 14.2   3:50.17 java
12529 kabasel+  20   0 3521428 565760  16304 S   0.0 14.2   3:50.17 java
12529 kabasel+  20   0 3521428 565760  16304 S  71.3 14.2   3:50.89 java
12529 kabasel+  20   0 3521428 565760  16304 S  76.2 14.2   3:51.66 java
12529 kabasel+  20   0 3521428 565760  16304 S  76.2 14.2   3:52.43 java
12529 kabasel+  20   0 3521428 566540  16304 S 122.8 14.2   3:53.67 java
12529 kabasel+  20   0 3521428 565516  16304 S 104.9 14.2   3:54.75 java
12529 kabasel+  20   0 3521428 565516  16304 S 108.0 14.2   3:55.83 java
12529 kabasel+  20   0 3521428 565516  16304 S 103.0 14.2   3:56.87 java
12529 kabasel+  20   0 3521428 565516  16304 S  70.3 14.2   3:57.58 java
12529 kabasel+  20   0 3521428 565516  16304 S 114.9 14.2   3:58.74 java
12529 kabasel+  20   0 3521428 565520  16304 S 105.0 14.2   3:59.80 java
12529 kabasel+  20   0 3521428 565520  16304 S 105.9 14.2   4:00.87 java
12529 kabasel+  20   0 3521428 566032  16304 S 115.8 14.2   4:02.04 java
12529 kabasel+  20   0 3521428 569692  16304 S 135.6 14.3   4:03.41 java
12529 kabasel+  20   0 3521428 575192  16304 S 181.2 14.4   4:05.24 java
12529 kabasel+  20   0 3521428 578816  16304 S 106.9 14.5   4:06.32 java
12529 kabasel+  20   0 3521428 578848  16304 S 108.9 14.5   4:07.42 java
12529 kabasel+  20   0 3521428 581960  16304 S 134.3 14.6   4:08.79 java
12529 kabasel+  20   0 3521428 589232  16304 S 164.4 14.8   4:10.45 java
12529 kabasel+  20   0 3521428 595608  16304 S 113.9 15.0   4:11.60 java
12529 kabasel+  20   0 3521428 597976  16304 S 105.9 15.0   4:12.67 java
12529 kabasel+  20   0 3521428 598736  16304 S 106.9 15.0   4:13.75 java
12529 kabasel+  20   0 3521428 600552  16304 S 109.9 15.1   4:14.86 java
12529 kabasel+  20   0 3521428 601608  16304 S 105.9 15.1   4:15.93 java
12529 kabasel+  20   0 3521428 603104  16304 S 152.5 15.1   4:17.47 java
12529 kabasel+  20   0 3521428 610724  16304 S 122.8 15.3   4:18.71 java
12529 kabasel+  20   0 3521428 613348  16304 S 110.9 15.4   4:19.83 java
12529 kabasel+  20   0 3521428 588092  16304 S 203.0 14.8   4:21.88 java
12529 kabasel+  20   0 3521428 588092  16304 S 119.8 14.8   4:23.09 java
12529 kabasel+  20   0 3521428 588092  16304 S 129.7 14.8   4:24.40 java
12529 kabasel+  20   0 3521428 587580  16304 S 105.0 14.8   4:25.46 java
12529 kabasel+  20   0 3521428 587580  16304 S 105.0 14.8   4:26.52 java
12529 kabasel+  20   0 3521428 587580  16304 S 118.8 14.8   4:27.72 java
12529 kabasel+  20   0 3521428 587580  16304 S 106.9 14.8   4:28.80 java
12529 kabasel+  20   0 3521428 587580  16304 S 105.0 14.8   4:29.86 java
12529 kabasel+  20   0 3521428 587580  16304 S 102.0 14.8   4:30.89 java
12529 kabasel+  20   0 3521428 587580  16304 S 102.0 14.8   4:31.93 java
12529 kabasel+  20   0 3521428 587580  16304 S 105.0 14.8   4:32.99 java
12529 kabasel+  20   0 3521428 587892  16304 S 105.0 14.8   4:34.05 java
12529 kabasel+  20   0 3521428 587892  16304 S 107.9 14.8   4:35.14 java
12529 kabasel+  20   0 3521428 588304  16304 S 120.8 14.8   4:36.36 java
12529 kabasel+  20   0 3521428 588304  16304 S 100.0 14.8   4:37.39 java
12529 kabasel+  20   0 3521428 588304  16304 S 106.9 14.8   4:38.47 java
12529 kabasel+  20   0 3521428 588304  16304 S 119.8 14.8   4:39.68 java
12529 kabasel+  20   0 3521428 588304  16304 S 137.6 14.8   4:41.07 java
12529 kabasel+  20   0 3521428 588304  16304 S 105.9 14.8   4:42.14 java
12529 kabasel+  20   0 3521428 588148  16304 S 116.8 14.8   4:43.32 java
12529 kabasel+  20   0 3521428 588148  16304 S 105.9 14.8   4:44.39 java
12529 kabasel+  20   0 3521428 587660  16304 S 119.8 14.8   4:45.60 java
12529 kabasel+  20   0 3521428 587660  16304 S 118.8 14.8   4:46.80 java
12529 kabasel+  20   0 3521428 587660  16304 S 105.0 14.8   4:47.86 java
12529 kabasel+  20   0 3521428 587660  16304 S 114.9 14.8   4:49.02 java
12529 kabasel+  20   0 3521428 587888  16304 S 142.6 14.8   4:50.46 java
12529 kabasel+  20   0 3521428 587888  16304 S 102.9 14.8   4:51.51 java
12529 kabasel+  20   0 3521428 587888  16304 S 157.4 14.8   4:53.10 java
12529 kabasel+  20   0 3521428 587888  16304 S 146.5 14.8   4:54.58 java
12529 kabasel+  20   0 3521428 587888  16304 S 106.9 14.8   4:55.66 java
12529 kabasel+  20   0 3521428 587888  16304 S 104.0 14.8   4:56.71 java
12529 kabasel+  20   0 3521428 587744  16304 S 158.4 14.8   4:58.31 java
12529 kabasel+  20   0 3521428 587744  16304 S 111.9 14.8   4:59.44 java
12529 kabasel+  20   0 3521428 587744  16304 S 105.9 14.8   5:00.51 java
12529 kabasel+  20   0 3521428 587776  16304 S 228.7 14.8   5:02.82 java
12529 kabasel+  20   0 3521428 587808  16304 S 104.0 14.8   5:03.87 java
12529 kabasel+  20   0 3521428 587808  16304 S 103.0 14.8   5:04.91 java
12529 kabasel+  20   0 3521428 587808  16304 S 105.0 14.8   5:05.97 java
12529 kabasel+  20   0 3521428 587808  16304 S 104.0 14.8   5:07.01 java
12529 kabasel+  20   0 3521428 587808  16304 S 105.9 14.8   5:08.09 java
12529 kabasel+  20   0 3521428 587808  16304 S 111.9 14.8   5:09.22 java
12529 kabasel+  20   0 3521428 587808  16304 S 105.0 14.8   5:10.28 java
12529 kabasel+  20   0 3521428 587808  16304 S 102.0 14.8   5:11.31 java
12529 kabasel+  20   0 3521428 587808  16304 S 104.0 14.8   5:12.36 java
12529 kabasel+  20   0 3521428 587808  16304 S 122.8 14.8   5:13.60 java
12529 kabasel+  20   0 3521428 587808  16304 S 107.9 14.8   5:14.69 java
12529 kabasel+  20   0 3521428 587808  16304 S 102.0 14.8   5:15.72 java
12529 kabasel+  20   0 3521428 587808  16304 S 113.9 14.8   5:16.87 java
12529 kabasel+  20   0 3521428 588336  16304 S 137.6 14.8   5:18.26 java
12529 kabasel+  20   0 3521428 588336  16304 S 107.0 14.8   5:19.33 java
12529 kabasel+  20   0 3521428 587312  16304 S 125.5 14.8   5:20.61 java
12529 kabasel+  20   0 3521428 587312  16304 S 116.8 14.8   5:21.79 java
12529 kabasel+  20   0 3521428 587312  16304 S 114.7 14.8   5:22.96 java
12529 kabasel+  20   0 3521428 587312  16304 S 107.9 14.8   5:24.05 java
12529 kabasel+  20   0 3521428 587312  16304 S 128.7 14.8   5:25.35 java
12529 kabasel+  20   0 3521428 587312  16304 S 108.9 14.8   5:26.45 java
12529 kabasel+  20   0 3521428 587312  16304 S 104.0 14.8   5:27.50 java
12529 kabasel+  20   0 3521428 587312  16304 S 118.8 14.8   5:28.70 java
12529 kabasel+  20   0 3521428 587312  16304 S 114.9 14.8   5:29.86 java
12529 kabasel+  20   0 3521428 587312  16304 S 104.0 14.8   5:30.91 java
12529 kabasel+  20   0 3521428 587312  16304 S 106.9 14.8   5:32.00 java
12529 kabasel+  20   0 3521428 587312  16304 S 104.0 14.8   5:33.05 java
12529 kabasel+  20   0 3521428 587312  16304 S 104.0 14.8   5:34.10 java
12529 kabasel+  20   0 3521428 587312  16304 S 105.0 14.8   5:35.16 java
12529 kabasel+  20   0 3521428 587312  16304 S 131.7 14.8   5:36.49 java
12529 kabasel+  20   0 3521428 588632  16304 S 110.9 14.8   5:37.61 java
12529 kabasel+  20   0 3521428 587608  16304 S 104.0 14.8   5:38.66 java
12529 kabasel+  20   0 3521428 587608  16304 S 103.0 14.8   5:39.70 java
12529 kabasel+  20   0 3521428 587608  16304 S 115.8 14.8   5:40.87 java
12529 kabasel+  20   0 3521428 587608  16304 S 109.9 14.8   5:41.98 java
12529 kabasel+  20   0 3521428 588632  16304 S 112.9 14.8   5:43.12 java
12529 kabasel+  20   0 3521428 589952  16304 S 152.5 14.8   5:44.66 java
12529 kabasel+  20   0 3521428 593072  16304 S 104.9 14.9   5:45.73 java
12529 kabasel+  20   0 3521428 595676  16304 S 103.0 15.0   5:46.77 java
12529 kabasel+  20   0 3521428 596180  16304 S 103.0 15.0   5:47.81 java
12529 kabasel+  20   0 3521428 596180  16304 S  32.7 15.0   5:48.14 java
12529 kabasel+  20   0 3521428 598008  16304 S  82.2 15.0   5:48.97 java
12529 kabasel+  20   0 3521428 601128  16304 S 219.8 15.1   5:51.19 java
12529 kabasel+  20   0 3521428 600648  16304 S 104.0 15.1   5:52.24 java
12529 kabasel+  20   0 3521428 600648  16304 S   8.9 15.1   5:52.33 java
12529 kabasel+  20   0 3521428 600648  16304 S  85.1 15.1   5:53.19 java
12529 kabasel+  20   0 3521428 600648  16304 S 126.7 15.1   5:54.47 java
12529 kabasel+  20   0 3521428 600648  16304 S 104.0 15.1   5:55.52 java
12529 kabasel+  20   0 3521428 600648  16304 S 106.9 15.1   5:56.60 java
12529 kabasel+  20   0 3521428 600648  16304 S 103.0 15.1   5:57.64 java
12529 kabasel+  20   0 3521428 600648  16304 S 104.0 15.1   5:58.69 java
12529 kabasel+  20   0 3521428 600648  16304 S 104.0 15.1   5:59.74 java
12529 kabasel+  20   0 3521428 600648  16304 S  42.6 15.1   6:00.17 java
12529 kabasel+  20   0 3521428 600648  16304 S 107.9 15.1   6:01.26 java
12529 kabasel+  20   0 3521428 600648  16304 S 104.0 15.1   6:02.31 java
12529 kabasel+  20   0 3521428 600648  16304 S  58.8 15.1   6:02.91 java
12529 kabasel+  20   0 3521428 600648  16304 S  44.6 15.1   6:03.36 java
12529 kabasel+  20   0 3521428 600648  16304 S   0.0 15.1   6:03.36 java
12529 kabasel+  20   0 3521428 600648  16304 S   7.9 15.1   6:03.44 java
12529 kabasel+  20   0 3521428 601696  16304 S 100.0 15.1   6:04.45 java
12529 kabasel+  20   0 3521428 601696  16304 S 141.6 15.1   6:05.88 java
12529 kabasel+  20   0 3521428 601696  16304 S 102.0 15.1   6:06.91 java
12529 kabasel+  20   0 3521428 600848  16304 S 103.0 15.1   6:07.95 java
12529 kabasel+  20   0 3521428 600848  16304 S 106.9 15.1   6:09.03 java
12529 kabasel+  20   0 3521428 600848  16304 S 104.0 15.1   6:10.08 java
12529 kabasel+  20   0 3521428 600848  16304 S 125.7 15.1   6:11.35 java
12529 kabasel+  20   0 3521428 600848  16304 S 118.8 15.1   6:12.55 java
12529 kabasel+  20   0 3521428 600848  16304 S 131.7 15.1   6:13.88 java
12529 kabasel+  20   0 3521428 601640  16304 S 124.8 15.1   6:15.14 java
12529 kabasel+  20   0 3521428 600616  16304 S 123.8 15.1   6:16.39 java
12529 kabasel+  20   0 3521428 600616  16304 S 113.9 15.1   6:17.54 java
12529 kabasel+  20   0 3521428 600616  16304 S 117.8 15.1   6:18.73 java
12529 kabasel+  20   0 3521428 601668  16304 S 175.2 15.1   6:20.50 java
12529 kabasel+  20   0 3521428 601668  16304 S 115.8 15.1   6:21.67 java
12529 kabasel+  20   0 3521428 600644  16304 S 119.8 15.1   6:22.88 java
12529 kabasel+  20   0 3521428 600644  16304 S 107.0 15.1   6:23.95 java
12529 kabasel+  20   0 3521428 600644  16304 S 106.9 15.1   6:25.03 java
12529 kabasel+  20   0 3521428 600644  16304 S 109.9 15.1   6:26.14 java
12529 kabasel+  20   0 3521428 600644  16304 S 120.8 15.1   6:27.36 java
12529 kabasel+  20   0 3521428 600644  16304 S 105.0 15.1   6:28.42 java
12529 kabasel+  20   0 3521428 600644  16304 S 120.8 15.1   6:29.64 java
12529 kabasel+  20   0 3521428 600608  16304 S 105.9 15.1   6:30.71 java
12529 kabasel+  20   0 3521428 600608  16304 S 115.8 15.1   6:31.88 java
12529 kabasel+  20   0 3521428 600608  16304 S 108.9 15.1   6:32.98 java
12529 kabasel+  20   0 3521428 603172  16304 S 107.9 15.2   6:34.07 java
12529 kabasel+  20   0 3521428 606508  16304 S 108.9 15.2   6:35.17 java
12529 kabasel+  20   0 3521428 607524  16304 S 107.9 15.3   6:36.26 java
12529 kabasel+  20   0 3521428 608560  16304 S 105.9 15.3   6:37.33 java
12529 kabasel+  20   0 3521428 586208  16304 S 159.4 14.7   6:38.94 java
12529 kabasel+  20   0 3521428 586208  16304 S 103.0 14.7   6:39.98 java
12529 kabasel+  20   0 3521428 586208  16304 S 105.0 14.7   6:41.04 java
12529 kabasel+  20   0 3521428 586208  16304 S  40.6 14.7   6:41.45 java
12529 kabasel+  20   0 3521428 586208  16304 S   0.0 14.7   6:41.45 java
12529 kabasel+  20   0 3521428 586208  16304 S  12.9 14.7   6:41.58 java
12529 kabasel+  20   0 3521428 586472  16304 S 105.0 14.7   6:42.64 java
12529 kabasel+  20   0 3521428 586992  16304 S 127.7 14.7   6:43.93 java
12529 kabasel+  20   0 3521428 586992  16304 S 183.2 14.7   6:45.78 java
12529 kabasel+  20   0 3521428 587116  16304 S 139.2 14.7   6:47.20 java
12529 kabasel+  20   0 3521428 586604  16304 S 111.9 14.7   6:48.33 java
12529 kabasel+  20   0 3521428 586092  16304 S 103.0 14.7   6:49.37 java
12529 kabasel+  20   0 3521428 586092  16304 S 123.8 14.7   6:50.62 java
12529 kabasel+  20   0 3521428 586092  16304 S 120.8 14.7   6:51.84 java
12529 kabasel+  20   0 3521428 586092  16304 S 103.0 14.7   6:52.88 java
12529 kabasel+  20   0 3521428 586092  16304 S 106.9 14.7   6:53.96 java
12529 kabasel+  20   0 3521428 586092  16304 S 117.8 14.7   6:55.15 java
12529 kabasel+  20   0 3521428 586092  16304 S 105.0 14.7   6:56.21 java
12529 kabasel+  20   0 3521428 586092  16304 S 104.0 14.7   6:57.26 java
12529 kabasel+  20   0 3521428 586092  16304 S 108.9 14.7   6:58.36 java
12529 kabasel+  20   0 3521428 586092  16304 S 105.0 14.7   6:59.42 java
12529 kabasel+  20   0 3521428 586092  16304 S 142.6 14.7   7:00.86 java
12529 kabasel+  20   0 3521428 586880  16304 S 121.8 14.7   7:02.09 java
12529 kabasel+  20   0 3521428 586880  16304 S 104.0 14.7   7:03.14 java
12529 kabasel+  20   0 3521428 586880  16304 S 112.9 14.7   7:04.28 java
12529 kabasel+  20   0 3521428 585888  16304 S 106.9 14.7   7:05.36 java
12529 kabasel+  20   0 3521428 585888  16304 S 108.9 14.7   7:06.46 java
12529 kabasel+  20   0 3521428 585888  16304 S 134.7 14.7   7:07.82 java
12529 kabasel+  20   0 3521428 585888  16304 S 103.0 14.7   7:08.86 java
12529 kabasel+  20   0 3521428 585888  16304 S 103.0 14.7   7:09.90 java
12529 kabasel+  20   0 3521428 585888  16304 S 104.0 14.7   7:10.95 java
12529 kabasel+  20   0 3521428 585888  16304 S 123.5 14.7   7:12.21 java
12529 kabasel+  20   0 3521428 585888  16304 S 114.9 14.7   7:13.37 java
12529 kabasel+  20   0 3521428 585888  16304 S 103.0 14.7   7:14.41 java
12529 kabasel+  20   0 3521428 586680  16304 S 136.3 14.7   7:15.80 java
12529 kabasel+  20   0 3521428 586680  16304 S 104.0 14.7   7:16.85 java
12529 kabasel+  20   0 3521428 585656  16304 S 130.7 14.7   7:18.17 java
12529 kabasel+  20   0 3521428 585656  16304 S 105.0 14.7   7:19.23 java
12529 kabasel+  20   0 3521428 585656  16304 S 125.7 14.7   7:20.50 java
12529 kabasel+  20   0 3521428 585656  16304 S 115.8 14.7   7:21.67 java
12529 kabasel+  20   0 3521428 585656  16304 S 123.8 14.7   7:22.92 java
12529 kabasel+  20   0 3521428 585656  16304 S 104.0 14.7   7:23.97 java
12529 kabasel+  20   0 3521428 585656  16304 S 112.9 14.7   7:25.11 java
12529 kabasel+  20   0 3521428 585656  16304 S 115.8 14.7   7:26.28 java
12529 kabasel+  20   0 3521428 585656  16304 S 142.6 14.7   7:27.72 java
12529 kabasel+  20   0 3521428 585880  16304 S 191.1 14.7   7:29.65 java
12529 kabasel+  20   0 3521428 585940  16304 S 185.1 14.7   7:31.52 java
12529 kabasel+  20   0 3521428 585940  16304 S 114.9 14.7   7:32.68 java
12529 kabasel+  20   0 3521428 586000  16304 S 129.7 14.7   7:33.99 java
12529 kabasel+  20   0 3521428 586000  16304 S 107.9 14.7   7:35.08 java
12529 kabasel+  20   0 3521428 586000  16304 S 102.0 14.7   7:36.11 java
12529 kabasel+  20   0 3521428 586000  16304 S 105.9 14.7   7:37.18 java
12529 kabasel+  20   0 3521428 586000  16304 S 103.0 14.7   7:38.22 java
12529 kabasel+  20   0 3521428 586000  16304 S 102.0 14.7   7:39.25 java
12529 kabasel+  20   0 3521428 586000  16304 S 103.0 14.7   7:40.29 java
12529 kabasel+  20   0 3521428 586000  16304 S 103.0 14.7   7:41.33 java
12529 kabasel+  20   0 3521428 586000  16304 S 106.9 14.7   7:42.41 java
12529 kabasel+  20   0 3521428 586264  16304 S 111.9 14.7   7:43.54 java
12529 kabasel+  20   0 3521428 586264  16304 S  62.4 14.7   7:44.17 java
12529 kabasel+  20   0 3521428 586788  16304 S  53.5 14.7   7:44.71 java
12529 kabasel+  20   0 3521428 586788  16304 S 128.7 14.7   7:46.01 java
12529 kabasel+  20   0 3521428 586788  16304 S 108.8 14.7   7:47.12 java
12529 kabasel+  20   0 3521428 586788  16304 S 104.0 14.7   7:48.17 java
12529 kabasel+  20   0 3521428 586788  16304 S 119.8 14.7   7:49.38 java
12529 kabasel+  20   0 3521428 586788  16304 S 108.9 14.7   7:50.48 java
12529 kabasel+  20   0 3521428 586788  16304 S  95.0 14.7   7:51.43 java
12529 kabasel+  20   0 3521428 586788  16304 S 105.0 14.7   7:52.49 java
12529 kabasel+  20   0 3521428 586380  16304 S 139.2 14.7   7:53.91 java
12529 kabasel+  20   0 3521428 586380  16304 S 109.9 14.7   7:55.02 java
12529 kabasel+  20   0 3521428 586380  16304 S 103.0 14.7   7:56.06 java
12529 kabasel+  20   0 3521428 586380  16304 S 105.9 14.7   7:57.13 java
12529 kabasel+  20   0 3521428 586380  16304 S 118.8 14.7   7:58.33 java
12529 kabasel+  20   0 3521428 586380  16304 S 106.9 14.7   7:59.41 java
12529 kabasel+  20   0 3521428 586380  16304 S 116.8 14.7   8:00.59 java
12529 kabasel+  20   0 3521428 586380  16304 S 105.9 14.7   8:01.66 java
12529 kabasel+  20   0 3521428 586380  16304 S  79.2 14.7   8:02.46 java
12529 kabasel+  20   0 3521428 586380  16304 S   0.0 14.7   8:02.46 java
12529 kabasel+  20   0 3521428 586380  16304 S   0.0 14.7   8:02.46 java
12529 kabasel+  20   0 3521428 586380  16304 S   0.0 14.7   8:02.46 java
12529 kabasel+  20   0 3521428 586380  16304 S   0.0 14.7   8:02.46 java
12529 kabasel+  20   0 3521428 586380  16304 S  34.7 14.7   8:02.81 java
12529 kabasel+  20   0 3521428 586900  16304 S 109.8 14.7   8:03.93 java
12529 kabasel+  20   0 3521428 586900  16304 S 112.9 14.7   8:05.07 java
12529 kabasel+  20   0 3521428 586900  16304 S 104.0 14.7   8:06.12 java
12529 kabasel+  20   0 3521428 586900  16304 S  76.2 14.7   8:06.89 java
12529 kabasel+  20   0 3521428 586900  16304 S   2.0 14.7   8:06.91 java
12529 kabasel+  20   0 3521428 586900  16304 S 105.0 14.7   8:07.96 java
12529 kabasel+  20   0 3521428 586900  16304 S 105.9 14.7   8:09.03 java
12529 kabasel+  20   0 3521428 586900  16304 S 124.8 14.7   8:10.29 java
12529 kabasel+  20   0 3521428 586804  16304 S 105.9 14.7   8:11.36 java
12529 kabasel+  20   0 3521428 586804  16304 S 105.0 14.7   8:12.42 java
12529 kabasel+  20   0 3521428 586804  16304 S  79.4 14.7   8:13.23 java
12529 kabasel+  20   0 3521428 586804  16304 S   0.0 14.7   8:13.23 java
12529 kabasel+  20   0 3521428 586804  16304 S   0.0 14.7   8:13.23 java
12529 kabasel+  20   0 3521428 586804  16304 S 101.0 14.7   8:14.24 java
12529 kabasel+  20   0 3521428 590176  16304 S 123.5 14.8   8:15.50 java
12529 kabasel+  20   0 3521428 592284  16304 S 122.0 14.9   8:16.72 java
12529 kabasel+  20   0 3521428 594840  16304 S 108.9 14.9   8:17.82 java
12529 kabasel+  20   0 3521428 595884  16304 S 139.6 15.0   8:19.23 java
12529 kabasel+  20   0 3521428 600068  16304 S 110.9 15.1   8:20.35 java
12529 kabasel+  20   0 3521428 601900  16304 S 115.8 15.1   8:21.52 java
12529 kabasel+  20   0 3521428 605036  16304 S 116.7 15.2   8:22.71 java
12529 kabasel+  20   0 3521428 609068  16304 S 105.9 15.3   8:23.78 java
12529 kabasel+  20   0 3521428 612168  16304 S 105.0 15.4   8:24.84 java
12529 kabasel+  20   0 3521428 615588  16304 S 231.7 15.5   8:27.18 java
12529 kabasel+  20   0 3521428 615588  16304 S 104.0 15.5   8:28.23 java
12529 kabasel+  20   0 3521428 615588  16304 S 114.9 15.5   8:29.39 java
12529 kabasel+  20   0 3521428 615588  16304 S 103.0 15.5   8:30.43 java
12529 kabasel+  20   0 3521428 615588  16304 S  77.2 15.5   8:31.21 java
12529 kabasel+  20   0 3521428 615588  16304 S   0.0 15.5   8:31.21 java
12529 kabasel+  20   0 3521428 615588  16304 S   0.0 15.5   8:31.21 java
12529 kabasel+  20   0 3521428 615588  16304 S  83.2 15.5   8:32.05 java
12529 kabasel+  20   0 3521428 615588  16304 S  40.6 15.5   8:32.46 java
12529 kabasel+  20   0 3521428 615588  16304 S   0.0 15.5   8:32.46 java
12529 kabasel+  20   0 3521428 615588  16304 S   0.0 15.5   8:32.46 java
12529 kabasel+  20   0 3521428 615588  16304 S   0.0 15.5   8:32.46 java
12529 kabasel+  20   0 3521428 615588  16304 S  88.1 15.5   8:33.35 java
12529 kabasel+  20   0 3521428 615588  16304 S 105.9 15.5   8:34.43 java
12529 kabasel+  20   0 3521428 615588  16304 S 142.0 15.5   8:35.85 java
12529 kabasel+  20   0 3521428 615588  16304 S 115.7 15.5   8:37.03 java
12529 kabasel+  20   0 3521428 615632  16304 S 105.0 15.5   8:38.09 java
12529 kabasel+  20   0 3521428 615632  16304 S 121.8 15.5   8:39.32 java
12529 kabasel+  20   0 3521428 616420  16304 S 134.7 15.5   8:40.68 java
12529 kabasel+  20   0 3521428 616420  16304 S 135.6 15.5   8:42.05 java
12529 kabasel+  20   0 3521428 615600  16304 S 105.9 15.5   8:43.12 java
12529 kabasel+  20   0 3521428 615600  16304 S 105.0 15.5   8:44.18 java
12529 kabasel+  20   0 3521428 615600  16304 S 118.8 15.5   8:45.38 java
12529 kabasel+  20   0 3521428 615600  16304 S 114.9 15.5   8:46.54 java
12529 kabasel+  20   0 3521428 615600  16304 S 120.0 15.5   8:47.74 java
12529 kabasel+  20   0 3521428 615600  16304 S 121.6 15.5   8:48.98 java
12529 kabasel+  20   0 3521428 615600  16304 S 109.9 15.5   8:50.09 java
12529 kabasel+  20   0 3521428 615600  16304 S 106.9 15.5   8:51.17 java
12529 kabasel+  20   0 3521428 615600  16304 S 119.8 15.5   8:52.38 java
12529 kabasel+  20   0 3521428 616380  16304 S 137.3 15.5   8:53.78 java
12529 kabasel+  20   0 3521428 616380  16304 S 120.8 15.5   8:55.00 java
12529 kabasel+  20   0 3521428 615732  16304 S 104.0 15.5   8:56.05 java
12529 kabasel+  20   0 3521428 616788  16304 S 131.7 15.5   8:57.38 java
12529 kabasel+  20   0 3521428 616276  16304 S 103.0 15.5   8:58.42 java
12529 kabasel+  20   0 3521428 616276  16304 S 112.9 15.5   8:59.56 java
12529 kabasel+  20   0 3521428 615764  16304 S 136.6 15.5   9:00.94 java
12529 kabasel+  20   0 3521428 615764  16304 S 108.9 15.5   9:02.04 java
12529 kabasel+  20   0 3521428 615764  16304 S 136.6 15.5   9:03.42 java
12529 kabasel+  20   0 3521428 615916  16304 S 157.4 15.5   9:05.01 java
12529 kabasel+  20   0 3521428 615916  16304 S 132.7 15.5   9:06.35 java
12529 kabasel+  20   0 3521428 615916  16304 S 112.9 15.5   9:07.49 java
12529 kabasel+  20   0 3521428 615916  16304 S 108.9 15.5   9:08.59 java
12529 kabasel+  20   0 3521428 618272  16304 S 105.9 15.5   9:09.66 java
12529 kabasel+  20   0 3521428 619568  16304 S 133.7 15.6   9:11.01 java
12529 kabasel+  20   0 3521428 624492  16304 S 134.7 15.7   9:12.37 java
12529 kabasel+  20   0 3521428 626596  16304 S 140.6 15.7   9:13.79 java
12529 kabasel+  20   0 3521428 629496  16304 S 103.9 15.8   9:14.85 java
12529 kabasel+  20   0 3521428 632644  16304 S 106.9 15.9   9:15.93 java
12529 kabasel+  20   0 3521428 636024  16304 S 133.7 16.0   9:17.28 java
12529 kabasel+  20   0 3521428 628976  16304 S 235.6 15.8   9:19.66 java
12529 kabasel+  20   0 3521428 628976  16304 S 106.9 15.8   9:20.74 java
12529 kabasel+  20   0 3521428 628976  16304 S 104.0 15.8   9:21.79 java
12529 kabasel+  20   0 3521428 628976  16304 S 101.0 15.8   9:22.82 java
12529 kabasel+  20   0 3521428 628976  16304 S 107.9 15.8   9:23.91 java
12529 kabasel+  20   0 3521428 628976  16304 S 103.0 15.8   9:24.95 java
12529 kabasel+  20   0 3521428 628976  16304 S 114.9 15.8   9:26.11 java
12529 kabasel+  20   0 3521428 629232  16304 S 107.9 15.8   9:27.20 java
12529 kabasel+  20   0 3521428 629232  16304 S 102.0 15.8   9:28.23 java
12529 kabasel+  20   0 3521428 629232  16304 S 102.0 15.8   9:29.26 java
12529 kabasel+  20   0 3521428 629232  16304 S 117.8 15.8   9:30.45 java
12529 kabasel+  20   0 3521428 629232  16304 S 102.0 15.8   9:31.48 java
12529 kabasel+  20   0 3521428 628912  16304 S 104.0 15.8   9:32.53 java
12529 kabasel+  20   0 3521428 628912  16304 S 102.0 15.8   9:33.56 java
12529 kabasel+  20   0 3521428 628912  16304 S 104.0 15.8   9:34.61 java
12529 kabasel+  20   0 3521428 628912  16304 S 104.0 15.8   9:35.66 java
12529 kabasel+  20   0 3521428 628912  16304 S 103.0 15.8   9:36.70 java
12529 kabasel+  20   0 3521428 628912  16304 S 134.7 15.8   9:38.06 java
12529 kabasel+  20   0 3521428 629068  16304 S 128.7 15.8   9:39.36 java
12529 kabasel+  20   0 3521428 629332  16304 S 114.9 15.8   9:40.52 java
12529 kabasel+  20   0 3521428 629316  16304 S 103.0 15.8   9:41.56 java
12529 kabasel+  20   0 3521428 629316  16304 S 105.0 15.8   9:42.62 java
12529 kabasel+  20   0 3521428 629316  16304 S 114.9 15.8   9:43.78 java
12529 kabasel+  20   0 3521428 629840  16304 S 146.5 15.8   9:45.26 java
12529 kabasel+  20   0 3521428 629840  16304 S 104.0 15.8   9:46.31 java
12529 kabasel+  20   0 3521428 628816  16304 S 102.0 15.8   9:47.34 java
12529 kabasel+  20   0 3521428 628816  16304 S 103.0 15.8   9:48.38 java
12529 kabasel+  20   0 3521428 628816  16304 S 103.0 15.8   9:49.42 java
12529 kabasel+  20   0 3521428 628816  16304 S 102.0 15.8   9:50.45 java
12529 kabasel+  20   0 3521428 628816  16304 S 106.9 15.8   9:51.53 java
12529 kabasel+  20   0 3521428 628816  16304 S 104.0 15.8   9:52.58 java
12529 kabasel+  20   0 3521428 628816  16304 S 103.0 15.8   9:53.62 java
12529 kabasel+  20   0 3521428 628816  16304 S 128.7 15.8   9:54.92 java
12529 kabasel+  20   0 3521428 628816  16304 S 131.7 15.8   9:56.25 java
12529 kabasel+  20   0 3521428 628816  16304 S 107.9 15.8   9:57.34 java
12529 kabasel+  20   0 3521428 628816  16304 S 113.9 15.8   9:58.49 java
12529 kabasel+  20   0 3521428 629040  16304 S 138.6 15.8   9:59.89 java
12529 kabasel+  20   0 3521428 629568  16304 S 196.0 15.8  10:01.87 java
12529 kabasel+  20   0 3521428 629568  16304 S 110.9 15.8  10:02.99 java
12529 kabasel+  20   0 3521428 628544  16304 S 126.7 15.8  10:04.27 java
12529 kabasel+  20   0 3521428 628544  16304 S 115.8 15.8  10:05.44 java
12529 kabasel+  20   0 3521428 628544  16304 S 106.9 15.8  10:06.52 java
12529 kabasel+  20   0 3521428 628544  16304 S 108.9 15.8  10:07.62 java
12529 kabasel+  20   0 3521428 628544  16304 S 115.8 15.8  10:08.79 java
12529 kabasel+  20   0 3521428 628544  16304 S 105.0 15.8  10:09.85 java
12529 kabasel+  20   0 3521428 628544  16304 S 107.9 15.8  10:10.94 java
12529 kabasel+  20   0 3521428 628544  16304 S 106.9 15.8  10:12.02 java
12529 kabasel+  20   0 3521428 628544  16304 S 106.9 15.8  10:13.10 java
12529 kabasel+  20   0 3521428 628544  16304 S 104.0 15.8  10:14.15 java
12529 kabasel+  20   0 3521428 628544  16304 S 106.9 15.8  10:15.23 java
12529 kabasel+  20   0 3521428 628544  16304 S 109.9 15.8  10:16.34 java
12529 kabasel+  20   0 3521428 629864  16304 S 128.7 15.8  10:17.64 java
12529 kabasel+  20   0 3521428 629864  16304 S 105.0 15.8  10:18.70 java
12529 kabasel+  20   0 3521428 628840  16304 S 109.8 15.8  10:19.82 java
12529 kabasel+  20   0 3521428 629104  16304 S 149.5 15.8  10:21.33 java
12529 kabasel+  20   0 3521428 613692  16304 S 182.2 15.4  10:23.17 java
12529 kabasel+  20   0 3521428 613692  16304 S 157.4 15.4  10:24.76 java
12529 kabasel+  20   0 3521428 613692  16304 S 105.0 15.4  10:25.81 java
12529 kabasel+  20   0 3521428 613692  16304 S 103.0 15.4  10:26.85 java
12529 kabasel+  20   0 3521428 613352  16304 S 102.0 15.4  10:27.88 java
12529 kabasel+  20   0 3521428 614144  16304 S 158.4 15.4  10:29.48 java
12529 kabasel+  20   0 3521428 614144  16304 S 109.9 15.4  10:30.59 java
12529 kabasel+  20   0 3521428 613868  16304 S 105.0 15.4  10:31.65 java
12529 kabasel+  20   0 3521428 613868  16304 S 102.0 15.4  10:32.68 java
12529 kabasel+  20   0 3521428 613356  16304 S 103.0 15.4  10:33.72 java
12529 kabasel+  20   0 3521428 613356  16304 S 110.9 15.4  10:34.84 java
12529 kabasel+  20   0 3521428 613356  16304 S 105.9 15.4  10:35.91 java
12529 kabasel+  20   0 3521428 613356  16304 S 114.9 15.4  10:37.07 java
12529 kabasel+  20   0 3521428 613356  16304 S 116.7 15.4  10:38.26 java
12529 kabasel+  20   0 3521428 613356  16304 S 112.0 15.4  10:39.38 java
12529 kabasel+  20   0 3521428 613356  16304 S 106.9 15.4  10:40.46 java
12529 kabasel+  20   0 3521428 613356  16304 S 120.8 15.4  10:41.68 java
12529 kabasel+  20   0 3521428 613188  16304 S 105.0 15.4  10:42.74 java
12529 kabasel+  20   0 3521428 613188  16304 S 170.6 15.4  10:44.48 java
12529 kabasel+  20   0 3521428 614244  16304 S 131.7 15.4  10:45.81 java
12529 kabasel+  20   0 3521428 613732  16304 S 124.8 15.4  10:47.07 java
12529 kabasel+  20   0 3521428 613220  16304 S 106.9 15.4  10:48.15 java
12529 kabasel+  20   0 3521428 613220  16304 S 105.9 15.4  10:49.22 java
12529 kabasel+  20   0 3521428 613220  16304 S 104.0 15.4  10:50.27 java
12529 kabasel+  20   0 3521428 613220  16304 S 103.0 15.4  10:51.31 java
12529 kabasel+  20   0 3521428 613220  16304 S 115.8 15.4  10:52.48 java
12529 kabasel+  20   0 3521428 614276  16304 S 137.6 15.4  10:53.87 java
12529 kabasel+  20   0 3521428 614276  16304 S 144.6 15.4  10:55.33 java
12529 kabasel+  20   0 3521428 614276  16304 S 108.9 15.4  10:56.43 java
12529 kabasel+  20   0 3521428 614276  16304 S 117.8 15.4  10:57.62 java
12529 kabasel+  20   0 3521428 613252  16304 S 104.0 15.4  10:58.67 java
12529 kabasel+  20   0 3521428 613252  16304 S 104.0 15.4  10:59.72 java
12529 kabasel+  20   0 3521428 613252  16304 S 102.0 15.4  11:00.76 java
12529 kabasel+  20   0 3521428 613252  16304 S 104.0 15.4  11:01.81 java
12529 kabasel+  20   0 3521428 613252  16304 S 104.0 15.4  11:02.86 java
12529 kabasel+  20   0 3521428 613252  16304 S 103.0 15.4  11:03.90 java
12529 kabasel+  20   0 3521428 613252  16304 S 105.9 15.4  11:04.97 java
12529 kabasel+  20   0 3521428 613252  16304 S 104.0 15.4  11:06.02 java
12529 kabasel+  20   0 3521428 613780  16304 S 106.9 15.4  11:07.10 java
12529 kabasel+  20   0 3521428 613780  16304 S 115.8 15.4  11:08.27 java
12529 kabasel+  20   0 3521428 614308  16304 S 107.8 15.4  11:09.37 java
12529 kabasel+  20   0 3521428 613380  16304 S 106.9 15.4  11:10.45 java
12529 kabasel+  20   0 3521428 613380  16304 S 105.9 15.4  11:11.52 java
12529 kabasel+  20   0 3521428 613380  16304 S 105.0 15.4  11:12.58 java
12529 kabasel+  20   0 3521428 613380  16304 S 105.9 15.4  11:13.65 java
12529 kabasel+  20   0 3521428 613380  16304 S  65.3 15.4  11:14.31 java
12529 kabasel+  20   0 3521428 613380  16304 S 116.8 15.4  11:15.49 java
12529 kabasel+  20   0 3521428 613380  16304 S 106.9 15.4  11:16.57 java
12529 kabasel+  20   0 3521428 613380  16304 S 112.9 15.4  11:17.71 java
12529 kabasel+  20   0 3521428 613380  16304 S  37.6 15.4  11:18.09 java
12529 kabasel+  20   0 3521428 613380  16304 S   5.9 15.4  11:18.15 java
12529 kabasel+  20   0 3521428 593860  16304 S 138.6 14.9  11:19.55 java
12529 kabasel+  20   0 3521428 593860  16304 S  87.3 14.9  11:20.44 java
12529 kabasel+  20   0 3521428 593752  16304 S 100.0 14.9  11:21.45 java
12529 kabasel+  20   0 3521428 593752  16304 S  99.0 14.9  11:22.45 java
12529 kabasel+  20   0 3521428 594016  16304 S 105.0 14.9  11:23.51 java
12529 kabasel+  20   0 3521428 594016  16304 S 108.9 14.9  11:24.61 java
12529 kabasel+  20   0 3521428 593076  16304 S  86.1 14.9  11:25.48 java
12529 kabasel+  20   0 3521428 593076  16304 S  74.3 14.9  11:26.23 java
12529 kabasel+  20   0 3521428 593076  16304 S 117.8 14.9  11:27.42 java
12529 kabasel+  20   0 3521428 593076  16304 S 116.8 14.9  11:28.60 java
12529 kabasel+  20   0 3521428 593076  16304 S  46.1 14.9  11:29.07 java
12529 kabasel+  20   0 3521428 593076  16304 S   0.0 14.9  11:29.07 java
12529 kabasel+  20   0 3521428 593076  16304 S   0.0 14.9  11:29.07 java
12529 kabasel+  20   0 3521428 593076  16304 S   0.0 14.9  11:29.07 java
12529 kabasel+  20   0 3521428 593076  16304 S   0.0 14.9  11:29.07 java
12529 kabasel+  20   0 3521428 593076  16304 S   0.0 14.9  11:29.07 java
12529 kabasel+  20   0 3521428 593076  16304 S   0.0 14.9  11:29.07 java
12529 kabasel+  20   0 3521428 593076  16304 S   1.0 14.9  11:29.08 java
12529 kabasel+  20   0 3521428 593076  16304 S   0.0 14.9  11:29.08 java
12529 kabasel+  20   0 3521428 593076  16304 S   0.0 14.9  11:29.08 java
12529 kabasel+  20   0 3521428 593076  16304 S   0.0 14.9  11:29.08 java
12529 kabasel+  20   0 3521428 593076  16304 S   0.0 14.9  11:29.08 java
12529 kabasel+  20   0 3521428 593076  16304 S   0.0 14.9  11:29.08 java
12529 kabasel+  20   0 3521428 593076  16304 S  65.3 14.9  11:29.74 java
12529 kabasel+  20   0 3521428 593076  16304 S  18.6 14.9  11:29.93 java
12529 kabasel+  20   0 3521428 593076  16304 S   0.0 14.9  11:29.93 java
12529 kabasel+  20   0 3521428 593076  16304 S   0.0 14.9  11:29.93 java
12529 kabasel+  20   0 3521428 593076  16304 S   0.0 14.9  11:29.93 java
12529 kabasel+  20   0 3521428 593076  16304 S   0.0 14.9  11:29.93 java
12529 kabasel+  20   0 3521428 593076  16304 S   0.0 14.9  11:29.93 java
12529 kabasel+  20   0 3521428 593076  16304 S   0.0 14.9  11:29.93 java
12529 kabasel+  20   0 3521428 593076  16304 S   0.0 14.9  11:29.93 java
12529 kabasel+  20   0 3521428 593076  16304 S   0.0 14.9  11:29.93 java
12529 kabasel+  20   0 3521428 593076  16304 S  72.3 14.9  11:30.66 java
12529 kabasel+  20   0 3521428 593076  16304 S  81.2 14.9  11:31.48 java
12529 kabasel+  20   0 3521428 593076  16304 S  81.2 14.9  11:32.30 java
12529 kabasel+  20   0 3521428 593076  16304 S 111.9 14.9  11:33.43 java
12529 kabasel+  20   0 3521428 593076  16304 S 104.0 14.9  11:34.48 java
12529 kabasel+  20   0 3521428 593076  16304 S 102.0 14.9  11:35.51 java
12529 kabasel+  20   0 3521428 593076  16304 S 128.7 14.9  11:36.81 java
12529 kabasel+  20   0 3521428 593808  16304 S 108.9 14.9  11:37.91 java
12529 kabasel+  20   0 3521428 593808  16304 S 103.0 14.9  11:38.95 java
12529 kabasel+  20   0 3521428 593300  16304 S  43.6 14.9  11:39.39 java
12529 kabasel+  20   0 3521428 593300  16304 S  12.9 14.9  11:39.52 java
12529 kabasel+  20   0 3521428 593300  16304 S 119.8 14.9  11:40.73 java
12529 kabasel+  20   0 3521428 593564  16304 S 179.2 14.9  11:42.54 java
12529 kabasel+  20   0 3521428 593828  16304 S 122.5 14.9  11:43.79 java
12529 kabasel+  20   0 3521428 593828  16304 S 114.9 14.9  11:44.95 java
12529 kabasel+  20   0 3521428 593576  16304 S 109.9 14.9  11:46.06 java
12529 kabasel+  20   0 3521428 593576  16304 S 121.8 14.9  11:47.29 java
12529 kabasel+  20   0 3521428 593576  16304 S 122.8 14.9  11:48.53 java
12529 kabasel+  20   0 3521428 593576  16304 S 134.7 14.9  11:49.89 java
12529 kabasel+  20   0 3521428 593576  16304 S 116.8 14.9  11:51.07 java
12529 kabasel+  20   0 3521428 593576  16304 S 118.8 14.9  11:52.27 java
12529 kabasel+  20   0 3521428 593576  16304 S 120.6 14.9  11:53.50 java
12529 kabasel+  20   0 3521428 593576  16304 S 131.7 14.9  11:54.83 java
12529 kabasel+  20   0 3521428 593576  16304 S 106.9 14.9  11:55.91 java
12529 kabasel+  20   0 3521428 593576  16304 S 106.9 14.9  11:56.99 java
12529 kabasel+  20   0 3521428 593576  16304 S 121.8 14.9  11:58.22 java
12529 kabasel+  20   0 3521428 593576  16304 S 121.8 14.9  11:59.45 java
12529 kabasel+  20   0 3521428 593576  16304 S 126.7 14.9  12:00.73 java
12529 kabasel+  20   0 3521428 593576  16304 S 112.9 14.9  12:01.87 java
12529 kabasel+  20   0 3521428 593576  16304 S 112.9 14.9  12:03.01 java
12529 kabasel+  20   0 3521428 593576  16304 S 105.0 14.9  12:04.07 java
12529 kabasel+  20   0 3521428 593576  16304 S 107.9 14.9  12:05.16 java
12529 kabasel+  20   0 3521428 593576  16304 S 103.0 14.9  12:06.20 java
12529 kabasel+  20   0 3521428 593576  16304 S 126.7 14.9  12:07.48 java
12529 kabasel+  20   0 3521428 593576  16304 S 106.9 14.9  12:08.56 java
12529 kabasel+  20   0 3521428 593576  16304 S 116.8 14.9  12:09.74 java
12529 kabasel+  20   0 3521428 593576  16304 S 138.6 14.9  12:11.14 java
12529 kabasel+  20   0 3521428 594896  16304 S 148.5 14.9  12:12.64 java
12529 kabasel+  20   0 3521428 594896  16304 S 124.5 14.9  12:13.91 java
12529 kabasel+  20   0 3521428 594896  16304 S 151.5 14.9  12:15.44 java
12529 kabasel+  20   0 3521428 594896  16304 S 122.8 14.9  12:16.68 java
12529 kabasel+  20   0 3521428 593872  16304 S 192.1 14.9  12:18.62 java
12529 kabasel+  20   0 3521428 593984  16304 S 154.5 14.9  12:20.18 java
12529 kabasel+  20   0 3521428 594096  16304 S 124.8 14.9  12:21.44 java
12529 kabasel+  20   0 3521428 594096  16304 S 105.9 14.9  12:22.52 java
12529 kabasel+  20   0 3521428 594096  16304 S 117.8 14.9  12:23.71 java
12529 kabasel+  20   0 3521428 594096  16304 S 105.0 14.9  12:24.77 java
12529 kabasel+  20   0 3521428 594096  16304 S 122.8 14.9  12:26.01 java
12529 kabasel+  20   0 3521428 594096  16304 S 105.9 14.9  12:27.08 java
12529 kabasel+  20   0 3521428 594096  16304 S 106.9 14.9  12:28.16 java
12529 kabasel+  20   0 3521428 594096  16304 S 112.9 14.9  12:29.30 java
12529 kabasel+  20   0 3521428 594096  16304 S 104.0 14.9  12:30.35 java
12529 kabasel+  20   0 3521428 594096  16304 S 105.0 14.9  12:31.41 java
12529 kabasel+  20   0 3521428 594096  16304 S 101.0 14.9  12:32.43 java
12529 kabasel+  20   0 3521428 594096  16304 S 103.0 14.9  12:33.47 java
12529 kabasel+  20   0 3521428 594096  16304 S 110.9 14.9  12:34.59 java
12529 kabasel+  20   0 3521428 594096  16304 S 102.0 14.9  12:35.62 java
12529 kabasel+  20   0 3521428 594096  16304 S 102.0 14.9  12:36.65 java
12529 kabasel+  20   0 3521428 595152  16304 S 133.7 14.9  12:38.00 java
12529 kabasel+  20   0 3521428 595152  16304 S 127.7 14.9  12:39.29 java
12529 kabasel+  20   0 3521428 595152  16304 S  99.0 14.9  12:40.30 java
12529 kabasel+  20   0 3521428 594128  16304 S 104.0 14.9  12:41.35 java
12529 kabasel+  20   0 3521428 594128  16304 S 104.0 14.9  12:42.40 java
12529 kabasel+  20   0 3521428 594128  16304 S 104.0 14.9  12:43.45 java
12529 kabasel+  20   0 3521428 594128  16304 S 102.0 14.9  12:44.48 java
12529 kabasel+  20   0 3521428 594128  16304 S 102.0 14.9  12:45.52 java
12529 kabasel+  20   0 3521428 594128  16304 S 118.8 14.9  12:46.72 java
12529 kabasel+  20   0 3521428 594128  16304 S 110.9 14.9  12:47.84 java
12529 kabasel+  20   0 3521428 594128  16304 S 118.8 14.9  12:49.04 java
12529 kabasel+  20   0 3521428 594128  16304 S 104.0 14.9  12:50.09 java
12529 kabasel+  20   0 3521428 593768  16304 S 103.0 14.9  12:51.13 java
12529 kabasel+  20   0 3521428 593768  16304 S 133.7 14.9  12:52.48 java
12529 kabasel+  20   0 3521428 593768  16304 S 110.9 14.9  12:53.60 java
12529 kabasel+  20   0 3521428 593768  16304 S 105.0 14.9  12:54.66 java
12529 kabasel+  20   0 3521428 593768  16304 S 146.5 14.9  12:56.14 java
12529 kabasel+  20   0 3521428 594064  16304 S 120.8 14.9  12:57.36 java
12529 kabasel+  20   0 3521428 594064  16304 S 124.8 14.9  12:58.62 java
12529 kabasel+  20   0 3521428 594064  16304 S 105.9 14.9  12:59.69 java
12529 kabasel+  20   0 3521428 594064  16304 S 107.8 14.9  13:00.79 java
12529 kabasel+  20   0 3521428 594064  16304 S 102.0 14.9  13:01.82 java
12529 kabasel+  20   0 3521428 594064  16304 S 105.9 14.9  13:02.89 java
12529 kabasel+  20   0 3521428 595644  16304 S 121.8 15.0  13:04.12 java
12529 kabasel+  20   0 3521428 597216  16304 S 103.0 15.0  13:05.16 java
12529 kabasel+  20   0 3521428 600060  16304 S 105.0 15.1  13:06.22 java
12529 kabasel+  20   0 3521428 603440  16304 S 102.9 15.2  13:07.27 java
12529 kabasel+  20   0 3521428 605244  16304 S 105.9 15.2  13:08.34 java
12529 kabasel+  20   0 3521428 608632  16304 S 105.9 15.3  13:09.41 java
12529 kabasel+  20   0 3521428 612308  16304 S 101.0 15.4  13:10.43 java
12529 kabasel+  20   0 3521428 614104  16304 S 121.8 15.4  13:11.66 java
12529 kabasel+  20   0 3521428 616692  16304 S 107.9 15.5  13:12.75 java
12529 kabasel+  20   0 3521428 618756  16304 S 119.8 15.5  13:13.96 java
12529 kabasel+  20   0 3521428 619808  16304 S  85.1 15.6  13:14.82 java
12529 kabasel+  20   0 3521428 619808  16304 S  77.2 15.6  13:15.60 java
12529 kabasel+  20   0 3521428 624416  16304 S 109.9 15.7  13:16.71 java
12529 kabasel+  20   0 3521428 624676  16304 S 109.9 15.7  13:17.82 java
12529 kabasel+  20   0 3521428 628348  16304 S 116.8 15.8  13:19.00 java
12529 kabasel+  20   0 3521428 630196  16304 S 117.8 15.8  13:20.19 java
12529 kabasel+  20   0 3521428 632264  16304 S 190.1 15.9  13:22.11 java
12529 kabasel+  20   0 3521428 640376  16304 S 133.7 16.1  13:23.46 java
12529 kabasel+  20   0 3521428 646200  16304 S 123.8 16.2  13:24.71 java
12529 kabasel+  20   0 3521428 647796  16304 S 253.9 16.3  13:27.30 java
12529 kabasel+  20   0 3521428 647796  16304 S 104.0 16.3  13:28.35 java
12529 kabasel+  20   0 3521428 647796  16304 S 118.8 16.3  13:29.55 java
12529 kabasel+  20   0 3521428 647796  16304 S 143.6 16.3  13:31.00 java
12529 kabasel+  20   0 3521428 647796  16304 S 105.9 16.3  13:32.07 java
12529 kabasel+  20   0 3521428 648812  16304 S 136.6 16.3  13:33.45 java
12529 kabasel+  20   0 3521428 648812  16304 S 118.8 16.3  13:34.65 java
12529 kabasel+  20   0 3521428 647788  16304 S 119.8 16.3  13:35.86 java
12529 kabasel+  20   0 3521428 647788  16304 S 114.9 16.3  13:37.02 java
12529 kabasel+  20   0 3521428 647788  16304 S 122.8 16.3  13:38.26 java
12529 kabasel+  20   0 3521428 647788  16304 S 109.8 16.3  13:39.38 java
12529 kabasel+  20   0 3521428 647788  16304 S 134.7 16.3  13:40.74 java
12529 kabasel+  20   0 3521428 647788  16304 S 124.8 16.3  13:42.00 java
12529 kabasel+  20   0 3521428 647788  16304 S 124.8 16.3  13:43.26 java
12529 kabasel+  20   0 3521428 647788  16304 S 105.9 16.3  13:44.33 java
12529 kabasel+  20   0 3521428 647788  16304 S 104.0 16.3  13:45.38 java
12529 kabasel+  20   0 3521428 647788  16304 S 123.8 16.3  13:46.63 java
12529 kabasel+  20   0 3521428 647788  16304 S 118.8 16.3  13:47.83 java
12529 kabasel+  20   0 3521428 647788  16304 S 105.0 16.3  13:48.89 java
12529 kabasel+  20   0 3521428 647788  16304 S 116.8 16.3  13:50.07 java
12529 kabasel+  20   0 3521428 647788  16304 S 105.9 16.3  13:51.15 java
12529 kabasel+  20   0 3521428 647564  16304 S 104.0 16.3  13:52.20 java
12529 kabasel+  20   0 3521428 647564  16304 S 105.9 16.3  13:53.27 java
12529 kabasel+  20   0 3521428 647564  16304 S 105.0 16.3  13:54.33 java
12529 kabasel+  20   0 3521428 647564  16304 S 111.9 16.3  13:55.46 java
12529 kabasel+  20   0 3521428 647564  16304 S 108.9 16.3  13:56.56 java
12529 kabasel+  20   0 3521428 647564  16304 S 102.0 16.3  13:57.59 java
12529 kabasel+  20   0 3521428 647828  16304 S 105.9 16.3  13:58.67 java
12529 kabasel+  20   0 3521428 647828  16304 S 104.0 16.3  13:59.72 java
12529 kabasel+  20   0 3521428 647828  16304 S 113.7 16.3  14:00.88 java
12529 kabasel+  20   0 3521428 647828  16304 S 133.7 16.3  14:02.23 java
12529 kabasel+  20   0 3521428 647828  16304 S 104.0 16.3  14:03.28 java
12529 kabasel+  20   0 3521428 647728  16304 S 114.9 16.3  14:04.44 java
12529 kabasel+  20   0 3521428 647728  16304 S 122.8 16.3  14:05.68 java
12529 kabasel+  20   0 3521428 647728  16304 S 102.0 16.3  14:06.71 java
12529 kabasel+  20   0 3521428 647728  16304 S 103.9 16.3  14:07.77 java
12529 kabasel+  20   0 3521428 647728  16304 S 104.0 16.3  14:08.82 java
12529 kabasel+  20   0 3521428 647728  16304 S 104.0 16.3  14:09.87 java
12529 kabasel+  20   0 3521428 647728  16304 S 138.6 16.3  14:11.27 java
12529 kabasel+  20   0 3521428 647728  16304 S 114.9 16.3  14:12.43 java
12529 kabasel+  20   0 3521428 647728  16304 S 105.0 16.3  14:13.49 java
12529 kabasel+  20   0 3521428 647728  16304 S 105.0 16.3  14:14.55 java
12529 kabasel+  20   0 3521428 647992  16304 S 131.7 16.3  14:15.88 java
12529 kabasel+  20   0 3521428 648784  16304 S 140.6 16.3  14:17.30 java
12529 kabasel+  20   0 3521428 648784  16304 S 105.0 16.3  14:18.36 java
12529 kabasel+  20   0 3521428 647760  16304 S 126.7 16.3  14:19.64 java
12529 kabasel+  20   0 3521428 647760  16304 S 105.9 16.3  14:20.71 java
12529 kabasel+  20   0 3521428 647760  16304 S 121.8 16.3  14:21.94 java
12529 kabasel+  20   0 3521428 647760  16304 S 105.0 16.3  14:23.00 java
12529 kabasel+  20   0 3521428 647760  16304 S 104.0 16.3  14:24.05 java
12529 kabasel+  20   0 3521428 647760  16304 S 104.0 16.3  14:25.10 java
12529 kabasel+  20   0 3521428 647760  16304 S 104.0 16.3  14:26.15 java
12529 kabasel+  20   0 3521428 647760  16304 S 119.8 16.3  14:27.36 java
12529 kabasel+  20   0 3521428 647760  16304 S 105.0 16.3  14:28.42 java
12529 kabasel+  20   0 3521428 647760  16304 S 114.9 16.3  14:29.58 java
12529 kabasel+  20   0 3521428 647760  16304 S 114.9 16.3  14:30.74 java
12529 kabasel+  20   0 3521428 647828  16304 S 275.5 16.3  14:33.55 java
12529 kabasel+  20   0 3521428 647828  16304 S  74.3 16.3  14:34.30 java
12529 kabasel+  20   0 3521428 647828  16304 S 107.9 16.3  14:35.39 java
12529 kabasel+  20   0 3521428 648092  16304 S 124.8 16.3  14:36.65 java
12529 kabasel+  20   0 3521428 648092  16304 S 106.9 16.3  14:37.73 java
12529 kabasel+  20   0 3521428 648092  16304 S 104.0 16.3  14:38.78 java
12529 kabasel+  20   0 3521428 648092  16304 S 120.8 16.3  14:40.00 java
12529 kabasel+  20   0 3521428 648092  16304 S 115.8 16.3  14:41.17 java
12529 kabasel+  20   0 3521428 648852  16304 S 182.2 16.3  14:43.01 java
12529 kabasel+  20   0 3521428 648712  16304 S 107.9 16.3  14:44.10 java
12529 kabasel+  20   0 3521428 648712  16304 S 155.4 16.3  14:45.67 java
12529 kabasel+  20   0 3521428 648712  16304 S 110.9 16.3  14:46.79 java
12529 kabasel+  20   0 3521428 648200  16304 S 115.8 16.3  14:47.96 java
12529 kabasel+  20   0 3521428 648200  16304 S 113.9 16.3  14:49.11 java
12529 kabasel+  20   0 3521428 648200  16304 S 107.9 16.3  14:50.20 java
12529 kabasel+  20   0 3521428 648200  16304 S 114.9 16.3  14:51.36 java
12529 kabasel+  20   0 3521428 648200  16304 S 110.9 16.3  14:52.48 java
12529 kabasel+  20   0 3521428 648200  16304 S 104.0 16.3  14:53.53 java
12529 kabasel+  20   0 3521428 648200  16304 S 106.9 16.3  14:54.61 java
12529 kabasel+  20   0 3521428 648200  16304 S 129.7 16.3  14:55.92 java
12529 kabasel+  20   0 3521428 648200  16304 S 105.9 16.3  14:56.99 java
12529 kabasel+  20   0 3521428 648200  16304 S 123.5 16.3  14:58.25 java
12529 kabasel+  20   0 3521428 648200  16304 S 107.0 16.3  14:59.32 java
12529 kabasel+  20   0 3521428 648200  16304 S 107.8 16.3  15:00.42 java
12529 kabasel+  20   0 3521428 648104  16304 S 105.0 16.3  15:01.48 java
12529 kabasel+  20   0 3521428 648104  16304 S 123.8 16.3  15:02.73 java
12529 kabasel+  20   0 3521428 648104  16304 S 104.0 16.3  15:03.78 java
12529 kabasel+  20   0 3521428 648104  16304 S 126.7 16.3  15:05.06 java
12529 kabasel+  20   0 3521428 648104  16304 S 119.8 16.3  15:06.27 java
12529 kabasel+  20   0 3521428 648104  16304 S 108.9 16.3  15:07.37 java
12529 kabasel+  20   0 3521428 648104  16304 S 105.9 16.3  15:08.44 java
12529 kabasel+  20   0 3521428 648104  16304 S 106.9 16.3  15:09.52 java
12529 kabasel+  20   0 3521428 648104  16304 S  89.1 16.3  15:10.42 java
12529 kabasel+  20   0 3521428 648104  16304 S   0.0 16.3  15:10.42 java
12529 kabasel+  20   0 3521428 648104  16304 S   0.0 16.3  15:10.42 java
12529 kabasel+  20   0 3521428 648104  16304 S   0.0 16.3  15:10.42 java
12529 kabasel+  20   0 3521428 648104  16304 S   0.0 16.3  15:10.42 java

