13581 kabasel+  20   0 3454608  23348  15056 S   0,0  0,6   0:00.11 java
13581 kabasel+  20   0 3521172  23608  15056 S   1,0  0,6   0:00.12 java
13581 kabasel+  20   0 3521172  23608  15056 S   0,0  0,6   0:00.12 java
13581 kabasel+  20   0 3521172  23608  15056 S   0,0  0,6   0:00.12 java
13581 kabasel+  20   0 3521172  23608  15056 S   0,0  0,6   0:00.12 java
13581 kabasel+  20   0 3521428 133860  16144 S 125,7  3,4   0:01.39 java
13581 kabasel+  20   0 3521428 170084  16144 S  56,9  4,3   0:01.97 java
13581 kabasel+  20   0 3521428 168308  16144 S   0,0  4,2   0:01.97 java
13581 kabasel+  20   0 3521428 245836  16144 S 101,0  6,2   0:03.00 java
13581 kabasel+  20   0 3521428 368384  16144 S 105,0  9,3   0:04.06 java
13581 kabasel+  20   0 3521428 369692  16144 S 119,8  9,3   0:05.27 java
13581 kabasel+  20   0 3521428 379808  16144 S 133,3  9,5   0:06.63 java
13581 kabasel+  20   0 3521428 389260  16144 S 119,8  9,8   0:07.84 java
13581 kabasel+  20   0 3521428 394472  16144 S 103,9  9,9   0:08.90 java
13581 kabasel+  20   0 3521428 398872  16144 S 147,5 10,0   0:10.39 java
13581 kabasel+  20   0 3521428 403836  16208 S 123,8 10,1   0:11.64 java
13581 kabasel+  20   0 3521428 404516  16208 S 105,0 10,2   0:12.70 java
13581 kabasel+  20   0 3521428 404516  16208 S 115,7 10,2   0:13.88 java
13581 kabasel+  20   0 3521428 404516  16208 S 125,7 10,2   0:15.15 java
13581 kabasel+  20   0 3521428 407564  16208 S 105,9 10,2   0:16.23 java
13581 kabasel+  20   0 3521428 408356  16208 S 126,7 10,3   0:17.51 java
13581 kabasel+  20   0 3521428 418172  16208 S 172,3 10,5   0:19.25 java
13581 kabasel+  20   0 3521428 417880  16208 S 102,9 10,5   0:20.30 java
13581 kabasel+  20   0 3521428 417880  16208 S 114,9 10,5   0:21.46 java
13581 kabasel+  20   0 3521428 420604  16208 S 103,0 10,6   0:22.50 java
13581 kabasel+  20   0 3521428 424428  16208 S 133,3 10,7   0:23.86 java
13581 kabasel+  20   0 3521428 439020  16208 S 163,4 11,0   0:25.51 java
13581 kabasel+  20   0 3521428 439228  16208 S 102,0 11,0   0:26.54 java
13581 kabasel+  20   0 3521428 439228  16208 S 102,0 11,0   0:27.58 java
13581 kabasel+  20   0 3521428 439228  16208 S 103,0 11,0   0:28.62 java
13581 kabasel+  20   0 3521428 440328  16208 S 119,8 11,1   0:29.83 java
13581 kabasel+  20   0 3521428 443388  16208 S 102,9 11,1   0:30.88 java
13581 kabasel+  20   0 3521428 444164  16208 S 105,0 11,2   0:31.94 java
13581 kabasel+  20   0 3521428 447312  16208 S 118,8 11,2   0:33.14 java
13581 kabasel+  20   0 3521428 449120  16208 S 110,8 11,3   0:34.27 java
13581 kabasel+  20   0 3521428 460164  16208 S 123,8 11,6   0:35.52 java
13581 kabasel+  20   0 3521428 465880  16208 S 159,2 11,7   0:37.16 java
13581 kabasel+  20   0 3521428 465880  16208 S 117,8 11,7   0:38.35 java
13581 kabasel+  20   0 3521428 466032  16208 S 106,9 11,7   0:39.44 java
13581 kabasel+  20   0 3521428 466032  16208 S 123,8 11,7   0:40.69 java
13581 kabasel+  20   0 3521428 467264  16208 S 119,8 11,7   0:41.90 java
13581 kabasel+  20   0 3521428 466752  16208 S 106,9 11,7   0:42.99 java
13581 kabasel+  20   0 3521428 466752  16208 S 117,8 11,7   0:44.18 java
13581 kabasel+  20   0 3521428 466240  16208 S 104,0 11,7   0:45.23 java
13581 kabasel+  20   0 3521428 466240  16208 S 103,9 11,7   0:46.29 java
13581 kabasel+  20   0 3521428 466240  16208 S 104,0 11,7   0:47.34 java
13581 kabasel+  20   0 3521428 467560  16208 S 121,6 11,7   0:48.58 java
13581 kabasel+  20   0 3521428 467560  16208 S 106,9 11,7   0:49.66 java
13581 kabasel+  20   0 3521428 468340  16208 S 106,9 11,8   0:50.74 java
13581 kabasel+  20   0 3521428 472032  16208 S 164,7 11,9   0:52.42 java
13581 kabasel+  20   0 3521428 478924  16208 S 130,7 12,0   0:53.74 java
13581 kabasel+  20   0 3521428 505144  16208 S 196,0 12,7   0:55.72 java
13581 kabasel+  20   0 3521428 504200  16208 S 138,2 12,7   0:57.13 java
13581 kabasel+  20   0 3521428 504200  16208 S 134,7 12,7   0:58.49 java
13581 kabasel+  20   0 3521428 504200  16208 S 105,0 12,7   0:59.55 java
13581 kabasel+  20   0 3521428 506392  16208 S 135,3 12,7   1:00.93 java
13581 kabasel+  20   0 3521428 505264  16208 S 126,7 12,7   1:02.21 java
13581 kabasel+  20   0 3521428 505744  16208 S 150,5 12,7   1:03.73 java
13581 kabasel+  20   0 3521428 511804  16208 S 142,6 12,9   1:05.17 java
13581 kabasel+  20   0 3521428 513364  16208 S 143,1 12,9   1:06.63 java
13581 kabasel+  20   0 3521428 516468  16208 S 124,8 13,0   1:07.89 java
13581 kabasel+  20   0 3521428 520288  16208 S 106,9 13,1   1:08.98 java
13581 kabasel+  20   0 3521428 544224  16208 S 207,9 13,7   1:11.08 java
13581 kabasel+  20   0 3521428 545020  16208 S 127,7 13,7   1:12.37 java
13581 kabasel+  20   0 3521428 545020  16208 S 116,7 13,7   1:13.56 java
13581 kabasel+  20   0 3521428 545020  16208 S 128,7 13,7   1:14.86 java
13581 kabasel+  20   0 3521428 545020  16208 S 118,8 13,7   1:16.06 java
13581 kabasel+  20   0 3521428 545284  16208 S 129,4 13,7   1:17.38 java
13581 kabasel+  20   0 3521428 545284  16208 S 107,9 13,7   1:18.47 java
13581 kabasel+  20   0 3521428 545284  16208 S 102,0 13,7   1:19.51 java
13581 kabasel+  20   0 3521428 545284  16208 S 104,0 13,7   1:20.56 java
13581 kabasel+  20   0 3521428 545296  16208 S 118,8 13,7   1:21.76 java
13581 kabasel+  20   0 3521428 545296  16208 S 107,8 13,7   1:22.86 java
13581 kabasel+  20   0 3521428 545296  16208 S 107,9 13,7   1:23.95 java
13581 kabasel+  20   0 3521428 545296  16208 S 127,5 13,7   1:25.25 java
13581 kabasel+  20   0 3521428 545296  16208 S 130,7 13,7   1:26.57 java
13581 kabasel+  20   0 3521428 545296  16208 S 126,5 13,7   1:27.86 java
13581 kabasel+  20   0 3521428 545296  16208 S 126,7 13,7   1:29.14 java
13581 kabasel+  20   0 3521428 545188  16208 S 113,9 13,7   1:30.29 java
13581 kabasel+  20   0 3521428 545188  16208 S 105,9 13,7   1:31.37 java
13581 kabasel+  20   0 3521428 545188  16208 S 105,9 13,7   1:32.44 java
13581 kabasel+  20   0 3521428 545188  16208 S 105,0 13,7   1:33.50 java
13581 kabasel+  20   0 3521428 546156  16208 S 145,5 13,7   1:34.97 java
13581 kabasel+  20   0 3521428 546156  16208 S 122,5 13,7   1:36.22 java
13581 kabasel+  20   0 3521428 545200  16208 S 105,9 13,7   1:37.29 java
13581 kabasel+  20   0 3521428 545200  16208 S 145,1 13,7   1:38.77 java
13581 kabasel+  20   0 3521428 546948  16208 S 122,8 13,7   1:40.01 java
13581 kabasel+  20   0 3521428 548736  16208 S 106,9 13,8   1:41.09 java
13581 kabasel+  20   0 3521428 549264  16208 S 102,0 13,8   1:42.13 java
13581 kabasel+  20   0 3521428 551084  16208 S 146,5 13,8   1:43.61 java
13581 kabasel+  20   0 3521428 557652  16208 S 181,2 14,0   1:45.44 java
13581 kabasel+  20   0 3521428 550972  16208 S 172,5 13,8   1:47.20 java
13581 kabasel+  20   0 3521428 550972  16208 S 106,9 13,8   1:48.28 java
13581 kabasel+  20   0 3521428 550972  16208 S 104,9 13,8   1:49.35 java
13581 kabasel+  20   0 3521428 550972  16208 S 105,9 13,8   1:50.42 java
13581 kabasel+  20   0 3521428 550972  16208 S 102,0 13,8   1:51.46 java
13581 kabasel+  20   0 3521428 550972  16208 S 105,9 13,8   1:52.53 java
13581 kabasel+  20   0 3521428 550972  16208 S 124,8 13,8   1:53.79 java
13581 kabasel+  20   0 3521428 550972  16208 S 118,6 13,8   1:55.00 java
13581 kabasel+  20   0 3521428 550972  16208 S 112,9 13,8   1:56.14 java
13581 kabasel+  20   0 3521428 550972  16208 S 106,9 13,8   1:57.23 java
13581 kabasel+  20   0 3521428 550972  16208 S 126,7 13,8   1:58.51 java
13581 kabasel+  20   0 3521428 550972  16208 S 141,6 13,8   1:59.94 java
13581 kabasel+  20   0 3521428 550972  16208 S 121,6 13,8   2:01.18 java
13581 kabasel+  20   0 3521428 550972  16208 S 117,8 13,8   2:02.37 java
13581 kabasel+  20   0 3521428 550972  16208 S 131,1 13,8   2:03.72 java
13581 kabasel+  20   0 3521428 550972  16208 S 125,5 13,8   2:05.00 java
13581 kabasel+  20   0 3521428 550972  16208 S 112,9 13,8   2:06.14 java
13581 kabasel+  20   0 3521428 550972  16208 S 116,8 13,8   2:07.32 java
13581 kabasel+  20   0 3521428 550972  16208 S 132,4 13,8   2:08.67 java
13581 kabasel+  20   0 3521428 550972  16208 S 106,9 13,8   2:09.75 java
13581 kabasel+  20   0 3521428 550972  16208 S 105,0 13,8   2:10.81 java
13581 kabasel+  20   0 3521428 550972  16208 S 102,0 13,8   2:11.85 java
13581 kabasel+  20   0 3521428 550972  16208 S 104,0 13,8   2:12.90 java
13581 kabasel+  20   0 3521428 550972  16208 S 105,0 13,8   2:13.96 java
13581 kabasel+  20   0 3521428 550972  16208 S 117,6 13,8   2:15.16 java
13581 kabasel+  20   0 3521428 550972  16208 S 105,9 13,8   2:16.23 java
13581 kabasel+  20   0 3521428 550972  16208 S 118,8 13,8   2:17.43 java
13581 kabasel+  20   0 3521428 551196  16208 S 192,2 13,8   2:19.39 java
13581 kabasel+  20   0 3521428 551208  16208 S 191,1 13,8   2:21.32 java
13581 kabasel+  20   0 3521428 552348  16208 S 178,2 13,9   2:23.12 java
13581 kabasel+  20   0 3521428 551368  16208 S 127,5 13,8   2:24.42 java
13581 kabasel+  20   0 3521428 551368  16208 S 129,7 13,8   2:25.73 java
13581 kabasel+  20   0 3521428 551368  16208 S 123,8 13,8   2:26.98 java
13581 kabasel+  20   0 3521428 551368  16208 S 143,1 13,8   2:28.44 java
13581 kabasel+  20   0 3521428 551348  16208 S 126,7 13,8   2:29.72 java
13581 kabasel+  20   0 3521428 551348  16208 S 133,7 13,8   2:31.07 java
13581 kabasel+  20   0 3521428 551348  16208 S 102,9 13,8   2:32.12 java
13581 kabasel+  20   0 3521428 551348  16208 S 173,3 13,8   2:33.87 java
13581 kabasel+  20   0 3521428 551348  16208 S 127,2 13,8   2:35.18 java
13581 kabasel+  20   0 3521428 551348  16208 S 112,9 13,8   2:36.32 java
13581 kabasel+  20   0 3521428 551348  16208 S 190,1 13,8   2:38.24 java
13581 kabasel+  20   0 3521428 557740  16208 S 168,6 14,0   2:39.96 java
13581 kabasel+  20   0 3521428 557764  16208 S 134,7 14,0   2:41.32 java
13581 kabasel+  20   0 3521428 557764  16208 S 106,9 14,0   2:42.41 java
13581 kabasel+  20   0 3521428 557764  16208 S 104,0 14,0   2:43.46 java
13581 kabasel+  20   0 3521428 557764  16208 S 104,0 14,0   2:44.51 java
13581 kabasel+  20   0 3521428 557764  16208 S 107,8 14,0   2:45.61 java
13581 kabasel+  20   0 3521428 557764  16208 S 104,0 14,0   2:46.66 java
13581 kabasel+  20   0 3521428 557764  16208 S 105,9 14,0   2:47.73 java
13581 kabasel+  20   0 3521428 557764  16208 S 129,4 14,0   2:49.05 java
13581 kabasel+  20   0 3521428 557764  16208 S 106,9 14,0   2:50.13 java
13581 kabasel+  20   0 3521428 558284  16208 S 141,2 14,0   2:51.57 java
13581 kabasel+  20   0 3521428 557756  16208 S 106,9 14,0   2:52.65 java
13581 kabasel+  20   0 3521428 557756  16208 S 106,9 14,0   2:53.73 java
13581 kabasel+  20   0 3521428 557756  16208 S 119,6 14,0   2:54.95 java
13581 kabasel+  20   0 3521428 557756  16208 S 119,8 14,0   2:56.16 java
13581 kabasel+  20   0 3521428 557756  16208 S 124,5 14,0   2:57.43 java
13581 kabasel+  20   0 3521428 558652  16208 S 181,4 14,0   2:59.28 java
13581 kabasel+  20   0 3521428 558652  16208 S 113,9 14,0   3:00.43 java
13581 kabasel+  20   0 3521428 558652  16208 S 127,5 14,0   3:01.73 java
13581 kabasel+  20   0 3521428 558652  16208 S 113,9 14,0   3:02.88 java
13581 kabasel+  20   0 3521428 557628  16208 S 107,8 14,0   3:03.98 java
13581 kabasel+  20   0 3521428 557628  16208 S 136,6 14,0   3:05.36 java
13581 kabasel+  20   0 3521428 557628  16208 S 104,0 14,0   3:06.41 java
13581 kabasel+  20   0 3521428 557628  16208 S 142,6 14,0   3:07.85 java
13581 kabasel+  20   0 3521428 557628  16208 S 118,6 14,0   3:09.06 java
13581 kabasel+  20   0 3521428 557628  16208 S 105,9 14,0   3:10.13 java
13581 kabasel+  20   0 3521428 557628  16208 S 102,9 14,0   3:11.18 java
13581 kabasel+  20   0 3521428 557892  16208 S 105,9 14,0   3:12.25 java
13581 kabasel+  20   0 3521428 559188  16208 S 105,0 14,0   3:13.31 java
13581 kabasel+  20   0 3521428 559716  16208 S 103,9 14,1   3:14.37 java
13581 kabasel+  20   0 3521428 561572  16208 S 200,0 14,1   3:16.39 java
13581 kabasel+  20   0 3521428 561572  16208 S 103,0 14,1   3:17.43 java
13581 kabasel+  20   0 3521428 561572  16208 S 140,2 14,1   3:18.86 java
13581 kabasel+  20   0 3521428 562576  16208 S 113,9 14,1   3:20.01 java
13581 kabasel+  20   0 3521428 562576  16208 S 106,9 14,1   3:21.09 java
13581 kabasel+  20   0 3521428 561608  16208 S 138,2 14,1   3:22.50 java
13581 kabasel+  20   0 3521428 561608  16208 S 126,7 14,1   3:23.78 java
13581 kabasel+  20   0 3521428 561608  16208 S 119,6 14,1   3:25.00 java
13581 kabasel+  20   0 3521428 561608  16208 S 106,9 14,1   3:26.08 java
13581 kabasel+  20   0 3521428 561608  16208 S 116,8 14,1   3:27.26 java
13581 kabasel+  20   0 3521428 561608  16208 S 105,9 14,1   3:28.34 java
13581 kabasel+  20   0 3521428 561608  16208 S 107,9 14,1   3:29.43 java
13581 kabasel+  20   0 3521428 561608  16208 S 117,6 14,1   3:30.63 java
13581 kabasel+  20   0 3521428 561608  16208 S 123,8 14,1   3:31.88 java
13581 kabasel+  20   0 3521428 561608  16208 S 132,4 14,1   3:33.23 java
13581 kabasel+  20   0 3521428 561608  16208 S 105,0 14,1   3:34.29 java
13581 kabasel+  20   0 3521428 561608  16208 S 109,9 14,1   3:35.40 java
13581 kabasel+  20   0 3521428 561608  16208 S 102,0 14,1   3:36.44 java
13581 kabasel+  20   0 3521428 561608  16208 S 117,8 14,1   3:37.63 java
13581 kabasel+  20   0 3521428 561608  16208 S 108,8 14,1   3:38.74 java
13581 kabasel+  20   0 3521428 561608  16208 S 138,2 14,1   3:40.15 java
13581 kabasel+  20   0 3521428 561608  16208 S 135,6 14,1   3:41.52 java
13581 kabasel+  20   0 3521428 561608  16208 S 111,8 14,1   3:42.66 java
13581 kabasel+  20   0 3521428 561608  16208 S 104,0 14,1   3:43.71 java
13581 kabasel+  20   0 3521428 564916  16208 S 105,9 14,2   3:44.78 java
13581 kabasel+  20   0 3521428 568056  16208 S 118,6 14,3   3:45.99 java
13581 kabasel+  20   0 3521428 572416  16208 S 121,8 14,4   3:47.22 java
13581 kabasel+  20   0 3521428 576548  16208 S 111,8 14,5   3:48.36 java
13581 kabasel+  20   0 3521428 582172  16208 S 146,5 14,6   3:49.84 java
13581 kabasel+  20   0 3521428 583452  16208 S 133,7 14,7   3:51.19 java
13581 kabasel+  20   0 3521428 586736  16208 S 106,9 14,7   3:52.28 java
13581 kabasel+  20   0 3521428 587748  16208 S 106,9 14,8   3:53.36 java
13581 kabasel+  20   0 3521428 575368  16208 S 175,2 14,5   3:55.13 java
13581 kabasel+  20   0 3521428 575976  16208 S 107,8 14,5   3:56.23 java
13581 kabasel+  20   0 3521428 575432  16208 S 129,7 14,5   3:57.54 java
13581 kabasel+  20   0 3521428 576224  16208 S 127,7 14,5   3:58.83 java
13581 kabasel+  20   0 3521428 575712  16208 S 103,9 14,5   3:59.89 java
13581 kabasel+  20   0 3521428 575200  16208 S 103,0 14,4   4:00.93 java
13581 kabasel+  20   0 3521428 575200  16208 S 105,9 14,4   4:02.01 java
13581 kabasel+  20   0 3521428 575200  16208 S 107,9 14,4   4:03.10 java
13581 kabasel+  20   0 3521428 575200  16208 S 139,6 14,4   4:04.51 java
13581 kabasel+  20   0 3521428 575200  16208 S 104,9 14,4   4:05.58 java
13581 kabasel+  20   0 3521428 575200  16208 S 113,9 14,4   4:06.73 java
13581 kabasel+  20   0 3521428 575200  16208 S 106,9 14,4   4:07.81 java
13581 kabasel+  20   0 3521428 575200  16208 S 104,9 14,4   4:08.88 java
13581 kabasel+  20   0 3521428 575200  16208 S 154,5 14,4   4:10.44 java
13581 kabasel+  20   0 3521428 575200  16208 S 117,8 14,4   4:11.63 java
13581 kabasel+  20   0 3521428 575200  16208 S 105,9 14,4   4:12.71 java
13581 kabasel+  20   0 3521428 575200  16208 S 112,9 14,4   4:13.85 java
13581 kabasel+  20   0 3521428 575200  16208 S 158,8 14,4   4:15.47 java
13581 kabasel+  20   0 3521428 575200  16208 S 124,8 14,4   4:16.73 java
13581 kabasel+  20   0 3521428 575200  16208 S 102,9 14,4   4:17.78 java
13581 kabasel+  20   0 3521428 575200  16208 S 126,7 14,4   4:19.06 java
13581 kabasel+  20   0 3521428 575200  16208 S 120,8 14,4   4:20.28 java
13581 kabasel+  20   0 3521428 575200  16208 S 129,4 14,4   4:21.60 java
13581 kabasel+  20   0 3521428 575660  16208 S 133,7 14,5   4:22.95 java
13581 kabasel+  20   0 3521428 575660  16208 S 161,8 14,5   4:24.60 java
13581 kabasel+  20   0 3521428 575660  16208 S 119,8 14,5   4:25.81 java
13581 kabasel+  20   0 3521428 575660  16208 S 145,1 14,5   4:27.29 java
13581 kabasel+  20   0 3521428 575648  16208 S 148,5 14,5   4:28.79 java
13581 kabasel+  20   0 3521428 575724  16208 S 214,9 14,5   4:30.96 java
13581 kabasel+  20   0 3521428 575316  16208 S 107,9 14,5   4:32.05 java
13581 kabasel+  20   0 3521428 576372  16208 S 203,9 14,5   4:34.13 java
13581 kabasel+  20   0 3521428 575364  16208 S 110,9 14,5   4:35.25 java
13581 kabasel+  20   0 3521428 575364  16208 S 102,9 14,5   4:36.30 java
13581 kabasel+  20   0 3521428 575364  16208 S 125,7 14,5   4:37.57 java
13581 kabasel+  20   0 3521428 575364  16208 S 107,8 14,5   4:38.67 java
13581 kabasel+  20   0 3521428 575364  16208 S 115,8 14,5   4:39.84 java
13581 kabasel+  20   0 3521428 575364  16208 S 108,9 14,5   4:40.94 java
13581 kabasel+  20   0 3521428 575364  16208 S 112,7 14,5   4:42.09 java
13581 kabasel+  20   0 3521428 575364  16208 S 105,9 14,5   4:43.16 java
13581 kabasel+  20   0 3521428 575364  16208 S 127,7 14,5   4:44.45 java
13581 kabasel+  20   0 3521428 575364  16208 S 167,6 14,5   4:46.16 java
13581 kabasel+  20   0 3521428 575364  16208 S 121,8 14,5   4:47.39 java
13581 kabasel+  20   0 3521428 575364  16208 S 106,9 14,5   4:48.47 java
13581 kabasel+  20   0 3521428 575364  16208 S 105,9 14,5   4:49.55 java
13581 kabasel+  20   0 3521428 575364  16208 S 124,8 14,5   4:50.81 java
13581 kabasel+  20   0 3521428 575364  16208 S 131,4 14,5   4:52.15 java
13581 kabasel+  20   0 3521428 576420  16208 S 151,5 14,5   4:53.68 java
13581 kabasel+  20   0 3521428 576420  16208 S 106,9 14,5   4:54.77 java
13581 kabasel+  20   0 3521428 575552  16208 S 115,8 14,5   4:55.94 java
13581 kabasel+  20   0 3521428 575552  16208 S 107,9 14,5   4:57.03 java
13581 kabasel+  20   0 3521428 576076  16208 S 130,4 14,5   4:58.36 java
13581 kabasel+  20   0 3521428 578896  16208 S 106,9 14,5   4:59.44 java
13581 kabasel+  20   0 3521428 580216  16208 S 105,9 14,6   5:00.52 java
13581 kabasel+  20   0 3521428 583584  16208 S 142,6 14,7   5:01.96 java
13581 kabasel+  20   0 3521428 592212  16208 S 148,5 14,9   5:03.46 java
13581 kabasel+  20   0 3521428 592740  16208 S 105,9 14,9   5:04.54 java
13581 kabasel+  20   0 3521428 594304  16208 S 105,9 14,9   5:05.61 java
13581 kabasel+  20   0 3521428 595620  16208 S 125,7 15,0   5:06.88 java
13581 kabasel+  20   0 3521428 599208  16208 S 124,5 15,1   5:08.15 java
13581 kabasel+  20   0 3521428 601832  16208 S 110,8 15,1   5:09.28 java
13581 kabasel+  20   0 3521428 603620  16208 S 130,7 15,2   5:10.60 java
13581 kabasel+  20   0 3521428 610952  16208 S 219,8 15,3   5:12.82 java
13581 kabasel+  20   0 3521428 611028  16208 S 117,6 15,3   5:14.02 java
13581 kabasel+  20   0 3521428 611028  16208 S 152,5 15,3   5:15.56 java
13581 kabasel+  20   0 3521428 611028  16208 S 122,8 15,3   5:16.80 java
13581 kabasel+  20   0 3521428 611028  16208 S 102,0 15,3   5:17.84 java
13581 kabasel+  20   0 3521428 611028  16208 S 104,0 15,3   5:18.89 java
13581 kabasel+  20   0 3521428 611028  16208 S 105,0 15,3   5:19.95 java
13581 kabasel+  20   0 3521428 611728  16208 S 148,5 15,4   5:21.48 java
13581 kabasel+  20   0 3521428 610704  16208 S 120,8 15,3   5:22.70 java
13581 kabasel+  20   0 3521428 610704  16208 S 105,9 15,3   5:23.78 java
13581 kabasel+  20   0 3521428 610704  16208 S 105,9 15,3   5:24.85 java
13581 kabasel+  20   0 3521428 610704  16208 S 106,9 15,3   5:25.93 java
13581 kabasel+  20   0 3521428 610704  16208 S 107,8 15,3   5:27.03 java
13581 kabasel+  20   0 3521428 610704  16208 S 128,7 15,3   5:28.33 java
13581 kabasel+  20   0 3521428 610652  16208 S 104,0 15,3   5:29.38 java
13581 kabasel+  20   0 3521428 610652  16208 S 102,0 15,3   5:30.41 java
13581 kabasel+  20   0 3521428 610652  16208 S 107,8 15,3   5:31.51 java
13581 kabasel+  20   0 3521428 610652  16208 S 105,0 15,3   5:32.57 java
13581 kabasel+  20   0 3521428 610652  16208 S 104,0 15,3   5:33.62 java
13581 kabasel+  20   0 3521428 610652  16208 S 117,8 15,3   5:34.81 java
13581 kabasel+  20   0 3521428 611444  16208 S 141,2 15,4   5:36.25 java
13581 kabasel+  20   0 3521428 611444  16208 S 133,7 15,4   5:37.60 java
13581 kabasel+  20   0 3521428 611444  16208 S 109,9 15,4   5:38.71 java
13581 kabasel+  20   0 3521428 611444  16208 S 185,3 15,4   5:40.60 java
13581 kabasel+  20   0 3521428 610420  16208 S 111,9 15,3   5:41.73 java
13581 kabasel+  20   0 3521428 610420  16208 S 116,8 15,3   5:42.91 java
13581 kabasel+  20   0 3521428 610420  16208 S 131,4 15,3   5:44.25 java
13581 kabasel+  20   0 3521428 610420  16208 S 107,9 15,3   5:45.34 java
13581 kabasel+  20   0 3521428 610684  16208 S 105,0 15,3   5:46.40 java
13581 kabasel+  20   0 3521428 611700  16208 S 166,7 15,4   5:48.10 java
13581 kabasel+  20   0 3521428 610712  16208 S 117,8 15,3   5:49.29 java
13581 kabasel+  20   0 3521428 610712  16208 S 108,9 15,3   5:50.39 java
13581 kabasel+  20   0 3521428 610976  16208 S 148,0 15,3   5:51.90 java
13581 kabasel+  20   0 3521428 611128  16208 S 174,5 15,4   5:53.68 java
13581 kabasel+  20   0 3521428 611128  16208 S 104,0 15,4   5:54.73 java
13581 kabasel+  20   0 3521428 611128  16208 S 103,9 15,4   5:55.79 java
13581 kabasel+  20   0 3521428 611128  16208 S 140,6 15,4   5:57.21 java
13581 kabasel+  20   0 3521428 611656  16208 S 110,8 15,4   5:58.34 java
13581 kabasel+  20   0 3521428 610880  16208 S 105,9 15,3   5:59.41 java
13581 kabasel+  20   0 3521428 610880  16208 S 105,9 15,3   6:00.49 java
13581 kabasel+  20   0 3521428 610880  16208 S 103,0 15,3   6:01.53 java
13581 kabasel+  20   0 3521428 610880  16208 S 105,0 15,3   6:02.59 java
13581 kabasel+  20   0 3521428 610880  16208 S 106,9 15,3   6:03.67 java
13581 kabasel+  20   0 3521428 610880  16208 S 116,7 15,3   6:04.86 java
13581 kabasel+  20   0 3521428 610880  16208 S 106,9 15,3   6:05.94 java
13581 kabasel+  20   0 3521428 610880  16208 S 102,9 15,3   6:06.99 java
13581 kabasel+  20   0 3521428 610880  16208 S 121,8 15,3   6:08.22 java
13581 kabasel+  20   0 3521428 611672  16208 S 153,5 15,4   6:09.77 java
13581 kabasel+  20   0 3521428 611672  16208 S 136,3 15,4   6:11.16 java
13581 kabasel+  20   0 3521428 611672  16208 S 112,9 15,4   6:12.30 java
13581 kabasel+  20   0 3521428 610668  16208 S 125,7 15,3   6:13.57 java
13581 kabasel+  20   0 3521428 610668  16208 S 103,9 15,3   6:14.63 java
13581 kabasel+  20   0 3521428 610668  16208 S 114,9 15,3   6:15.79 java
13581 kabasel+  20   0 3521428 610668  16208 S 105,9 15,3   6:16.86 java
13581 kabasel+  20   0 3521428 610668  16208 S 119,6 15,3   6:18.08 java
13581 kabasel+  20   0 3521428 610668  16208 S 112,9 15,3   6:19.22 java
13581 kabasel+  20   0 3521428 610668  16208 S 143,1 15,3   6:20.68 java
13581 kabasel+  20   0 3521428 610668  16208 S 124,8 15,3   6:21.94 java
13581 kabasel+  20   0 3521428 610668  16208 S 106,9 15,3   6:23.02 java
13581 kabasel+  20   0 3521428 610668  16208 S 103,9 15,3   6:24.08 java
13581 kabasel+  20   0 3521428 613440  16208 S 105,9 15,4   6:25.15 java
13581 kabasel+  20   0 3521428 616808  16208 S 134,3 15,5   6:26.52 java
13581 kabasel+  20   0 3521428 620132  16208 S 107,9 15,6   6:27.61 java
13581 kabasel+  20   0 3521428 621424  16208 S 104,0 15,6   6:28.66 java
13581 kabasel+  20   0 3521428 624444  16208 S 103,9 15,7   6:29.72 java
13581 kabasel+  20   0 3521428 626208  16208 S 125,7 15,7   6:30.99 java
13581 kabasel+  20   0 3521428 631076  16208 S 175,5 15,9   6:32.78 java
13581 kabasel+  20   0 3521428 639064  16208 S 135,6 16,1   6:34.15 java
13581 kabasel+  20   0 3521428 639324  16208 S 105,9 16,1   6:35.23 java
13581 kabasel+  20   0 3521428 640896  16208 S 104,0 16,1   6:36.28 java
13581 kabasel+  20   0 3521428 644716  16208 S 199,0 16,2   6:38.29 java
13581 kabasel+  20   0 3521428 646548  16208 S 283,3 16,2   6:41.18 java
13581 kabasel+  20   0 3521428 646548  16208 S 176,5 16,2   6:42.98 java
13581 kabasel+  20   0 3521428 646548  16208 S 187,3 16,2   6:44.89 java
13581 kabasel+  20   0 3521428 645524  16208 S 105,9 16,2   6:45.96 java
13581 kabasel+  20   0 3521428 645524  16208 S 106,9 16,2   6:47.04 java
13581 kabasel+  20   0 3521428 645524  16208 S 105,9 16,2   6:48.11 java
13581 kabasel+  20   0 3521428 645012  16208 S 110,8 16,2   6:49.24 java
13581 kabasel+  20   0 3521428 645012  16208 S 107,9 16,2   6:50.33 java
13581 kabasel+  20   0 3521428 645012  16208 S 108,9 16,2   6:51.43 java
13581 kabasel+  20   0 3521428 645012  16208 S 139,2 16,2   6:52.85 java
13581 kabasel+  20   0 3521428 645012  16208 S 107,9 16,2   6:53.94 java
13581 kabasel+  20   0 3521428 645012  16208 S 136,3 16,2   6:55.33 java
13581 kabasel+  20   0 3521428 645012  16208 S 108,9 16,2   6:56.43 java
13581 kabasel+  20   0 3521428 645012  16208 S 108,9 16,2   6:57.53 java
13581 kabasel+  20   0 3521428 645012  16208 S 106,9 16,2   6:58.62 java
13581 kabasel+  20   0 3521428 645012  16208 S 105,9 16,2   6:59.69 java
13581 kabasel+  20   0 3521428 645012  16208 S 106,9 16,2   7:00.77 java
13581 kabasel+  20   0 3521428 645012  16208 S 120,6 16,2   7:02.00 java
13581 kabasel+  20   0 3521428 645012  16208 S 121,8 16,2   7:03.23 java
13581 kabasel+  20   0 3521428 645012  16208 S 142,2 16,2   7:04.68 java
13581 kabasel+  20   0 3521428 645012  16208 S 106,9 16,2   7:05.76 java
13581 kabasel+  20   0 3521428 645012  16208 S 106,9 16,2   7:06.84 java
13581 kabasel+  20   0 3521428 645012  16208 S 104,9 16,2   7:07.91 java
13581 kabasel+  20   0 3521428 646592  16208 S 193,1 16,2   7:09.86 java
13581 kabasel+  20   0 3521428 646080  16208 S 110,9 16,2   7:10.98 java
13581 kabasel+  20   0 3521428 646080  16208 S 103,9 16,2   7:12.04 java
13581 kabasel+  20   0 3521428 645568  16208 S 115,8 16,2   7:13.21 java
13581 kabasel+  20   0 3521428 645568  16208 S 121,8 16,2   7:14.44 java
13581 kabasel+  20   0 3521428 645568  16208 S 111,8 16,2   7:15.58 java
13581 kabasel+  20   0 3521428 645568  16208 S 121,8 16,2   7:16.81 java
13581 kabasel+  20   0 3521428 645568  16208 S 186,3 16,2   7:18.71 java
13581 kabasel+  20   0 3521428 646832  16208 S 255,4 16,2   7:21.29 java
13581 kabasel+  20   0 3521428 646408  16208 S 138,2 16,2   7:22.70 java
13581 kabasel+  20   0 3521428 646408  16208 S 122,8 16,2   7:23.94 java
13581 kabasel+  20   0 3521428 645896  16208 S 116,8 16,2   7:25.12 java
13581 kabasel+  20   0 3521428 645896  16208 S 133,3 16,2   7:26.48 java
13581 kabasel+  20   0 3521428 645896  16208 S 177,2 16,2   7:28.27 java
13581 kabasel+  20   0 3521428 646688  16208 S 146,5 16,2   7:29.75 java
13581 kabasel+  20   0 3521428 646688  16208 S 110,8 16,2   7:30.88 java
13581 kabasel+  20   0 3521428 646688  16208 S 106,9 16,2   7:31.96 java
13581 kabasel+  20   0 3521428 646688  16208 S 120,6 16,2   7:33.19 java
13581 kabasel+  20   0 3521428 646688  16208 S 107,9 16,2   7:34.28 java
13581 kabasel+  20   0 3521428 646688  16208 S 106,9 16,2   7:35.36 java
13581 kabasel+  20   0 3521428 646688  16208 S 105,9 16,2   7:36.44 java
13581 kabasel+  20   0 3521428 646688  16208 S 109,8 16,2   7:37.56 java
13581 kabasel+  20   0 3521428 646688  16208 S 106,9 16,2   7:38.64 java
13581 kabasel+  20   0 3521428 646688  16208 S 107,8 16,2   7:39.74 java
13581 kabasel+  20   0 3521428 646952  16208 S 165,3 16,3   7:41.41 java
13581 kabasel+  20   0 3521428 646948  16208 S 141,2 16,3   7:42.85 java
13581 kabasel+  20   0 3521428 646948  16208 S 129,7 16,3   7:44.16 java
13581 kabasel+  20   0 3521428 646948  16208 S 109,9 16,3   7:45.27 java
13581 kabasel+  20   0 3521428 646440  16208 S 123,5 16,2   7:46.53 java
13581 kabasel+  20   0 3521428 647224  16208 S 110,9 16,3   7:47.65 java
13581 kabasel+  20   0 3521428 648948  16208 S 116,7 16,3   7:48.84 java
13581 kabasel+  20   0 3521428 652776  16208 S 107,9 16,4   7:49.93 java
13581 kabasel+  20   0 3521428 655828  16208 S 106,9 16,5   7:51.02 java
13581 kabasel+  20   0 3521428 658640  16208 S 108,9 16,5   7:52.12 java
13581 kabasel+  20   0 3521428 658640  16208 S 108,9 16,5   7:53.22 java
13581 kabasel+  20   0 3521428 665496  16208 S 202,0 16,7   7:55.28 java
13581 kabasel+  20   0 3521428 672892  16208 S 132,7 16,9   7:56.62 java
13581 kabasel+  20   0 3521428 676992  16208 S 111,9 17,0   7:57.75 java
13581 kabasel+  20   0 3521428 680064  16208 S 107,8 17,1   7:58.85 java
13581 kabasel+  20   0 3521428 681368  16208 S 103,0 17,1   7:59.89 java
13581 kabasel+  20   0 3521428 684456  16208 S 107,9 17,2   8:00.98 java
13581 kabasel+  20   0 3521428 687232  16208 S 107,9 17,3   8:02.07 java
13581 kabasel+  20   0 3521428 688496  16208 S 247,1 17,3   8:04.59 java
13581 kabasel+  20   0 3521428 688576  16208 S 127,7 17,3   8:05.88 java
13581 kabasel+  20   0 3521428 688576  16208 S 154,9 17,3   8:07.46 java
13581 kabasel+  20   0 3521428 688576  16208 S 112,9 17,3   8:08.60 java
13581 kabasel+  20   0 3521428 688576  16208 S 102,9 17,3   8:09.65 java
13581 kabasel+  20   0 3521428 688576  16208 S 109,9 17,3   8:10.76 java
13581 kabasel+  20   0 3521428 688576  16208 S 122,5 17,3   8:12.01 java
13581 kabasel+  20   0 3521428 688576  16208 S 105,0 17,3   8:13.07 java
13581 kabasel+  20   0 3521428 688576  16208 S 123,8 17,3   8:14.32 java
13581 kabasel+  20   0 3521428 688576  16208 S 106,9 17,3   8:15.40 java
13581 kabasel+  20   0 3521428 688576  16208 S 123,5 17,3   8:16.66 java
13581 kabasel+  20   0 3521428 688576  16208 S 129,7 17,3   8:17.97 java
13581 kabasel+  20   0 3521428 688576  16208 S 125,7 17,3   8:19.24 java
13581 kabasel+  20   0 3521428 688576  16208 S 121,6 17,3   8:20.48 java
13581 kabasel+  20   0 3521428 688576  16208 S 113,9 17,3   8:21.63 java
13581 kabasel+  20   0 3521428 688576  16208 S 111,9 17,3   8:22.76 java
13581 kabasel+  20   0 3521428 688576  16208 S 103,9 17,3   8:23.82 java
13581 kabasel+  20   0 3521428 688896  16208 S 164,4 17,3   8:25.48 java
13581 kabasel+  20   0 3521428 688896  16208 S 108,9 17,3   8:26.58 java
13581 kabasel+  20   0 3521428 688896  16208 S 116,8 17,3   8:27.76 java
13581 kabasel+  20   0 3521428 688896  16208 S 109,8 17,3   8:28.88 java
13581 kabasel+  20   0 3521428 688560  16208 S 125,7 17,3   8:30.15 java
13581 kabasel+  20   0 3521428 688560  16208 S 108,8 17,3   8:31.26 java
13581 kabasel+  20   0 3521428 688560  16208 S 123,8 17,3   8:32.51 java
13581 kabasel+  20   0 3521428 688560  16208 S 144,6 17,3   8:33.97 java
13581 kabasel+  20   0 3521428 688560  16208 S 153,9 17,3   8:35.54 java
13581 kabasel+  20   0 3521428 688560  16208 S 127,7 17,3   8:36.83 java
13581 kabasel+  20   0 3521428 688560  16208 S 107,8 17,3   8:37.93 java
13581 kabasel+  20   0 3521428 689056  16208 S 123,8 17,3   8:39.18 java
13581 kabasel+  20   0 3521428 693732  16208 S 109,9 17,4   8:40.29 java
13581 kabasel+  20   0 3521428 696528  16208 S 123,5 17,5   8:41.55 java
13581 kabasel+  20   0 3521428 701044  16208 S 111,9 17,6   8:42.68 java
13581 kabasel+  20   0 3521428 704116  16208 S 107,8 17,7   8:43.78 java
13581 kabasel+  20   0 3521428 707212  16208 S 116,8 17,8   8:44.96 java
13581 kabasel+  20   0 3521428 708484  16208 S 108,9 17,8   8:46.06 java
13581 kabasel+  20   0 3521428 711724  16208 S 117,8 17,9   8:47.25 java
13581 kabasel+  20   0 3521428 714524  16208 S 117,6 17,9   8:48.45 java
13581 kabasel+  20   0 3521428 718540  16208 S 137,6 18,0   8:49.84 java
13581 kabasel+  20   0 3521428 724308  16208 S 154,9 18,2   8:51.42 java
13581 kabasel+  20   0 3521428 728812  16208 S 247,5 18,3   8:53.92 java
13581 kabasel+  20   0 3521428 728812  16208 S 120,8 18,3   8:55.14 java
13581 kabasel+  20   0 3521428 728812  16208 S 129,4 18,3   8:56.46 java
13581 kabasel+  20   0 3521428 728812  16208 S 106,9 18,3   8:57.54 java
13581 kabasel+  20   0 3521428 728812  16208 S 104,9 18,3   8:58.61 java
13581 kabasel+  20   0 3521428 730156  16208 S 199,0 18,3   9:00.62 java
13581 kabasel+  20   0 3521428 730156  16208 S 176,5 18,3   9:02.42 java
13581 kabasel+  20   0 3521428 730420  16208 S 148,5 18,3   9:03.92 java
13581 kabasel+  20   0 3521428 729396  16208 S 148,5 18,3   9:05.42 java
13581 kabasel+  20   0 3521428 729396  16208 S 111,8 18,3   9:06.56 java
13581 kabasel+  20   0 3521428 729396  16208 S 102,0 18,3   9:07.59 java
13581 kabasel+  20   0 3521428 729396  16208 S 132,7 18,3   9:08.93 java
13581 kabasel+  20   0 3521428 729396  16208 S 110,8 18,3   9:10.06 java
13581 kabasel+  20   0 3521428 729396  16208 S 125,7 18,3   9:11.33 java
13581 kabasel+  20   0 3521428 729396  16208 S 117,8 18,3   9:12.52 java
13581 kabasel+  20   0 3521428 730164  16208 S 175,5 18,3   9:14.31 java
13581 kabasel+  20   0 3521428 729652  16208 S 131,7 18,3   9:15.64 java
13581 kabasel+  20   0 3521428 729652  16208 S 102,0 18,3   9:16.67 java
13581 kabasel+  20   0 3521428 729652  16208 S 121,6 18,3   9:17.91 java
13581 kabasel+  20   0 3521428 729140  16208 S 112,9 18,3   9:19.05 java
13581 kabasel+  20   0 3521428 729140  16208 S 116,7 18,3   9:20.24 java
13581 kabasel+  20   0 3521428 729140  16208 S 106,9 18,3   9:21.32 java
13581 kabasel+  20   0 3521428 729140  16208 S 106,9 18,3   9:22.40 java
13581 kabasel+  20   0 3521428 729140  16208 S 105,9 18,3   9:23.48 java
13581 kabasel+  20   0 3521428 729140  16208 S 106,9 18,3   9:24.56 java
13581 kabasel+  20   0 3521428 729140  16208 S 107,9 18,3   9:25.65 java
13581 kabasel+  20   0 3521428 729140  16208 S 103,9 18,3   9:26.71 java
13581 kabasel+  20   0 3521428 729140  16208 S 172,3 18,3   9:28.45 java
13581 kabasel+  20   0 3521428 730196  16208 S 131,4 18,3   9:29.79 java
13581 kabasel+  20   0 3521428 729172  16208 S 111,8 18,3   9:30.93 java
13581 kabasel+  20   0 3521428 729172  16208 S 105,9 18,3   9:32.00 java
13581 kabasel+  20   0 3521428 729172  16208 S 106,9 18,3   9:33.08 java
13581 kabasel+  20   0 3521428 729172  16208 S 134,3 18,3   9:34.45 java
13581 kabasel+  20   0 3521428 729172  16208 S 106,9 18,3   9:35.53 java
13581 kabasel+  20   0 3521428 729172  16208 S 124,8 18,3   9:36.79 java
13581 kabasel+  20   0 3521428 729172  16208 S 109,9 18,3   9:37.90 java
13581 kabasel+  20   0 3521428 729172  16208 S 126,5 18,3   9:39.19 java
13581 kabasel+  20   0 3521428 729172  16208 S 108,9 18,3   9:40.29 java
13581 kabasel+  20   0 3521428 729172  16208 S 122,8 18,3   9:41.53 java
13581 kabasel+  20   0 3521428 729176  16208 S 243,1 18,3   9:44.01 java
13581 kabasel+  20   0 3521428 729176  16208 S 127,7 18,3   9:45.30 java
13581 kabasel+  20   0 3521428 729176  16208 S 108,9 18,3   9:46.40 java
13581 kabasel+  20   0 3521428 729176  16208 S 103,9 18,3   9:47.46 java
13581 kabasel+  20   0 3521428 729180  16208 S 132,7 18,3   9:48.80 java
13581 kabasel+  20   0 3521428 729180  16208 S 103,0 18,3   9:49.84 java
13581 kabasel+  20   0 3521428 729180  16208 S 121,6 18,3   9:51.08 java
13581 kabasel+  20   0 3521428 729180  16208 S 112,9 18,3   9:52.22 java
13581 kabasel+  20   0 3521428 729180  16208 S 115,8 18,3   9:53.39 java
13581 kabasel+  20   0 3521428 729180  16208 S 104,9 18,3   9:54.46 java
13581 kabasel+  20   0 3521428 729180  16208 S 115,8 18,3   9:55.63 java
13581 kabasel+  20   0 3521428 729180  16208 S 154,5 18,3   9:57.19 java
13581 kabasel+  20   0 3521428 730464  16208 S 157,8 18,3   9:58.80 java
13581 kabasel+  20   0 3521428 729952  16208 S 105,0 18,3   9:59.86 java
13581 kabasel+  20   0 3521428 729440  16208 S 105,0 18,3  10:00.92 java
13581 kabasel+  20   0 3521428 729440  16208 S 147,5 18,3  10:02.41 java
13581 kabasel+  20   0 3521428 729440  16208 S 117,6 18,3  10:03.61 java
13581 kabasel+  20   0 3521428 729440  16208 S 134,7 18,3  10:04.97 java
13581 kabasel+  20   0 3521428 729440  16208 S 108,9 18,3  10:06.07 java
13581 kabasel+  20   0 3521428 729440  16208 S 115,8 18,3  10:07.24 java
13581 kabasel+  20   0 3521428 729440  16208 S 134,3 18,3  10:08.61 java
13581 kabasel+  20   0 3521428 729440  16208 S 115,8 18,3  10:09.78 java
13581 kabasel+  20   0 3521428 729440  16208 S 124,8 18,3  10:11.04 java
13581 kabasel+  20   0 3521428 729440  16208 S 103,9 18,3  10:12.10 java
13581 kabasel+  20   0 3521428 729440  16208 S 108,9 18,3  10:13.20 java
13581 kabasel+  20   0 3521428 729440  16208 S 104,0 18,3  10:14.25 java
13581 kabasel+  20   0 3521428 729440  16208 S 137,3 18,3  10:15.65 java
13581 kabasel+  20   0 3521428 729440  16208 S 106,9 18,3  10:16.73 java
13581 kabasel+  20   0 3521428 729440  16208 S 117,8 18,3  10:17.92 java
13581 kabasel+  20   0 3521428 729440  16208 S 106,9 18,3  10:19.01 java
13581 kabasel+  20   0 3521428 729440  16208 S 110,9 18,3  10:20.13 java
13581 kabasel+  20   0 3521428 729440  16208 S 146,5 18,3  10:21.61 java
13581 kabasel+  20   0 3521428 729440  16208 S 150,0 18,3  10:23.14 java
13581 kabasel+  20   0 3521428 729440  16208 S 112,9 18,3  10:24.28 java
13581 kabasel+  20   0 3521428 729440  16208 S 129,7 18,3  10:25.59 java
13581 kabasel+  20   0 3521428 729440  16208 S 127,5 18,3  10:26.89 java
13581 kabasel+  20   0 3521428 729440  16208 S 108,9 18,3  10:27.99 java
13581 kabasel+  20   0 3521428 729440  16208 S 152,5 18,3  10:29.53 java
13581 kabasel+  20   0 3521428 729440  16208 S 129,4 18,3  10:30.85 java
13581 kabasel+  20   0 3521428 730492  16208 S 176,2 18,3  10:32.63 java
13581 kabasel+  20   0 3521428 729468  16208 S 110,9 18,3  10:33.75 java
13581 kabasel+  20   0 3521428 729468  16208 S 102,9 18,3  10:34.80 java
13581 kabasel+  20   0 3521428 729468  16208 S 127,7 18,3  10:36.09 java
13581 kabasel+  20   0 3521428 729732  16208 S 226,7 18,3  10:38.38 java
13581 kabasel+  20   0 3521428 729956  16208 S 177,5 18,3  10:40.19 java
13581 kabasel+  20   0 3521428 729956  16208 S 108,9 18,3  10:41.29 java
13581 kabasel+  20   0 3521428 730484  16208 S 177,5 18,3  10:43.10 java
13581 kabasel+  20   0 3521428 730484  16208 S 127,7 18,3  10:44.39 java
13581 kabasel+  20   0 3521428 729808  16208 S 105,9 18,3  10:45.46 java
13581 kabasel+  20   0 3521428 729808  16208 S 114,7 18,3  10:46.63 java
13581 kabasel+  20   0 3521428 729808  16208 S 110,9 18,3  10:47.75 java
13581 kabasel+  20   0 3521428 729808  16208 S 117,6 18,3  10:48.95 java
13581 kabasel+  20   0 3521428 729808  16208 S 113,9 18,3  10:50.10 java
13581 kabasel+  20   0 3521428 729808  16208 S 112,9 18,3  10:51.24 java
13581 kabasel+  20   0 3521428 729808  16208 S 102,9 18,3  10:52.29 java
13581 kabasel+  20   0 3521428 729808  16208 S 109,9 18,3  10:53.40 java
13581 kabasel+  20   0 3521428 729808  16208 S 119,8 18,3  10:54.61 java
13581 kabasel+  20   0 3521428 729808  16208 S 114,7 18,3  10:55.78 java
13581 kabasel+  20   0 3521428 730072  16208 S 125,7 18,3  10:57.05 java
13581 kabasel+  20   0 3521428 729944  16208 S 106,9 18,3  10:58.14 java
13581 kabasel+  20   0 3521428 729944  16208 S 121,8 18,3  10:59.37 java
13581 kabasel+  20   0 3521428 729944  16208 S 142,6 18,3  11:00.81 java
13581 kabasel+  20   0 3521428 729944  16208 S 126,5 18,3  11:02.10 java
13581 kabasel+  20   0 3521428 729900  16208 S 107,9 18,3  11:03.19 java
13581 kabasel+  20   0 3521428 729900  16208 S 121,8 18,3  11:04.42 java
13581 kabasel+  20   0 3521428 729900  16208 S 102,9 18,3  11:05.47 java
13581 kabasel+  20   0 3521428 729900  16208 S 117,8 18,3  11:06.66 java
13581 kabasel+  20   0 3521428 729900  16208 S 106,9 18,3  11:07.75 java
13581 kabasel+  20   0 3521428 729900  16208 S 115,8 18,3  11:08.92 java
13581 kabasel+  20   0 3521428 729900  16208 S 126,7 18,3  11:10.20 java
13581 kabasel+  20   0 3521428 730956  16208 S 120,6 18,4  11:11.43 java
13581 kabasel+  20   0 3521428 730956  16208 S 103,0 18,4  11:12.47 java
13581 kabasel+  20   0 3521428 729932  16208 S 120,8 18,3  11:13.69 java
13581 kabasel+  20   0 3521428 731432  16208 S 104,9 18,4  11:14.76 java
13581 kabasel+  20   0 3521428 734004  16208 S 107,9 18,4  11:15.85 java
13581 kabasel+  20   0 3521428 734004  16208 S 128,7 18,4  11:17.15 java
13581 kabasel+  20   0 3521428 738500  16208 S 108,8 18,5  11:18.26 java
13581 kabasel+  20   0 3521428 741768  16208 S 134,7 18,6  11:19.62 java
13581 kabasel+  20   0 3521428 746884  16208 S 129,7 18,8  11:20.93 java
13581 kabasel+  20   0 3521428 750256  16208 S 104,9 18,8  11:22.00 java
13581 kabasel+  20   0 3521428 752324  16208 S 107,9 18,9  11:23.09 java
13581 kabasel+  20   0 3521428 754076  16208 S 146,1 18,9  11:24.58 java
13581 kabasel+  20   0 3521428 758500  16208 S 143,6 19,1  11:26.03 java
13581 kabasel+  20   0 3521428 763688  16208 S 116,8 19,2  11:27.21 java
13581 kabasel+  20   0 3521428 765488  16208 S 117,6 19,2  11:28.41 java
13581 kabasel+  20   0 3521428 769484  16208 S 112,9 19,3  11:29.55 java
13581 kabasel+  20   0 3521428 773068  16208 S 108,8 19,4  11:30.66 java
13581 kabasel+  20   0 3521428 773068  16208 S 133,7 19,4  11:32.01 java
13581 kabasel+  20   0 3521428 777932  16208 S 108,9 19,5  11:33.11 java
13581 kabasel+  20   0 3521428 780960  16208 S 108,8 19,6  11:34.22 java
13581 kabasel+  20   0 3521428 784004  16208 S 118,8 19,7  11:35.42 java
13581 kabasel+  20   0 3521428 788644  16208 S 129,7 19,8  11:36.73 java
13581 kabasel+  20   0 3521428 789996  16208 S 254,9 19,8  11:39.33 java
13581 kabasel+  20   0 3521428 790172  16208 S 105,0 19,8  11:40.39 java
13581 kabasel+  20   0 3521428 790172  16208 S 117,6 19,8  11:41.59 java
13581 kabasel+  20   0 3521428 790172  16208 S 117,8 19,8  11:42.78 java
13581 kabasel+  20   0 3521428 790172  16208 S 120,8 19,8  11:44.00 java
13581 kabasel+  20   0 3521428 790172  16208 S 138,2 19,8  11:45.41 java
13581 kabasel+  20   0 3521428 790172  16208 S 121,8 19,8  11:46.64 java
13581 kabasel+  20   0 3521428 790172  16208 S 148,5 19,8  11:48.14 java
13581 kabasel+  20   0 3521428 790172  16208 S 102,9 19,8  11:49.19 java
13581 kabasel+  20   0 3521428 790172  16208 S 105,0 19,8  11:50.25 java
13581 kabasel+  20   0 3521428 790172  16208 S 103,0 19,8  11:51.29 java
13581 kabasel+  20   0 3521428 790172  16208 S 103,9 19,8  11:52.35 java
13581 kabasel+  20   0 3521428 790172  16208 S 104,0 19,8  11:53.40 java
13581 kabasel+  20   0 3521428 790172  16208 S 105,0 19,8  11:54.46 java
13581 kabasel+  20   0 3521428 790172  16208 S 103,9 19,8  11:55.52 java
13581 kabasel+  20   0 3521428 790172  16208 S 104,0 19,8  11:56.57 java
13581 kabasel+  20   0 3521428 790172  16208 S 105,0 19,8  11:57.63 java
13581 kabasel+  20   0 3521428 790172  16208 S 103,9 19,8  11:58.69 java
13581 kabasel+  20   0 3521428 790172  16208 S 104,0 19,8  11:59.74 java
13581 kabasel+  20   0 3521428 790172  16208 S 105,9 19,8  12:00.82 java
13581 kabasel+  20   0 3521428 790336  16208 S 105,9 19,9  12:01.89 java
13581 kabasel+  20   0 3521428 790336  16208 S 103,0 19,9  12:02.93 java
13581 kabasel+  20   0 3521428 790336  16208 S 102,9 19,9  12:03.98 java
13581 kabasel+  20   0 3521428 790336  16208 S 107,9 19,9  12:05.07 java
13581 kabasel+  20   0 3521428 790336  16208 S 105,0 19,9  12:06.13 java
13581 kabasel+  20   0 3521428 790336  16208 S 103,9 19,9  12:07.19 java
13581 kabasel+  20   0 3521428 790024  16208 S 105,0 19,8  12:08.25 java
13581 kabasel+  20   0 3521428 790024  16208 S 104,0 19,8  12:09.30 java
13581 kabasel+  20   0 3521428 790024  16208 S 110,9 19,8  12:10.42 java
13581 kabasel+  20   0 3521428 790024  16208 S 105,9 19,8  12:11.50 java
13581 kabasel+  20   0 3521428 790024  16208 S 104,0 19,8  12:12.55 java
13581 kabasel+  20   0 3521428 790024  16208 S 105,0 19,8  12:13.61 java
13581 kabasel+  20   0 3521428 790024  16208 S 103,9 19,8  12:14.67 java
13581 kabasel+  20   0 3521428 790024  16208 S 107,9 19,8  12:15.76 java
13581 kabasel+  20   0 3521428 790476  16208 S 101,0 19,9  12:16.79 java
13581 kabasel+  20   0 3521428 790476  16208 S 109,9 19,9  12:17.90 java
13581 kabasel+  20   0 3521428 789680  16208 S 103,9 19,8  12:18.96 java
13581 kabasel+  20   0 3521428 789680  16208 S 104,0 19,8  12:20.01 java
13581 kabasel+  20   0 3521428 789680  16208 S 104,0 19,8  12:21.06 java
13581 kabasel+  20   0 3521428 790464  16208 S  99,0 19,9  12:22.07 java
13581 kabasel+  20   0 3521428 790464  16208 S 109,6 19,9  12:23.21 java
13581 kabasel+  20   0 3521428 790464  16208 S 106,9 19,9  12:24.29 java
13581 kabasel+  20   0 3521428 790464  16208 S 105,0 19,9  12:25.35 java
13581 kabasel+  20   0 3521428 789704  16208 S 107,8 19,8  12:26.45 java
13581 kabasel+  20   0 3521428 789704  16208 S 104,0 19,8  12:27.50 java
13581 kabasel+  20   0 3521428 789704  16208 S 102,0 19,8  12:28.54 java
13581 kabasel+  20   0 3521428 790232  16208 S 104,0 19,8  12:29.59 java
13581 kabasel+  20   0 3521428 790232  16208 S 110,9 19,8  12:30.71 java
13581 kabasel+  20   0 3521428 790232  16208 S 104,9 19,8  12:31.78 java
13581 kabasel+  20   0 3521428 790232  16208 S 104,0 19,8  12:32.83 java
13581 kabasel+  20   0 3521428 790232  16208 S 102,9 19,8  12:33.88 java
13581 kabasel+  20   0 3521428 790232  16208 S 104,0 19,8  12:34.93 java
13581 kabasel+  20   0 3521428 790232  16208 S 105,0 19,8  12:35.99 java
13581 kabasel+  20   0 3521428 790496  16208 S 105,9 19,9  12:37.07 java
13581 kabasel+  20   0 3521428 790496  16208 S 106,9 19,9  12:38.15 java
13581 kabasel+  20   0 3521428 790496  16208 S 105,0 19,9  12:39.21 java
13581 kabasel+  20   0 3521428 790496  16208 S 105,9 19,9  12:40.29 java
13581 kabasel+  20   0 3521428 790496  16208 S 104,0 19,9  12:41.34 java
13581 kabasel+  20   0 3521428 790496  16208 S 108,9 19,9  12:42.44 java
13581 kabasel+  20   0 3521428 789588  16208 S 103,9 19,8  12:43.50 java
13581 kabasel+  20   0 3521428 790292  16208 S 104,0 19,9  12:44.55 java
13581 kabasel+  20   0 3521428 790292  16208 S 104,9 19,9  12:45.62 java
13581 kabasel+  20   0 3521428 790292  16208 S 102,0 19,9  12:46.65 java
13581 kabasel+  20   0 3521428 790292  16208 S 106,9 19,9  12:47.73 java
13581 kabasel+  20   0 3521428 790292  16208 S 104,9 19,9  12:48.80 java
13581 kabasel+  20   0 3521428 790292  16208 S 105,9 19,9  12:49.88 java
13581 kabasel+  20   0 3521428 790292  16208 S 105,9 19,9  12:50.95 java
13581 kabasel+  20   0 3521428 790816  16208 S 105,9 19,9  12:52.02 java
13581 kabasel+  20   0 3521428 790816  16208 S 104,9 19,9  12:53.09 java
13581 kabasel+  20   0 3521428 790816  16208 S 106,9 19,9  12:54.17 java
13581 kabasel+  20   0 3521428 790816  16208 S 102,9 19,9  12:55.22 java
13581 kabasel+  20   0 3521428 790816  16208 S 239,6 19,9  12:57.64 java
13581 kabasel+  20   0 3521428 762668  16208 S 112,9 19,2  12:58.78 java
13581 kabasel+  20   0 3521428 762668  16208 S 105,9 19,2  12:59.86 java
13581 kabasel+  20   0 3521428 762668  16208 S 106,9 19,2  13:00.94 java
13581 kabasel+  20   0 3521428 762668  16208 S 100,0 19,2  13:01.96 java
13581 kabasel+  20   0 3521428 762668  16208 S 104,0 19,2  13:03.01 java
13581 kabasel+  20   0 3521428 761772  16208 S 102,9 19,1  13:04.06 java
13581 kabasel+  20   0 3521428 761772  16208 S 105,9 19,1  13:05.13 java
13581 kabasel+  20   0 3521428 762292  16208 S 106,9 19,1  13:06.21 java
13581 kabasel+  20   0 3521428 762292  16208 S 103,9 19,1  13:07.27 java
13581 kabasel+  20   0 3521428 762292  16208 S 106,9 19,1  13:08.35 java
13581 kabasel+  20   0 3521428 762292  16208 S 104,9 19,1  13:09.42 java
13581 kabasel+  20   0 3521428 762292  16208 S 105,0 19,1  13:10.48 java
13581 kabasel+  20   0 3521428 762292  16208 S 105,0 19,1  13:11.54 java
13581 kabasel+  20   0 3521428 762292  16208 S 102,9 19,1  13:12.59 java
13581 kabasel+  20   0 3521428 762292  16208 S 106,9 19,1  13:13.67 java
13581 kabasel+  20   0 3521428 762292  16208 S 107,9 19,1  13:14.76 java
13581 kabasel+  20   0 3521428 762292  16208 S 105,0 19,1  13:15.82 java
13581 kabasel+  20   0 3521428 762292  16208 S 104,9 19,1  13:16.89 java
13581 kabasel+  20   0 3521428 762292  16208 S 103,9 19,1  13:17.95 java
13581 kabasel+  20   0 3521428 762292  16208 S 105,9 19,1  13:19.02 java
13581 kabasel+  20   0 3521428 762292  16208 S 107,9 19,1  13:20.11 java
13581 kabasel+  20   0 3521428 762292  16208 S 106,9 19,1  13:21.19 java
13581 kabasel+  20   0 3521428 762292  16208 S 104,9 19,1  13:22.26 java
13581 kabasel+  20   0 3521428 762292  16208 S 104,0 19,1  13:23.31 java
13581 kabasel+  20   0 3521428 762292  16208 S 106,9 19,1  13:24.40 java
13581 kabasel+  20   0 3521428 762292  16208 S 103,0 19,1  13:25.44 java
13581 kabasel+  20   0 3521428 762820  16208 S 105,9 19,2  13:26.51 java
13581 kabasel+  20   0 3521428 762820  16208 S 104,9 19,2  13:27.58 java
13581 kabasel+  20   0 3521428 762820  16208 S 104,0 19,2  13:28.63 java
13581 kabasel+  20   0 3521428 762820  16208 S 104,0 19,2  13:29.68 java
13581 kabasel+  20   0 3521428 762820  16208 S 106,9 19,2  13:30.77 java
13581 kabasel+  20   0 3521428 762820  16208 S 103,0 19,2  13:31.81 java
13581 kabasel+  20   0 3521428 762820  16208 S 105,9 19,2  13:32.89 java
13581 kabasel+  20   0 3521428 762820  16208 S 105,9 19,2  13:33.96 java
13581 kabasel+  20   0 3521428 762820  16208 S 105,9 19,2  13:35.03 java
13581 kabasel+  20   0 3521428 762820  16208 S 103,9 19,2  13:36.09 java
13581 kabasel+  20   0 3521428 762820  16208 S 106,9 19,2  13:37.17 java
13581 kabasel+  20   0 3521428 762820  16208 S 101,0 19,2  13:38.20 java
13581 kabasel+  20   0 3521428 762820  16208 S 106,9 19,2  13:39.28 java
13581 kabasel+  20   0 3521428 761956  16208 S 104,9 19,1  13:40.35 java
13581 kabasel+  20   0 3521428 761956  16208 S 103,0 19,1  13:41.39 java
13581 kabasel+  20   0 3521428 761956  16208 S 108,9 19,1  13:42.49 java
13581 kabasel+  20   0 3521428 761956  16208 S 105,9 19,1  13:43.57 java
13581 kabasel+  20   0 3521428 762748  16208 S 104,0 19,2  13:44.62 java
13581 kabasel+  20   0 3521428 762748  16208 S 107,9 19,2  13:45.71 java
13581 kabasel+  20   0 3521428 762556  16208 S 101,0 19,2  13:46.74 java
13581 kabasel+  20   0 3521428 762556  16208 S 105,0 19,2  13:47.80 java
13581 kabasel+  20   0 3521428 762556  16208 S 105,0 19,2  13:48.86 java
13581 kabasel+  20   0 3521428 762556  16208 S 102,0 19,2  13:49.90 java
13581 kabasel+  20   0 3521428 762556  16208 S 105,9 19,2  13:50.97 java
13581 kabasel+  20   0 3521428 762556  16208 S 105,9 19,2  13:52.04 java
13581 kabasel+  20   0 3521428 762556  16208 S 102,9 19,2  13:53.09 java
13581 kabasel+  20   0 3521428 762556  16208 S 105,0 19,2  13:54.15 java
13581 kabasel+  20   0 3521428 762556  16208 S 102,0 19,2  13:55.18 java
13581 kabasel+  20   0 3521428 762556  16208 S 105,9 19,2  13:56.26 java
13581 kabasel+  20   0 3521428 762556  16208 S 102,0 19,2  13:57.29 java
13581 kabasel+  20   0 3521428 762556  16208 S 106,9 19,2  13:58.37 java
13581 kabasel+  20   0 3521428 762556  16208 S 103,9 19,2  13:59.43 java
13581 kabasel+  20   0 3521428 762556  16208 S 105,9 19,2  14:00.50 java
13581 kabasel+  20   0 3521428 762556  16208 S 103,0 19,2  14:01.54 java
13581 kabasel+  20   0 3521428 762556  16208 S 105,0 19,2  14:02.60 java
13581 kabasel+  20   0 3521428 762556  16208 S 105,9 19,2  14:03.68 java
13581 kabasel+  20   0 3521428 762556  16208 S 105,0 19,2  14:04.74 java
13581 kabasel+  20   0 3521428 762556  16208 S 102,0 19,2  14:05.78 java
13581 kabasel+  20   0 3521428 761660  16208 S 103,0 19,1  14:06.82 java
13581 kabasel+  20   0 3521428 761660  16208 S 103,0 19,1  14:07.86 java
13581 kabasel+  20   0 3521428 761660  16208 S 102,0 19,1  14:08.90 java
13581 kabasel+  20   0 3521428 761660  16208 S 106,9 19,1  14:09.98 java
13581 kabasel+  20   0 3521428 761660  16208 S 102,9 19,1  14:11.03 java
13581 kabasel+  20   0 3521428 761660  16208 S 103,0 19,1  14:12.07 java
13581 kabasel+  20   0 3521428 762452  16208 S 105,0 19,2  14:13.13 java
13581 kabasel+  20   0 3521428 762452  16208 S 103,9 19,2  14:14.19 java
13581 kabasel+  20   0 3521428 762452  16208 S 199,0 19,2  14:16.20 java
13581 kabasel+  20   0 3521428 726984  16208 S 150,0 18,3  14:17.73 java
13581 kabasel+  20   0 3521428 726984  16208 S 104,9 18,3  14:18.80 java
13581 kabasel+  20   0 3521428 726984  16208 S 104,0 18,3  14:19.85 java
13581 kabasel+  20   0 3521428 726984  16208 S 105,9 18,3  14:20.92 java
13581 kabasel+  20   0 3521428 726780  16208 S 102,9 18,3  14:21.97 java
13581 kabasel+  20   0 3521428 726780  16208 S 105,0 18,3  14:23.03 java
13581 kabasel+  20   0 3521428 726780  16208 S 104,0 18,3  14:24.08 java
13581 kabasel+  20   0 3521428 726780  16208 S 106,9 18,3  14:25.17 java
13581 kabasel+  20   0 3521428 726780  16208 S 101,0 18,3  14:26.19 java
13581 kabasel+  20   0 3521428 726268  16208 S 104,0 18,2  14:27.24 java
13581 kabasel+  20   0 3521428 726268  16208 S 102,0 18,2  14:28.28 java
13581 kabasel+  20   0 3521428 726268  16208 S 106,9 18,2  14:29.36 java
13581 kabasel+  20   0 3521428 726532  16208 S 105,9 18,2  14:30.43 java
13581 kabasel+  20   0 3521428 726532  16208 S 103,9 18,2  14:31.49 java
13581 kabasel+  20   0 3521428 726532  16208 S 104,0 18,2  14:32.54 java
13581 kabasel+  20   0 3521428 727324  16208 S 104,0 18,3  14:33.59 java
13581 kabasel+  20   0 3521428 727324  16208 S 105,9 18,3  14:34.66 java
13581 kabasel+  20   0 3521428 727324  16208 S 102,9 18,3  14:35.71 java
13581 kabasel+  20   0 3521428 727324  16208 S 102,0 18,3  14:36.74 java
13581 kabasel+  20   0 3521428 727324  16208 S 107,9 18,3  14:37.83 java
13581 kabasel+  20   0 3521428 727324  16208 S 102,9 18,3  14:38.88 java
13581 kabasel+  20   0 3521428 727324  16208 S 107,9 18,3  14:39.97 java
13581 kabasel+  20   0 3521428 727324  16208 S 104,9 18,3  14:41.04 java
13581 kabasel+  20   0 3521428 727324  16208 S 105,0 18,3  14:42.10 java
13581 kabasel+  20   0 3521428 727324  16208 S 108,9 18,3  14:43.20 java
13581 kabasel+  20   0 3521428 727324  16208 S 103,9 18,3  14:44.26 java
13581 kabasel+  20   0 3521428 727324  16208 S 105,9 18,3  14:45.33 java
13581 kabasel+  20   0 3521428 727324  16208 S 108,9 18,3  14:46.43 java
13581 kabasel+  20   0 3521428 727324  16208 S 102,9 18,3  14:47.48 java
13581 kabasel+  20   0 3521428 727324  16208 S 103,0 18,3  14:48.52 java
13581 kabasel+  20   0 3521428 727324  16208 S 106,9 18,3  14:49.60 java
13581 kabasel+  20   0 3521428 726524  16208 S 104,9 18,2  14:50.67 java
13581 kabasel+  20   0 3521428 726524  16208 S 105,0 18,2  14:51.73 java
13581 kabasel+  20   0 3521428 726788  16208 S 103,0 18,3  14:52.77 java
13581 kabasel+  20   0 3521428 727316  16208 S 106,9 18,3  14:53.86 java
13581 kabasel+  20   0 3521428 727316  16208 S 103,9 18,3  14:54.92 java
13581 kabasel+  20   0 3521428 726324  16208 S 111,9 18,2  14:56.05 java
13581 kabasel+  20   0 3521428 726324  16208 S 105,0 18,2  14:57.11 java
13581 kabasel+  20   0 3521428 726324  16208 S 105,0 18,2  14:58.17 java
13581 kabasel+  20   0 3521428 726324  16208 S 103,9 18,2  14:59.23 java
13581 kabasel+  20   0 3521428 726324  16208 S 110,9 18,2  15:00.35 java
13581 kabasel+  20   0 3521428 726324  16208 S 106,9 18,2  15:01.43 java
13581 kabasel+  20   0 3521428 726324  16208 S 102,9 18,2  15:02.48 java
13581 kabasel+  20   0 3521428 726324  16208 S 107,9 18,2  15:03.57 java
13581 kabasel+  20   0 3521428 726324  16208 S 104,0 18,2  15:04.62 java
13581 kabasel+  20   0 3521428 726324  16208 S 106,9 18,2  15:05.71 java
13581 kabasel+  20   0 3521428 726244  16208 S 105,0 18,2  15:06.77 java
13581 kabasel+  20   0 3521428 726244  16208 S 108,9 18,2  15:07.87 java
13581 kabasel+  20   0 3521428 726244  16208 S 104,9 18,2  15:08.94 java
13581 kabasel+  20   0 3521428 726508  16208 S 105,0 18,2  15:10.00 java
13581 kabasel+  20   0 3521428 726508  16208 S 105,0 18,2  15:11.06 java
13581 kabasel+  20   0 3521428 726772  16208 S 103,9 18,3  15:12.12 java
13581 kabasel+  20   0 3521428 726772  16208 S 104,0 18,3  15:13.17 java
13581 kabasel+  20   0 3521428 726772  16208 S 107,8 18,3  15:14.27 java
13581 kabasel+  20   0 3521428 726772  16208 S 105,0 18,3  15:15.33 java
13581 kabasel+  20   0 3521428 726772  16208 S 105,9 18,3  15:16.40 java
13581 kabasel+  20   0 3521428 726772  16208 S 104,9 18,3  15:17.47 java
13581 kabasel+  20   0 3521428 726772  16208 S 106,9 18,3  15:18.55 java
13581 kabasel+  20   0 3521428 726772  16208 S 104,9 18,3  15:19.62 java
13581 kabasel+  20   0 3521428 726772  16208 S 108,9 18,3  15:20.72 java
13581 kabasel+  20   0 3521428 726024  16208 S 103,0 18,2  15:21.76 java
13581 kabasel+  20   0 3521428 726024  16208 S 103,9 18,2  15:22.82 java
13581 kabasel+  20   0 3521428 726288  16208 S 108,9 18,2  15:23.92 java
13581 kabasel+  20   0 3521428 726288  16208 S 106,9 18,2  15:25.00 java
13581 kabasel+  20   0 3521428 726288  16208 S 105,9 18,2  15:26.08 java
13581 kabasel+  20   0 3521428 726288  16208 S 105,0 18,2  15:27.14 java
13581 kabasel+  20   0 3521428 727080  16208 S 103,9 18,3  15:28.20 java
13581 kabasel+  20   0 3521428 727080  16208 S 109,9 18,3  15:29.31 java
13581 kabasel+  20   0 3521428 727080  16208 S 106,9 18,3  15:30.39 java
13581 kabasel+  20   0 3521428 726224  16208 S 103,9 18,2  15:31.45 java
13581 kabasel+  20   0 3521428 726224  16208 S 104,0 18,2  15:32.50 java
13581 kabasel+  20   0 3521428 726224  16208 S 102,9 18,2  15:33.55 java
13581 kabasel+  20   0 3521428 726224  16208 S 106,9 18,2  15:34.63 java
13581 kabasel+  20   0 3521428 726488  16208 S 105,9 18,2  15:35.70 java
13581 kabasel+  20   0 3521428 726752  16208 S 102,9 18,3  15:36.75 java
13581 kabasel+  20   0 3521428 726668  16208 S 107,9 18,3  15:37.84 java
13581 kabasel+  20   0 3521428 726668  16208 S 103,9 18,3  15:38.90 java
13581 kabasel+  20   0 3521428 726156  16208 S 105,0 18,2  15:39.96 java
13581 kabasel+  20   0 3521428 652140  16208 S 132,7 16,4  15:41.30 java
13581 kabasel+  20   0 3521428 652140  16208 S 103,9 16,4  15:42.36 java
13581 kabasel+  20   0 3521428 652140  16208 S 104,0 16,4  15:43.41 java
13581 kabasel+  20   0 3521428 652140  16208 S 103,9 16,4  15:44.47 java
13581 kabasel+  20   0 3521428 652140  16208 S 105,9 16,4  15:45.54 java
13581 kabasel+  20   0 3521428 652668  16208 S 106,9 16,4  15:46.62 java
13581 kabasel+  20   0 3521428 652668  16208 S 104,9 16,4  15:47.69 java
13581 kabasel+  20   0 3521428 652668  16208 S 105,0 16,4  15:48.75 java
13581 kabasel+  20   0 3521428 652668  16208 S 105,9 16,4  15:49.83 java
13581 kabasel+  20   0 3521428 653196  16208 S 104,0 16,4  15:50.88 java
13581 kabasel+  20   0 3521428 653196  16208 S 105,0 16,4  15:51.94 java
13581 kabasel+  20   0 3521428 653196  16208 S 105,9 16,4  15:53.02 java
13581 kabasel+  20   0 3521428 653196  16208 S 104,0 16,4  15:54.07 java
13581 kabasel+  20   0 3521428 652592  16208 S 105,9 16,4  15:55.14 java
13581 kabasel+  20   0 3521428 652592  16208 S 104,0 16,4  15:56.19 java
13581 kabasel+  20   0 3521428 652592  16208 S   7,8 16,4  15:56.27 java
13581 kabasel+  20   0 3521428 652592  16208 S   0,0 16,4  15:56.27 java
13581 kabasel+  20   0 3521428 652592  16208 S   0,0 16,4  15:56.27 java
13581 kabasel+  20   0 3521428 652592  16208 S   0,0 16,4  15:56.27 java
13581 kabasel+  20   0 3521428 652592  16208 S   1,0 16,4  15:56.28 java

