 1516 kabasel+  20   0 3521428 257504  16208 S 135.3  6.5   0:03.82 java
 1516 kabasel+  20   0 3521428 375180  16208 S 115.8  9.4   0:04.99 java
 1516 kabasel+  20   0 3521428 377484  16208 S 105.9  9.5   0:06.06 java
 1516 kabasel+  20   0 3521428 381040  16208 S 102.0  9.6   0:07.09 java
 1516 kabasel+  20   0 3521428 381040  16208 S  14.9  9.6   0:07.24 java
 1516 kabasel+  20   0 3521428 381040  16208 S   0.0  9.6   0:07.24 java
 1516 kabasel+  20   0 3521428 381040  16208 S   0.0  9.6   0:07.24 java
 1516 kabasel+  20   0 3521428 386524  16208 S 102.0  9.7   0:08.27 java
 1516 kabasel+  20   0 3521428 391640  16208 S 140.6  9.8   0:09.69 java
 1516 kabasel+  20   0 3521428 402336  16208 S 163.4 10.1   0:11.34 java
 1516 kabasel+  20   0 3521428 410556  16220 S 148.5 10.3   0:12.84 java
 1516 kabasel+  20   0 3521428 410668  16220 S 116.8 10.3   0:14.02 java
 1516 kabasel+  20   0 3521428 410668  16220 S 115.7 10.3   0:15.20 java
 1516 kabasel+  20   0 3521428 413900  16220 S 107.9 10.4   0:16.29 java
 1516 kabasel+  20   0 3521428 416000  16220 S 103.0 10.4   0:17.33 java
 1516 kabasel+  20   0 3521428 418340  16220 S 104.0 10.5   0:18.38 java
 1516 kabasel+  20   0 3521428 421204  16220 S 103.0 10.6   0:19.42 java
 1516 kabasel+  20   0 3521428 424336  16220 S 103.0 10.7   0:20.46 java
 1516 kabasel+  20   0 3521428 429984  16220 S 126.5 10.8   0:21.75 java
 1516 kabasel+  20   0 3521428 429984  16220 S 118.8 10.8   0:22.95 java
 1516 kabasel+  20   0 3521428 431872  16220 S 136.6 10.8   0:24.33 java
 1516 kabasel+  20   0 3521428 437064  16220 S 169.3 11.0   0:26.04 java
 1516 kabasel+  20   0 3521428 446272  16220 S 156.4 11.2   0:27.62 java
 1516 kabasel+  20   0 3521428 446044  16220 S 123.5 11.2   0:28.88 java
 1516 kabasel+  20   0 3521428 446152  16220 S 105.0 11.2   0:29.94 java
 1516 kabasel+  20   0 3521428 446316  16220 S 105.0 11.2   0:31.00 java
 1516 kabasel+  20   0 3521428 446824  16220 S 119.6 11.2   0:32.22 java
 1516 kabasel+  20   0 3521428 447328  16220 S 128.7 11.2   0:33.52 java
 1516 kabasel+  20   0 3521428 447516  16220 S 138.6 11.2   0:34.92 java
 1516 kabasel+  20   0 3521428 451164  16220 S 110.9 11.3   0:36.04 java
 1516 kabasel+  20   0 3521428 454280  16220 S 137.3 11.4   0:37.44 java
 1516 kabasel+  20   0 3521428 462228  16220 S 156.4 11.6   0:39.02 java
 1516 kabasel+  20   0 3521428 503164  16220 S 187.1 12.6   0:40.91 java
 1516 kabasel+  20   0 3521428 504436  16220 S 114.9 12.7   0:42.07 java
 1516 kabasel+  20   0 3521428 504436  16220 S 120.8 12.7   0:43.29 java
 1516 kabasel+  20   0 3521428 505380  16280 S 150.0 12.7   0:44.82 java
 1516 kabasel+  20   0 3521428 505184  16280 S 198.0 12.7   0:46.82 java
 1516 kabasel+  20   0 3521428 504764  16280 S 157.4 12.7   0:48.41 java
 1516 kabasel+  20   0 3521428 506952  16280 S 120.8 12.7   0:49.63 java
 1516 kabasel+  20   0 3521428 509040  16280 S 122.8 12.8   0:50.87 java
 1516 kabasel+  20   0 3521428 509828  16280 S 155.9 12.8   0:52.46 java
 1516 kabasel+  20   0 3521428 514372  16280 S 180.2 12.9   0:54.28 java
 1516 kabasel+  20   0 3521428 522132  16280 S 132.7 13.1   0:55.62 java
 1516 kabasel+  20   0 3521428 525516  16280 S 148.5 13.2   0:57.12 java
 1516 kabasel+  20   0 3521428 527568  16280 S 137.3 13.3   0:58.52 java
 1516 kabasel+  20   0 3521428 532436  16280 S 129.7 13.4   0:59.83 java
 1516 kabasel+  20   0 3521428 537160  16280 S 157.4 13.5   1:01.42 java
 1516 kabasel+  20   0 3521428 542532  16280 S 195.0 13.6   1:03.39 java
 1516 kabasel+  20   0 3521428 542556  16280 S 139.6 13.6   1:04.80 java
 1516 kabasel+  20   0 3521428 542556  16280 S 117.6 13.6   1:06.00 java
 1516 kabasel+  20   0 3521428 542556  16280 S 112.9 13.6   1:07.14 java
 1516 kabasel+  20   0 3521428 542556  16280 S 105.0 13.6   1:08.20 java
 1516 kabasel+  20   0 3521428 542556  16280 S 106.9 13.6   1:09.28 java
 1516 kabasel+  20   0 3521428 542556  16280 S 105.9 13.6   1:10.35 java
 1516 kabasel+  20   0 3521428 542556  16280 S 126.5 13.6   1:11.64 java
 1516 kabasel+  20   0 3521428 542556  16280 S 141.6 13.6   1:13.07 java
 1516 kabasel+  20   0 3521428 543612  16280 S 143.6 13.7   1:14.52 java
 1516 kabasel+  20   0 3521428 543708  16280 S 106.9 13.7   1:15.60 java
 1516 kabasel+  20   0 3521428 543196  16280 S 141.6 13.6   1:17.03 java
 1516 kabasel+  20   0 3521428 542684  16280 S 110.9 13.6   1:18.15 java
 1516 kabasel+  20   0 3521428 545320  16280 S 113.7 13.7   1:19.31 java
 1516 kabasel+  20   0 3521428 545800  16280 S 131.7 13.7   1:20.64 java
 1516 kabasel+  20   0 3521428 548056  16280 S 118.8 13.8   1:21.84 java
 1516 kabasel+  20   0 3521428 552704  16280 S 195.0 13.9   1:23.81 java
 1516 kabasel+  20   0 3521428 552984  16280 S 132.4 13.9   1:25.16 java
 1516 kabasel+  20   0 3521428 552984  16280 S 104.0 13.9   1:26.21 java
 1516 kabasel+  20   0 3521428 552984  16280 S 104.0 13.9   1:27.26 java
 1516 kabasel+  20   0 3521428 552984  16280 S 150.0 13.9   1:28.79 java
 1516 kabasel+  20   0 3521428 553072  16280 S 158.4 13.9   1:30.39 java
 1516 kabasel+  20   0 3521428 553072  16280 S 118.8 13.9   1:31.59 java
 1516 kabasel+  20   0 3521428 553072  16280 S 109.9 13.9   1:32.70 java
 1516 kabasel+  20   0 3521428 553072  16280 S 102.0 13.9   1:33.74 java
 1516 kabasel+  20   0 3521428 552928  16280 S 106.9 13.9   1:34.82 java
 1516 kabasel+  20   0 3521428 552928  16280 S 102.9 13.9   1:35.87 java
 1516 kabasel+  20   0 3521428 552928  16280 S 112.9 13.9   1:37.01 java
 1516 kabasel+  20   0 3521428 553924  16280 S 126.7 13.9   1:38.29 java
 1516 kabasel+  20   0 3521428 553516  16280 S 111.9 13.9   1:39.42 java
 1516 kabasel+  20   0 3521428 554748  16280 S 116.7 13.9   1:40.61 java
 1516 kabasel+  20   0 3521428 559452  16280 S 150.5 14.1   1:42.13 java
 1516 kabasel+  20   0 3521428 564920  16280 S 108.9 14.2   1:43.23 java
 1516 kabasel+  20   0 3521428 567552  16280 S 103.0 14.3   1:44.27 java
 1516 kabasel+  20   0 3521428 567552  16280 S 115.7 14.3   1:45.45 java
 1516 kabasel+  20   0 3521428 570396  16280 S 159.4 14.3   1:47.06 java
 1516 kabasel+  20   0 3521428 577164  16280 S 123.8 14.5   1:48.31 java
 1516 kabasel+  20   0 3521428 579756  16280 S 107.9 14.6   1:49.40 java
 1516 kabasel+  20   0 3521428 581832  16280 S 114.9 14.6   1:50.56 java
 1516 kabasel+  20   0 3521428 584180  16280 S 110.8 14.7   1:51.69 java
 1516 kabasel+  20   0 3521428 587300  16280 S 118.8 14.8   1:52.89 java
 1516 kabasel+  20   0 3521428 589352  16280 S 106.9 14.8   1:53.97 java
 1516 kabasel+  20   0 3521428 590140  16280 S 105.0 14.8   1:55.03 java
 1516 kabasel+  20   0 3521428 591960  16280 S 121.6 14.9   1:56.27 java
 1516 kabasel+  20   0 3521428 594016  16280 S 183.2 14.9   1:58.12 java
 1516 kabasel+  20   0 3521428 585568  16280 S 184.2 14.7   1:59.98 java
 1516 kabasel+  20   0 3521428 585568  16280 S 122.8 14.7   2:01.22 java
 1516 kabasel+  20   0 3521428 585568  16280 S 135.3 14.7   2:02.60 java
 1516 kabasel+  20   0 3521428 585568  16280 S 174.3 14.7   2:04.36 java
 1516 kabasel+  20   0 3521428 585776  16280 S 158.4 14.7   2:05.96 java
 1516 kabasel+  20   0 3521428 585776  16280 S 104.0 14.7   2:07.01 java
 1516 kabasel+  20   0 3521428 585604  16280 S 105.0 14.7   2:08.07 java
 1516 kabasel+  20   0 3521428 585604  16280 S 104.9 14.7   2:09.14 java
 1516 kabasel+  20   0 3521428 585604  16280 S 104.0 14.7   2:10.19 java
 1516 kabasel+  20   0 3521428 586580  16280 S 154.5 14.7   2:11.75 java
 1516 kabasel+  20   0 3521428 586580  16280 S 132.4 14.7   2:13.10 java
 1516 kabasel+  20   0 3521428 585568  16280 S 118.8 14.7   2:14.30 java
 1516 kabasel+  20   0 3521428 585568  16280 S 140.6 14.7   2:15.72 java
 1516 kabasel+  20   0 3521428 585568  16280 S 111.9 14.7   2:16.85 java
 1516 kabasel+  20   0 3521428 585568  16280 S 105.9 14.7   2:17.93 java
 1516 kabasel+  20   0 3521428 585568  16280 S 119.8 14.7   2:19.14 java
 1516 kabasel+  20   0 3521428 585568  16280 S 105.0 14.7   2:20.20 java
 1516 kabasel+  20   0 3521428 585568  16280 S 122.8 14.7   2:21.44 java
 1516 kabasel+  20   0 3521428 585568  16280 S 113.7 14.7   2:22.60 java
 1516 kabasel+  20   0 3521428 586616  16280 S 194.1 14.7   2:24.56 java
 1516 kabasel+  20   0 3521428 586376  16280 S 119.8 14.7   2:25.77 java
 1516 kabasel+  20   0 3521428 586456  16280 S 197.0 14.7   2:27.76 java
 1516 kabasel+  20   0 3521428 586024  16280 S 105.9 14.7   2:28.83 java
 1516 kabasel+  20   0 3521428 586024  16280 S 110.9 14.7   2:29.95 java
 1516 kabasel+  20   0 3521428 586024  16280 S 105.9 14.7   2:31.02 java
 1516 kabasel+  20   0 3521428 586804  16280 S 151.0 14.7   2:32.56 java
 1516 kabasel+  20   0 3521428 587596  16280 S 179.2 14.8   2:34.37 java
 1516 kabasel+  20   0 3521428 587596  16280 S 120.8 14.8   2:35.59 java
 1516 kabasel+  20   0 3521428 586672  16280 S 124.8 14.7   2:36.85 java
 1516 kabasel+  20   0 3521428 586672  16280 S 105.9 14.7   2:37.92 java
 1516 kabasel+  20   0 3521428 586672  16280 S 104.0 14.7   2:38.97 java
 1516 kabasel+  20   0 3521428 586672  16280 S 119.6 14.7   2:40.19 java
 1516 kabasel+  20   0 3521428 586672  16280 S 143.6 14.7   2:41.64 java
 1516 kabasel+  20   0 3521428 587200  16280 S 124.8 14.7   2:42.90 java
 1516 kabasel+  20   0 3521428 589304  16280 S 106.8 14.8   2:44.00 java
 1516 kabasel+  20   0 3521428 590616  16280 S 105.9 14.8   2:45.07 java
 1516 kabasel+  20   0 3521428 593992  16280 S 122.8 14.9   2:46.31 java
 1516 kabasel+  20   0 3521428 597404  16280 S 104.0 15.0   2:47.36 java
 1516 kabasel+  20   0 3521428 600232  16280 S 107.9 15.1   2:48.45 java
 1516 kabasel+  20   0 3521428 602584  16280 S 163.7 15.1   2:50.12 java
 1516 kabasel+  20   0 3521428 608004  16280 S 161.4 15.3   2:51.75 java
 1516 kabasel+  20   0 3521428 611948  16280 S 106.9 15.4   2:52.83 java
 1516 kabasel+  20   0 3521428 611696  16280 S 105.0 15.4   2:53.89 java
 1516 kabasel+  20   0 3521428 615032  16280 S 104.0 15.4   2:54.94 java
 1516 kabasel+  20   0 3521428 618104  16280 S 132.7 15.5   2:56.28 java
 1516 kabasel+  20   0 3521428 623012  16280 S 163.7 15.6   2:57.95 java
 1516 kabasel+  20   0 3521428 624860  16280 S 225.7 15.7   3:00.23 java
 1516 kabasel+  20   0 3521428 624636  16280 S 203.0 15.7   3:02.28 java
 1516 kabasel+  20   0 3521428 624792  16280 S 133.7 15.7   3:03.63 java
 1516 kabasel+  20   0 3521428 623768  16280 S 112.9 15.7   3:04.77 java
 1516 kabasel+  20   0 3521428 623768  16280 S 135.3 15.7   3:06.15 java
 1516 kabasel+  20   0 3521428 623768  16280 S 104.0 15.7   3:07.20 java
 1516 kabasel+  20   0 3521428 623768  16280 S 116.8 15.7   3:08.38 java
 1516 kabasel+  20   0 3521428 624532  16280 S 180.2 15.7   3:10.20 java
 1516 kabasel+  20   0 3521428 624436  16280 S 124.8 15.7   3:11.46 java
 1516 kabasel+  20   0 3521428 623412  16280 S 107.8 15.7   3:12.56 java
 1516 kabasel+  20   0 3521428 623412  16280 S 105.0 15.7   3:13.62 java
 1516 kabasel+  20   0 3521428 623412  16280 S 105.9 15.7   3:14.69 java
 1516 kabasel+  20   0 3521428 623412  16280 S 107.9 15.7   3:15.78 java
 1516 kabasel+  20   0 3521428 623412  16280 S 130.7 15.7   3:17.10 java
 1516 kabasel+  20   0 3521428 623412  16280 S 120.8 15.7   3:18.32 java
 1516 kabasel+  20   0 3521428 623412  16280 S 113.7 15.7   3:19.48 java
 1516 kabasel+  20   0 3521428 623412  16280 S 144.6 15.7   3:20.94 java
 1516 kabasel+  20   0 3521428 623412  16280 S 105.9 15.7   3:22.01 java
 1516 kabasel+  20   0 3521428 623672  16280 S 105.0 15.7   3:23.07 java
 1516 kabasel+  20   0 3521428 623672  16280 S 101.0 15.7   3:24.10 java
 1516 kabasel+  20   0 3521428 623672  16280 S 141.6 15.7   3:25.53 java
 1516 kabasel+  20   0 3521428 623672  16280 S 107.9 15.7   3:26.62 java
 1516 kabasel+  20   0 3521428 623672  16280 S 105.9 15.7   3:27.69 java
 1516 kabasel+  20   0 3521428 623672  16280 S 113.9 15.7   3:28.84 java
 1516 kabasel+  20   0 3521428 623672  16280 S 112.9 15.7   3:29.98 java
 1516 kabasel+  20   0 3521428 623672  16280 S 107.9 15.7   3:31.07 java
 1516 kabasel+  20   0 3521428 623672  16280 S 118.6 15.7   3:32.28 java
 1516 kabasel+  20   0 3521428 623672  16280 S 140.6 15.7   3:33.70 java
 1516 kabasel+  20   0 3521428 623924  16280 S 245.5 15.7   3:36.18 java
 1516 kabasel+  20   0 3521428 623924  16280 S 172.3 15.7   3:37.92 java
 1516 kabasel+  20   0 3521428 623924  16280 S 109.9 15.7   3:39.03 java
 1516 kabasel+  20   0 3521428 623920  16280 S 103.9 15.7   3:40.09 java
 1516 kabasel+  20   0 3521428 623920  16280 S 120.8 15.7   3:41.31 java
 1516 kabasel+  20   0 3521428 623920  16280 S 105.9 15.7   3:42.38 java
 1516 kabasel+  20   0 3521428 623920  16280 S 128.7 15.7   3:43.68 java
 1516 kabasel+  20   0 3521428 623920  16280 S 108.9 15.7   3:44.78 java
 1516 kabasel+  20   0 3521428 623920  16280 S 115.7 15.7   3:45.96 java
 1516 kabasel+  20   0 3521428 624108  16280 S 135.6 15.7   3:47.33 java
 1516 kabasel+  20   0 3521428 623704  16280 S 110.9 15.7   3:48.45 java
 1516 kabasel+  20   0 3521428 623968  16280 S 131.7 15.7   3:49.78 java
 1516 kabasel+  20   0 3521428 623968  16280 S 143.6 15.7   3:51.23 java
 1516 kabasel+  20   0 3521428 623968  16280 S 173.5 15.7   3:53.00 java
 1516 kabasel+  20   0 3521428 624232  16280 S 168.3 15.7   3:54.70 java
 1516 kabasel+  20   0 3521428 624232  16280 S 165.3 15.7   3:56.37 java
 1516 kabasel+  20   0 3521428 627608  16280 S 107.9 15.8   3:57.46 java
 1516 kabasel+  20   0 3521428 629432  16280 S 107.9 15.8   3:58.55 java
 1516 kabasel+  20   0 3521428 630132  16280 S 104.9 15.8   3:59.62 java
 1516 kabasel+  20   0 3521428 631164  16280 S 111.9 15.9   4:00.75 java
 1516 kabasel+  20   0 3521428 631904  16280 S 117.6 15.9   4:01.95 java
 1516 kabasel+  20   0 3521428 636484  16280 S 146.5 16.0   4:03.43 java
 1516 kabasel+  20   0 3521428 644760  16280 S 136.6 16.2   4:04.81 java
 1516 kabasel+  20   0 3521428 646048  16280 S 177.2 16.2   4:06.60 java
 1516 kabasel+  20   0 3521428 653024  16280 S 117.6 16.4   4:07.80 java
 1516 kabasel+  20   0 3521428 655616  16280 S 105.9 16.5   4:08.87 java
 1516 kabasel+  20   0 3521428 658988  16280 S 126.7 16.6   4:10.15 java
 1516 kabasel+  20   0 3521428 665392  16280 S 170.6 16.7   4:11.89 java
 1516 kabasel+  20   0 3521428 666400  16280 S 243.6 16.7   4:14.35 java
 1516 kabasel+  20   0 3521428 666408  16280 S 110.9 16.7   4:15.47 java
 1516 kabasel+  20   0 3521428 666408  16280 S 103.0 16.7   4:16.51 java
 1516 kabasel+  20   0 3521428 666408  16280 S 136.3 16.7   4:17.90 java
 1516 kabasel+  20   0 3521428 666408  16280 S 133.7 16.7   4:19.25 java
 1516 kabasel+  20   0 3521428 666408  16280 S 106.9 16.7   4:20.33 java
 1516 kabasel+  20   0 3521428 667272  16280 S 188.1 16.8   4:22.23 java
 1516 kabasel+  20   0 3521428 667272  16280 S 169.3 16.8   4:23.94 java
 1516 kabasel+  20   0 3521428 666492  16280 S 125.7 16.7   4:25.21 java
 1516 kabasel+  20   0 3521428 666492  16280 S 115.7 16.7   4:26.39 java
 1516 kabasel+  20   0 3521428 666492  16280 S 106.9 16.7   4:27.47 java
 1516 kabasel+  20   0 3521428 666492  16280 S 108.9 16.7   4:28.57 java
 1516 kabasel+  20   0 3521428 666492  16280 S 105.9 16.7   4:29.64 java
 1516 kabasel+  20   0 3521428 666492  16280 S 108.9 16.7   4:30.74 java
 1516 kabasel+  20   0 3521428 666492  16280 S 104.0 16.7   4:31.79 java
 1516 kabasel+  20   0 3521428 666492  16280 S 102.0 16.7   4:32.83 java
 1516 kabasel+  20   0 3521428 666492  16280 S 107.9 16.7   4:33.92 java
 1516 kabasel+  20   0 3521428 666492  16280 S 105.9 16.7   4:34.99 java
 1516 kabasel+  20   0 3521428 666492  16280 S 146.5 16.7   4:36.47 java
 1516 kabasel+  20   0 3521428 666492  16280 S 132.4 16.7   4:37.82 java
 1516 kabasel+  20   0 3521428 666492  16280 S 137.6 16.7   4:39.21 java
 1516 kabasel+  20   0 3521428 666492  16280 S 108.9 16.7   4:40.31 java
 1516 kabasel+  20   0 3521428 666492  16280 S 147.5 16.7   4:41.80 java
 1516 kabasel+  20   0 3521428 666492  16280 S 117.6 16.7   4:43.00 java
 1516 kabasel+  20   0 3521428 666492  16280 S 116.8 16.7   4:44.18 java
 1516 kabasel+  20   0 3521428 666492  16280 S 148.5 16.7   4:45.68 java
 1516 kabasel+  20   0 3521428 666492  16280 S 134.7 16.7   4:47.04 java
 1516 kabasel+  20   0 3521428 666492  16280 S 117.8 16.7   4:48.23 java
 1516 kabasel+  20   0 3521428 666492  16280 S 139.6 16.7   4:49.64 java
 1516 kabasel+  20   0 3521428 666292  16280 S 106.9 16.7   4:50.73 java
 1516 kabasel+  20   0 3521428 666292  16280 S 122.8 16.7   4:51.97 java
 1516 kabasel+  20   0 3521428 666292  16280 S 138.6 16.7   4:53.37 java
 1516 kabasel+  20   0 3521428 666292  16280 S 130.7 16.7   4:54.69 java
 1516 kabasel+  20   0 3521428 669604  16280 S 108.9 16.8   4:55.79 java
 1516 kabasel+  20   0 3521428 674980  16280 S 161.4 17.0   4:57.42 java
 1516 kabasel+  20   0 3521428 675412  16280 S 285.3 17.0   5:00.33 java
 1516 kabasel+  20   0 3521428 674908  16280 S 130.7 17.0   5:01.65 java
 1516 kabasel+  20   0 3521428 674908  16280 S 122.8 17.0   5:02.89 java
 1516 kabasel+  20   0 3521428 674396  16280 S 102.9 16.9   5:03.94 java
 1516 kabasel+  20   0 3521428 674396  16280 S 104.0 16.9   5:04.99 java
 1516 kabasel+  20   0 3521428 674396  16280 S 119.8 16.9   5:06.20 java
 1516 kabasel+  20   0 3521428 674396  16280 S 104.0 16.9   5:07.25 java
 1516 kabasel+  20   0 3521428 674396  16280 S 106.9 16.9   5:08.33 java
 1516 kabasel+  20   0 3521428 674396  16280 S 118.8 16.9   5:09.53 java
 1516 kabasel+  20   0 3521428 674396  16280 S 167.6 16.9   5:11.24 java
 1516 kabasel+  20   0 3521428 675256  16280 S 153.5 17.0   5:12.79 java
 1516 kabasel+  20   0 3521428 675256  16280 S 125.7 17.0   5:14.06 java
 1516 kabasel+  20   0 3521428 674232  16280 S 183.2 16.9   5:15.91 java
 1516 kabasel+  20   0 3521428 673960  16280 S 154.5 16.9   5:17.47 java
 1516 kabasel+  20   0 3521428 673960  16280 S 129.7 16.9   5:18.78 java
 1516 kabasel+  20   0 3521428 673960  16280 S 113.7 16.9   5:19.94 java
 1516 kabasel+  20   0 3521428 673960  16280 S 106.9 16.9   5:21.02 java
 1516 kabasel+  20   0 3521428 673960  16280 S 106.9 16.9   5:22.10 java
 1516 kabasel+  20   0 3521428 675496  16280 S 144.6 17.0   5:23.56 java
 1516 kabasel+  20   0 3521428 679120  16280 S 111.9 17.1   5:24.69 java
 1516 kabasel+  20   0 3521428 680696  16280 S 127.7 17.1   5:25.98 java
 1516 kabasel+  20   0 3521428 685576  16280 S 108.8 17.2   5:27.09 java
 1516 kabasel+  20   0 3521428 688696  16280 S 118.8 17.3   5:28.29 java
 1516 kabasel+  20   0 3521428 692572  16280 S 109.9 17.4   5:29.40 java
 1516 kabasel+  20   0 3521428 694396  16280 S 117.8 17.4   5:30.59 java
 1516 kabasel+  20   0 3521428 698564  16280 S 126.5 17.5   5:31.88 java
 1516 kabasel+  20   0 3521428 704728  16280 S 168.3 17.7   5:33.58 java
 1516 kabasel+  20   0 3521428 708372  16280 S 112.9 17.8   5:34.72 java
 1516 kabasel+  20   0 3521428 708880  16280 S 105.0 17.8   5:35.78 java
 1516 kabasel+  20   0 3521428 710468  16280 S 156.9 17.8   5:37.38 java
 1516 kabasel+  20   0 3521428 714636  16280 S 109.9 18.0   5:38.49 java
 1516 kabasel+  20   0 3521428 716200  16280 S 122.5 18.0   5:39.74 java
 1516 kabasel+  20   0 3521428 720892  16280 S 119.8 18.1   5:40.95 java
 1516 kabasel+  20   0 3521428 724468  16280 S 293.1 18.2   5:43.91 java
 1516 kabasel+  20   0 3521428 725360  16280 S 169.3 18.2   5:45.62 java
 1516 kabasel+  20   0 3521428 724352  16280 S 140.6 18.2   5:47.04 java
 1516 kabasel+  20   0 3521428 724352  16280 S 115.8 18.2   5:48.21 java
 1516 kabasel+  20   0 3521428 724352  16280 S 106.9 18.2   5:49.30 java
 1516 kabasel+  20   0 3521428 724352  16280 S 115.8 18.2   5:50.47 java
 1516 kabasel+  20   0 3521428 724352  16280 S 115.8 18.2   5:51.64 java
 1516 kabasel+  20   0 3521428 724352  16280 S 117.6 18.2   5:52.84 java
 1516 kabasel+  20   0 3521428 724352  16280 S 106.9 18.2   5:53.92 java
 1516 kabasel+  20   0 3521428 724352  16280 S 106.9 18.2   5:55.00 java
 1516 kabasel+  20   0 3521428 724352  16280 S 108.9 18.2   5:56.10 java
 1516 kabasel+  20   0 3521428 724352  16280 S 153.5 18.2   5:57.65 java
 1516 kabasel+  20   0 3521428 724352  16280 S 116.7 18.2   5:58.84 java
 1516 kabasel+  20   0 3521428 724352  16280 S 137.6 18.2   6:00.23 java
 1516 kabasel+  20   0 3521428 724352  16280 S 108.9 18.2   6:01.33 java
 1516 kabasel+  20   0 3521428 724352  16280 S 105.9 18.2   6:02.40 java
 1516 kabasel+  20   0 3521428 724352  16280 S 126.7 18.2   6:03.68 java
 1516 kabasel+  20   0 3521428 724352  16280 S 126.7 18.2   6:04.96 java
 1516 kabasel+  20   0 3521428 724352  16280 S 129.4 18.2   6:06.28 java
 1516 kabasel+  20   0 3521428 724352  16280 S 107.9 18.2   6:07.37 java
 1516 kabasel+  20   0 3521428 724352  16280 S 124.8 18.2   6:08.63 java
 1516 kabasel+  20   0 3521428 724352  16280 S 185.1 18.2   6:10.50 java
 1516 kabasel+  20   0 3521428 724352  16280 S 122.8 18.2   6:11.74 java
 1516 kabasel+  20   0 3521428 724268  16280 S 110.8 18.2   6:12.87 java
 1516 kabasel+  20   0 3521428 724268  16280 S 108.9 18.2   6:13.97 java
 1516 kabasel+  20   0 3521428 724268  16280 S 151.5 18.2   6:15.50 java
 1516 kabasel+  20   0 3521428 725324  16280 S 123.8 18.2   6:16.75 java
 1516 kabasel+  20   0 3521428 724184  16280 S 205.9 18.2   6:18.85 java
 1516 kabasel+  20   0 3521428 723624  16280 S 122.8 18.2   6:20.09 java
 1516 kabasel+  20   0 3521428 723624  16280 S 120.8 18.2   6:21.31 java
 1516 kabasel+  20   0 3521428 723624  16280 S 176.2 18.2   6:23.09 java
 1516 kabasel+  20   0 3521428 723624  16280 S 148.5 18.2   6:24.59 java
 1516 kabasel+  20   0 3521428 724396  16280 S 144.6 18.2   6:26.05 java
 1516 kabasel+  20   0 3521428 728388  16280 S 114.7 18.3   6:27.22 java
 1516 kabasel+  20   0 3521428 731704  16280 S 234.7 18.4   6:29.59 java
 1516 kabasel+  20   0 3521428 731860  16280 S 144.1 18.4   6:31.06 java
 1516 kabasel+  20   0 3521428 731980  16280 S 183.2 18.4   6:32.91 java
 1516 kabasel+  20   0 3521428 731940  16280 S 116.8 18.4   6:34.09 java
 1516 kabasel+  20   0 3521428 731940  16280 S 144.1 18.4   6:35.56 java
 1516 kabasel+  20   0 3521428 731940  16280 S 108.9 18.4   6:36.66 java
 1516 kabasel+  20   0 3521428 731940  16280 S 104.0 18.4   6:37.71 java
 1516 kabasel+  20   0 3521428 731940  16280 S 142.6 18.4   6:39.15 java
 1516 kabasel+  20   0 3521428 731940  16280 S 128.7 18.4   6:40.45 java
 1516 kabasel+  20   0 3521428 731940  16280 S 114.9 18.4   6:41.61 java
 1516 kabasel+  20   0 3521428 731940  16280 S 123.5 18.4   6:42.87 java
 1516 kabasel+  20   0 3521428 731940  16280 S 119.8 18.4   6:44.08 java
 1516 kabasel+  20   0 3521428 731940  16280 S 134.7 18.4   6:45.44 java
 1516 kabasel+  20   0 3521428 731940  16280 S 121.8 18.4   6:46.67 java
 1516 kabasel+  20   0 3521428 731940  16280 S 126.7 18.4   6:47.95 java
 1516 kabasel+  20   0 3521428 731940  16280 S 158.8 18.4   6:49.57 java
 1516 kabasel+  20   0 3521428 733336  16280 S 205.0 18.4   6:51.64 java
 1516 kabasel+  20   0 3521428 732316  16280 S 130.7 18.4   6:52.96 java
 1516 kabasel+  20   0 3521428 732316  16280 S 128.7 18.4   6:54.26 java
 1516 kabasel+  20   0 3521428 732316  16280 S 107.9 18.4   6:55.35 java
 1516 kabasel+  20   0 3521428 734664  16280 S 125.5 18.5   6:56.63 java
 1516 kabasel+  20   0 3521428 741112  16280 S 125.7 18.6   6:57.90 java
 1516 kabasel+  20   0 3521428 744476  16280 S 138.6 18.7   6:59.30 java
 1516 kabasel+  20   0 3521428 745768  16280 S 106.9 18.7   7:00.38 java
 1516 kabasel+  20   0 3521428 748924  16280 S 137.6 18.8   7:01.77 java
 1516 kabasel+  20   0 3521428 754644  16280 S 104.9 19.0   7:02.84 java
 1516 kabasel+  20   0 3521428 755948  16280 S 125.7 19.0   7:04.11 java
 1516 kabasel+  20   0 3521428 759300  16280 S 133.7 19.1   7:05.46 java
 1516 kabasel+  20   0 3521428 762160  16280 S 116.8 19.1   7:06.64 java
 1516 kabasel+  20   0 3521428 763744  16280 S 181.2 19.2   7:08.47 java
 1516 kabasel+  20   0 3521428 772660  16280 S 143.1 19.4   7:09.93 java
 1516 kabasel+  20   0 3521428 775268  16280 S 127.7 19.5   7:11.22 java
 1516 kabasel+  20   0 3521428 779864  16280 S 141.6 19.6   7:12.65 java
 1516 kabasel+  20   0 3521428 783972  16280 S 179.4 19.7   7:14.48 java
 1516 kabasel+  20   0 3521428 792044  16280 S 115.8 19.9   7:15.65 java
 1516 kabasel+  20   0 3521428 795480  16280 S 258.4 20.0   7:18.26 java
 1516 kabasel+  20   0 3521428 796124  16280 S 119.8 20.0   7:19.47 java
 1516 kabasel+  20   0 3521428 796124  16280 S 137.3 20.0   7:20.87 java
 1516 kabasel+  20   0 3521428 796124  16280 S 127.7 20.0   7:22.16 java
 1516 kabasel+  20   0 3521428 796124  16280 S 109.9 20.0   7:23.27 java
 1516 kabasel+  20   0 3521428 796124  16280 S 124.5 20.0   7:24.54 java
 1516 kabasel+  20   0 3521428 796124  16280 S 173.3 20.0   7:26.29 java
 1516 kabasel+  20   0 3521428 797060  16280 S 129.7 20.0   7:27.60 java
 1516 kabasel+  20   0 3521428 796052  16280 S 105.9 20.0   7:28.67 java
 1516 kabasel+  20   0 3521428 796052  16280 S 106.9 20.0   7:29.75 java
 1516 kabasel+  20   0 3521428 796052  16280 S 140.2 20.0   7:31.18 java
 1516 kabasel+  20   0 3521428 796052  16280 S 182.2 20.0   7:33.02 java
 1516 kabasel+  20   0 3521428 796052  16280 S 119.8 20.0   7:34.23 java
 1516 kabasel+  20   0 3521428 796052  16280 S 105.0 20.0   7:35.29 java
 1516 kabasel+  20   0 3521428 796052  16280 S 183.2 20.0   7:37.14 java
 1516 kabasel+  20   0 3521428 796052  16280 S 103.9 20.0   7:38.20 java
 1516 kabasel+  20   0 3521428 796052  16280 S 116.8 20.0   7:39.38 java
 1516 kabasel+  20   0 3521428 796052  16280 S 115.8 20.0   7:40.55 java
 1516 kabasel+  20   0 3521428 796052  16280 S 161.4 20.0   7:42.18 java
 1516 kabasel+  20   0 3521428 796052  16280 S 103.9 20.0   7:43.24 java
 1516 kabasel+  20   0 3521428 796052  16280 S 109.9 20.0   7:44.35 java
 1516 kabasel+  20   0 3521428 796052  16280 S 128.7 20.0   7:45.65 java
 1516 kabasel+  20   0 3521428 796052  16280 S 115.8 20.0   7:46.82 java
 1516 kabasel+  20   0 3521428 796052  16280 S 117.8 20.0   7:48.01 java
 1516 kabasel+  20   0 3521428 796052  16280 S 149.0 20.0   7:49.53 java
 1516 kabasel+  20   0 3521428 796052  16280 S 116.8 20.0   7:50.71 java
 1516 kabasel+  20   0 3521428 796052  16280 S 123.8 20.0   7:51.96 java
 1516 kabasel+  20   0 3521428 796052  16280 S 167.3 20.0   7:53.65 java
 1516 kabasel+  20   0 3521428 796052  16280 S 109.9 20.0   7:54.76 java
 1516 kabasel+  20   0 3521428 796052  16280 S 160.4 20.0   7:56.38 java
 1516 kabasel+  20   0 3521428 796052  16280 S 149.0 20.0   7:57.90 java
 1516 kabasel+  20   0 3521428 796052  16280 S 133.7 20.0   7:59.25 java
 1516 kabasel+  20   0 3521428 797092  16280 S 148.5 20.0   8:00.75 java
 1516 kabasel+  20   0 3521428 796580  16280 S 108.9 20.0   8:01.85 java
 1516 kabasel+  20   0 3521428 796580  16280 S 168.3 20.0   8:03.55 java
 1516 kabasel+  20   0 3521428 802844  16280 S 131.4 20.2   8:04.89 java
 1516 kabasel+  20   0 3521428 807644  16280 S 114.9 20.3   8:06.05 java
 1516 kabasel+  20   0 3521428 808692  16280 S 126.7 20.3   8:07.33 java
 1516 kabasel+  20   0 3521428 813108  16280 S 117.8 20.4   8:08.52 java
 1516 kabasel+  20   0 3521428 814160  16280 S 127.7 20.5   8:09.81 java
 1516 kabasel+  20   0 3521428 821792  16280 S 217.8 20.6   8:12.01 java
 1516 kabasel+  20   0 3521428 822240  16280 S 295.0 20.7   8:14.99 java
 1516 kabasel+  20   0 3521428 822020  16280 S 122.5 20.6   8:16.24 java
 1516 kabasel+  20   0 3521428 822020  16280 S 110.9 20.6   8:17.36 java
 1516 kabasel+  20   0 3521428 822020  16280 S 120.8 20.6   8:18.58 java
 1516 kabasel+  20   0 3521428 822020  16280 S 113.9 20.6   8:19.73 java
 1516 kabasel+  20   0 3521428 822020  16280 S 118.8 20.6   8:20.93 java
 1516 kabasel+  20   0 3521428 822020  16280 S 105.9 20.6   8:22.00 java
 1516 kabasel+  20   0 3521428 822020  16280 S 125.5 20.6   8:23.28 java
 1516 kabasel+  20   0 3521428 822020  16280 S 155.4 20.6   8:24.85 java
 1516 kabasel+  20   0 3521428 822020  16280 S 108.9 20.6   8:25.95 java
 1516 kabasel+  20   0 3521428 822020  16280 S 198.0 20.6   8:27.95 java
 1516 kabasel+  20   0 3521428 822020  16280 S 155.4 20.6   8:29.52 java
 1516 kabasel+  20   0 3521428 822020  16280 S 115.8 20.6   8:30.69 java
 1516 kabasel+  20   0 3521428 822020  16280 S 153.9 20.6   8:32.26 java
 1516 kabasel+  20   0 3521428 822020  16280 S 110.9 20.6   8:33.38 java
 1516 kabasel+  20   0 3521428 822020  16280 S 109.9 20.6   8:34.49 java
 1516 kabasel+  20   0 3521428 822020  16280 S 118.8 20.6   8:35.69 java
 1516 kabasel+  20   0 3521428 822020  16280 S 107.8 20.6   8:36.79 java
 1516 kabasel+  20   0 3521428 822020  16280 S 135.6 20.6   8:38.16 java
 1516 kabasel+  20   0 3521428 822020  16280 S 126.5 20.6   8:39.45 java
 1516 kabasel+  20   0 3521428 822020  16280 S 123.8 20.6   8:40.70 java
 1516 kabasel+  20   0 3521428 822020  16280 S 106.9 20.6   8:41.79 java
 1516 kabasel+  20   0 3521428 822020  16280 S 114.9 20.6   8:42.95 java
 1516 kabasel+  20   0 3521428 822020  16280 S 107.9 20.6   8:44.04 java
 1516 kabasel+  20   0 3521428 822628  16280 S 105.0 20.7   8:45.10 java
 1516 kabasel+  20   0 3521428 824676  16280 S 110.9 20.7   8:46.22 java
 1516 kabasel+  20   0 3521428 825988  16280 S 111.8 20.7   8:47.36 java
 1516 kabasel+  20   0 3521428 826772  16280 S 106.9 20.8   8:48.44 java
 1516 kabasel+  20   0 3521428 829132  16280 S 107.9 20.8   8:49.53 java
 1516 kabasel+  20   0 3521428 831436  16280 S 106.9 20.9   8:50.61 java
 1516 kabasel+  20   0 3521428 834812  16280 S 106.9 21.0   8:51.69 java
 1516 kabasel+  20   0 3521428 836896  16280 S 108.9 21.0   8:52.79 java
 1516 kabasel+  20   0 3521428 837928  16280 S 109.9 21.0   8:53.90 java
 1516 kabasel+  20   0 3521428 838964  16280 S 107.8 21.1   8:55.00 java
 1516 kabasel+  20   0 3521428 839968  16280 S 107.9 21.1   8:56.09 java
 1516 kabasel+  20   0 3521428 841780  16280 S 111.9 21.1   8:57.22 java
 1516 kabasel+  20   0 3521428 843600  16280 S 109.9 21.2   8:58.33 java
 1516 kabasel+  20   0 3521428 844896  16280 S 106.9 21.2   8:59.41 java
 1516 kabasel+  20   0 3521428 845952  16280 S 104.0 21.2   9:00.46 java
 1516 kabasel+  20   0 3521428 847260  16280 S 109.9 21.3   9:01.57 java
 1516 kabasel+  20   0 3521428 848040  16280 S 109.9 21.3   9:02.68 java
 1516 kabasel+  20   0 3521428 850080  16280 S 106.9 21.4   9:03.77 java
 1516 kabasel+  20   0 3521428 852396  16280 S 108.9 21.4   9:04.87 java
 1516 kabasel+  20   0 3521428 853692  16280 S 108.9 21.4   9:05.97 java
 1516 kabasel+  20   0 3521428 854988  16280 S 109.9 21.5   9:07.08 java
 1516 kabasel+  20   0 3521428 856036  16280 S 108.9 21.5   9:08.18 java
 1516 kabasel+  20   0 3521428 856820  16280 S 107.9 21.5   9:09.27 java
 1516 kabasel+  20   0 3521428 857612  16280 S 111.8 21.5   9:10.41 java
 1516 kabasel+  20   0 3521428 858640  16280 S 105.9 21.6   9:11.48 java
 1516 kabasel+  20   0 3521428 859680  16280 S 106.9 21.6   9:12.56 java
 1516 kabasel+  20   0 3521428 862796  16280 S 105.9 21.7   9:13.64 java
 1516 kabasel+  20   0 3521428 866168  16280 S 108.9 21.8   9:14.74 java
 1516 kabasel+  20   0 3521428 869548  16280 S 111.9 21.8   9:15.87 java
 1516 kabasel+  20   0 3521428 872400  16280 S 107.9 21.9   9:16.96 java
 1516 kabasel+  20   0 3521428 874208  16280 S 108.8 22.0   9:18.07 java
 1516 kabasel+  20   0 3521428 877344  16280 S 106.9 22.0   9:19.15 java
 1516 kabasel+  20   0 3521428 880492  16280 S 105.0 22.1   9:20.21 java
 1516 kabasel+  20   0 3521428 882948  16280 S 104.9 22.2   9:21.28 java
 1516 kabasel+  20   0 3521428 885484  16280 S 106.9 22.2   9:22.36 java
 1516 kabasel+  20   0 3521428 886900  16280 S 105.0 22.3   9:23.42 java
 1516 kabasel+  20   0 3521428 888964  16280 S 107.9 22.3   9:24.51 java
 1516 kabasel+  20   0 3521428 890792  16280 S 104.0 22.4   9:25.56 java
 1516 kabasel+  20   0 3521428 891832  16280 S 102.0 22.4   9:26.60 java
 1516 kabasel+  20   0 3521428 886516  16280 S 318.8 22.3   9:29.82 java
 1516 kabasel+  20   0 3521428 886760  16280 S 105.0 22.3   9:30.88 java
 1516 kabasel+  20   0 3521428 886980  16280 S 104.0 22.3   9:31.93 java
 1516 kabasel+  20   0 3521428 886980  16280 S 104.9 22.3   9:33.00 java
 1516 kabasel+  20   0 3521428 886892  16280 S 107.9 22.3   9:34.09 java
 1516 kabasel+  20   0 3521428 886892  16280 S 106.9 22.3   9:35.17 java
 1516 kabasel+  20   0 3521428 886380  16280 S 105.0 22.3   9:36.23 java
 1516 kabasel+  20   0 3521428 886380  16280 S 103.0 22.3   9:37.27 java
 1516 kabasel+  20   0 3521428 886380  16280 S 106.9 22.3   9:38.35 java
 1516 kabasel+  20   0 3521428 886632  16280 S  99.0 22.3   9:39.36 java
 1516 kabasel+  20   0 3521428 886856  16280 S 106.9 22.3   9:40.44 java
 1516 kabasel+  20   0 3521428 886856  16280 S 104.0 22.3   9:41.49 java
 1516 kabasel+  20   0 3521428 886108  16280 S 105.9 22.3   9:42.56 java
 1516 kabasel+  20   0 3521428 886636  16280 S 103.9 22.3   9:43.62 java
 1516 kabasel+  20   0 3521428 886636  16280 S 105.9 22.3   9:44.69 java
 1516 kabasel+  20   0 3521428 886636  16280 S 105.0 22.3   9:45.75 java
 1516 kabasel+  20   0 3521428 886636  16280 S 107.9 22.3   9:46.84 java
 1516 kabasel+  20   0 3521428 886636  16280 S 102.9 22.3   9:47.89 java
 1516 kabasel+  20   0 3521428 886900  16280 S 107.9 22.3   9:48.98 java
 1516 kabasel+  20   0 3521428 886900  16280 S 104.0 22.3   9:50.03 java
 1516 kabasel+  20   0 3521428 886900  16280 S 105.9 22.3   9:51.10 java
 1516 kabasel+  20   0 3521428 886900  16280 S 104.0 22.3   9:52.15 java
 1516 kabasel+  20   0 3521428 886900  16280 S 102.0 22.3   9:53.19 java
 1516 kabasel+  20   0 3521428 887164  16280 S 105.9 22.3   9:54.26 java
 1516 kabasel+  20   0 3521428 887164  16280 S 105.0 22.3   9:55.32 java
 1516 kabasel+  20   0 3521428 887164  16280 S 108.9 22.3   9:56.42 java
 1516 kabasel+  20   0 3521428 887164  16280 S 105.0 22.3   9:57.48 java
 1516 kabasel+  20   0 3521428 887164  16280 S 106.9 22.3   9:58.56 java
 1516 kabasel+  20   0 3521428 887164  16280 S 103.9 22.3   9:59.62 java
 1516 kabasel+  20   0 3521428 887164  16280 S 105.9 22.3  10:00.69 java
 1516 kabasel+  20   0 3521428 887164  16280 S 103.0 22.3  10:01.73 java
 1516 kabasel+  20   0 3521428 887164  16280 S 105.0 22.3  10:02.79 java
 1516 kabasel+  20   0 3521428 887164  16280 S 104.0 22.3  10:03.84 java
 1516 kabasel+  20   0 3521428 887164  16280 S 107.9 22.3  10:04.93 java
 1516 kabasel+  20   0 3521428 887164  16280 S 105.9 22.3  10:06.01 java
 1516 kabasel+  20   0 3521428 887164  16280 S 105.0 22.3  10:07.07 java
 1516 kabasel+  20   0 3521428 887164  16280 S 105.0 22.3  10:08.13 java
 1516 kabasel+  20   0 3521428 887164  16280 S 104.0 22.3  10:09.18 java
 1516 kabasel+  20   0 3521428 886452  16280 S 104.0 22.3  10:10.23 java
 1516 kabasel+  20   0 3521428 886980  16280 S 103.9 22.3  10:11.29 java
 1516 kabasel+  20   0 3521428 886980  16280 S 107.9 22.3  10:12.38 java
 1516 kabasel+  20   0 3521428 886980  16280 S 104.0 22.3  10:13.43 java
 1516 kabasel+  20   0 3521428 886980  16280 S 105.0 22.3  10:14.49 java
 1516 kabasel+  20   0 3521428 886980  16280 S 103.9 22.3  10:15.55 java
 1516 kabasel+  20   0 3521428 886980  16280 S 105.0 22.3  10:16.61 java
 1516 kabasel+  20   0 3521428 886980  16280 S 103.0 22.3  10:17.65 java
 1516 kabasel+  20   0 3521428 886980  16280 S 104.0 22.3  10:18.70 java
 1516 kabasel+  20   0 3521428 886980  16280 S 105.9 22.3  10:19.77 java
 1516 kabasel+  20   0 3521428 886980  16280 S 103.9 22.3  10:20.83 java
 1516 kabasel+  20   0 3521428 886980  16280 S 104.0 22.3  10:21.88 java
 1516 kabasel+  20   0 3521428 886980  16280 S 105.9 22.3  10:22.95 java
 1516 kabasel+  20   0 3521428 886980  16280 S 105.0 22.3  10:24.01 java
 1516 kabasel+  20   0 3521428 887244  16280 S 104.0 22.3  10:25.06 java
 1516 kabasel+  20   0 3521428 887244  16280 S 105.0 22.3  10:26.12 java
 1516 kabasel+  20   0 3521428 887244  16280 S 107.8 22.3  10:27.22 java
 1516 kabasel+  20   0 3521428 887104  16280 S 104.0 22.3  10:28.27 java
 1516 kabasel+  20   0 3521428 887104  16280 S 104.0 22.3  10:29.32 java
 1516 kabasel+  20   0 3521428 887104  16280 S 105.9 22.3  10:30.39 java
 1516 kabasel+  20   0 3521428 886592  16280 S 102.0 22.3  10:31.43 java
 1516 kabasel+  20   0 3521428 886592  16280 S 104.0 22.3  10:32.48 java
 1516 kabasel+  20   0 3521428 886856  16280 S 104.0 22.3  10:33.53 java
 1516 kabasel+  20   0 3521428 886856  16280 S 102.0 22.3  10:34.56 java
 1516 kabasel+  20   0 3521428 886856  16280 S 104.0 22.3  10:35.61 java
 1516 kabasel+  20   0 3521428 886856  16280 S 105.0 22.3  10:36.67 java
 1516 kabasel+  20   0 3521428 886856  16280 S 105.9 22.3  10:37.74 java
 1516 kabasel+  20   0 3521428 886856  16280 S 103.9 22.3  10:38.80 java
 1516 kabasel+  20   0 3521428 886856  16280 S 104.0 22.3  10:39.85 java
 1516 kabasel+  20   0 3521428 886268  16280 S 104.0 22.3  10:40.90 java
 1516 kabasel+  20   0 3521428 886268  16280 S 105.9 22.3  10:41.97 java
 1516 kabasel+  20   0 3521428 886796  16280 S 103.0 22.3  10:43.01 java
 1516 kabasel+  20   0 3521428 886796  16280 S 105.9 22.3  10:44.09 java
 1516 kabasel+  20   0 3521428 887324  16280 S 104.0 22.3  10:45.14 java
 1516 kabasel+  20   0 3521428 887324  16280 S 197.0 22.3  10:47.13 java
 1516 kabasel+  20   0 3521428 806112  16280 S 119.6 20.2  10:48.35 java
 1516 kabasel+  20   0 3521428 806112  16280 S 105.0 20.2  10:49.41 java
 1516 kabasel+  20   0 3521428 805268  16280 S 103.9 20.2  10:50.47 java
 1516 kabasel+  20   0 3521428 805268  16280 S 104.0 20.2  10:51.52 java
 1516 kabasel+  20   0 3521428 805268  16280 S 105.9 20.2  10:52.59 java
 1516 kabasel+  20   0 3521428 805268  16280 S 106.9 20.2  10:53.67 java
 1516 kabasel+  20   0 3521428 805268  16280 S 102.9 20.2  10:54.72 java
 1516 kabasel+  20   0 3521428 805268  16280 S 105.9 20.2  10:55.79 java
 1516 kabasel+  20   0 3521428 805268  16280 S 104.0 20.2  10:56.84 java
 1516 kabasel+  20   0 3521428 805796  16280 S 104.0 20.2  10:57.89 java
 1516 kabasel+  20   0 3521428 805796  16280 S 106.9 20.2  10:58.97 java
 1516 kabasel+  20   0 3521428 805796  16280 S 102.9 20.2  11:00.02 java
 1516 kabasel+  20   0 3521428 805796  16280 S 105.0 20.2  11:01.08 java
 1516 kabasel+  20   0 3521428 805796  16280 S 107.9 20.2  11:02.17 java
 1516 kabasel+  20   0 3521428 806060  16280 S 104.0 20.2  11:03.22 java
 1516 kabasel+  20   0 3521428 806060  16280 S 104.0 20.2  11:04.27 java
 1516 kabasel+  20   0 3521428 806060  16280 S 106.9 20.2  11:05.35 java
 1516 kabasel+  20   0 3521428 806060  16280 S 106.9 20.2  11:06.43 java
 1516 kabasel+  20   0 3521428 806060  16280 S 103.9 20.2  11:07.49 java
 1516 kabasel+  20   0 3521428 806060  16280 S 108.9 20.2  11:08.59 java
 1516 kabasel+  20   0 3521428 806060  16280 S 105.0 20.2  11:09.65 java
 1516 kabasel+  20   0 3521428 806060  16280 S 103.0 20.2  11:10.69 java
 1516 kabasel+  20   0 3521428 806060  16280 S 102.0 20.2  11:11.73 java
 1516 kabasel+  20   0 3521428 806060  16280 S 106.9 20.2  11:12.81 java
 1516 kabasel+  20   0 3521428 805520  16280 S 104.0 20.2  11:13.86 java
 1516 kabasel+  20   0 3521428 805520  16280 S 103.0 20.2  11:14.90 java
 1516 kabasel+  20   0 3521428 805520  16280 S 103.0 20.2  11:15.94 java
 1516 kabasel+  20   0 3521428 805520  16280 S 104.9 20.2  11:17.01 java
 1516 kabasel+  20   0 3521428 805520  16280 S 105.9 20.2  11:18.08 java
 1516 kabasel+  20   0 3521428 805520  16280 S 104.0 20.2  11:19.13 java
 1516 kabasel+  20   0 3521428 806312  16280 S 106.9 20.3  11:20.21 java
 1516 kabasel+  20   0 3521428 806312  16280 S 103.0 20.3  11:21.25 java
 1516 kabasel+  20   0 3521428 806312  16280 S 106.9 20.3  11:22.34 java
 1516 kabasel+  20   0 3521428 806312  16280 S 104.0 20.3  11:23.39 java
 1516 kabasel+  20   0 3521428 806312  16280 S 103.0 20.3  11:24.43 java
 1516 kabasel+  20   0 3521428 805416  16280 S 103.0 20.2  11:25.47 java
 1516 kabasel+  20   0 3521428 805944  16280 S 103.0 20.2  11:26.51 java
 1516 kabasel+  20   0 3521428 805944  16280 S 102.0 20.2  11:27.54 java
 1516 kabasel+  20   0 3521428 805944  16280 S 102.9 20.2  11:28.59 java
 1516 kabasel+  20   0 3521428 805944  16280 S 102.0 20.2  11:29.62 java
 1516 kabasel+  20   0 3521428 805944  16280 S 105.0 20.2  11:30.68 java
 1516 kabasel+  20   0 3521428 805944  16280 S 105.0 20.2  11:31.74 java
 1516 kabasel+  20   0 3521428 805944  16280 S 102.0 20.2  11:32.77 java
 1516 kabasel+  20   0 3521428 805944  16280 S 102.0 20.2  11:33.80 java
 1516 kabasel+  20   0 3521428 805944  16280 S 102.9 20.2  11:34.85 java
 1516 kabasel+  20   0 3521428 805944  16280 S 105.0 20.2  11:35.91 java
 1516 kabasel+  20   0 3521428 805944  16280 S 102.0 20.2  11:36.94 java
 1516 kabasel+  20   0 3521428 805944  16280 S 103.0 20.2  11:37.98 java
 1516 kabasel+  20   0 3521428 805944  16280 S 102.0 20.2  11:39.01 java
 1516 kabasel+  20   0 3521428 805944  16280 S 108.8 20.2  11:40.12 java
 1516 kabasel+  20   0 3521428 805944  16280 S 104.0 20.2  11:41.17 java
 1516 kabasel+  20   0 3521428 805944  16280 S 104.0 20.2  11:42.22 java
 1516 kabasel+  20   0 3521428 805944  16280 S 103.9 20.2  11:43.28 java
 1516 kabasel+  20   0 3521428 805944  16280 S 105.9 20.2  11:44.35 java
 1516 kabasel+  20   0 3521428 805424  16280 S 109.9 20.2  11:45.46 java
 1516 kabasel+  20   0 3521428 805688  16280 S 103.9 20.2  11:46.52 java
 1516 kabasel+  20   0 3521428 805688  16280 S 104.0 20.2  11:47.57 java
 1516 kabasel+  20   0 3521428 805688  16280 S 105.9 20.2  11:48.64 java
 1516 kabasel+  20   0 3521428 805688  16280 S 104.0 20.2  11:49.69 java
 1516 kabasel+  20   0 3521428 805688  16280 S 103.0 20.2  11:50.73 java
 1516 kabasel+  20   0 3521428 805688  16280 S 103.9 20.2  11:51.79 java
 1516 kabasel+  20   0 3521428 805688  16280 S 104.0 20.2  11:52.84 java
 1516 kabasel+  20   0 3521428 805304  16280 S 106.9 20.2  11:53.92 java
 1516 kabasel+  20   0 3521428 805304  16280 S 103.0 20.2  11:54.96 java
 1516 kabasel+  20   0 3521428 805832  16280 S 105.9 20.2  11:56.03 java
 1516 kabasel+  20   0 3521428 805832  16280 S 104.0 20.2  11:57.08 java
 1516 kabasel+  20   0 3521428 805832  16280 S 105.0 20.2  11:58.14 java
 1516 kabasel+  20   0 3521428 805832  16280 S 102.9 20.2  11:59.19 java
 1516 kabasel+  20   0 3521428 805832  16280 S 105.0 20.2  12:00.25 java
 1516 kabasel+  20   0 3521428 805832  16280 S 104.0 20.2  12:01.30 java
 1516 kabasel+  20   0 3521428 805832  16280 S 103.9 20.2  12:02.36 java
 1516 kabasel+  20   0 3521428 805444  16280 S 106.9 20.2  12:03.44 java
 1516 kabasel+  20   0 3521428 805972  16280 S 105.0 20.2  12:04.50 java
 1516 kabasel+  20   0 3521428 805972  16280 S 105.9 20.2  12:05.57 java
 1516 kabasel+  20   0 3521428 805324  16280 S 103.0 20.2  12:06.61 java
 1516 kabasel+  20   0 3521428 806116  16280 S 104.9 20.2  12:07.68 java
 1516 kabasel+  20   0 3521428 805416  16280 S 197.0 20.2  12:09.67 java
 1516 kabasel+  20   0 3521428 772008  16280 S 104.0 19.4  12:10.72 java
 1516 kabasel+  20   0 3521428 772008  16280 S 106.9 19.4  12:11.81 java
 1516 kabasel+  20   0 3521428 772008  16280 S 102.0 19.4  12:12.85 java
 1516 kabasel+  20   0 3521428 772008  16280 S 107.9 19.4  12:13.94 java
 1516 kabasel+  20   0 3521428 772008  16280 S 105.9 19.4  12:15.01 java
 1516 kabasel+  20   0 3521428 772008  16280 S 105.9 19.4  12:16.08 java
 1516 kabasel+  20   0 3521428 772008  16280 S 104.9 19.4  12:17.15 java
 1516 kabasel+  20   0 3521428 772272  16280 S 105.9 19.4  12:18.22 java
 1516 kabasel+  20   0 3521428 772272  16280 S 103.0 19.4  12:19.26 java
 1516 kabasel+  20   0 3521428 772800  16280 S 106.9 19.4  12:20.34 java
 1516 kabasel+  20   0 3521428 772800  16280 S 102.9 19.4  12:21.39 java
 1516 kabasel+  20   0 3521428 772800  16280 S 104.0 19.4  12:22.44 java
 1516 kabasel+  20   0 3521428 772800  16280 S 105.0 19.4  12:23.50 java
 1516 kabasel+  20   0 3521428 772800  16280 S 107.9 19.4  12:24.59 java
 1516 kabasel+  20   0 3521428 772800  16280 S 105.9 19.4  12:25.66 java
 1516 kabasel+  20   0 3521428 772800  16280 S 102.0 19.4  12:26.70 java
 1516 kabasel+  20   0 3521428 772800  16280 S 104.0 19.4  12:27.75 java
 1516 kabasel+  20   0 3521428 773048  16280 S 105.9 19.4  12:28.82 java
 1516 kabasel+  20   0 3521428 773048  16280 S 105.9 19.4  12:29.89 java
 1516 kabasel+  20   0 3521428 773048  16280 S 104.0 19.4  12:30.94 java
 1516 kabasel+  20   0 3521428 772220  16280 S 105.0 19.4  12:32.00 java
 1516 kabasel+  20   0 3521428 772220  16280 S 105.9 19.4  12:33.08 java
 1516 kabasel+  20   0 3521428 772220  16280 S 107.9 19.4  12:34.17 java
 1516 kabasel+  20   0 3521428 772220  16280 S 105.9 19.4  12:35.24 java
 1516 kabasel+  20   0 3521428 772220  16280 S 105.9 19.4  12:36.31 java
 1516 kabasel+  20   0 3521428 772220  16280 S 102.9 19.4  12:37.36 java
 1516 kabasel+  20   0 3521428 772220  16280 S 105.0 19.4  12:38.42 java
 1516 kabasel+  20   0 3521428 772220  16280 S 105.9 19.4  12:39.49 java
 1516 kabasel+  20   0 3521428 772220  16280 S 103.0 19.4  12:40.53 java
 1516 kabasel+  20   0 3521428 772220  16280 S 107.9 19.4  12:41.62 java
 1516 kabasel+  20   0 3521428 773012  16280 S 102.0 19.4  12:42.66 java
 1516 kabasel+  20   0 3521428 773012  16280 S 107.9 19.4  12:43.75 java
 1516 kabasel+  20   0 3521428 773012  16280 S 106.9 19.4  12:44.83 java
 1516 kabasel+  20   0 3521428 773012  16280 S 102.0 19.4  12:45.86 java
 1516 kabasel+  20   0 3521428 773012  16280 S 102.9 19.4  12:46.91 java
 1516 kabasel+  20   0 3521428 773012  16280 S 103.0 19.4  12:47.95 java
 1516 kabasel+  20   0 3521428 773012  16280 S 104.0 19.4  12:49.00 java
 1516 kabasel+  20   0 3521428 773012  16280 S 101.0 19.4  12:50.03 java
 1516 kabasel+  20   0 3521428 773012  16280 S 105.0 19.4  12:51.09 java
 1516 kabasel+  20   0 3521428 773012  16280 S 102.0 19.4  12:52.12 java
 1516 kabasel+  20   0 3521428 772296  16280 S 103.9 19.4  12:53.18 java
 1516 kabasel+  20   0 3521428 772296  16280 S 104.0 19.4  12:54.23 java
 1516 kabasel+  20   0 3521428 772296  16280 S 107.9 19.4  12:55.32 java
 1516 kabasel+  20   0 3521428 772296  16280 S 105.9 19.4  12:56.39 java
 1516 kabasel+  20   0 3521428 772296  16280 S 101.0 19.4  12:57.41 java
 1516 kabasel+  20   0 3521428 772296  16280 S 104.0 19.4  12:58.46 java
 1516 kabasel+  20   0 3521428 772296  16280 S 105.9 19.4  12:59.54 java
 1516 kabasel+  20   0 3521428 772296  16280 S 105.9 19.4  13:00.61 java
 1516 kabasel+  20   0 3521428 772296  16280 S 106.9 19.4  13:01.69 java
 1516 kabasel+  20   0 3521428 772296  16280 S 104.0 19.4  13:02.74 java
 1516 kabasel+  20   0 3521428 772296  16280 S 102.9 19.4  13:03.79 java
 1516 kabasel+  20   0 3521428 772228  16280 S 105.0 19.4  13:04.85 java
 1516 kabasel+  20   0 3521428 772228  16280 S 104.0 19.4  13:05.90 java
 1516 kabasel+  20   0 3521428 772228  16280 S 104.0 19.4  13:06.95 java
 1516 kabasel+  20   0 3521428 772492  16280 S 105.9 19.4  13:08.02 java
 1516 kabasel+  20   0 3521428 772492  16280 S 103.9 19.4  13:09.08 java
 1516 kabasel+  20   0 3521428 772492  16280 S 103.0 19.4  13:10.12 java
 1516 kabasel+  20   0 3521428 772492  16280 S 105.0 19.4  13:11.18 java
 1516 kabasel+  20   0 3521428 772492  16280 S 103.0 19.4  13:12.22 java
 1516 kabasel+  20   0 3521428 772492  16280 S 109.8 19.4  13:13.34 java
 1516 kabasel+  20   0 3521428 772492  16280 S 105.0 19.4  13:14.40 java
 1516 kabasel+  20   0 3521428 772492  16280 S 102.0 19.4  13:15.43 java
 1516 kabasel+  20   0 3521428 771976  16280 S 103.0 19.4  13:16.47 java
 1516 kabasel+  20   0 3521428 772504  16280 S 105.9 19.4  13:17.54 java
 1516 kabasel+  20   0 3521428 772504  16280 S 106.9 19.4  13:18.63 java
 1516 kabasel+  20   0 3521428 772504  16280 S 103.0 19.4  13:19.67 java
 1516 kabasel+  20   0 3521428 772504  16280 S 105.0 19.4  13:20.73 java
 1516 kabasel+  20   0 3521428 772504  16280 S 105.0 19.4  13:21.79 java
 1516 kabasel+  20   0 3521428 772504  16280 S 102.0 19.4  13:22.83 java
 1516 kabasel+  20   0 3521428 772504  16280 S 108.9 19.4  13:23.93 java
 1516 kabasel+  20   0 3521428 772504  16280 S 106.9 19.4  13:25.01 java
 1516 kabasel+  20   0 3521428 773032  16280 S 104.0 19.4  13:26.06 java
 1516 kabasel+  20   0 3521428 773032  16280 S 104.0 19.4  13:27.11 java
 1516 kabasel+  20   0 3521428 773032  16280 S 105.9 19.4  13:28.19 java
 1516 kabasel+  20   0 3521428 773032  16280 S 106.9 19.4  13:29.27 java
 1516 kabasel+  20   0 3521428 773032  16280 S 104.0 19.4  13:30.32 java
 1516 kabasel+  20   0 3521428 773032  16280 S 108.9 19.4  13:31.42 java
 1516 kabasel+  20   0 3521428 773032  16280 S 104.9 19.4  13:32.49 java
 1516 kabasel+  20   0 3521428 773032  16280 S 105.9 19.4  13:33.56 java
 1516 kabasel+  20   0 3521428 773032  16280 S 105.9 19.4  13:34.63 java
 1516 kabasel+  20   0 3521428 773032  16280 S 105.0 19.4  13:35.69 java
 1516 kabasel+  20   0 3521428 773032  16280 S 106.9 19.4  13:36.78 java
 1516 kabasel+  20   0 3521428 740648  16280 S 225.7 18.6  13:39.06 java
 1516 kabasel+  20   0 3521428 739692  16280 S 105.0 18.6  13:40.12 java
 1516 kabasel+  20   0 3521428 739692  16280 S 103.0 18.6  13:41.16 java
 1516 kabasel+  20   0 3521428 739692  16280 S 103.0 18.6  13:42.20 java
 1516 kabasel+  20   0 3521428 739692  16280 S 105.9 18.6  13:43.27 java
 1516 kabasel+  20   0 3521428 739692  16280 S 104.9 18.6  13:44.34 java
 1516 kabasel+  20   0 3521428 739692  16280 S 104.0 18.6  13:45.39 java
 1516 kabasel+  20   0 3521428 739692  16280 S 103.0 18.6  13:46.43 java
 1516 kabasel+  20   0 3521428 739956  16280 S 105.9 18.6  13:47.50 java
 1516 kabasel+  20   0 3521428 739956  16280 S 104.0 18.6  13:48.55 java
 1516 kabasel+  20   0 3521428 740220  16280 S 102.0 18.6  13:49.59 java
 1516 kabasel+  20   0 3521428 740220  16280 S 105.9 18.6  13:50.66 java
 1516 kabasel+  20   0 3521428 740220  16280 S 105.0 18.6  13:51.72 java
 1516 kabasel+  20   0 3521428 740220  16280 S 105.0 18.6  13:52.78 java
 1516 kabasel+  20   0 3521428 740220  16280 S 103.9 18.6  13:53.84 java
 1516 kabasel+  20   0 3521428 740220  16280 S 101.0 18.6  13:54.86 java
 1516 kabasel+  20   0 3521428 740220  16280 S 107.9 18.6  13:55.95 java
 1516 kabasel+  20   0 3521428 740220  16280 S 104.0 18.6  13:57.00 java
 1516 kabasel+  20   0 3521428 739560  16280 S 102.0 18.6  13:58.04 java
 1516 kabasel+  20   0 3521428 739824  16280 S 104.0 18.6  13:59.09 java
 1516 kabasel+  20   0 3521428 740088  16280 S 108.9 18.6  14:00.19 java
 1516 kabasel+  20   0 3521428 740352  16280 S 103.0 18.6  14:01.23 java
 1516 kabasel+  20   0 3521428 740352  16280 S 102.0 18.6  14:02.27 java
 1516 kabasel+  20   0 3521428 740352  16280 S 109.9 18.6  14:03.38 java
 1516 kabasel+  20   0 3521428 740352  16280 S 103.0 18.6  14:04.42 java
 1516 kabasel+  20   0 3521428 740352  16280 S 103.0 18.6  14:05.46 java
 1516 kabasel+  20   0 3521428 740352  16280 S 104.9 18.6  14:06.53 java
 1516 kabasel+  20   0 3521428 739696  16280 S 105.0 18.6  14:07.59 java
 1516 kabasel+  20   0 3521428 740220  16280 S 107.9 18.6  14:08.68 java
 1516 kabasel+  20   0 3521428 740220  16280 S 102.0 18.6  14:09.72 java
 1516 kabasel+  20   0 3521428 740220  16280 S 104.0 18.6  14:10.77 java
 1516 kabasel+  20   0 3521428 740220  16280 S 104.0 18.6  14:11.82 java
 1516 kabasel+  20   0 3521428 739740  16280 S 104.0 18.6  14:12.87 java
 1516 kabasel+  20   0 3521428 740532  16280 S 107.8 18.6  14:13.97 java
 1516 kabasel+  20   0 3521428 740532  16280 S 103.0 18.6  14:15.01 java
 1516 kabasel+  20   0 3521428 739700  16280 S 105.0 18.6  14:16.07 java
 1516 kabasel+  20   0 3521428 739700  16280 S 105.9 18.6  14:17.14 java
 1516 kabasel+  20   0 3521428 739700  16280 S 103.0 18.6  14:18.18 java
 1516 kabasel+  20   0 3521428 740492  16280 S 104.9 18.6  14:19.25 java
 1516 kabasel+  20   0 3521428 740492  16280 S 105.0 18.6  14:20.31 java
 1516 kabasel+  20   0 3521428 740492  16280 S 104.0 18.6  14:21.36 java
 1516 kabasel+  20   0 3521428 740492  16280 S 104.0 18.6  14:22.41 java
 1516 kabasel+  20   0 3521428 739672  16280 S 106.9 18.6  14:23.50 java
 1516 kabasel+  20   0 3521428 739672  16280 S 103.0 18.6  14:24.54 java
 1516 kabasel+  20   0 3521428 739672  16280 S 105.0 18.6  14:25.60 java
 1516 kabasel+  20   0 3521428 739672  16280 S 105.9 18.6  14:26.67 java
 1516 kabasel+  20   0 3521428 739672  16280 S 105.0 18.6  14:27.73 java
 1516 kabasel+  20   0 3521428 739672  16280 S 104.0 18.6  14:28.78 java
 1516 kabasel+  20   0 3521428 739672  16280 S 104.9 18.6  14:29.85 java
 1516 kabasel+  20   0 3521428 739672  16280 S 103.0 18.6  14:30.89 java
 1516 kabasel+  20   0 3521428 739672  16280 S 106.9 18.6  14:31.97 java
 1516 kabasel+  20   0 3521428 739672  16280 S 102.9 18.6  14:33.02 java
 1516 kabasel+  20   0 3521428 739672  16280 S 105.9 18.6  14:34.09 java
 1516 kabasel+  20   0 3521428 739672  16280 S 105.9 18.6  14:35.16 java
 1516 kabasel+  20   0 3521428 739672  16280 S 105.9 18.6  14:36.23 java
 1516 kabasel+  20   0 3521428 739672  16280 S 102.9 18.6  14:37.28 java
 1516 kabasel+  20   0 3521428 739672  16280 S 105.9 18.6  14:38.35 java
 1516 kabasel+  20   0 3521428 739332  16280 S 104.0 18.6  14:39.40 java
 1516 kabasel+  20   0 3521428 740652  16280 S 103.0 18.6  14:40.44 java
 1516 kabasel+  20   0 3521428 740140  16280 S 104.9 18.6  14:41.51 java
 1516 kabasel+  20   0 3521428 740140  16280 S 105.0 18.6  14:42.57 java
 1516 kabasel+  20   0 3521428 740140  16280 S 105.9 18.6  14:43.64 java
 1516 kabasel+  20   0 3521428 740140  16280 S 104.0 18.6  14:44.69 java
 1516 kabasel+  20   0 3521428 740140  16280 S 106.9 18.6  14:45.78 java
 1516 kabasel+  20   0 3521428 740140  16280 S 104.0 18.6  14:46.83 java
 1516 kabasel+  20   0 3521428 740140  16280 S 105.0 18.6  14:47.89 java
 1516 kabasel+  20   0 3521428 740140  16280 S 103.9 18.6  14:48.95 java
 1516 kabasel+  20   0 3521428 740140  16280 S 105.9 18.6  14:50.02 java
 1516 kabasel+  20   0 3521428 740140  16280 S 105.0 18.6  14:51.08 java
 1516 kabasel+  20   0 3521428 740140  16280 S 104.0 18.6  14:52.13 java
 1516 kabasel+  20   0 3521428 740140  16280 S 105.0 18.6  14:53.19 java
 1516 kabasel+  20   0 3521428 740140  16280 S 102.0 18.6  14:54.22 java
 1516 kabasel+  20   0 3521428 740140  16280 S 109.8 18.6  14:55.34 java
 1516 kabasel+  20   0 3521428 739596  16280 S 104.0 18.6  14:56.39 java
 1516 kabasel+  20   0 3521428 739596  16280 S 104.0 18.6  14:57.44 java
 1516 kabasel+  20   0 3521428 739596  16280 S 104.0 18.6  14:58.49 java
 1516 kabasel+  20   0 3521428 739860  16280 S 105.0 18.6  14:59.55 java
 1516 kabasel+  20   0 3521428 739860  16280 S 104.0 18.6  15:00.60 java
 1516 kabasel+  20   0 3521428 739860  16280 S 104.9 18.6  15:01.67 java
 1516 kabasel+  20   0 3521428 740388  16280 S 104.0 18.6  15:02.72 java
 1516 kabasel+  20   0 3521428 740388  16280 S 105.0 18.6  15:03.78 java
 1516 kabasel+  20   0 3521428 740388  16280 S 107.9 18.6  15:04.87 java
 1516 kabasel+  20   0 3521428 658660  16280 S 122.8 16.5  15:06.11 java
 1516 kabasel+  20   0 3521428 658660  16280 S 102.9 16.5  15:07.16 java
 1516 kabasel+  20   0 3521428 658660  16280 S 106.9 16.5  15:08.24 java
 1516 kabasel+  20   0 3521428 658660  16280 S 106.9 16.5  15:09.32 java
 1516 kabasel+  20   0 3521428 658660  16280 S 105.0 16.5  15:10.38 java
 1516 kabasel+  20   0 3521428 658660  16280 S 102.0 16.5  15:11.42 java
 1516 kabasel+  20   0 3521428 658140  16280 S 104.0 16.5  15:12.47 java
 1516 kabasel+  20   0 3521428 658140  16280 S 105.0 16.5  15:13.53 java
 1516 kabasel+  20   0 3521428 658140  16280 S 105.9 16.5  15:14.60 java
 1516 kabasel+  20   0 3521428 658140  16280 S 105.0 16.5  15:15.66 java
 1516 kabasel+  20   0 3521428 658668  16280 S 102.9 16.5  15:16.71 java
 1516 kabasel+  20   0 3521428 658668  16280 S 105.0 16.5  15:17.77 java
 1516 kabasel+  20   0 3521428 658856  16280 S 105.0 16.5  15:18.83 java
 1516 kabasel+  20   0 3521428 658856  16280 S 104.0 16.5  15:19.88 java
 1516 kabasel+  20   0 3521428 658856  16280 S 106.9 16.5  15:20.96 java
 1516 kabasel+  20   0 3521428 658856  16280 S 102.0 16.5  15:22.00 java
 1516 kabasel+  20   0 3521428 658856  16280 S 104.0 16.5  15:23.05 java
 1516 kabasel+  20   0 3521428 658856  16280 S 106.9 16.5  15:24.13 java
 1516 kabasel+  20   0 3521428 658856  16280 S 102.0 16.5  15:25.17 java
 1516 kabasel+  20   0 3521428 658856  16280 S 106.9 16.5  15:26.25 java
 1516 kabasel+  20   0 3521428 658856  16280 S  71.3 16.5  15:26.97 java
 1516 kabasel+  20   0 3521428 658856  16280 S   0.0 16.5  15:26.97 java
 1516 kabasel+  20   0 3521428 658856  16280 S   1.0 16.5  15:26.98 java
 1516 kabasel+  20   0 3521428 658856  16280 S   0.0 16.5  15:26.98 java
 1516 kabasel+  20   0 3521428 658856  16280 S   0.0 16.5  15:26.98 java
 1516 kabasel+  20   0 3521428 658856  16280 S   0.0 16.5  15:26.98 java
 1516 kabasel+  20   0 3521428 658856  16280 S   0.0 16.5  15:26.98 java
 1516 kabasel+  20   0 3521428 658856  16280 S   0.0 16.5  15:26.98 java
 1516 kabasel+  20   0 3521428 658856  16280 S   0.0 16.5  15:26.98 java
 1516 kabasel+  20   0 3521428 658856  16280 S   0.0 16.5  15:26.98 java
 1516 kabasel+  20   0 3521428 658856  16280 S   0.0 16.5  15:26.98 java
 
